,file_name
1,/home/runner/work/junit4/junit4/target/site/js/apache-maven-fluido-1.3.0.min.js
2,/home/runner/work/junit4/junit4/target/site/css/apache-maven-fluido-1.3.0.min.css
3,/home/runner/work/junit4/junit4/target/site/javadoc/latest/index-all.html
4,/home/runner/work/junit4/junit4/target/site/javadoc/latest/org/hamcrest/class-use/Matcher.html
5,/home/runner/work/junit4/junit4/target/site/apidocs/org/hamcrest/class-use/Matcher.html
6,/home/runner/work/junit4/junit4/target/site/apidocs/index-all.html
7,/home/runner/work/junit4/junit4/target/site/images/apache-maven-project-2.png
8,/home/runner/work/junit4/junit4/target/site/images/profiles/pre-release.png
9,/home/runner/work/junit4/junit4/target/site/images/profiles/sandbox.png
10,/home/runner/work/junit4/junit4/target/site/images/profiles/retired.png
11,/home/runner/work/junit4/junit4/target/site/javadoc/latest/org/junit/Assert.html
12,/home/runner/work/junit4/junit4/target/site/apidocs/org/junit/Assert.html
13,/home/runner/work/junit4/junit4/target/site/javadoc/latest/src-html/org/junit/Assert.html
14,/home/runner/work/junit4/junit4/target/site/apidocs/src-html/org/junit/Assert.html
15,/home/runner/work/junit4/junit4/target/site/apidocs/org/hamcrest/CoreMatchers.html
16,/home/runner/work/junit4/junit4/target/site/javadoc/latest/org/hamcrest/CoreMatchers.html
17,/home/runner/work/junit4/junit4/target/site/img/glyphicons-halflings.png
18,/home/runner/work/junit4/junit4/target/maven-status/maven-compiler-plugin/testCompile/default-testCompile/createdFiles.lst
19,/home/runner/work/junit4/junit4/target/site/apidocs/org/junit/runner/class-use/Description.html
20,/home/runner/work/junit4/junit4/target/site/faq.html
21,/home/runner/work/junit4/junit4/target/site/javadoc/latest/org/junit/runner/class-use/Description.html
22,/home/runner/work/junit4/junit4/target/site/apidocs/org/junit/runners/BlockJUnit4ClassRunner.html
23,/home/runner/work/junit4/junit4/target/site/javadoc/latest/org/junit/runners/BlockJUnit4ClassRunner.html
24,/home/runner/work/junit4/junit4/target/site/apidocs/junit/framework/TestCase.html
25,/home/runner/work/junit4/junit4/target/site/img/glyphicons-halflings-white.png
26,/home/runner/work/junit4/junit4/target/site/apidocs/junit/framework/Assert.html
27,/home/runner/work/junit4/junit4/target/site/javadoc/latest/org/junit/runners/ParentRunner.html
28,/home/runner/work/junit4/junit4/target/site/apidocs/org/junit/runners/ParentRunner.html
29,/home/runner/work/junit4/junit4/target/site/apidocs/src-html/org/junit/runners/Parameterized.Parameter.html
30,/home/runner/work/junit4/junit4/target/site/apidocs/src-html/org/junit/runners/Parameterized.BeforeParam.html
31,/home/runner/work/junit4/junit4/target/site/apidocs/org/junit/runner/Description.html
32,/home/runner/work/junit4/junit4/target/site/apidocs/src-html/org/junit/runners/Parameterized.AfterParam.html
33,/home/runner/work/junit4/junit4/target/site/apidocs/src-html/org/junit/runners/Parameterized.Parameters.html
34,/home/runner/work/junit4/junit4/target/site/javadoc/latest/org/junit/runners/model/class-use/Statement.html
35,/home/runner/work/junit4/junit4/target/site/apidocs/src-html/org/junit/runners/Parameterized.html
36,/home/runner/work/junit4/junit4/target/site/javadoc/latest/overview-tree.html
37,/home/runner/work/junit4/junit4/target/site/apidocs/src-html/org/junit/runners/Parameterized.UseParametersRunnerFactory.html
38,/home/runner/work/junit4/junit4/target/site/apidocs/org/junit/runners/model/class-use/Statement.html
39,/home/runner/work/junit4/junit4/target/site/javadoc/latest/org/junit/runner/Description.html
40,/home/runner/work/junit4/junit4/target/site/apidocs/overview-tree.html
41,/home/runner/work/junit4/junit4/target/site/javadoc/latest/src-html/org/junit/runners/Parameterized.AfterParam.html
42,/home/runner/work/junit4/junit4/target/site/javadoc/latest/src-html/org/junit/runners/Parameterized.BeforeParam.html
43,/home/runner/work/junit4/junit4/target/site/javadoc/latest/src-html/org/junit/runners/Parameterized.UseParametersRunnerFactory.html
44,/home/runner/work/junit4/junit4/target/site/apidocs/src-html/org/junit/runners/ParentRunner.html
45,/home/runner/work/junit4/junit4/target/site/javadoc/latest/src-html/org/junit/runners/Parameterized.Parameter.html
46,/home/runner/work/junit4/junit4/target/site/javadoc/latest/src-html/org/junit/runners/Parameterized.Parameters.html
47,/home/runner/work/junit4/junit4/target/site/javadoc/latest/src-html/org/junit/runners/Parameterized.html
48,/home/runner/work/junit4/junit4/target/site/javadoc/latest/src-html/org/junit/runners/ParentRunner.html
49,/home/runner/work/junit4/junit4/target/site/apidocs/src-html/org/hamcrest/CoreMatchers.html
50,/home/runner/work/junit4/junit4/target/site/javadoc/latest/src-html/org/hamcrest/CoreMatchers.html
51,/home/runner/work/junit4/junit4/target/site/javadoc/latest/src-html/org/junit/runners/BlockJUnit4ClassRunner.html
52,/home/runner/work/junit4/junit4/target/site/apidocs/org/junit/runners/model/class-use/FrameworkMethod.html
53,/home/runner/work/junit4/junit4/target/site/apidocs/org/hamcrest/class-use/Factory.html
54,/home/runner/work/junit4/junit4/target/site/apidocs/src-html/junit/framework/TestCase.html
55,/home/runner/work/junit4/junit4/target/site/apidocs/org/hamcrest/class-use/Description.html
56,/home/runner/work/junit4/junit4/target/site/apidocs/junit/runner/BaseTestRunner.html
57,/home/runner/work/junit4/junit4/target/site/apidocs/org/junit/runners/model/TestClass.html
58,/home/runner/work/junit4/junit4/target/site/apidocs/src-html/org/junit/runners/BlockJUnit4ClassRunner.html
59,/home/runner/work/junit4/junit4/target/junit-4.13.3-SNAPSHOT.jar
60,/home/runner/work/junit4/junit4/target/site/javadoc/latest/org/junit/runners/model/TestClass.html
61,/home/runner/work/junit4/junit4/target/site/javadoc/latest/org/hamcrest/class-use/Description.html
62,/home/runner/work/junit4/junit4/target/site/javadoc/latest/org/hamcrest/class-use/Factory.html
63,/home/runner/work/junit4/junit4/target/site/javadoc/latest/org/junit/runners/model/class-use/FrameworkMethod.html
64,/home/runner/work/junit4/junit4/target/site/javadoc/latest/org/junit/rules/ExpectedException.html
65,/home/runner/work/junit4/junit4/target/site/apidocs/src-html/org/junit/experimental/categories/Categories.CategoryFilter.html
66,/home/runner/work/junit4/junit4/target/site/apidocs/org/hamcrest/core/AnyOf.html
67,/home/runner/work/junit4/junit4/target/site/apidocs/junit/framework/class-use/Test.html
68,/home/runner/work/junit4/junit4/target/distro-javadoc-sources/hamcrest-core-1.3-sources/org/hamcrest/internal/SelfDescribingValue.java
69,/home/runner/work/junit4/junit4/target/site/javadoc/latest/org/junit/experimental/theories/Theories.html
70,/home/runner/work/junit4/junit4/target/site/apidocs/org/junit/runner/class-use/Runner.html
71,/home/runner/work/junit4/junit4/target/distro-javadoc-sources/hamcrest-core-1.3-sources/META-INF/MANIFEST.MF
72,/home/runner/work/junit4/junit4/target/site/apidocs/src-html/org/junit/rules/TemporaryFolder.Builder.html
73,/home/runner/work/junit4/junit4/target/site/apidocs/src-html/org/junit/runners/model/TestClass.html
74,/home/runner/work/junit4/junit4/target/site/javadoc/latest/src-html/org/junit/runner/Description.html
75,/home/runner/work/junit4/junit4/target/site/apidocs/src-html/org/junit/experimental/categories/Categories.IncludeCategory.html
76,/home/runner/work/junit4/junit4/target/site/apidocs/src-html/org/junit/rules/TemporaryFolder.html
77,/home/runner/work/junit4/junit4/target/site/apidocs/src-html/org/junit/experimental/categories/Categories.ExcludeCategory.html
78,/home/runner/work/junit4/junit4/target/site/javadoc/latest/org/junit/runner/Request.html
79,/home/runner/work/junit4/junit4/target/site/javadoc/latest/src-html/org/junit/rules/TemporaryFolder.html
80,/home/runner/work/junit4/junit4/target/site/javadoc/latest/src-html/org/junit/rules/TemporaryFolder.Builder.html
81,/home/runner/work/junit4/junit4/target/site/javadoc/latest/src-html/org/junit/runners/model/TestClass.html
82,/home/runner/work/junit4/junit4/target/site/javadoc/latest/org/junit/runner/class-use/Runner.html
83,/home/runner/work/junit4/junit4/target/site/apidocs/junit/textui/TestRunner.html
84,/home/runner/work/junit4/junit4/target/site/javadoc/latest/src-html/org/junit/experimental/categories/Categories.IncludeCategory.html
85,/home/runner/work/junit4/junit4/target/site/images/window-new.png
86,/home/runner/work/junit4/junit4/target/site/javadoc/latest/org/junit/runners/Suite.html
87,/home/runner/work/junit4/junit4/target/site/apidocs/org/junit/runners/Suite.html
88,/home/runner/work/junit4/junit4/target/site/apidocs/org/junit/experimental/theories/Theories.html
89,/home/runner/work/junit4/junit4/target/site/images/logos/build-by-maven-white.png
90,/home/runner/work/junit4/junit4/target/site/images/logos/build-by-maven-black.png
91,/home/runner/work/junit4/junit4/target/site/apidocs/org/junit/rules/ExpectedException.html
92,/home/runner/work/junit4/junit4/target/site/javadoc/latest/org/junit/runners/model/FrameworkMethod.html
93,/home/runner/work/junit4/junit4/target/site/javadoc/latest/org/hamcrest/core/AnyOf.html
94,/home/runner/work/junit4/junit4/target/site/images/add.gif
95,/home/runner/work/junit4/junit4/target/site/javadoc/latest/src-html/org/junit/experimental/categories/Categories.html
96,/home/runner/work/junit4/junit4/target/site/apidocs/org/junit/experimental/categories/Categories.CategoryFilter.html
97,/home/runner/work/junit4/junit4/target/site/javadoc/latest/src-html/org/junit/experimental/categories/Categories.ExcludeCategory.html
98,/home/runner/work/junit4/junit4/target/site/apidocs/org/junit/runners/parameterized/BlockJUnit4ClassRunnerWithParameters.html
99,/home/runner/work/junit4/junit4/target/site/javadoc/latest/org/junit/experimental/categories/Categories.CategoryFilter.html
100,/home/runner/work/junit4/junit4/target/site/apidocs/junit/framework/TestSuite.html
101,/home/runner/work/junit4/junit4/target/site/apidocs/org/junit/runners/model/FrameworkMethod.html
102,/home/runner/work/junit4/junit4/target/site/apidocs/org/junit/runner/Request.html
103,/home/runner/work/junit4/junit4/target/site/javadoc/latest/org/junit/runners/parameterized/BlockJUnit4ClassRunnerWithParameters.html
104,/home/runner/work/junit4/junit4/target/site/javadoc/latest/src-html/org/junit/experimental/categories/Categories.CategoryFilter.html
105,/home/runner/work/junit4/junit4/target/site/javadoc/latest/org/junit/runner/notification/RunListener.html
106,/home/runner/work/junit4/junit4/target/site/javadoc/latest/org/junit/runner/manipulation/Sorter.html
107,/home/runner/work/junit4/junit4/target/site/javadoc/latest/org/junit/runner/notification/RunNotifier.html
108,/home/runner/work/junit4/junit4/target/site/javadoc/latest/org/junit/Assume.html
109,/home/runner/work/junit4/junit4/target/site/javadoc/latest/org/hamcrest/class-use/SelfDescribing.html
111,/home/runner/work/junit4/junit4/target/site/apidocs/src-html/org/junit/rules/ExpectedException.html
112,/home/runner/work/junit4/junit4/target/site/javadoc/latest/org/junit/runners/Parameterized.html
113,/home/runner/work/junit4/junit4/target/site/javadoc/latest/org/hamcrest/core/IsCollectionContaining.html
114,/home/runner/work/junit4/junit4/target/site/javadoc/latest/org/hamcrest/core/AllOf.html
115,/home/runner/work/junit4/junit4/target/site/javadoc/latest/org/junit/runners/model/FrameworkField.html
116,/home/runner/work/junit4/junit4/target/site/javadoc/latest/org/hamcrest/Description.NullDescription.html
117,/home/runner/work/junit4/junit4/target/site/javadoc/latest/org/junit/runner/manipulation/Ordering.html
118,/home/runner/work/junit4/junit4/target/site/apidocs/src-html/junit/framework/Assert.html
119,/home/runner/work/junit4/junit4/target/site/apidocs/src-html/junit/runner/BaseTestRunner.html
120,/home/runner/work/junit4/junit4/target/site/javadoc/latest/src-html/org/junit/experimental/theories/Theories.TheoryAnchor.html
121,/home/runner/work/junit4/junit4/target/site/apidocs/org/junit/runners/model/class-use/InitializationError.html
122,/home/runner/work/junit4/junit4/target/site/javadoc/latest/org/hamcrest/BaseDescription.html
123,/home/runner/work/junit4/junit4/target/site/javadoc/latest/org/junit/rules/Timeout.html
124,/home/runner/work/junit4/junit4/target/site/apidocs/allclasses-frame.html
125,/home/runner/work/junit4/junit4/target/site/javadoc/latest/org/junit/matchers/JUnitMatchers.html
126,/home/runner/work/junit4/junit4/target/site/apidocs/org/hamcrest/class-use/SelfDescribing.html
127,/home/runner/work/junit4/junit4/target/site/javadoc/latest/org/junit/rules/TemporaryFolder.html
128,/home/runner/work/junit4/junit4/target/site/javadoc/latest/org/junit/runner/JUnitCore.html
129,/home/runner/work/junit4/junit4/target/site/javadoc/latest/src-html/org/junit/experimental/theories/Theories.html
130,/home/runner/work/junit4/junit4/target/site/apidocs/org/junit/runner/package-use.html
131,/home/runner/work/junit4/junit4/target/site/javadoc/latest/org/hamcrest/core/CombinableMatcher.html
132,/home/runner/work/junit4/junit4/target/site/apidocs/src-html/junit/framework/TestSuite.html
133,/home/runner/work/junit4/junit4/target/site/apidocs/src-html/org/junit/experimental/theories/Theories.TheoryAnchor.html
134,/home/runner/work/junit4/junit4/target/site/apidocs/org/junit/runner/notification/RunNotifier.html
135,/home/runner/work/junit4/junit4/target/site/apidocs/org/junit/rules/TemporaryFolder.html
136,/home/runner/work/junit4/junit4/target/site/apidocs/org/junit/runners/model/FrameworkField.html
137,/home/runner/work/junit4/junit4/target/site/apidocs/org/hamcrest/core/CombinableMatcher.html
138,/home/runner/work/junit4/junit4/target/site/apidocs/org/hamcrest/core/AllOf.html
139,/home/runner/work/junit4/junit4/target/site/apidocs/org/hamcrest/core/IsCollectionContaining.html
140,/home/runner/work/junit4/junit4/target/site/apidocs/org/junit/rules/Timeout.html
141,/home/runner/work/junit4/junit4/target/site/apidocs/org/hamcrest/Description.NullDescription.html
142,/home/runner/work/junit4/junit4/target/site/apidocs/org/junit/runner/manipulation/Sorter.html
143,/home/runner/work/junit4/junit4/target/site/javadoc/latest/src-html/org/junit/rules/ExpectedException.html
144,/home/runner/work/junit4/junit4/target/site/apidocs/junit/framework/JUnit4TestAdapter.html
145,/home/runner/work/junit4/junit4/target/site/javadoc/latest/org/junit/runner/package-use.html
146,/home/runner/work/junit4/junit4/target/site/apidocs/junit/framework/JUnit4TestAdapterCache.html
147,/home/runner/work/junit4/junit4/target/site/apidocs/org/junit/runner/manipulation/Ordering.html
148,/home/runner/work/junit4/junit4/target/site/apidocs/org/junit/runners/Parameterized.html
149,/home/runner/work/junit4/junit4/target/site/apidocs/org/hamcrest/BaseDescription.html
150,/home/runner/work/junit4/junit4/target/site/apidocs/src-html/org/junit/experimental/theories/Theories.html
151,/home/runner/work/junit4/junit4/target/site/apidocs/org/junit/runner/notification/RunListener.html
152,/home/runner/work/junit4/junit4/target/site/apidocs/org/junit/Assume.html
154,/home/runner/work/junit4/junit4/target/site/apidocs/org/junit/matchers/JUnitMatchers.html
155,/home/runner/work/junit4/junit4/target/site/apidocs/junit/framework/TestResult.html
156,/home/runner/work/junit4/junit4/target/site/javadoc/latest/org/junit/runners/model/class-use/InitializationError.html
157,/home/runner/work/junit4/junit4/target/site/apidocs/junit/textui/ResultPrinter.html
158,/home/runner/work/junit4/junit4/target/maven-status/maven-compiler-plugin/testCompile/default-testCompile/inputFiles.lst
159,/home/runner/work/junit4/junit4/target/site/apidocs/org/junit/runner/JUnitCore.html
160,/home/runner/work/junit4/junit4/target/site/images/junit-lambda/sponsors/andrena.png
161,/home/runner/work/junit4/junit4/target/site/images/junit-lambda/sponsors/heidelberg-mobil.png
162,/home/runner/work/junit4/junit4/target/site/images/junit-lambda/sponsors/namics.png
163,/home/runner/work/junit4/junit4/target/site/images/junit-lambda/sponsors/amex.png
164,/home/runner/work/junit4/junit4/target/site/css/plain-links.css
165,/home/runner/work/junit4/junit4/target/site/images/junit-lambda/sponsors/pivotal.png
166,/home/runner/work/junit4/junit4/target/site/css/carousel.css
167,/home/runner/work/junit4/junit4/target/site/css/hopscotch-0.1.2.min.css
168,/home/runner/work/junit4/junit4/target/site/images/junit-logo.svg
169,/home/runner/work/junit4/junit4/target/site/css/junit-lambda.css
170,/home/runner/work/junit4/junit4/target/site/images/junit-logo.png
171,/home/runner/work/junit4/junit4/target/site/images/junit5-banner.png
172,/home/runner/work/junit4/junit4/target/site/images/junit-lambda/contributors/oio.png
173,/home/runner/work/junit4/junit4/target/site/images/junit-lambda/junit-lambda-logo.png
174,/home/runner/work/junit4/junit4/target/site/images/junit-lambda/contributors/squeed.png
175,/home/runner/work/junit4/junit4/target/site/images/junit-lambda/contributors/vaddy.png
176,/home/runner/work/junit4/junit4/target/site/images/junit-lambda/contributors/devnexus.png
177,/home/runner/work/junit4/junit4/target/site/images/junit-lambda/contributors/synyx.jpg
178,/home/runner/work/junit4/junit4/target/site/images/junit-lambda/contributors/tng.png
179,/home/runner/work/junit4/junit4/target/site/images/junit-lambda/contributors/sonrisa.png
180,/home/runner/work/junit4/junit4/target/site/images/junit-lambda/contributors/zenika.png
181,/home/runner/work/junit4/junit4/target/site/images/junit-lambda/contributors/bouvet.png
182,/home/runner/work/junit4/junit4/target/site/images/junit-lambda/contributors/topdesk.png
183,/home/runner/work/junit4/junit4/target/site/images/junit-lambda/contributors/samuraism.png
184,/home/runner/work/junit4/junit4/target/site/images/junit-lambda/contributors/klosebrothers.png
185,/home/runner/work/junit4/junit4/target/site/images/junit-lambda/contributors/autotrader.jpg
186,/home/runner/work/junit4/junit4/target/site/images/junit-lambda/contributors/red6-es.jpg
187,/home/runner/work/junit4/junit4/target/site/images/junit-lambda/contributors/bol.jpg
188,/home/runner/work/junit4/junit4/target/site/images/junit-lambda/contributors/arcbees.png
189,/home/runner/work/junit4/junit4/target/site/images/junit-lambda/contributors/netcetera.png
190,/home/runner/work/junit4/junit4/target/site/images/junit-lambda/contributors/sipgate.png
191,/home/runner/work/junit4/junit4/target/site/images/junit-lambda/contributors/novatec.png
192,/home/runner/work/junit4/junit4/target/site/images/junit-lambda/contributors/murex.jpg
193,/home/runner/work/junit4/junit4/target/site/images/junit-lambda/contributors/42talents.png
194,/home/runner/work/junit4/junit4/target/site/images/junit-lambda/contributors/gradle.png
195,/home/runner/work/junit4/junit4/target/site/images/junit-lambda/contributors/msgsystems.png
196,/home/runner/work/junit4/junit4/target/site/scripts/hopscotch-0.1.2.min.js
197,/home/runner/work/junit4/junit4/target/site/images/junit-lambda/contributors/klarna.png
198,/home/runner/work/junit4/junit4/target/site/images/junit-lambda/contributors/adnovum.png
199,/home/runner/work/junit4/junit4/target/site/images/junit-lambda/contributors/ergon.png
200,/home/runner/work/junit4/junit4/target/site/images/junit-lambda/contributors/siili.png
201,/home/runner/work/junit4/junit4/target/site/scripts/index.js
202,/home/runner/work/junit4/junit4/target/site/javadoc/latest/org/junit/ComparisonFailure.html
203,/home/runner/work/junit4/junit4/target/site/apidocs/org/junit/validator/AnnotationValidator.html
204,/home/runner/work/junit4/junit4/target/site/javadoc/latest/org/junit/runners/model/TestTimedOutException.html
205,/home/runner/work/junit4/junit4/target/site/apidocs/org/junit/experimental/theories/PotentialAssignment.html
206,/home/runner/work/junit4/junit4/target/site/javadoc/latest/org/junit/runners/model/FrameworkMember.html
207,/home/runner/work/junit4/junit4/target/site/apidocs/org/junit/experimental/theories/ParameterSignature.html
208,/home/runner/work/junit4/junit4/target/site/apidocs/org/junit/experimental/categories/IncludeCategories.html
209,/home/runner/work/junit4/junit4/target/site/javadoc/latest/org/junit/runners/model/InitializationError.html
210,/home/runner/work/junit4/junit4/target/site/javadoc/latest/org/junit/runners/model/InvalidTestClassError.html
211,/home/runner/work/junit4/junit4/target/site/apidocs/org/junit/experimental/categories/ExcludeCategories.html
212,/home/runner/work/junit4/junit4/target/site/javadoc/latest/org/junit/runners/model/MultipleFailureException.html
213,/home/runner/work/junit4/junit4/target/site/javadoc/latest/org/junit/runners/model/RunnerBuilder.html
214,/home/runner/work/junit4/junit4/target/site/apidocs/org/junit/experimental/categories/Categories.html
215,/home/runner/work/junit4/junit4/target/site/apidocs/org/junit/experimental/max/MaxCore.html
216,/home/runner/work/junit4/junit4/target/site/apidocs/org/junit/experimental/runners/Enclosed.html
217,/home/runner/work/junit4/junit4/target/site/apidocs/org/junit/runners/parameterized/TestWithParameters.html
218,/home/runner/work/junit4/junit4/target/site/javadoc/latest/org/junit/runners/parameterized/TestWithParameters.html
219,/home/runner/work/junit4/junit4/target/site/apidocs/org/junit/ComparisonFailure.html
220,/home/runner/work/junit4/junit4/target/site/apidocs/org/junit/AssumptionViolatedException.html
221,/home/runner/work/junit4/junit4/target/site/javadoc/latest/org/junit/validator/AnnotationValidator.html
222,/home/runner/work/junit4/junit4/target/site/javadoc/latest/org/junit/runner/Result.html
223,/home/runner/work/junit4/junit4/target/javadoc-bundle-options/javadoc-options-javadoc-resources.xml
224,/home/runner/work/junit4/junit4/target/site/javadoc/latest/org/junit/runner/notification/Failure.html
225,/home/runner/work/junit4/junit4/target/site/javadoc/latest/org/junit/runner/manipulation/class-use/Sortable.html
226,/home/runner/work/junit4/junit4/target/site/javadoc/latest/org/junit/runner/class-use/Request.html
227,/home/runner/work/junit4/junit4/target/site/javadoc/latest/org/junit/runner/manipulation/Alphanumeric.html
228,/home/runner/work/junit4/junit4/target/site/apidocs/org/junit/experimental/theories/Theories.TheoryAnchor.html
229,/home/runner/work/junit4/junit4/target/site/apidocs/org/junit/experimental/results/PrintableResult.html
230,/home/runner/work/junit4/junit4/target/site/apidocs/org/junit/experimental/results/ResultMatchers.html
231,/home/runner/work/junit4/junit4/target/site/apidocs/org/junit/experimental/ParallelComputer.html
232,/home/runner/work/junit4/junit4/target/site/apidocs/org/junit/runners/model/TestTimedOutException.html
233,/home/runner/work/junit4/junit4/target/site/javadoc/latest/org/junit/AssumptionViolatedException.html
234,/home/runner/work/junit4/junit4/target/site/images/junit-lambda/contributors/disy.jpg
235,/home/runner/work/junit4/junit4/target/site/javadoc/latest/org/junit/experimental/runners/Enclosed.html
236,/home/runner/work/junit4/junit4/target/site/javadoc/latest/org/junit/experimental/max/MaxCore.html
237,/home/runner/work/junit4/junit4/target/site/javadoc/latest/org/junit/experimental/categories/Categories.html
238,/home/runner/work/junit4/junit4/target/site/apidocs/org/junit/runners/model/RunnerBuilder.html
239,/home/runner/work/junit4/junit4/target/site/javadoc/latest/org/junit/experimental/categories/ExcludeCategories.html
240,/home/runner/work/junit4/junit4/target/site/apidocs/org/junit/runners/model/MultipleFailureException.html
241,/home/runner/work/junit4/junit4/target/site/javadoc/latest/org/junit/experimental/categories/IncludeCategories.html
242,/home/runner/work/junit4/junit4/target/site/javadoc/latest/org/junit/experimental/theories/ParameterSignature.html
243,/home/runner/work/junit4/junit4/target/site/javadoc/latest/org/junit/experimental/theories/PotentialAssignment.html
244,/home/runner/work/junit4/junit4/target/site/apidocs/org/junit/runners/model/InvalidTestClassError.html
245,/home/runner/work/junit4/junit4/target/site/javadoc/latest/org/junit/experimental/theories/Theories.TheoryAnchor.html
246,/home/runner/work/junit4/junit4/target/site/javadoc/latest/org/junit/experimental/results/PrintableResult.html
247,/home/runner/work/junit4/junit4/target/site/apidocs/org/junit/runners/model/InitializationError.html
248,/home/runner/work/junit4/junit4/target/site/apidocs/org/junit/runners/model/FrameworkMember.html
249,/home/runner/work/junit4/junit4/target/site/javadoc/latest/org/junit/experimental/results/ResultMatchers.html
250,/home/runner/work/junit4/junit4/target/site/javadoc/latest/org/junit/experimental/ParallelComputer.html
251,/home/runner/work/junit4/junit4/target/site/apidocs/org/junit/runners/MethodSorters.html
252,/home/runner/work/junit4/junit4/target/site/javadoc/latest/org/junit/runners/JUnit4.html
253,/home/runner/work/junit4/junit4/target/site/apidocs/org/junit/runners/JUnit4.html
254,/home/runner/work/junit4/junit4/target/site/javadoc/latest/org/junit/runners/MethodSorters.html
255,/home/runner/work/junit4/junit4/target/site/images/junit-lambda/contributors/diffplug.png
256,/home/runner/work/junit4/junit4/target/site/images/update.gif
257,/home/runner/work/junit4/junit4/target/site/images/junit-lambda/contributors/structure101.png
258,/home/runner/work/junit4/junit4/target/site/images/junit-lambda/contributors/six.gif
259,/home/runner/work/junit4/junit4/target/site/javadoc/latest/org/junit/runner/class-use/Describable.html
260,/home/runner/work/junit4/junit4/target/site/apidocs/org/hamcrest/core/IsAnything.html
261,/home/runner/work/junit4/junit4/target/site/javadoc/latest/org/junit/runner/manipulation/class-use/Orderable.html
262,/home/runner/work/junit4/junit4/target/maven-status/maven-compiler-plugin/compile/default-compile/inputFiles.lst
263,/home/runner/work/junit4/junit4/target/maven-status/maven-compiler-plugin/compile/default-compile/createdFiles.lst
264,/home/runner/work/junit4/junit4/target/site/javadoc/latest/org/junit/rules/class-use/TestRule.html
265,/home/runner/work/junit4/junit4/target/site/apidocs/org/hamcrest/core/Is.html
266,/home/runner/work/junit4/junit4/target/site/apidocs/org/hamcrest/core/Every.html
267,/home/runner/work/junit4/junit4/target/site/apidocs/org/junit/runners/model/class-use/RunnerBuilder.html
268,/home/runner/work/junit4/junit4/target/site/apidocs/org/junit/runners/model/class-use/TestClass.html
269,/home/runner/work/junit4/junit4/target/site/apidocs/org/hamcrest/core/DescribedAs.html
270,/home/runner/work/junit4/junit4/target/site/javadoc/latest/org/junit/runner/manipulation/class-use/Filterable.html
271,/home/runner/work/junit4/junit4/target/site/apidocs/org/junit/runner/class-use/Request.html
272,/home/runner/work/junit4/junit4/target/site/apidocs/org/hamcrest/TypeSafeMatcher.html
273,/home/runner/work/junit4/junit4/target/site/apidocs/org/hamcrest/TypeSafeDiagnosingMatcher.html
274,/home/runner/work/junit4/junit4/target/site/apidocs/org/hamcrest/StringDescription.html
275,/home/runner/work/junit4/junit4/target/site/apidocs/org/hamcrest/Matcher.html
276,/home/runner/work/junit4/junit4/target/site/apidocs/org/hamcrest/FeatureMatcher.html
277,/home/runner/work/junit4/junit4/target/site/apidocs/org/junit/runner/class-use/Describable.html
278,/home/runner/work/junit4/junit4/target/site/apidocs/org/hamcrest/DiagnosingMatcher.html
279,/home/runner/work/junit4/junit4/target/site/apidocs/org/junit/runner/notification/class-use/RunNotifier.html
280,/home/runner/work/junit4/junit4/target/site/apidocs/org/junit/runner/manipulation/class-use/Sortable.html
281,/home/runner/work/junit4/junit4/target/site/apidocs/org/junit/runner/manipulation/class-use/Filterable.html
282,/home/runner/work/junit4/junit4/target/site/apidocs/org/hamcrest/core/IsEqual.html
283,/home/runner/work/junit4/junit4/target/site/apidocs/src-html/junit/textui/TestRunner.html
284,/home/runner/work/junit4/junit4/target/site/apidocs/org/hamcrest/core/IsInstanceOf.html
285,/home/runner/work/junit4/junit4/target/site/apidocs/src-html/org/junit/runner/Result.html
286,/home/runner/work/junit4/junit4/target/site/apidocs/src-html/org/junit/experimental/max/MaxHistory.html
287,/home/runner/work/junit4/junit4/target/site/apidocs/src-html/org/junit/Assume.html
288,/home/runner/work/junit4/junit4/target/site/apidocs/src-html/org/junit/ComparisonFailure.html
289,/home/runner/work/junit4/junit4/target/site/apidocs/serialized-form.html
290,/home/runner/work/junit4/junit4/target/site/apidocs/org/hamcrest/core/SubstringMatcher.html
291,/home/runner/work/junit4/junit4/target/site/apidocs/src-html/org/junit/runners/model/FrameworkMethod.html
292,/home/runner/work/junit4/junit4/target/site/apidocs/org/hamcrest/core/StringStartsWith.html
293,/home/runner/work/junit4/junit4/target/site/apidocs/src-html/org/junit/runners/parameterized/BlockJUnit4ClassRunnerWithParameters.html
294,/home/runner/work/junit4/junit4/target/site/apidocs/org/hamcrest/core/StringEndsWith.html
295,/home/runner/work/junit4/junit4/target/site/apidocs/src-html/org/junit/runner/Request.html
296,/home/runner/work/junit4/junit4/target/site/javadoc/latest/org/junit/runner/manipulation/class-use/Filter.html
297,/home/runner/work/junit4/junit4/target/site/apidocs/org/hamcrest/core/IsNot.html
298,/home/runner/work/junit4/junit4/target/site/apidocs/src-html/org/junit/runner/notification/RunListener.html
299,/home/runner/work/junit4/junit4/target/site/apidocs/src-html/org/junit/runner/notification/RunListener.ThreadSafe.html
300,/home/runner/work/junit4/junit4/target/site/apidocs/src-html/org/junit/runner/notification/RunNotifier.html
301,/home/runner/work/junit4/junit4/target/site/apidocs/src-html/org/junit/runner/manipulation/Ordering.html
302,/home/runner/work/junit4/junit4/target/site/apidocs/src-html/org/junit/runner/manipulation/Ordering.Factory.html
303,/home/runner/work/junit4/junit4/target/site/apidocs/org/hamcrest/core/StringContains.html
304,/home/runner/work/junit4/junit4/target/site/apidocs/org/hamcrest/core/IsSame.html
305,/home/runner/work/junit4/junit4/target/site/apidocs/src-html/org/junit/rules/Timeout.html
306,/home/runner/work/junit4/junit4/target/site/apidocs/src-html/org/junit/rules/Timeout.Builder.html
307,/home/runner/work/junit4/junit4/target/site/apidocs/org/hamcrest/core/IsNull.html
308,/home/runner/work/junit4/junit4/target/site/apidocs/org/junit/runner/manipulation/class-use/Filter.html
309,/home/runner/work/junit4/junit4/target/site/apidocs/org/junit/runner/manipulation/class-use/Orderable.html
310,/home/runner/work/junit4/junit4/target/site/apidocs/org/junit/rules/class-use/TestRule.html
311,/home/runner/work/junit4/junit4/target/site/images/logos/maven-feather.png
312,/home/runner/work/junit4/junit4/target/site/images/fix.gif
313,/home/runner/work/junit4/junit4/target/site/images/icon_error_sml.gif
314,/home/runner/work/junit4/junit4/target/site/apidocs/org/junit/rules/ExternalResource.html
315,/home/runner/work/junit4/junit4/target/site/images/icon_help_sml.gif
316,/home/runner/work/junit4/junit4/target/site/images/icon_info_sml.gif
317,/home/runner/work/junit4/junit4/target/site/images/icon_success_sml.gif
318,/home/runner/work/junit4/junit4/target/site/images/icon_warning_sml.gif
319,/home/runner/work/junit4/junit4/target/site/images/image-x-generic.png
320,/home/runner/work/junit4/junit4/target/site/images/internet-web-browser.png
321,/home/runner/work/junit4/junit4/target/site/apidocs/org/junit/rules/ErrorCollector.html
322,/home/runner/work/junit4/junit4/target/site/images/network-server.png
323,/home/runner/work/junit4/junit4/target/site/images/document-properties.png
324,/home/runner/work/junit4/junit4/target/site/images/package-x-generic.png
325,/home/runner/work/junit4/junit4/target/site/apidocs/org/junit/runner/manipulation/Filter.html
326,/home/runner/work/junit4/junit4/target/site/images/remove.gif
327,/home/runner/work/junit4/junit4/target/site/images/rss.png
328,/home/runner/work/junit4/junit4/target/site/apidocs/org/junit/runner/notification/Failure.html
329,/home/runner/work/junit4/junit4/target/site/apidocs/org/junit/runner/Result.html
330,/home/runner/work/junit4/junit4/target/site/images/junit-lambda/background.png
331,/home/runner/work/junit4/junit4/target/site/images/junit-lambda/contributors/ociweb.png
332,/home/runner/work/junit4/junit4/target/site/images/junit-lambda/contributors/eclipse.png
333,/home/runner/work/junit4/junit4/target/site/images/junit-lambda/contributors/intellijidea.png
334,/home/runner/work/junit4/junit4/target/site/images/drive-harddisk.png
335,/home/runner/work/junit4/junit4/target/site/images/contact-new.png
336,/home/runner/work/junit4/junit4/target/site/apidocs/org/hamcrest/Description.html
337,/home/runner/work/junit4/junit4/target/site/apidocs/junit/framework/TestFailure.html
338,/home/runner/work/junit4/junit4/target/site/apidocs/junit/framework/class-use/TestResult.html
339,/home/runner/work/junit4/junit4/target/site/apidocs/org/hamcrest/Condition.html
340,/home/runner/work/junit4/junit4/target/site/apidocs/org/hamcrest/BaseMatcher.html
341,/home/runner/work/junit4/junit4/target/site/apidocs/junit/extensions/TestSetup.html
342,/home/runner/work/junit4/junit4/target/site/apidocs/junit/extensions/TestDecorator.html
343,/home/runner/work/junit4/junit4/target/site/apidocs/org/hamcrest/core/class-use/AnyOf.html
344,/home/runner/work/junit4/junit4/target/site/apidocs/junit/extensions/RepeatedTest.html
345,/home/runner/work/junit4/junit4/target/site/apidocs/junit/extensions/ActiveTestSuite.html
346,/home/runner/work/junit4/junit4/target/site/apidocs/org/junit/runner/manipulation/package-use.html
347,/home/runner/work/junit4/junit4/target/site/apidocs/org/junit/runners/model/package-use.html
348,/home/runner/work/junit4/junit4/target/site/apidocs/deprecated-list.html
349,/home/runner/work/junit4/junit4/target/site/images/application-certificate.png
350,/home/runner/work/junit4/junit4/target/site/apidocs/allclasses-noframe.html
351,/home/runner/work/junit4/junit4/target/site/index.html
352,/home/runner/work/junit4/junit4/target/site/apidocs/junit/framework/ComparisonFailure.html
353,/home/runner/work/junit4/junit4/target/site/apidocs/org/junit/rules/Timeout.Builder.html
354,/home/runner/work/junit4/junit4/target/site/apidocs/org/junit/rules/TestWatchman.html
355,/home/runner/work/junit4/junit4/target/site/junit-lambda-contributors.html
356,/home/runner/work/junit4/junit4/target/site/apidocs/org/junit/rules/TestWatcher.html
357,/home/runner/work/junit4/junit4/target/site/css/print.css
358,/home/runner/work/junit4/junit4/target/site/images/accessories-text-editor.png
359,/home/runner/work/junit4/junit4/target/site/apidocs/org/junit/rules/RuleChain.html
360,/home/runner/work/junit4/junit4/target/site/javadoc/latest/org/junit/runner/manipulation/Filter.html
361,/home/runner/work/junit4/junit4/target/site/apidocs/src-html/org/junit/runner/manipulation/Ordering.Context.html
362,/home/runner/work/junit4/junit4/target/site/javadoc/latest/org/hamcrest/core/IsEqual.html
363,/home/runner/work/junit4/junit4/target/site/javadoc/latest/serialized-form.html
364,/home/runner/work/junit4/junit4/target/site/javadoc/latest/src-html/org/junit/experimental/max/MaxCore.html
365,/home/runner/work/junit4/junit4/target/site/javadoc/latest/org/hamcrest/TypeSafeMatcher.html
366,/home/runner/work/junit4/junit4/target/site/javadoc/latest/org/hamcrest/TypeSafeDiagnosingMatcher.html
367,/home/runner/work/junit4/junit4/target/site/javadoc/latest/org/hamcrest/StringDescription.html
368,/home/runner/work/junit4/junit4/target/site/javadoc/latest/org/hamcrest/Matcher.html
369,/home/runner/work/junit4/junit4/target/site/javadoc/latest/org/hamcrest/FeatureMatcher.html
371,/home/runner/work/junit4/junit4/target/site/javadoc/latest/src-html/org/junit/runner/manipulation/Ordering.html
372,/home/runner/work/junit4/junit4/target/site/javadoc/latest/src-html/org/junit/runner/manipulation/Ordering.Context.html
373,/home/runner/work/junit4/junit4/target/site/javadoc/latest/src-html/org/junit/Assume.html
374,/home/runner/work/junit4/junit4/target/site/javadoc/latest/org/hamcrest/DiagnosingMatcher.html
375,/home/runner/work/junit4/junit4/target/site/javadoc/latest/org/hamcrest/Description.html
376,/home/runner/work/junit4/junit4/target/site/javadoc/latest/org/hamcrest/core/StringContains.html
377,/home/runner/work/junit4/junit4/target/site/javadoc/latest/src-html/org/junit/runner/manipulation/Ordering.Factory.html
378,/home/runner/work/junit4/junit4/target/site/javadoc/latest/org/hamcrest/Condition.html
379,/home/runner/work/junit4/junit4/target/site/javadoc/latest/org/hamcrest/BaseMatcher.html
380,/home/runner/work/junit4/junit4/target/site/javadoc/latest/src-html/org/junit/ComparisonFailure.html
381,/home/runner/work/junit4/junit4/target/site/javadoc/latest/src-html/org/junit/runner/notification/RunNotifier.html
382,/home/runner/work/junit4/junit4/target/site/javadoc/latest/src-html/org/junit/runner/notification/RunListener.ThreadSafe.html
383,/home/runner/work/junit4/junit4/target/site/javadoc/latest/src-html/org/junit/runner/notification/RunListener.html
384,/home/runner/work/junit4/junit4/target/site/javadoc/latest/org/hamcrest/core/IsInstanceOf.html
385,/home/runner/work/junit4/junit4/target/site/javadoc/latest/src-html/org/junit/runner/Request.html
386,/home/runner/work/junit4/junit4/target/site/javadoc/latest/org/hamcrest/core/StringEndsWith.html
387,/home/runner/work/junit4/junit4/target/site/javadoc/latest/org/hamcrest/core/StringStartsWith.html
388,/home/runner/work/junit4/junit4/target/site/javadoc/latest/org/hamcrest/core/SubstringMatcher.html
389,/home/runner/work/junit4/junit4/target/site/javadoc/latest/org/hamcrest/core/IsSame.html
390,/home/runner/work/junit4/junit4/target/site/javadoc/latest/org/hamcrest/core/IsNull.html
391,/home/runner/work/junit4/junit4/target/site/javadoc/latest/org/hamcrest/core/IsNot.html
392,/home/runner/work/junit4/junit4/target/site/javadoc/latest/org/hamcrest/core/class-use/AnyOf.html
393,/home/runner/work/junit4/junit4/target/site/javadoc/latest/org/hamcrest/core/DescribedAs.html
395,/home/runner/work/junit4/junit4/target/site/javadoc/latest/org/junit/runner/manipulation/package-use.html
396,/home/runner/work/junit4/junit4/target/site/javadoc/latest/org/hamcrest/core/IsAnything.html
397,/home/runner/work/junit4/junit4/target/site/javadoc/latest/org/hamcrest/core/Is.html
398,/home/runner/work/junit4/junit4/target/site/javadoc/latest/src-html/org/junit/runners/parameterized/BlockJUnit4ClassRunnerWithParameters.html
399,/home/runner/work/junit4/junit4/target/site/javadoc/latest/src-html/org/junit/experimental/max/MaxHistory.html
400,/home/runner/work/junit4/junit4/target/site/javadoc/latest/org/hamcrest/core/Every.html
401,/home/runner/work/junit4/junit4/target/site/javadoc/latest/org/junit/rules/Timeout.Builder.html
402,/home/runner/work/junit4/junit4/target/site/javadoc/latest/src-html/org/junit/runner/Result.html
403,/home/runner/work/junit4/junit4/target/site/javadoc/latest/src-html/org/junit/runners/model/FrameworkMethod.html
404,/home/runner/work/junit4/junit4/target/site/javadoc/latest/src-html/org/junit/rules/Stopwatch.html
405,/home/runner/work/junit4/junit4/target/site/javadoc/latest/org/junit/rules/RuleChain.html
406,/home/runner/work/junit4/junit4/target/site/javadoc/latest/org/junit/runners/model/class-use/RunnerBuilder.html
407,/home/runner/work/junit4/junit4/target/site/javadoc/latest/org/junit/runners/model/class-use/TestClass.html
408,/home/runner/work/junit4/junit4/target/site/javadoc/latest/org/junit/rules/ExternalResource.html
409,/home/runner/work/junit4/junit4/target/site/javadoc/latest/org/junit/runners/model/package-use.html
410,/home/runner/work/junit4/junit4/target/site/javadoc/latest/src-html/org/junit/rules/Timeout.Builder.html
411,/home/runner/work/junit4/junit4/target/site/javadoc/latest/allclasses-noframe.html
412,/home/runner/work/junit4/junit4/target/site/javadoc/latest/org/junit/rules/ErrorCollector.html
413,/home/runner/work/junit4/junit4/target/site/javadoc/latest/org/junit/rules/DisableOnDebug.html
414,/home/runner/work/junit4/junit4/target/site/javadoc/latest/org/junit/rules/Stopwatch.html
415,/home/runner/work/junit4/junit4/target/site/javadoc/latest/src-html/org/junit/rules/Timeout.html
416,/home/runner/work/junit4/junit4/target/site/javadoc/latest/allclasses-frame.html
417,/home/runner/work/junit4/junit4/target/site/javadoc/latest/org/junit/rules/TestWatchman.html
418,/home/runner/work/junit4/junit4/target/site/javadoc/latest/org/junit/rules/TestWatcher.html
419,/home/runner/work/junit4/junit4/target/site/apidocs/src-html/org/junit/runners/model/RunnerBuilder.html
420,/home/runner/work/junit4/junit4/target/site/apidocs/src-html/org/junit/runner/JUnitCore.html
421,/home/runner/work/junit4/junit4/target/site/javadoc/latest/org/junit/runner/manipulation/class-use/Sorter.html
422,/home/runner/work/junit4/junit4/target/site/javadoc/latest/org/junit/rules/package-use.html
423,/home/runner/work/junit4/junit4/target/site/apidocs/src-html/org/junit/runners/Suite.html
424,/home/runner/work/junit4/junit4/target/site/apidocs/src-html/org/junit/runners/Suite.SuiteClasses.html
425,/home/runner/work/junit4/junit4/target/site/javadoc/latest/org/junit/runner/manipulation/class-use/NoTestsRemainException.html
426,/home/runner/work/junit4/junit4/target/site/apidocs/org/hamcrest/core/package-summary.html
427,/home/runner/work/junit4/junit4/target/site/apidocs/junit/framework/package-summary.html
428,/home/runner/work/junit4/junit4/target/site/apidocs/src-html/org/junit/runners/model/MultipleFailureException.html
429,/home/runner/work/junit4/junit4/target/site/apidocs/src-html/org/junit/runners/model/FrameworkField.html
430,/home/runner/work/junit4/junit4/target/site/apidocs/junit/framework/package-tree.html
431,/home/runner/work/junit4/junit4/target/site/apidocs/org/hamcrest/package-summary.html
432,/home/runner/work/junit4/junit4/target/site/apidocs/org/hamcrest/package-tree.html
433,/home/runner/work/junit4/junit4/target/site/javadoc/latest/src-html/org/junit/runner/JUnitCore.html
434,/home/runner/work/junit4/junit4/target/site/apidocs/org/hamcrest/core/package-tree.html
435,/home/runner/work/junit4/junit4/target/site/apidocs/org/junit/package-tree.html
436,/home/runner/work/junit4/junit4/target/site/javadoc/latest/org/junit/experimental/theories/package-use.html
437,/home/runner/work/junit4/junit4/target/site/apidocs/org/junit/runner/package-summary.html
438,/home/runner/work/junit4/junit4/target/site/apidocs/constant-values.html
439,/home/runner/work/junit4/junit4/target/site/apidocs/org/junit/runners/package-summary.html
440,/home/runner/work/junit4/junit4/target/site/apidocs/src-html/org/junit/Test.None.html
441,/home/runner/work/junit4/junit4/target/site/apidocs/src-html/org/junit/ClassRule.html
442,/home/runner/work/junit4/junit4/target/site/apidocs/src-html/org/junit/Rule.html
443,/home/runner/work/junit4/junit4/target/site/apidocs/org/junit/runner/manipulation/package-tree.html
444,/home/runner/work/junit4/junit4/target/site/apidocs/org/junit/runner/manipulation/package-summary.html
445,/home/runner/work/junit4/junit4/target/site/javadoc/latest/org/junit/runner/notification/class-use/RunNotifier.html
446,/home/runner/work/junit4/junit4/target/site/apidocs/org/junit/runner/package-tree.html
448,/home/runner/work/junit4/junit4/target/site/apidocs/org/junit/rules/package-tree.html
449,/home/runner/work/junit4/junit4/target/site/apidocs/org/junit/package-summary.html
450,/home/runner/work/junit4/junit4/target/site/javadoc/latest/src-html/org/junit/runner/manipulation/Filter.html
451,/home/runner/work/junit4/junit4/target/site/apidocs/org/junit/rules/package-summary.html
452,/home/runner/work/junit4/junit4/target/site/javadoc/latest/src-html/org/junit/runner/manipulation/Sorter.html
453,/home/runner/work/junit4/junit4/target/site/javadoc/latest/org/junit/runner/notification/class-use/RunListener.html
454,/home/runner/work/junit4/junit4/target/site/apidocs/src-html/org/junit/experimental/results/ResultMatchers.html
455,/home/runner/work/junit4/junit4/target/site/apidocs/org/junit/experimental/theories/package-tree.html
456,/home/runner/work/junit4/junit4/target/site/apidocs/org/junit/experimental/theories/package-summary.html
457,/home/runner/work/junit4/junit4/target/site/apidocs/org/junit/experimental/categories/package-tree.html
458,/home/runner/work/junit4/junit4/target/site/javadoc/latest/src-html/org/junit/runner/notification/Failure.html
459,/home/runner/work/junit4/junit4/target/site/apidocs/org/junit/runners/package-tree.html
460,/home/runner/work/junit4/junit4/target/site/javadoc/latest/org/junit/runner/notification/class-use/Failure.html
461,/home/runner/work/junit4/junit4/target/site/javadoc/latest/org/junit/runner/manipulation/Orderer.html
462,/home/runner/work/junit4/junit4/target/site/apidocs/src-html/org/junit/runner/notification/Failure.html
463,/home/runner/work/junit4/junit4/target/site/apidocs/org/junit/runner/notification/class-use/Failure.html
464,/home/runner/work/junit4/junit4/target/site/javadoc/latest/src-html/org/junit/runners/model/MultipleFailureException.html
465,/home/runner/work/junit4/junit4/target/site/apidocs/org/junit/runners/model/class-use/MemberValueConsumer.html
466,/home/runner/work/junit4/junit4/target/site/apidocs/org/junit/runners/model/class-use/FrameworkMember.html
467,/home/runner/work/junit4/junit4/target/site/javadoc/latest/src-html/org/junit/runners/model/RunnerBuilder.html
468,/home/runner/work/junit4/junit4/target/site/apidocs/org/junit/runners/model/class-use/Annotatable.html
469,/home/runner/work/junit4/junit4/target/site/apidocs/org/junit/runners/model/class-use/FrameworkField.html
470,/home/runner/work/junit4/junit4/target/site/apidocs/org/junit/runners/parameterized/class-use/TestWithParameters.html
471,/home/runner/work/junit4/junit4/target/site/apidocs/org/junit/validator/class-use/AnnotationValidator.html
472,/home/runner/work/junit4/junit4/target/site/apidocs/org/junit/validator/class-use/ValidateWith.html
473,/home/runner/work/junit4/junit4/target/site/javadoc/latest/src-html/org/junit/runners/Suite.SuiteClasses.html
474,/home/runner/work/junit4/junit4/target/site/apidocs/org/junit/runner/class-use/Result.html
475,/home/runner/work/junit4/junit4/target/site/javadoc/latest/src-html/org/junit/runners/Suite.html
476,/home/runner/work/junit4/junit4/target/site/apidocs/org/junit/runner/class-use/Computer.html
477,/home/runner/work/junit4/junit4/target/site/apidocs/org/junit/runner/notification/class-use/RunListener.html
478,/home/runner/work/junit4/junit4/target/site/javadoc/latest/org/hamcrest/core/package-use.html
479,/home/runner/work/junit4/junit4/target/site/apidocs/src-html/org/junit/runner/manipulation/Sorter.html
480,/home/runner/work/junit4/junit4/target/site/apidocs/org/junit/runner/manipulation/class-use/NoTestsRemainException.html
481,/home/runner/work/junit4/junit4/target/site/apidocs/org/junit/runner/manipulation/class-use/Sorter.html
482,/home/runner/work/junit4/junit4/target/site/apidocs/org/junit/runner/manipulation/class-use/Ordering.html
483,/home/runner/work/junit4/junit4/target/site/apidocs/org/junit/runner/manipulation/class-use/Ordering.Factory.html
484,/home/runner/work/junit4/junit4/target/site/apidocs/org/junit/runner/manipulation/class-use/Orderer.html
485,/home/runner/work/junit4/junit4/target/site/apidocs/org/junit/runner/manipulation/class-use/InvalidOrderingException.html
486,/home/runner/work/junit4/junit4/target/site/javadoc/latest/src-html/org/junit/experimental/results/ResultMatchers.html
487,/home/runner/work/junit4/junit4/target/site/apidocs/org/junit/rules/class-use/ExpectedException.html
488,/home/runner/work/junit4/junit4/target/site/apidocs/org/junit/rules/class-use/TemporaryFolder.Builder.html
489,/home/runner/work/junit4/junit4/target/site/apidocs/org/junit/rules/class-use/MethodRule.html
490,/home/runner/work/junit4/junit4/target/site/apidocs/org/junit/rules/class-use/Timeout.Builder.html
491,/home/runner/work/junit4/junit4/target/site/javadoc/latest/org/hamcrest/package-use.html
492,/home/runner/work/junit4/junit4/target/site/apidocs/junit/framework/class-use/TestCase.html
493,/home/runner/work/junit4/junit4/target/site/apidocs/junit/framework/class-use/AssertionFailedError.html
494,/home/runner/work/junit4/junit4/target/site/apidocs/org/junit/runners/class-use/Suite.html
495,/home/runner/work/junit4/junit4/target/site/apidocs/org/junit/runners/class-use/BlockJUnit4ClassRunner.html
496,/home/runner/work/junit4/junit4/target/site/apidocs/org/junit/runners/class-use/ParentRunner.html
497,/home/runner/work/junit4/junit4/target/site/apidocs/org/junit/experimental/results/class-use/PrintableResult.html
498,/home/runner/work/junit4/junit4/target/site/apidocs/src-html/org/junit/runner/manipulation/Filter.html
499,/home/runner/work/junit4/junit4/target/site/apidocs/src-html/org/junit/rules/ErrorCollector.html
500,/home/runner/work/junit4/junit4/target/site/apidocs/src-html/org/junit/rules/DisableOnDebug.html
501,/home/runner/work/junit4/junit4/target/site/apidocs/src-html/org/junit/rules/RuleChain.html
502,/home/runner/work/junit4/junit4/target/site/apidocs/src-html/org/junit/rules/TestWatcher.html
503,/home/runner/work/junit4/junit4/target/site/apidocs/src-html/org/junit/rules/TestWatchman.html
504,/home/runner/work/junit4/junit4/target/site/apidocs/src-html/org/junit/rules/Stopwatch.html
505,/home/runner/work/junit4/junit4/target/site/javadoc/latest/src-html/org/junit/validator/AnnotationsValidator.html
506,/home/runner/work/junit4/junit4/target/site/javadoc/latest/org/junit/runner/class-use/Computer.html
507,/home/runner/work/junit4/junit4/target/site/javadoc/latest/src-html/org/junit/matchers/JUnitMatchers.html
508,/home/runner/work/junit4/junit4/target/site/apidocs/src-html/junit/framework/JUnit4TestAdapter.html
509,/home/runner/work/junit4/junit4/target/site/apidocs/src-html/junit/framework/TestResult.html
510,/home/runner/work/junit4/junit4/target/site/apidocs/src-html/org/hamcrest/BaseDescription.html
511,/home/runner/work/junit4/junit4/target/site/apidocs/src-html/org/hamcrest/core/IsInstanceOf.html
512,/home/runner/work/junit4/junit4/target/site/apidocs/src-html/org/hamcrest/core/IsEqual.html
513,/home/runner/work/junit4/junit4/target/site/apidocs/src-html/org/hamcrest/core/IsCollectionContaining.html
514,/home/runner/work/junit4/junit4/target/site/apidocs/src-html/org/hamcrest/core/Is.html
515,/home/runner/work/junit4/junit4/target/site/apidocs/src-html/org/hamcrest/core/AnyOf.html
516,/home/runner/work/junit4/junit4/target/site/apidocs/src-html/org/hamcrest/core/AllOf.html
517,/home/runner/work/junit4/junit4/target/site/javadoc/latest/org/junit/runner/manipulation/class-use/Ordering.html
518,/home/runner/work/junit4/junit4/target/site/javadoc/latest/org/junit/runner/manipulation/class-use/Ordering.Factory.html
519,/home/runner/work/junit4/junit4/target/site/javadoc/latest/org/junit/runner/manipulation/class-use/Orderer.html
520,/home/runner/work/junit4/junit4/target/site/javadoc/latest/org/junit/runner/manipulation/class-use/InvalidOrderingException.html
521,/home/runner/work/junit4/junit4/target/site/javadoc/latest/src-html/org/junit/runners/model/FrameworkField.html
522,/home/runner/work/junit4/junit4/target/site/apidocs/org/junit/function/class-use/ThrowingRunnable.html
523,/home/runner/work/junit4/junit4/target/site/apidocs/org/junit/experimental/categories/class-use/Categories.CategoryFilter.html
524,/home/runner/work/junit4/junit4/target/site/apidocs/org/junit/experimental/theories/class-use/ParameterSignature.html
525,/home/runner/work/junit4/junit4/target/site/apidocs/org/junit/experimental/theories/class-use/ParametersSuppliedBy.html
526,/home/runner/work/junit4/junit4/target/site/apidocs/org/junit/experimental/theories/class-use/PotentialAssignment.html
527,/home/runner/work/junit4/junit4/target/site/javadoc/latest/src-html/org/junit/rules/ErrorCollector.html
528,/home/runner/work/junit4/junit4/target/site/apidocs/junit/runner/Version.html
529,/home/runner/work/junit4/junit4/target/site/javadoc/latest/src-html/org/junit/rules/DisableOnDebug.html
530,/home/runner/work/junit4/junit4/target/site/javadoc/latest/org/junit/experimental/categories/class-use/Categories.CategoryFilter.html
531,/home/runner/work/junit4/junit4/target/site/apidocs/org/junit/experimental/max/MaxHistory.html
532,/home/runner/work/junit4/junit4/target/site/javadoc/latest/org/junit/experimental/theories/class-use/ParametersSuppliedBy.html
533,/home/runner/work/junit4/junit4/target/site/javadoc/latest/org/junit/experimental/theories/class-use/ParameterSignature.html
534,/home/runner/work/junit4/junit4/target/site/apidocs/org/junit/experimental/categories/Categories.ExcludeCategory.html
535,/home/runner/work/junit4/junit4/target/site/apidocs/org/junit/experimental/categories/Categories.IncludeCategory.html
536,/home/runner/work/junit4/junit4/target/site/apidocs/org/junit/experimental/categories/Category.html
537,/home/runner/work/junit4/junit4/target/site/apidocs/org/junit/experimental/categories/CategoryValidator.html
538,/home/runner/work/junit4/junit4/target/site/apidocs/org/junit/experimental/theories/DataPoint.html
539,/home/runner/work/junit4/junit4/target/site/apidocs/org/junit/experimental/theories/DataPoints.html
540,/home/runner/work/junit4/junit4/target/site/apidocs/org/junit/experimental/theories/FromDataPoints.html
541,/home/runner/work/junit4/junit4/target/site/apidocs/org/junit/experimental/theories/ParametersSuppliedBy.html
542,/home/runner/work/junit4/junit4/target/site/apidocs/org/junit/experimental/theories/ParameterSupplier.html
543,/home/runner/work/junit4/junit4/target/site/apidocs/org/junit/experimental/theories/PotentialAssignment.CouldNotGenerateValueException.html
544,/home/runner/work/junit4/junit4/target/site/apidocs/org/junit/experimental/theories/Theory.html
545,/home/runner/work/junit4/junit4/target/site/apidocs/org/junit/TestCouldNotBeSkippedException.html
546,/home/runner/work/junit4/junit4/target/site/apidocs/org/junit/experimental/theories/suppliers/TestedOn.html
547,/home/runner/work/junit4/junit4/target/site/apidocs/org/junit/experimental/theories/suppliers/TestedOnSupplier.html
548,/home/runner/work/junit4/junit4/target/site/apidocs/org/junit/runners/AllTests.html
549,/home/runner/work/junit4/junit4/target/site/javadoc/latest/org/junit/function/class-use/ThrowingRunnable.html
550,/home/runner/work/junit4/junit4/target/site/apidocs/org/junit/runners/Parameterized.Parameter.html
551,/home/runner/work/junit4/junit4/target/site/apidocs/org/junit/runners/Parameterized.Parameters.html
552,/home/runner/work/junit4/junit4/target/site/apidocs/org/junit/runners/Parameterized.UseParametersRunnerFactory.html
553,/home/runner/work/junit4/junit4/target/site/apidocs/org/junit/runners/Suite.SuiteClasses.html
554,/home/runner/work/junit4/junit4/target/site/apidocs/org/junit/runners/model/Annotatable.html
555,/home/runner/work/junit4/junit4/target/site/apidocs/org/junit/runners/model/MemberValueConsumer.html
556,/home/runner/work/junit4/junit4/target/site/apidocs/org/junit/runners/model/RunnerScheduler.html
557,/home/runner/work/junit4/junit4/target/site/apidocs/org/junit/runners/model/Statement.html
558,/home/runner/work/junit4/junit4/target/site/javadoc/latest/deprecated-list.html
559,/home/runner/work/junit4/junit4/target/site/apidocs/org/junit/experimental/max/CouldNotReadCoreException.html
560,/home/runner/work/junit4/junit4/target/site/apidocs/org/junit/Test.None.html
561,/home/runner/work/junit4/junit4/target/site/javadoc/latest/org/junit/runner/notification/package-use.html
562,/home/runner/work/junit4/junit4/target/site/javadoc/latest/help-doc.html
563,/home/runner/work/junit4/junit4/target/site/javadoc/latest/org/junit/validator/class-use/ValidateWith.html
564,/home/runner/work/junit4/junit4/target/site/javadoc/latest/org/junit/validator/class-use/AnnotationValidator.html
565,/home/runner/work/junit4/junit4/target/surefire-reports/TEST-org.junit.tests.assertion.AssertionTest.xml
566,/home/runner/work/junit4/junit4/target/surefire-reports/TEST-org.junit.rules.ErrorCollectorTest.xml
567,/home/runner/work/junit4/junit4/target/surefire-reports/TEST-org.junit.rules.ExpectedExceptionTest.xml
568,/home/runner/work/junit4/junit4/target/surefire-reports/TEST-org.junit.tests.running.classes.ParameterizedTestTest.xml
569,/home/runner/work/junit4/junit4/target/surefire-reports/TEST-org.junit.tests.running.methods.AnnotationTest.xml
570,/home/runner/work/junit4/junit4/target/site/javadoc/latest/org/junit/runners/parameterized/class-use/TestWithParameters.html
571,/home/runner/work/junit4/junit4/target/site/javadoc/latest/org/junit/runners/model/class-use/FrameworkField.html
572,/home/runner/work/junit4/junit4/target/site/javadoc/latest/org/junit/runners/model/class-use/Annotatable.html
573,/home/runner/work/junit4/junit4/target/site/project-info.html
574,/home/runner/work/junit4/junit4/target/site/javadoc/latest/overview-summary.html
575,/home/runner/work/junit4/junit4/target/site/apidocs/org/junit/Test.html
576,/home/runner/work/junit4/junit4/target/site/javadoc/latest/org/junit/runners/model/class-use/FrameworkMember.html
577,/home/runner/work/junit4/junit4/target/site/javadoc/latest/org/junit/runners/model/class-use/MemberValueConsumer.html
578,/home/runner/work/junit4/junit4/target/site/javadoc/latest/org/junit/runners/class-use/Suite.html
579,/home/runner/work/junit4/junit4/target/site/javadoc/latest/org/junit/runners/class-use/BlockJUnit4ClassRunner.html
580,/home/runner/work/junit4/junit4/target/site/javadoc/latest/org/junit/runners/class-use/ParentRunner.html
581,/home/runner/work/junit4/junit4/target/site/javadoc/latest/org/junit/experimental/results/class-use/PrintableResult.html
582,/home/runner/work/junit4/junit4/target/site/javadoc/latest/org/junit/experimental/theories/class-use/PotentialAssignment.html
584,/home/runner/work/junit4/junit4/target/site/apidocs/org/junit/ClassRule.html
585,/home/runner/work/junit4/junit4/target/site/apidocs/org/junit/FixMethodOrder.html
586,/home/runner/work/junit4/junit4/target/site/apidocs/org/junit/Ignore.html
587,/home/runner/work/junit4/junit4/target/site/apidocs/org/junit/Rule.html
588,/home/runner/work/junit4/junit4/target/site/apidocs/org/junit/runners/parameterized/BlockJUnit4ClassRunnerWithParametersFactory.html
589,/home/runner/work/junit4/junit4/target/site/apidocs/org/junit/runners/parameterized/ParametersRunnerFactory.html
590,/home/runner/work/junit4/junit4/target/site/apidocs/org/junit/validator/AnnotationsValidator.html
591,/home/runner/work/junit4/junit4/target/site/apidocs/junit/runner/TestRunListener.html
592,/home/runner/work/junit4/junit4/target/site/apidocs/org/junit/rules/TestName.html
593,/home/runner/work/junit4/junit4/target/site/apidocs/org/junit/rules/TestRule.html
594,/home/runner/work/junit4/junit4/target/site/javadoc/latest/src-html/org/hamcrest/core/IsCollectionContaining.html
595,/home/runner/work/junit4/junit4/target/site/javadoc/latest/src-html/org/hamcrest/core/IsEqual.html
596,/home/runner/work/junit4/junit4/target/site/javadoc/latest/src-html/org/hamcrest/core/IsInstanceOf.html
597,/home/runner/work/junit4/junit4/target/site/apidocs/org/junit/rules/Verifier.html
598,/home/runner/work/junit4/junit4/target/site/apidocs/junit/framework/AssertionFailedError.html
599,/home/runner/work/junit4/junit4/target/site/apidocs/junit/framework/ComparisonCompactor.html
600,/home/runner/work/junit4/junit4/target/site/apidocs/junit/framework/JUnit4TestCaseFacade.html
601,/home/runner/work/junit4/junit4/target/site/apidocs/junit/framework/Protectable.html
602,/home/runner/work/junit4/junit4/target/site/apidocs/junit/framework/Test.html
603,/home/runner/work/junit4/junit4/target/site/apidocs/junit/framework/TestListener.html
604,/home/runner/work/junit4/junit4/target/site/javadoc/latest/src-html/org/hamcrest/BaseDescription.html
605,/home/runner/work/junit4/junit4/target/site/apidocs/junit/framework/class-use/TestListener.html
606,/home/runner/work/junit4/junit4/target/site/apidocs/org/junit/validator/AnnotationValidatorFactory.html
607,/home/runner/work/junit4/junit4/target/site/javadoc/latest/org/junit/validator/package-use.html
608,/home/runner/work/junit4/junit4/target/site/apidocs/org/hamcrest/Condition.Step.html
609,/home/runner/work/junit4/junit4/target/site/apidocs/org/hamcrest/CustomMatcher.html
610,/home/runner/work/junit4/junit4/target/site/apidocs/org/hamcrest/CustomTypeSafeMatcher.html
611,/home/runner/work/junit4/junit4/target/site/apidocs/org/hamcrest/MatcherAssert.html
612,/home/runner/work/junit4/junit4/target/site/apidocs/org/hamcrest/SelfDescribing.html
613,/home/runner/work/junit4/junit4/target/site/javadoc/latest/src-html/org/hamcrest/TypeSafeMatcher.html
614,/home/runner/work/junit4/junit4/target/site/javadoc/latest/org/junit/runner/manipulation/Orderable.html
615,/home/runner/work/junit4/junit4/target/site/javadoc/latest/src-html/org/junit/rules/TestWatchman.html
616,/home/runner/work/junit4/junit4/target/site/apidocs/org/hamcrest/core/CombinableMatcher.CombinableEitherMatcher.html
617,/home/runner/work/junit4/junit4/target/site/javadoc/latest/src-html/org/junit/rules/TestWatcher.html
618,/home/runner/work/junit4/junit4/target/site/javadoc/latest/src-html/org/junit/rules/RuleChain.html
619,/home/runner/work/junit4/junit4/target/site/javadoc/latest/org/junit/runners/package-use.html
620,/home/runner/work/junit4/junit4/target/site/apidocs/org/junit/rules/TemporaryFolder.Builder.html
621,/home/runner/work/junit4/junit4/target/site/apidocs/org/junit/rules/Stopwatch.html
622,/home/runner/work/junit4/junit4/target/site/apidocs/org/junit/rules/RunRules.html
623,/home/runner/work/junit4/junit4/target/site/apidocs/org/junit/validator/PublicClassValidator.html
624,/home/runner/work/junit4/junit4/target/site/apidocs/org/junit/validator/TestClassValidator.html
625,/home/runner/work/junit4/junit4/target/site/apidocs/org/junit/validator/ValidateWith.html
626,/home/runner/work/junit4/junit4/target/site/apidocs/org/junit/runner/Computer.html
627,/home/runner/work/junit4/junit4/target/site/apidocs/org/junit/runner/Describable.html
628,/home/runner/work/junit4/junit4/target/site/apidocs/org/junit/runner/FilterFactory.html
629,/home/runner/work/junit4/junit4/target/site/apidocs/org/junit/runner/FilterFactory.FilterNotCreatedException.html
630,/home/runner/work/junit4/junit4/target/site/apidocs/org/junit/runner/FilterFactoryParams.html
631,/home/runner/work/junit4/junit4/target/site/apidocs/org/junit/runner/OrderWith.html
632,/home/runner/work/junit4/junit4/target/site/javadoc/latest/src-html/org/hamcrest/core/AllOf.html
633,/home/runner/work/junit4/junit4/target/site/apidocs/org/junit/runner/Runner.html
634,/home/runner/work/junit4/junit4/target/site/apidocs/org/junit/runner/RunWith.html
635,/home/runner/work/junit4/junit4/target/site/javadoc/latest/src-html/org/hamcrest/core/AnyOf.html
636,/home/runner/work/junit4/junit4/target/site/apidocs/org/junit/runner/notification/StoppedByUserException.html
638,/home/runner/work/junit4/junit4/target/site/apidocs/org/junit/runner/manipulation/Filterable.html
639,/home/runner/work/junit4/junit4/target/site/apidocs/org/junit/runner/manipulation/InvalidOrderingException.html
640,/home/runner/work/junit4/junit4/target/site/apidocs/org/junit/runner/manipulation/NoTestsRemainException.html
641,/home/runner/work/junit4/junit4/target/site/apidocs/org/junit/runner/manipulation/Orderable.html
642,/home/runner/work/junit4/junit4/target/site/apidocs/org/junit/runner/manipulation/Orderer.html
644,/home/runner/work/junit4/junit4/target/site/apidocs/org/junit/runner/manipulation/Ordering.Context.html
645,/home/runner/work/junit4/junit4/target/site/apidocs/org/junit/runner/manipulation/Ordering.Factory.html
646,/home/runner/work/junit4/junit4/target/site/apidocs/org/junit/runner/manipulation/Sortable.html
648,/home/runner/work/junit4/junit4/target/site/javadoc/latest/src-html/org/hamcrest/core/Is.html
649,/home/runner/work/junit4/junit4/target/site/apidocs/org/junit/rules/MethodRule.html
650,/home/runner/work/junit4/junit4/target/site/apidocs/junit/framework/class-use/TestFailure.html
651,/home/runner/work/junit4/junit4/target/site/apidocs/org/hamcrest/core/CombinableMatcher.CombinableBothMatcher.html
652,/home/runner/work/junit4/junit4/target/site/javadoc/latest/org/junit/runners/Parameterized.UseParametersRunnerFactory.html
653,/home/runner/work/junit4/junit4/target/site/javadoc/latest/org/junit/Ignore.html
654,/home/runner/work/junit4/junit4/target/site/javadoc/latest/org/junit/runners/package-summary.html
655,/home/runner/work/junit4/junit4/target/site/javadoc/latest/org/junit/runner/manipulation/package-tree.html
656,/home/runner/work/junit4/junit4/target/site/javadoc/latest/org/junit/runner/notification/StoppedByUserException.html
657,/home/runner/work/junit4/junit4/target/site/javadoc/latest/org/junit/runner/manipulation/Sortable.html
658,/home/runner/work/junit4/junit4/target/site/javadoc/latest/org/junit/runner/manipulation/package-summary.html
659,/home/runner/work/junit4/junit4/target/site/javadoc/latest/org/junit/runner/package-tree.html
660,/home/runner/work/junit4/junit4/target/site/javadoc/latest/org/junit/runner/package-summary.html
661,/home/runner/work/junit4/junit4/target/site/javadoc/latest/org/hamcrest/class-use/TypeSafeMatcher.html
662,/home/runner/work/junit4/junit4/target/site/javadoc/latest/org/junit/rules/package-tree.html
663,/home/runner/work/junit4/junit4/target/site/javadoc/latest/org/junit/rules/package-summary.html
664,/home/runner/work/junit4/junit4/target/site/javadoc/latest/org/hamcrest/class-use/TypeSafeDiagnosingMatcher.html
665,/home/runner/work/junit4/junit4/target/site/javadoc/latest/org/junit/experimental/theories/package-tree.html
666,/home/runner/work/junit4/junit4/target/site/javadoc/latest/org/junit/experimental/theories/package-summary.html
667,/home/runner/work/junit4/junit4/target/site/javadoc/latest/org/junit/experimental/categories/package-tree.html
668,/home/runner/work/junit4/junit4/target/site/javadoc/latest/org/junit/package-tree.html
669,/home/runner/work/junit4/junit4/target/site/javadoc/latest/org/junit/package-summary.html
670,/home/runner/work/junit4/junit4/target/site/javadoc/latest/org/hamcrest/core/package-tree.html
671,/home/runner/work/junit4/junit4/target/site/javadoc/latest/org/hamcrest/core/package-summary.html
672,/home/runner/work/junit4/junit4/target/site/javadoc/latest/org/hamcrest/package-tree.html
673,/home/runner/work/junit4/junit4/target/site/javadoc/latest/org/hamcrest/package-summary.html
674,/home/runner/work/junit4/junit4/target/site/dependency-info.html
675,/home/runner/work/junit4/junit4/target/site/team-list.html
676,/home/runner/work/junit4/junit4/target/site/source-repository.html
677,/home/runner/work/junit4/junit4/target/site/dependencies.html
678,/home/runner/work/junit4/junit4/target/site/javadoc/latest/org/junit/runner/class-use/Result.html
679,/home/runner/work/junit4/junit4/target/site/javadoc/latest/org/junit/ClassRule.html
680,/home/runner/work/junit4/junit4/target/site/javadoc/latest/org/junit/runners/package-tree.html
681,/home/runner/work/junit4/junit4/target/site/javadoc/latest/org/junit/runners/model/package-summary.html
682,/home/runner/work/junit4/junit4/target/site/javadoc/latest/org/junit/rules/class-use/Timeout.Builder.html
683,/home/runner/work/junit4/junit4/target/site/apidocs/org/junit/validator/package-use.html
684,/home/runner/work/junit4/junit4/target/site/apidocs/org/hamcrest/package-use.html
685,/home/runner/work/junit4/junit4/target/site/javadoc/latest/org/junit/runner/manipulation/NoTestsRemainException.html
686,/home/runner/work/junit4/junit4/target/site/javadoc/latest/org/junit/runner/manipulation/InvalidOrderingException.html
687,/home/runner/work/junit4/junit4/target/site/javadoc/latest/org/junit/runner/manipulation/Filterable.html
688,/home/runner/work/junit4/junit4/target/site/javadoc/latest/org/junit/runner/manipulation/Ordering.Context.html
689,/home/runner/work/junit4/junit4/target/site/javadoc/latest/org/junit/runner/manipulation/Ordering.Factory.html
690,/home/runner/work/junit4/junit4/target/site/javadoc/latest/org/junit/rules/class-use/TemporaryFolder.Builder.html
691,/home/runner/work/junit4/junit4/target/site/apidocs/org/junit/experimental/theories/package-use.html
692,/home/runner/work/junit4/junit4/target/site/apidocs/org/junit/rules/package-use.html
693,/home/runner/work/junit4/junit4/target/site/javadoc/latest/org/hamcrest/core/class-use/CombinableMatcher.CombinableEitherMatcher.html
694,/home/runner/work/junit4/junit4/target/site/apidocs/org/junit/runner/notification/package-use.html
695,/home/runner/work/junit4/junit4/target/site/apidocs/org/junit/runners/package-use.html
696,/home/runner/work/junit4/junit4/target/site/javadoc/latest/org/junit/rules/class-use/MethodRule.html
697,/home/runner/work/junit4/junit4/target/site/javadoc/latest/org/junit/runners/model/package-tree.html
698,/home/runner/work/junit4/junit4/target/site/javadoc/latest/src-html/org/junit/experimental/theories/ParameterSignature.html
699,/home/runner/work/junit4/junit4/target/site/apidocs/overview-summary.html
700,/home/runner/work/junit4/junit4/target/site/apidocs/help-doc.html
701,/home/runner/work/junit4/junit4/target/site/junit-lambda-campaign.html
702,/home/runner/work/junit4/junit4/target/site/junit-lambda-spending.html
703,/home/runner/work/junit4/junit4/target/site/junit-lambda.html
704,/home/runner/work/junit4/junit4/target/site/javadoc/latest/org/hamcrest/core/class-use/CombinableMatcher.CombinableBothMatcher.html
705,/home/runner/work/junit4/junit4/target/site/javadoc/latest/src-html/org/junit/Rule.html
706,/home/runner/work/junit4/junit4/target/site/javadoc/latest/src-html/org/junit/ClassRule.html
707,/home/runner/work/junit4/junit4/target/site/javadoc/latest/org/hamcrest/core/class-use/CombinableMatcher.html
708,/home/runner/work/junit4/junit4/target/site/javadoc/latest/src-html/org/junit/Test.None.html
709,/home/runner/work/junit4/junit4/target/site/javadoc/latest/src-html/org/junit/Test.html
710,/home/runner/work/junit4/junit4/target/site/javadoc/latest/org/junit/FixMethodOrder.html
711,/home/runner/work/junit4/junit4/target/site/javadoc/latest/org/junit/Rule.html
712,/home/runner/work/junit4/junit4/target/site/apidocs/org/hamcrest/core/class-use/CombinableMatcher.CombinableEitherMatcher.html
713,/home/runner/work/junit4/junit4/target/site/javadoc/latest/org/junit/Test.html
714,/home/runner/work/junit4/junit4/target/site/javadoc/latest/org/hamcrest/CustomMatcher.html
715,/home/runner/work/junit4/junit4/target/site/javadoc/latest/org/hamcrest/Condition.Step.html
716,/home/runner/work/junit4/junit4/target/site/javadoc/latest/org/junit/runners/model/MemberValueConsumer.html
717,/home/runner/work/junit4/junit4/target/site/javadoc/latest/org/hamcrest/class-use/BaseMatcher.html
718,/home/runner/work/junit4/junit4/target/site/javadoc/latest/org/junit/rules/Verifier.html
719,/home/runner/work/junit4/junit4/target/site/javadoc/latest/org/junit/runners/model/RunnerScheduler.html
720,/home/runner/work/junit4/junit4/target/site/javadoc/latest/org/junit/runners/model/Statement.html
721,/home/runner/work/junit4/junit4/target/site/javadoc/latest/org/junit/rules/TestRule.html
722,/home/runner/work/junit4/junit4/target/site/javadoc/latest/org/junit/runners/parameterized/BlockJUnit4ClassRunnerWithParametersFactory.html
723,/home/runner/work/junit4/junit4/target/site/javadoc/latest/org/junit/runners/parameterized/ParametersRunnerFactory.html
724,/home/runner/work/junit4/junit4/target/site/javadoc/latest/org/junit/rules/TestName.html
725,/home/runner/work/junit4/junit4/target/site/javadoc/latest/org/junit/rules/TemporaryFolder.Builder.html
726,/home/runner/work/junit4/junit4/target/site/javadoc/latest/org/junit/validator/AnnotationsValidator.html
727,/home/runner/work/junit4/junit4/target/site/javadoc/latest/org/junit/runner/Runner.html
728,/home/runner/work/junit4/junit4/target/site/javadoc/latest/org/junit/validator/AnnotationValidatorFactory.html
729,/home/runner/work/junit4/junit4/target/site/javadoc/latest/org/junit/rules/MethodRule.html
730,/home/runner/work/junit4/junit4/target/site/javadoc/latest/org/junit/runner/OrderWithValidator.html
731,/home/runner/work/junit4/junit4/target/site/javadoc/latest/org/junit/validator/PublicClassValidator.html
732,/home/runner/work/junit4/junit4/target/site/javadoc/latest/org/junit/runner/OrderWith.html
733,/home/runner/work/junit4/junit4/target/site/javadoc/latest/org/junit/validator/TestClassValidator.html
734,/home/runner/work/junit4/junit4/target/site/javadoc/latest/org/junit/validator/ValidateWith.html
735,/home/runner/work/junit4/junit4/target/site/javadoc/latest/org/junit/runner/Computer.html
736,/home/runner/work/junit4/junit4/target/site/javadoc/latest/org/junit/runner/Describable.html
737,/home/runner/work/junit4/junit4/target/site/javadoc/latest/org/junit/rules/RunRules.html
738,/home/runner/work/junit4/junit4/target/site/javadoc/latest/org/junit/runner/FilterFactory.html
739,/home/runner/work/junit4/junit4/target/site/javadoc/latest/org/junit/runner/FilterFactory.FilterNotCreatedException.html
740,/home/runner/work/junit4/junit4/target/site/javadoc/latest/org/junit/runner/FilterFactoryParams.html
741,/home/runner/work/junit4/junit4/target/site/javadoc/latest/org/hamcrest/CustomTypeSafeMatcher.html
742,/home/runner/work/junit4/junit4/target/site/javadoc/latest/org/junit/runners/model/Annotatable.html
743,/home/runner/work/junit4/junit4/target/site/javadoc/latest/org/junit/runners/Suite.SuiteClasses.html
744,/home/runner/work/junit4/junit4/target/site/javadoc/latest/org/junit/experimental/theories/ParametersSuppliedBy.html
745,/home/runner/work/junit4/junit4/target/site/javadoc/latest/org/junit/Test.None.html
746,/home/runner/work/junit4/junit4/target/site/javadoc/latest/org/junit/TestCouldNotBeSkippedException.html
747,/home/runner/work/junit4/junit4/target/site/javadoc/latest/org/junit/function/ThrowingRunnable.html
748,/home/runner/work/junit4/junit4/target/site/javadoc/latest/org/junit/experimental/max/CouldNotReadCoreException.html
749,/home/runner/work/junit4/junit4/target/site/javadoc/latest/org/junit/experimental/max/MaxHistory.html
750,/home/runner/work/junit4/junit4/target/site/javadoc/latest/org/junit/experimental/categories/Categories.ExcludeCategory.html
751,/home/runner/work/junit4/junit4/target/site/javadoc/latest/org/junit/experimental/categories/Categories.IncludeCategory.html
752,/home/runner/work/junit4/junit4/target/site/javadoc/latest/org/junit/experimental/categories/Category.html
753,/home/runner/work/junit4/junit4/target/site/javadoc/latest/org/junit/experimental/categories/CategoryValidator.html
754,/home/runner/work/junit4/junit4/target/site/javadoc/latest/org/junit/experimental/theories/DataPoint.html
755,/home/runner/work/junit4/junit4/target/site/javadoc/latest/org/junit/experimental/theories/DataPoints.html
756,/home/runner/work/junit4/junit4/target/site/javadoc/latest/org/junit/experimental/theories/FromDataPoints.html
757,/home/runner/work/junit4/junit4/target/site/javadoc/latest/org/junit/experimental/theories/ParameterSupplier.html
758,/home/runner/work/junit4/junit4/target/site/javadoc/latest/org/hamcrest/class-use/Condition.html
759,/home/runner/work/junit4/junit4/target/site/javadoc/latest/org/junit/experimental/theories/PotentialAssignment.CouldNotGenerateValueException.html
760,/home/runner/work/junit4/junit4/target/site/javadoc/latest/org/junit/runner/RunWith.html
761,/home/runner/work/junit4/junit4/target/site/javadoc/latest/org/hamcrest/core/CombinableMatcher.CombinableEitherMatcher.html
762,/home/runner/work/junit4/junit4/target/site/javadoc/latest/org/junit/experimental/theories/Theory.html
763,/home/runner/work/junit4/junit4/target/site/javadoc/latest/org/junit/experimental/theories/suppliers/TestedOn.html
764,/home/runner/work/junit4/junit4/target/site/javadoc/latest/org/junit/experimental/theories/suppliers/TestedOnSupplier.html
765,/home/runner/work/junit4/junit4/target/site/javadoc/latest/org/hamcrest/core/CombinableMatcher.CombinableBothMatcher.html
766,/home/runner/work/junit4/junit4/target/site/javadoc/latest/org/junit/runners/AllTests.html
767,/home/runner/work/junit4/junit4/target/site/javadoc/latest/org/hamcrest/SelfDescribing.html
768,/home/runner/work/junit4/junit4/target/site/javadoc/latest/org/hamcrest/MatcherAssert.html
769,/home/runner/work/junit4/junit4/target/site/javadoc/latest/org/junit/runners/Parameterized.Parameter.html
770,/home/runner/work/junit4/junit4/target/site/javadoc/latest/org/junit/runners/Parameterized.Parameters.html
771,/home/runner/work/junit4/junit4/target/site/apidocs/junit/framework/package-use.html
772,/home/runner/work/junit4/junit4/target/site/apidocs/org/hamcrest/core/class-use/CombinableMatcher.html
773,/home/runner/work/junit4/junit4/target/site/apidocs/org/hamcrest/class-use/TypeSafeMatcher.html
774,/home/runner/work/junit4/junit4/target/site/apidocs/org/hamcrest/class-use/Condition.html
775,/home/runner/work/junit4/junit4/target/site/apidocs/org/hamcrest/class-use/BaseMatcher.html
776,/home/runner/work/junit4/junit4/target/site/javadoc/latest/org/junit/rules/class-use/ExpectedException.html
777,/home/runner/work/junit4/junit4/target/site/apidocs/org/hamcrest/class-use/TypeSafeDiagnosingMatcher.html
778,/home/runner/work/junit4/junit4/target/site/apidocs/org/hamcrest/core/class-use/CombinableMatcher.CombinableBothMatcher.html
779,/home/runner/work/junit4/junit4/target/surefire-reports/TEST-org.junit.runners.parameterized.ParameterizedNamesTest.xml
780,/home/runner/work/junit4/junit4/target/surefire-reports/org.junit.runners.parameterized.ParameterizedNamesTest.txt
781,/home/runner/work/junit4/junit4/target/surefire-reports/TEST-org.junit.runners.parameterized.BlockJUnit4ClassRunnerWithParametersTest.xml
782,/home/runner/work/junit4/junit4/target/surefire-reports/org.junit.runners.parameterized.TestWithParametersTest.txt
783,/home/runner/work/junit4/junit4/target/surefire-reports/org.junit.runners.model.FrameworkMethodTest.txt
784,/home/runner/work/junit4/junit4/target/surefire-reports/TEST-org.junit.runners.parameterized.TestWithParametersTest.xml
785,/home/runner/work/junit4/junit4/target/surefire-reports/TEST-org.junit.runners.model.TestClassTest.xml
786,/home/runner/work/junit4/junit4/target/surefire-reports/org.junit.runners.RuleContainerTest.txt
787,/home/runner/work/junit4/junit4/target/surefire-reports/org.junit.runners.model.TestClassTest.txt
788,/home/runner/work/junit4/junit4/target/surefire-reports/TEST-org.junit.runners.model.InvalidTestClassErrorTest.xml
789,/home/runner/work/junit4/junit4/target/surefire-reports/org.junit.runners.model.InvalidTestClassErrorTest.txt
790,/home/runner/work/junit4/junit4/target/surefire-reports/TEST-org.junit.runners.model.FrameworkMethodTest.xml
791,/home/runner/work/junit4/junit4/target/surefire-reports/org.junit.runners.parameterized.BlockJUnit4ClassRunnerWithParametersTest.txt
792,/home/runner/work/junit4/junit4/target/surefire-reports/TEST-org.junit.runners.model.FrameworkFieldTest.xml
793,/home/runner/work/junit4/junit4/target/surefire-reports/TEST-org.junit.rules.VerifierRuleTest.xml
794,/home/runner/work/junit4/junit4/target/surefire-reports/org.junit.rules.VerifierRuleTest.txt
795,/home/runner/work/junit4/junit4/target/surefire-reports/TEST-org.junit.rules.TimeoutRuleTest.xml
796,/home/runner/work/junit4/junit4/target/surefire-reports/org.junit.rules.TimeoutRuleTest.txt
797,/home/runner/work/junit4/junit4/target/surefire-reports/TEST-org.junit.rules.TestWatchmanTest.xml
798,/home/runner/work/junit4/junit4/target/surefire-reports/org.junit.rules.TestWatchmanTest.txt
799,/home/runner/work/junit4/junit4/target/surefire-reports/TEST-org.junit.rules.TestWatcherTest$Callbacks.xml
800,/home/runner/work/junit4/junit4/target/surefire-reports/org.junit.rules.TestWatcherTest$Callbacks.txt
801,/home/runner/work/junit4/junit4/target/surefire-reports/TEST-org.junit.rules.TestWatcherTest$CallbackArguments.xml
802,/home/runner/work/junit4/junit4/target/surefire-reports/org.junit.rules.TestWatcherTest$CallbackArguments.txt
803,/home/runner/work/junit4/junit4/target/surefire-reports/TEST-org.junit.rules.TestWatcherTest$InterplayWithOtherRules.xml
804,/home/runner/work/junit4/junit4/target/surefire-reports/org.junit.runners.model.FrameworkFieldTest.txt
805,/home/runner/work/junit4/junit4/target/surefire-reports/TEST-org.junit.runners.RuleContainerTest.xml
806,/home/runner/work/junit4/junit4/target/surefire-reports/TEST-org.junit.rules.TestRuleTest.xml
807,/home/runner/work/junit4/junit4/target/surefire-reports/TEST-org.junit.runner.FilterFactoriesTest.xml
808,/home/runner/work/junit4/junit4/target/surefire-reports/org.junit.runner.RequestTest.txt
809,/home/runner/work/junit4/junit4/target/surefire-reports/TEST-org.junit.runner.JUnitCoreTest.xml
810,/home/runner/work/junit4/junit4/target/surefire-reports/org.junit.runner.JUnitCoreTest.txt
811,/home/runner/work/junit4/junit4/target/surefire-reports/TEST-org.junit.runner.JUnitCommandLineParseResultTest.xml
812,/home/runner/work/junit4/junit4/target/surefire-reports/org.junit.runner.JUnitCommandLineParseResultTest.txt
813,/home/runner/work/junit4/junit4/target/surefire-reports/TEST-org.junit.runner.OrderWithValidatorTest.xml
814,/home/runner/work/junit4/junit4/target/surefire-reports/org.junit.runner.OrderWithValidatorTest.txt
815,/home/runner/work/junit4/junit4/target/surefire-reports/TEST-org.junit.runner.FilterOptionIntegrationTest.xml
816,/home/runner/work/junit4/junit4/target/surefire-reports/org.junit.runner.FilterOptionIntegrationTest.txt
817,/home/runner/work/junit4/junit4/target/surefire-reports/org.junit.runners.CustomBlockJUnit4ClassRunnerTest.txt
818,/home/runner/work/junit4/junit4/target/surefire-reports/org.junit.runner.FilterFactoriesTest.txt
819,/home/runner/work/junit4/junit4/target/surefire-reports/TEST-org.junit.runner.notification.SynchronizedRunListenerTest.xml
820,/home/runner/work/junit4/junit4/target/surefire-reports/org.junit.runner.notification.SynchronizedRunListenerTest.txt
821,/home/runner/work/junit4/junit4/target/surefire-reports/TEST-org.junit.runner.notification.RunNotifierTest.xml
822,/home/runner/work/junit4/junit4/target/surefire-reports/org.junit.runner.notification.RunNotifierTest.txt
823,/home/runner/work/junit4/junit4/target/surefire-reports/TEST-org.junit.runner.notification.ConcurrentRunNotifierTest.xml
824,/home/runner/work/junit4/junit4/target/surefire-reports/org.junit.runner.notification.ConcurrentRunNotifierTest.txt
825,/home/runner/work/junit4/junit4/target/surefire-reports/TEST-org.junit.runners.CustomBlockJUnit4ClassRunnerTest.xml
826,/home/runner/work/junit4/junit4/target/surefire-reports/org.junit.rules.TestWatcherTest$InterplayWithOtherRules.txt
827,/home/runner/work/junit4/junit4/target/surefire-reports/org.junit.rules.TemporaryFolderUsageTest.txt
828,/home/runner/work/junit4/junit4/target/surefire-reports/org.junit.rules.TestRuleTest.txt
829,/home/runner/work/junit4/junit4/target/surefire-reports/TEST-org.junit.rules.TemporaryFolderUsageTest.xml
830,/home/runner/work/junit4/junit4/target/surefire-reports/TEST-org.junit.rules.ClassRulesTest.xml
831,/home/runner/work/junit4/junit4/target/surefire-reports/org.junit.rules.ClassRulesTest.txt
832,/home/runner/work/junit4/junit4/target/surefire-reports/TEST-org.junit.rules.BlockJUnit4ClassRunnerOverrideTest.xml
833,/home/runner/work/junit4/junit4/target/surefire-reports/org.junit.rules.BlockJUnit4ClassRunnerOverrideTest.txt
834,/home/runner/work/junit4/junit4/target/surefire-reports/TEST-org.junit.tests.manipulation.SortableTest$TestClassRunnerIsSortable.xml
835,/home/runner/work/junit4/junit4/target/surefire-reports/org.junit.tests.manipulation.SortableTest$TestClassRunnerIsSortable.txt
836,/home/runner/work/junit4/junit4/target/surefire-reports/TEST-org.junit.tests.manipulation.SortableTest$TestClassRunnerIsSortableWithSuiteMethod.xml
837,/home/runner/work/junit4/junit4/target/surefire-reports/org.junit.tests.manipulation.SortableTest$TestClassRunnerIsSortableWithSuiteMethod.txt
838,/home/runner/work/junit4/junit4/target/surefire-reports/TEST-org.junit.tests.manipulation.SortableTest$UnsortableRunnersAreHandledWithoutCrashing.xml
839,/home/runner/work/junit4/junit4/target/surefire-reports/org.junit.tests.manipulation.SortableTest$UnsortableRunnersAreHandledWithoutCrashing.txt
840,/home/runner/work/junit4/junit4/target/surefire-reports/TEST-org.junit.tests.manipulation.SortableTest$TestOnlySortableClassRunnerIsSortable.xml
841,/home/runner/work/junit4/junit4/target/surefire-reports/org.junit.tests.manipulation.SortableTest$TestOnlySortableClassRunnerIsSortable.txt
842,/home/runner/work/junit4/junit4/target/surefire-reports/TEST-org.junit.tests.manipulation.SingleMethodTest.xml
843,/home/runner/work/junit4/junit4/target/surefire-reports/org.junit.tests.manipulation.SingleMethodTest.txt
844,/home/runner/work/junit4/junit4/target/surefire-reports/TEST-org.junit.tests.manipulation.OrderWithTest$TestClassRunnerIsOrderableViaOrderWith.xml
845,/home/runner/work/junit4/junit4/target/surefire-reports/org.junit.tests.manipulation.OrderWithTest$TestClassRunnerIsOrderableViaOrderWith.txt
846,/home/runner/work/junit4/junit4/target/surefire-reports/TEST-org.junit.tests.manipulation.OrderWithTest$TestClassRunnerIsSortableViaOrderWith.xml
847,/home/runner/work/junit4/junit4/target/surefire-reports/org.junit.tests.manipulation.OrderWithTest$TestClassRunnerIsSortableViaOrderWith.txt
848,/home/runner/work/junit4/junit4/target/surefire-reports/TEST-org.junit.tests.manipulation.OrderWithTest$TestClassRunnerIsOrderableWithSuiteMethod.xml
849,/home/runner/work/junit4/junit4/target/surefire-reports/org.junit.tests.manipulation.OrderWithTest$TestClassRunnerIsOrderableWithSuiteMethod.txt
850,/home/runner/work/junit4/junit4/target/surefire-reports/TEST-org.junit.tests.manipulation.OrderWithTest$UnOrderableRunnersAreHandledWithoutCrashing.xml
851,/home/runner/work/junit4/junit4/target/surefire-reports/org.junit.tests.manipulation.OrderWithTest$UnOrderableRunnersAreHandledWithoutCrashing.txt
852,/home/runner/work/junit4/junit4/target/surefire-reports/TEST-org.junit.tests.manipulation.OrderableTest$TestClassRunnerIsOrderable.xml
853,/home/runner/work/junit4/junit4/target/surefire-reports/org.junit.tests.manipulation.OrderableTest$TestClassRunnerIsOrderable.txt
854,/home/runner/work/junit4/junit4/target/surefire-reports/TEST-org.junit.tests.manipulation.OrderableTest$TestOrderableClassRunnerIsSortable.xml
855,/home/runner/work/junit4/junit4/target/surefire-reports/org.junit.rules.DisableOnDebugTest.txt
856,/home/runner/work/junit4/junit4/target/surefire-reports/TEST-org.junit.rules.DisableOnDebugTest.xml
857,/home/runner/work/junit4/junit4/target/surefire-reports/org.junit.rules.ErrorCollectorTest.txt
858,/home/runner/work/junit4/junit4/target/surefire-reports/TEST-org.junit.rules.NameRulesTest$TestNames.xml
859,/home/runner/work/junit4/junit4/target/surefire-reports/org.junit.tests.running.classes.BlockJUnit4ClassRunnerTest.txt
860,/home/runner/work/junit4/junit4/target/surefire-reports/TEST-org.junit.rules.TemporaryFolderRuleAssuredDeletionTest.xml
861,/home/runner/work/junit4/junit4/target/surefire-reports/org.junit.rules.TemporaryFolderRuleAssuredDeletionTest.txt
862,/home/runner/work/junit4/junit4/target/surefire-reports/TEST-org.junit.rules.TempFolderRuleTest.xml
863,/home/runner/work/junit4/junit4/target/surefire-reports/org.junit.rules.TempFolderRuleTest.txt
864,/home/runner/work/junit4/junit4/target/surefire-reports/TEST-org.junit.rules.StopwatchTest.xml
865,/home/runner/work/junit4/junit4/target/surefire-reports/org.junit.rules.StopwatchTest.txt
866,/home/runner/work/junit4/junit4/target/surefire-reports/TEST-org.junit.rules.RuleMemberValidatorTest.xml
867,/home/runner/work/junit4/junit4/target/surefire-reports/org.junit.rules.RuleMemberValidatorTest.txt
868,/home/runner/work/junit4/junit4/target/surefire-reports/TEST-org.junit.rules.RuleChainTest.xml
869,/home/runner/work/junit4/junit4/target/surefire-reports/org.junit.rules.RuleChainTest.txt
870,/home/runner/work/junit4/junit4/target/surefire-reports/org.junit.rules.NameRulesTest$TestNames.txt
871,/home/runner/work/junit4/junit4/target/surefire-reports/TEST-org.junit.rules.NameRulesTest$BeforeAndAfterTest.xml
872,/home/runner/work/junit4/junit4/target/surefire-reports/org.junit.rules.NameRulesTest$BeforeAndAfterTest.txt
873,/home/runner/work/junit4/junit4/target/surefire-reports/TEST-org.junit.rules.MethodRulesTest.xml
874,/home/runner/work/junit4/junit4/target/surefire-reports/org.junit.rules.MethodRulesTest.txt
875,/home/runner/work/junit4/junit4/target/surefire-reports/TEST-org.junit.rules.ExternalResourceRuleTest.xml
876,/home/runner/work/junit4/junit4/target/surefire-reports/org.junit.rules.ExternalResourceRuleTest.txt
877,/home/runner/work/junit4/junit4/target/surefire-reports/org.junit.rules.ExpectedExceptionTest.txt
878,/home/runner/work/junit4/junit4/target/surefire-reports/TEST-org.junit.runner.RequestTest.xml
879,/home/runner/work/junit4/junit4/target/surefire-reports/TEST-org.junit.tests.running.classes.BlockJUnit4ClassRunnerTest.xml
880,/home/runner/work/junit4/junit4/target/surefire-reports/TEST-org.junit.validator.AnnotationsValidatorTest.xml
881,/home/runner/work/junit4/junit4/target/surefire-reports/org.junit.validator.AnnotationsValidatorTest.txt
882,/home/runner/work/junit4/junit4/target/surefire-reports/TEST-org.junit.tests.validation.ValidationTest.xml
883,/home/runner/work/junit4/junit4/target/surefire-reports/org.junit.tests.validation.ValidationTest.txt
884,/home/runner/work/junit4/junit4/target/surefire-reports/TEST-org.junit.tests.validation.FailedConstructionTest.xml
885,/home/runner/work/junit4/junit4/target/surefire-reports/org.junit.tests.validation.FailedConstructionTest.txt
886,/home/runner/work/junit4/junit4/target/test-classes/junit/tests/SampleJUnit3Tests$1.class
887,/home/runner/work/junit4/junit4/target/surefire-reports/TEST-org.junit.tests.validation.BadlyFormedClassesTest.xml
888,/home/runner/work/junit4/junit4/target/surefire-reports/org.junit.tests.validation.BadlyFormedClassesTest.txt
889,/home/runner/work/junit4/junit4/target/surefire-reports/TEST-org.junit.validator.AnnotationValidatorFactoryTest.xml
890,/home/runner/work/junit4/junit4/target/surefire-reports/TEST-org.junit.samples.money.MoneyTest.xml
891,/home/runner/work/junit4/junit4/target/surefire-reports/org.junit.samples.money.MoneyTest.txt
892,/home/runner/work/junit4/junit4/target/surefire-reports/TEST-org.junit.samples.ListTest.xml
893,/home/runner/work/junit4/junit4/target/site/javadoc/latest/org/junit/validator/class-use/TestClassValidator.html
894,/home/runner/work/junit4/junit4/target/surefire-reports/org.junit.samples.ListTest.txt
895,/home/runner/work/junit4/junit4/target/surefire-reports/TEST-org.junit.tests.running.methods.TimeoutTest.xml
896,/home/runner/work/junit4/junit4/target/surefire-reports/org.junit.tests.running.methods.TimeoutTest.txt
897,/home/runner/work/junit4/junit4/target/surefire-reports/TEST-org.junit.tests.running.methods.TestMethodTest.xml
898,/home/runner/work/junit4/junit4/target/surefire-reports/org.junit.validator.AnnotationValidatorFactoryTest.txt
899,/home/runner/work/junit4/junit4/target/surefire-reports/org.junit.validator.PublicClassValidatorTest.txt
900,/home/runner/work/junit4/junit4/target/surefire-reports/TEST-org.junit.tests.running.methods.ParameterizedTestMethodTest.xml
901,/home/runner/work/junit4/junit4/target/site/javadoc/latest/org/junit/runners/model/class-use/RunnerScheduler.html
902,/home/runner/work/junit4/junit4/target/site/javadoc/latest/org/junit/runners/model/class-use/TestTimedOutException.html
903,/home/runner/work/junit4/junit4/target/site/javadoc/latest/org/junit/runners/model/class-use/InvalidTestClassError.html
904,/home/runner/work/junit4/junit4/target/surefire-reports/TEST-org.junit.validator.PublicClassValidatorTest.xml
905,/home/runner/work/junit4/junit4/target/site/javadoc/latest/org/junit/runners/parameterized/class-use/BlockJUnit4ClassRunnerWithParametersFactory.html
906,/home/runner/work/junit4/junit4/target/site/javadoc/latest/org/junit/runners/parameterized/class-use/BlockJUnit4ClassRunnerWithParameters.html
907,/home/runner/work/junit4/junit4/target/site/javadoc/latest/org/junit/runners/parameterized/class-use/ParametersRunnerFactory.html
908,/home/runner/work/junit4/junit4/target/site/javadoc/latest/org/junit/matchers/class-use/JUnitMatchers.html
909,/home/runner/work/junit4/junit4/target/surefire-reports/TEST-org.junit.tests.ObjectContractTest.xml
910,/home/runner/work/junit4/junit4/target/surefire-reports/org.junit.tests.ObjectContractTest.txt
911,/home/runner/work/junit4/junit4/target/surefire-reports/TEST-org.junit.AssumptionViolatedExceptionTest.xml
912,/home/runner/work/junit4/junit4/target/surefire-reports/org.junit.AssumptionViolatedExceptionTest.txt
913,/home/runner/work/junit4/junit4/target/surefire-reports/org.junit.tests.running.methods.TestMethodTest.txt
914,/home/runner/work/junit4/junit4/target/surefire-reports/org.junit.tests.running.classes.ClassLevelMethodsWithIgnoredTestsTest.txt
915,/home/runner/work/junit4/junit4/target/surefire-reports/TEST-org.junit.tests.running.classes.RunWithTest.xml
916,/home/runner/work/junit4/junit4/target/surefire-reports/org.junit.tests.running.classes.RunWithTest.txt
917,/home/runner/work/junit4/junit4/target/surefire-reports/TEST-org.junit.tests.running.classes.parent.ParentRunnerClassLoaderTest.xml
918,/home/runner/work/junit4/junit4/target/surefire-reports/org.junit.tests.running.classes.parent.ParentRunnerClassLoaderTest.txt
919,/home/runner/work/junit4/junit4/target/surefire-reports/TEST-org.junit.tests.running.classes.ParentRunnerTest.xml
920,/home/runner/work/junit4/junit4/target/surefire-reports/TEST-org.junit.tests.running.classes.SuiteTest.xml
921,/home/runner/work/junit4/junit4/target/surefire-reports/org.junit.tests.running.classes.ParentRunnerTest.txt
922,/home/runner/work/junit4/junit4/target/surefire-reports/TEST-org.junit.tests.running.classes.ParentRunnerFilteringTest.xml
923,/home/runner/work/junit4/junit4/target/surefire-reports/org.junit.tests.running.classes.ParentRunnerFilteringTest.txt
924,/home/runner/work/junit4/junit4/target/site/javadoc/latest/org/junit/runner/notification/RunListener.ThreadSafe.html
925,/home/runner/work/junit4/junit4/target/surefire-reports/org.junit.tests.running.classes.ParameterizedTestTest.txt
926,/home/runner/work/junit4/junit4/target/surefire-reports/TEST-org.junit.tests.running.classes.IgnoreClassTest.xml
927,/home/runner/work/junit4/junit4/target/surefire-reports/org.junit.tests.running.classes.IgnoreClassTest.txt
928,/home/runner/work/junit4/junit4/target/surefire-reports/TEST-org.junit.tests.running.classes.EnclosedTest.xml
929,/home/runner/work/junit4/junit4/target/surefire-reports/org.junit.tests.running.classes.EnclosedTest.txt
930,/home/runner/work/junit4/junit4/target/surefire-reports/TEST-org.junit.tests.manipulation.OrderableTest$TestClassRunnerIsOrderableWithSuiteMethod.xml
931,/home/runner/work/junit4/junit4/target/surefire-reports/TEST-org.junit.tests.running.classes.ClassLevelMethodsWithIgnoredTestsTest.xml
932,/home/runner/work/junit4/junit4/target/surefire-reports/org.junit.tests.running.classes.SuiteTest.txt
933,/home/runner/work/junit4/junit4/target/surefire-reports/TEST-org.junit.tests.running.core.SystemExitTest.xml
934,/home/runner/work/junit4/junit4/target/surefire-reports/org.junit.tests.running.methods.ParameterizedTestMethodTest.txt
935,/home/runner/work/junit4/junit4/target/surefire-reports/TEST-org.junit.tests.running.methods.InheritedTestTest.xml
936,/home/runner/work/junit4/junit4/target/surefire-reports/org.junit.tests.running.methods.InheritedTestTest.txt
937,/home/runner/work/junit4/junit4/target/surefire-reports/TEST-org.junit.tests.running.methods.ExpectedTest.xml
938,/home/runner/work/junit4/junit4/target/surefire-reports/org.junit.tests.running.methods.ExpectedTest.txt
939,/home/runner/work/junit4/junit4/target/surefire-reports/org.junit.tests.running.methods.AnnotationTest.txt
940,/home/runner/work/junit4/junit4/target/surefire-reports/org.junit.tests.running.classes.UseSuiteAsASuperclassTest.txt
941,/home/runner/work/junit4/junit4/target/surefire-reports/org.junit.tests.running.core.SystemExitTest.txt
942,/home/runner/work/junit4/junit4/target/surefire-reports/TEST-org.junit.tests.running.core.JUnitCoreReturnsCorrectExitCodeTest.xml
943,/home/runner/work/junit4/junit4/target/surefire-reports/org.junit.tests.running.core.JUnitCoreReturnsCorrectExitCodeTest.txt
944,/home/runner/work/junit4/junit4/target/surefire-reports/TEST-org.junit.tests.running.core.CommandLineTest.xml
945,/home/runner/work/junit4/junit4/target/surefire-reports/org.junit.tests.running.core.CommandLineTest.txt
946,/home/runner/work/junit4/junit4/target/surefire-reports/TEST-org.junit.tests.running.classes.ThreadsTest.xml
947,/home/runner/work/junit4/junit4/target/surefire-reports/org.junit.tests.running.classes.ThreadsTest.txt
948,/home/runner/work/junit4/junit4/target/surefire-reports/TEST-org.junit.tests.running.classes.UseSuiteAsASuperclassTest.xml
949,/home/runner/work/junit4/junit4/target/surefire-reports/org.junit.tests.manipulation.OrderableTest$TestOrderableClassRunnerIsSortable.txt
950,/home/runner/work/junit4/junit4/target/surefire-reports/TEST-org.junit.tests.manipulation.OrderableTest$UnOrderableRunnersAreHandledWithoutCrashing.xml
951,/home/runner/work/junit4/junit4/target/surefire-reports/org.junit.tests.manipulation.OrderableTest$TestClassRunnerIsOrderableWithSuiteMethod.txt
952,/home/runner/work/junit4/junit4/target/surefire-reports/org.junit.tests.experimental.theories.runner.SuccessfulWithDataPointFields$BeforeAndAfterEachTime.txt
953,/home/runner/work/junit4/junit4/target/surefire-reports/org.junit.tests.experimental.theories.runner.SuccessfulWithDataPointFields$OneTestTwoAnnotations.txt
954,/home/runner/work/junit4/junit4/target/surefire-reports/TEST-org.junit.tests.experimental.theories.runner.SuccessfulWithDataPointFields$StaticPublicNonDataPoints.xml
955,/home/runner/work/junit4/junit4/target/surefire-reports/org.junit.tests.experimental.theories.runner.SuccessfulWithDataPointFields$StaticPublicNonDataPoints.txt
956,/home/runner/work/junit4/junit4/target/surefire-reports/TEST-org.junit.tests.experimental.theories.runner.FailingDataPointMethods.xml
957,/home/runner/work/junit4/junit4/target/surefire-reports/org.junit.tests.experimental.theories.runner.FailingDataPointMethods.txt
958,/home/runner/work/junit4/junit4/target/surefire-reports/TEST-org.junit.tests.experimental.theories.internal.SpecificDataPointsSupplierTest.xml
959,/home/runner/work/junit4/junit4/target/surefire-reports/org.junit.tests.experimental.theories.internal.SpecificDataPointsSupplierTest.txt
960,/home/runner/work/junit4/junit4/target/surefire-reports/TEST-org.junit.tests.experimental.theories.internal.ParameterizedAssertionErrorTest.xml
961,/home/runner/work/junit4/junit4/target/surefire-reports/org.junit.tests.experimental.theories.internal.ParameterizedAssertionErrorTest.txt
962,/home/runner/work/junit4/junit4/target/surefire-reports/TEST-org.junit.tests.experimental.theories.internal.AllMembersSupplierTest.xml
963,/home/runner/work/junit4/junit4/target/surefire-reports/org.junit.tests.experimental.theories.internal.AllMembersSupplierTest.txt
964,/home/runner/work/junit4/junit4/target/surefire-reports/TEST-org.junit.tests.experimental.results.ResultMatchersTest.xml
965,/home/runner/work/junit4/junit4/target/surefire-reports/org.junit.tests.experimental.results.ResultMatchersTest.txt
966,/home/runner/work/junit4/junit4/target/surefire-reports/TEST-org.junit.tests.experimental.results.PrintableResultTest.xml
967,/home/runner/work/junit4/junit4/target/surefire-reports/org.junit.tests.experimental.results.PrintableResultTest.txt
968,/home/runner/work/junit4/junit4/target/surefire-reports/TEST-org.junit.tests.experimental.parallel.ParallelMethodTest.xml
969,/home/runner/work/junit4/junit4/target/surefire-reports/org.junit.tests.experimental.parallel.ParallelMethodTest.txt
970,/home/runner/work/junit4/junit4/target/surefire-reports/TEST-org.junit.tests.experimental.parallel.ParallelClassTest.xml
971,/home/runner/work/junit4/junit4/target/surefire-reports/org.junit.tests.experimental.parallel.ParallelClassTest.txt
972,/home/runner/work/junit4/junit4/target/surefire-reports/TEST-org.junit.tests.experimental.max.MaxStarterTest.xml
973,/home/runner/work/junit4/junit4/target/surefire-reports/org.junit.tests.experimental.max.MaxStarterTest.txt
974,/home/runner/work/junit4/junit4/target/surefire-reports/TEST-org.junit.tests.experimental.max.JUnit38SortingTest.xml
975,/home/runner/work/junit4/junit4/target/surefire-reports/org.junit.tests.experimental.max.JUnit38SortingTest.txt
976,/home/runner/work/junit4/junit4/target/site/javadoc/latest/org/junit/validator/class-use/AnnotationsValidator.html
977,/home/runner/work/junit4/junit4/target/surefire-reports/TEST-org.junit.tests.experimental.max.DescriptionTest.xml
978,/home/runner/work/junit4/junit4/target/surefire-reports/TEST-org.junit.tests.experimental.theories.runner.SuccessfulWithDataPointFields$OneTestTwoAnnotations.xml
979,/home/runner/work/junit4/junit4/target/surefire-reports/TEST-org.junit.tests.experimental.theories.runner.SuccessfulWithDataPointFields$BeforeAndAfterEachTime.xml
980,/home/runner/work/junit4/junit4/target/surefire-reports/TEST-org.junit.tests.experimental.theories.runner.WithDataPointMethod.xml
981,/home/runner/work/junit4/junit4/target/surefire-reports/org.junit.tests.experimental.theories.runner.WithDataPointMethod.txt
982,/home/runner/work/junit4/junit4/target/surefire-reports/TEST-org.junit.tests.experimental.theories.runner.WithAutoGeneratedDataPoints.xml
983,/home/runner/work/junit4/junit4/target/surefire-reports/org.junit.tests.experimental.theories.runner.WithAutoGeneratedDataPoints.txt
984,/home/runner/work/junit4/junit4/target/surefire-reports/TEST-org.junit.tests.experimental.theories.runner.WhenNoParametersMatch.xml
985,/home/runner/work/junit4/junit4/target/surefire-reports/org.junit.tests.experimental.theories.runner.WhenNoParametersMatch.txt
986,/home/runner/work/junit4/junit4/target/surefire-reports/TEST-org.junit.tests.experimental.theories.runner.UnsuccessfulWithDataPointFields.xml
987,/home/runner/work/junit4/junit4/target/surefire-reports/org.junit.tests.experimental.theories.runner.UnsuccessfulWithDataPointFields.txt
988,/home/runner/work/junit4/junit4/target/surefire-reports/TEST-org.junit.tests.experimental.theories.runner.TypeMatchingBetweenMultiDataPointsMethod.xml
989,/home/runner/work/junit4/junit4/target/surefire-reports/org.junit.tests.experimental.theories.runner.TypeMatchingBetweenMultiDataPointsMethod.txt
990,/home/runner/work/junit4/junit4/target/surefire-reports/TEST-org.junit.tests.experimental.theories.runner.TheoriesPerformanceTest.xml
991,/home/runner/work/junit4/junit4/target/surefire-reports/org.junit.tests.experimental.theories.runner.TheoriesPerformanceTest.txt
992,/home/runner/work/junit4/junit4/target/surefire-reports/TEST-org.junit.tests.experimental.theories.runner.SuccessfulWithDataPointFields$HasATwoParameterTheory.xml
993,/home/runner/work/junit4/junit4/target/surefire-reports/org.junit.tests.experimental.theories.runner.SuccessfulWithDataPointFields$HasATwoParameterTheory.txt
994,/home/runner/work/junit4/junit4/target/surefire-reports/TEST-org.junit.tests.experimental.theories.runner.SuccessfulWithDataPointFields$BeforeAndAfterOnSameInstance.xml
995,/home/runner/work/junit4/junit4/target/surefire-reports/org.junit.tests.experimental.theories.runner.SuccessfulWithDataPointFields$BeforeAndAfterOnSameInstance.txt
996,/home/runner/work/junit4/junit4/target/surefire-reports/TEST-org.junit.tests.experimental.theories.runner.SuccessfulWithDataPointFields$NewObjectEachTime.xml
997,/home/runner/work/junit4/junit4/target/surefire-reports/org.junit.tests.experimental.theories.runner.SuccessfulWithDataPointFields$NewObjectEachTime.txt
998,/home/runner/work/junit4/junit4/target/surefire-reports/TEST-org.junit.tests.experimental.theories.runner.SuccessfulWithDataPointFields$PositiveInts.xml
999,/home/runner/work/junit4/junit4/target/surefire-reports/org.junit.tests.experimental.theories.runner.SuccessfulWithDataPointFields$PositiveInts.txt
1000,/home/runner/work/junit4/junit4/target/surefire-reports/TEST-org.junit.tests.experimental.theories.runner.SuccessfulWithDataPointFields$PositiveIntsWithNegativeField.xml
1001,/home/runner/work/junit4/junit4/target/surefire-reports/org.junit.tests.experimental.theories.runner.SuccessfulWithDataPointFields$PositiveIntsWithNegativeField.txt
1002,/home/runner/work/junit4/junit4/target/surefire-reports/TEST-org.junit.tests.experimental.theories.runner.SuccessfulWithDataPointFields$PositiveIntsWithMethodParams.xml
1003,/home/runner/work/junit4/junit4/target/surefire-reports/org.junit.tests.experimental.theories.runner.SuccessfulWithDataPointFields$PositiveIntsWithMethodParams.txt
1004,/home/runner/work/junit4/junit4/target/surefire-reports/TEST-org.junit.tests.experimental.theories.runner.SuccessfulWithDataPointFields$DifferentTypesInConstructor.xml
1005,/home/runner/work/junit4/junit4/target/surefire-reports/org.junit.tests.experimental.theories.runner.SuccessfulWithDataPointFields$DifferentTypesInConstructor.txt
1006,/home/runner/work/junit4/junit4/target/surefire-reports/org.junit.tests.experimental.max.DescriptionTest.txt
1007,/home/runner/work/junit4/junit4/target/surefire-reports/TEST-org.junit.experimental.categories.MultiCategoryTest.xml
1008,/home/runner/work/junit4/junit4/target/surefire-reports/org.junit.experimental.categories.MultiCategoryTest.txt
1009,/home/runner/work/junit4/junit4/target/surefire-reports/TEST-org.junit.experimental.categories.JavadocTest.xml
1010,/home/runner/work/junit4/junit4/target/test-classes/org/junit/rules/TestRuleTest$1.class
1011,/home/runner/work/junit4/junit4/target/surefire-reports/TEST-org.junit.tests.description.SuiteDescriptionTest.xml
1012,/home/runner/work/junit4/junit4/target/surefire-reports/org.junit.experimental.categories.JavadocTest.txt
1013,/home/runner/work/junit4/junit4/target/surefire-reports/TEST-org.junit.experimental.categories.CategoryValidatorTest.xml
1014,/home/runner/work/junit4/junit4/target/surefire-reports/org.junit.experimental.categories.CategoryValidatorTest.txt
1015,/home/runner/work/junit4/junit4/target/surefire-reports/TEST-org.junit.experimental.categories.CategoryTest.xml
1016,/home/runner/work/junit4/junit4/target/surefire-reports/org.junit.experimental.categories.CategoryTest.txt
1017,/home/runner/work/junit4/junit4/target/surefire-reports/TEST-org.junit.experimental.categories.CategoryFilterFactoryTest.xml
1018,/home/runner/work/junit4/junit4/target/surefire-reports/org.junit.experimental.categories.CategoryFilterFactoryTest.txt
1019,/home/runner/work/junit4/junit4/target/surefire-reports/TEST-org.junit.experimental.categories.CategoriesAndParameterizedTest.xml
1020,/home/runner/work/junit4/junit4/target/surefire-reports/org.junit.experimental.categories.CategoriesAndParameterizedTest.txt
1021,/home/runner/work/junit4/junit4/target/surefire-reports/TEST-org.junit.tests.description.TestDescriptionTest.xml
1022,/home/runner/work/junit4/junit4/target/surefire-reports/org.junit.tests.description.TestDescriptionTest.txt
1023,/home/runner/work/junit4/junit4/target/surefire-reports/TEST-org.junit.tests.description.TestDescriptionMethodNameTest.xml
1024,/home/runner/work/junit4/junit4/target/surefire-reports/org.junit.tests.description.TestDescriptionMethodNameTest.txt
1025,/home/runner/work/junit4/junit4/target/surefire-reports/org.junit.tests.description.SuiteDescriptionTest.txt
1026,/home/runner/work/junit4/junit4/target/site/javadoc/latest/org/junit/validator/class-use/PublicClassValidator.html
1027,/home/runner/work/junit4/junit4/target/surefire-reports/TEST-org.junit.tests.description.AnnotatedDescriptionTest.xml
1028,/home/runner/work/junit4/junit4/target/surefire-reports/org.junit.tests.description.AnnotatedDescriptionTest.txt
1029,/home/runner/work/junit4/junit4/target/surefire-reports/TEST-org.junit.tests.deprecated.JUnit4ClassRunnerTest.xml
1030,/home/runner/work/junit4/junit4/target/surefire-reports/org.junit.tests.deprecated.JUnit4ClassRunnerTest.txt
1031,/home/runner/work/junit4/junit4/target/surefire-reports/TEST-org.junit.tests.assertion.MultipleFailureExceptionTest.xml
1032,/home/runner/work/junit4/junit4/target/surefire-reports/org.junit.tests.assertion.MultipleFailureExceptionTest.txt
1033,/home/runner/work/junit4/junit4/target/surefire-reports/TEST-org.junit.tests.assertion.ComparisonFailureTest.xml
1034,/home/runner/work/junit4/junit4/target/surefire-reports/org.junit.tests.assertion.ComparisonFailureTest.txt
1035,/home/runner/work/junit4/junit4/target/site/javadoc/latest/org/junit/validator/class-use/AnnotationValidatorFactory.html
1036,/home/runner/work/junit4/junit4/target/surefire-reports/org.junit.tests.experimental.theories.runner.WithExtendedParameterSources.txt
1037,/home/runner/work/junit4/junit4/target/surefire-reports/TEST-org.junit.tests.experimental.theories.runner.WithExtendedParameterSources.xml
1038,/home/runner/work/junit4/junit4/target/surefire-reports/org.junit.tests.experimental.theories.runner.WithNamedDataPoints.txt
1039,/home/runner/work/junit4/junit4/target/surefire-reports/TEST-junit.tests.framework.TestCaseTest.xml
1040,/home/runner/work/junit4/junit4/target/surefire-reports/TEST-junit.tests.runner.BaseTestRunnerTest.xml
1041,/home/runner/work/junit4/junit4/target/surefire-reports/junit.tests.runner.BaseTestRunnerTest.txt
1042,/home/runner/work/junit4/junit4/target/surefire-reports/TEST-junit.tests.runner.ResultTest.xml
1043,/home/runner/work/junit4/junit4/target/surefire-reports/junit.tests.runner.ResultTest.txt
1044,/home/runner/work/junit4/junit4/target/surefire-reports/TEST-junit.tests.runner.StackFilterTest.xml
1045,/home/runner/work/junit4/junit4/target/surefire-reports/junit.tests.runner.StackFilterTest.txt
1046,/home/runner/work/junit4/junit4/target/surefire-reports/TEST-junit.tests.framework.FloatAssertTest.xml
1047,/home/runner/work/junit4/junit4/target/surefire-reports/junit.tests.framework.FloatAssertTest.txt
1048,/home/runner/work/junit4/junit4/target/surefire-reports/TEST-junit.tests.framework.DoublePrecisionAssertTest.xml
1049,/home/runner/work/junit4/junit4/target/surefire-reports/junit.tests.framework.DoublePrecisionAssertTest.txt
1050,/home/runner/work/junit4/junit4/target/surefire-reports/TEST-junit.tests.framework.ComparisonFailureTest.xml
1051,/home/runner/work/junit4/junit4/target/surefire-reports/junit.tests.framework.ComparisonFailureTest.txt
1052,/home/runner/work/junit4/junit4/target/surefire-reports/TEST-junit.tests.framework.ComparisonCompactorTest.xml
1053,/home/runner/work/junit4/junit4/target/surefire-reports/junit.tests.framework.ComparisonCompactorTest.txt
1054,/home/runner/work/junit4/junit4/target/surefire-reports/TEST-junit.tests.framework.NoArgTestCaseTest.xml
1055,/home/runner/work/junit4/junit4/target/surefire-reports/junit.tests.framework.NoArgTestCaseTest.txt
1056,/home/runner/work/junit4/junit4/target/surefire-reports/TEST-junit.tests.framework.TestImplementorTest.xml
1057,/home/runner/work/junit4/junit4/target/surefire-reports/junit.tests.framework.TestImplementorTest.txt
1058,/home/runner/work/junit4/junit4/target/surefire-reports/TEST-junit.tests.framework.AssertTest.xml
1059,/home/runner/work/junit4/junit4/target/surefire-reports/junit.tests.framework.AssertTest.txt
1060,/home/runner/work/junit4/junit4/target/surefire-reports/TEST-junit.tests.framework.AssertionFailedErrorTest.xml
1061,/home/runner/work/junit4/junit4/target/surefire-reports/junit.tests.framework.AssertionFailedErrorTest.txt
1062,/home/runner/work/junit4/junit4/target/surefire-reports/TEST-junit.tests.framework.TestListenerTest.xml
1063,/home/runner/work/junit4/junit4/target/surefire-reports/junit.tests.framework.TestListenerTest.txt
1064,/home/runner/work/junit4/junit4/target/site/javadoc/latest/org/junit/runners/model/class-use/MultipleFailureException.html
1065,/home/runner/work/junit4/junit4/target/surefire-reports/junit.tests.runner.TextFeedbackTest.txt
1066,/home/runner/work/junit4/junit4/target/surefire-reports/TEST-junit.tests.runner.TextFeedbackTest.xml
1067,/home/runner/work/junit4/junit4/target/surefire-reports/junit.tests.runner.TextRunnerSingleMethodTest.txt
1068,/home/runner/work/junit4/junit4/target/surefire-reports/TEST-org.junit.tests.listening.RunnerTest.xml
1069,/home/runner/work/junit4/junit4/target/surefire-reports/org.junit.tests.manipulation.OrderableTest$UnOrderableRunnersAreHandledWithoutCrashing.txt
1070,/home/runner/work/junit4/junit4/target/surefire-reports/TEST-org.junit.tests.manipulation.FilterTest.xml
1071,/home/runner/work/junit4/junit4/target/surefire-reports/org.junit.tests.manipulation.FilterTest.txt
1072,/home/runner/work/junit4/junit4/target/surefire-reports/TEST-org.junit.tests.manipulation.FilterableTest.xml
1073,/home/runner/work/junit4/junit4/target/surefire-reports/org.junit.tests.manipulation.FilterableTest.txt
1074,/home/runner/work/junit4/junit4/target/surefire-reports/TEST-org.junit.tests.listening.UserStopTest.xml
1075,/home/runner/work/junit4/junit4/target/surefire-reports/org.junit.tests.listening.UserStopTest.txt
1076,/home/runner/work/junit4/junit4/target/surefire-reports/TEST-org.junit.tests.listening.TextListenerTest.xml
1077,/home/runner/work/junit4/junit4/target/surefire-reports/org.junit.tests.listening.TextListenerTest.txt
1078,/home/runner/work/junit4/junit4/target/surefire-reports/TEST-org.junit.tests.listening.TestListenerTest.xml
1079,/home/runner/work/junit4/junit4/target/surefire-reports/org.junit.tests.listening.TestListenerTest.txt
1080,/home/runner/work/junit4/junit4/target/surefire-reports/org.junit.tests.listening.RunnerTest.txt
1081,/home/runner/work/junit4/junit4/target/surefire-reports/TEST-junit.tests.runner.TextRunnerSingleMethodTest.xml
1082,/home/runner/work/junit4/junit4/target/surefire-reports/TEST-org.junit.tests.listening.ListenerTest.xml
1083,/home/runner/work/junit4/junit4/target/surefire-reports/org.junit.tests.listening.ListenerTest.txt
1084,/home/runner/work/junit4/junit4/target/surefire-reports/TEST-org.junit.tests.junit3compatibility.SuiteMethodTest.xml
1085,/home/runner/work/junit4/junit4/target/surefire-reports/org.junit.tests.junit3compatibility.SuiteMethodTest.txt
1086,/home/runner/work/junit4/junit4/target/surefire-reports/TEST-junit.tests.extensions.RepeatedTestTest.xml
1087,/home/runner/work/junit4/junit4/target/surefire-reports/junit.tests.extensions.RepeatedTestTest.txt
1088,/home/runner/work/junit4/junit4/target/surefire-reports/TEST-junit.tests.extensions.ActiveTestTest.xml
1089,/home/runner/work/junit4/junit4/target/surefire-reports/junit.tests.extensions.ActiveTestTest.txt
1090,/home/runner/work/junit4/junit4/target/surefire-reports/TEST-junit.tests.extensions.ExtensionTest.xml
1091,/home/runner/work/junit4/junit4/target/surefire-reports/junit.tests.extensions.ExtensionTest.txt
1092,/home/runner/work/junit4/junit4/target/surefire-reports/TEST-junit.tests.runner.TextRunnerTest.xml
1093,/home/runner/work/junit4/junit4/target/surefire-reports/junit.tests.runner.TextRunnerTest.txt
1094,/home/runner/work/junit4/junit4/target/surefire-reports/junit.tests.framework.SuiteTest.txt
1095,/home/runner/work/junit4/junit4/target/surefire-reports/junit.tests.framework.TestCaseTest.txt
1096,/home/runner/work/junit4/junit4/target/surefire-reports/TEST-org.junit.tests.experimental.theories.runner.WithNamedDataPoints.xml
1097,/home/runner/work/junit4/junit4/target/surefire-reports/TEST-org.junit.tests.junit3compatibility.OldTestClassAdaptingListenerTest.xml
1098,/home/runner/work/junit4/junit4/target/surefire-reports/org.junit.internal.runners.statements.ExpectExceptionTest.txt
1099,/home/runner/work/junit4/junit4/target/surefire-reports/TEST-org.junit.internal.runners.ErrorReportingRunnerTest.xml
1100,/home/runner/work/junit4/junit4/target/surefire-reports/org.junit.internal.runners.ErrorReportingRunnerTest.txt
1101,/home/runner/work/junit4/junit4/target/surefire-reports/TEST-org.junit.internal.ChecksTest.xml
1102,/home/runner/work/junit4/junit4/target/surefire-reports/org.junit.internal.ChecksTest.txt
1103,/home/runner/work/junit4/junit4/target/surefire-reports/TEST-org.junit.internal.builders.AnnotatedBuilderTest.xml
1104,/home/runner/work/junit4/junit4/target/surefire-reports/org.junit.internal.builders.AnnotatedBuilderTest.txt
1105,/home/runner/work/junit4/junit4/target/surefire-reports/TEST-org.junit.tests.experimental.theories.extendingwithstubs.StubbedTheoriesTest.xml
1106,/home/runner/work/junit4/junit4/target/surefire-reports/org.junit.tests.experimental.theories.extendingwithstubs.StubbedTheoriesTest.txt
1107,/home/runner/work/junit4/junit4/target/surefire-reports/TEST-org.junit.tests.experimental.MatcherTest.xml
1108,/home/runner/work/junit4/junit4/target/surefire-reports/org.junit.tests.experimental.MatcherTest.txt
1109,/home/runner/work/junit4/junit4/target/surefire-reports/TEST-org.junit.tests.experimental.AssumptionTest.xml
1110,/home/runner/work/junit4/junit4/target/surefire-reports/org.junit.tests.experimental.AssumptionTest.txt
1111,/home/runner/work/junit4/junit4/target/surefire-reports/TEST-org.junit.tests.experimental.theories.PotentialAssignmentTest.xml
1112,/home/runner/work/junit4/junit4/target/surefire-reports/org.junit.tests.experimental.theories.PotentialAssignmentTest.txt
1113,/home/runner/work/junit4/junit4/target/surefire-reports/TEST-org.junit.tests.experimental.theories.AssumingInTheoriesTest.xml
1114,/home/runner/work/junit4/junit4/target/surefire-reports/org.junit.tests.experimental.theories.AssumingInTheoriesTest.txt
1115,/home/runner/work/junit4/junit4/target/surefire-reports/TEST-org.junit.tests.experimental.theories.TestedOnSupplierTest.xml
1116,/home/runner/work/junit4/junit4/target/surefire-reports/org.junit.tests.experimental.theories.TestedOnSupplierTest.txt
1117,/home/runner/work/junit4/junit4/target/surefire-reports/TEST-org.junit.tests.experimental.theories.ParameterSignatureTest.xml
1118,/home/runner/work/junit4/junit4/target/surefire-reports/org.junit.tests.experimental.theories.ParameterSignatureTest.txt
1119,/home/runner/work/junit4/junit4/target/surefire-reports/TEST-org.junit.tests.experimental.theories.runner.WithUnresolvedGenericTypeVariablesOnTheoryParms.xml
1120,/home/runner/work/junit4/junit4/target/surefire-reports/org.junit.tests.experimental.theories.runner.WithUnresolvedGenericTypeVariablesOnTheoryParms.txt
1121,/home/runner/work/junit4/junit4/target/surefire-reports/TEST-org.junit.tests.experimental.theories.runner.WithParameterSupplier.xml
1122,/home/runner/work/junit4/junit4/target/surefire-reports/org.junit.tests.experimental.theories.runner.WithParameterSupplier.txt
1123,/home/runner/work/junit4/junit4/target/surefire-reports/TEST-org.junit.tests.experimental.theories.runner.WithOnlyTestAnnotations.xml
1124,/home/runner/work/junit4/junit4/target/surefire-reports/org.junit.tests.experimental.theories.runner.WithOnlyTestAnnotations.txt
1125,/home/runner/work/junit4/junit4/target/surefire-reports/TEST-org.junit.internal.runners.statements.ExpectExceptionTest.xml
1126,/home/runner/work/junit4/junit4/target/surefire-reports/org.junit.internal.runners.statements.FailOnTimeoutTest.txt
1127,/home/runner/work/junit4/junit4/target/surefire-reports/TEST-org.junit.internal.runners.statements.FailOnTimeoutTest.xml
1128,/home/runner/work/junit4/junit4/target/surefire-reports/TEST-org.junit.tests.junit3compatibility.AllTestsTest.xml
1129,/home/runner/work/junit4/junit4/target/surefire-reports/org.junit.tests.junit3compatibility.OldTestClassAdaptingListenerTest.txt
1130,/home/runner/work/junit4/junit4/target/surefire-reports/TEST-org.junit.tests.junit3compatibility.JUnit4TestAdapterTest.xml
1131,/home/runner/work/junit4/junit4/target/surefire-reports/org.junit.tests.junit3compatibility.JUnit4TestAdapterTest.txt
1132,/home/runner/work/junit4/junit4/target/surefire-reports/TEST-org.junit.tests.junit3compatibility.JUnit38ClassRunnerTest.xml
1133,/home/runner/work/junit4/junit4/target/surefire-reports/org.junit.tests.junit3compatibility.JUnit38ClassRunnerTest.txt
1134,/home/runner/work/junit4/junit4/target/surefire-reports/TEST-org.junit.tests.junit3compatibility.InitializationErrorForwardCompatibilityTest.xml
1135,/home/runner/work/junit4/junit4/target/surefire-reports/org.junit.tests.junit3compatibility.InitializationErrorForwardCompatibilityTest.txt
1136,/home/runner/work/junit4/junit4/target/surefire-reports/TEST-org.junit.tests.junit3compatibility.ForwardCompatibilityTest.xml
1137,/home/runner/work/junit4/junit4/target/surefire-reports/org.junit.tests.junit3compatibility.ForwardCompatibilityTest.txt
1138,/home/runner/work/junit4/junit4/target/surefire-reports/TEST-org.junit.tests.junit3compatibility.ForwardCompatibilityPrintingTest.xml
1139,/home/runner/work/junit4/junit4/target/surefire-reports/org.junit.tests.junit3compatibility.ForwardCompatibilityPrintingTest.txt
1140,/home/runner/work/junit4/junit4/target/surefire-reports/TEST-org.junit.tests.junit3compatibility.ClassRequestTest.xml
1141,/home/runner/work/junit4/junit4/target/surefire-reports/org.junit.tests.junit3compatibility.ClassRequestTest.txt
1142,/home/runner/work/junit4/junit4/target/surefire-reports/org.junit.tests.junit3compatibility.AllTestsTest.txt
1143,/home/runner/work/junit4/junit4/target/surefire-reports/org.junit.internal.MethodSorterTest.txt
1144,/home/runner/work/junit4/junit4/target/surefire-reports/TEST-org.junit.internal.ArrayComparisonFailureTest.xml
1145,/home/runner/work/junit4/junit4/target/surefire-reports/org.junit.internal.ArrayComparisonFailureTest.txt
1146,/home/runner/work/junit4/junit4/target/surefire-reports/TEST-org.junit.internal.matchers.ThrowableCauseMatcherTest.xml
1147,/home/runner/work/junit4/junit4/target/surefire-reports/org.junit.internal.matchers.ThrowableCauseMatcherTest.txt
1148,/home/runner/work/junit4/junit4/target/surefire-reports/TEST-org.junit.internal.StackTracesTest.xml
1149,/home/runner/work/junit4/junit4/target/surefire-reports/org.junit.internal.StackTracesTest.txt
1150,/home/runner/work/junit4/junit4/target/surefire-reports/TEST-org.junit.internal.matchers.StacktracePrintingMatcherTest.xml
1151,/home/runner/work/junit4/junit4/target/surefire-reports/org.junit.internal.matchers.StacktracePrintingMatcherTest.txt
1152,/home/runner/work/junit4/junit4/target/surefire-reports/TEST-org.junit.internal.MethodSorterTest.xml
1153,/home/runner/work/junit4/junit4/target/surefire-reports/TEST-junit.tests.framework.SuiteTest.xml
1154,/home/runner/work/junit4/junit4/target/site/apidocs/junit/runner/class-use/Version.html
1155,/home/runner/work/junit4/junit4/target/site/javadoc/latest/org/junit/runners/class-use/Suite.SuiteClasses.html
1156,/home/runner/work/junit4/junit4/target/site/apidocs/src-html/junit/extensions/RepeatedTest.html
1157,/home/runner/work/junit4/junit4/target/site/javadoc/latest/src-html/org/junit/runners/model/InvalidTestClassError.html
1158,/home/runner/work/junit4/junit4/target/site/apidocs/src-html/org/hamcrest/CustomMatcher.html
1159,/home/runner/work/junit4/junit4/target/site/apidocs/src-html/org/hamcrest/CustomTypeSafeMatcher.html
1160,/home/runner/work/junit4/junit4/target/site/apidocs/src-html/org/hamcrest/Description.NullDescription.html
1161,/home/runner/work/junit4/junit4/target/site/apidocs/src-html/org/hamcrest/Description.html
1162,/home/runner/work/junit4/junit4/target/site/apidocs/src-html/org/hamcrest/DiagnosingMatcher.html
1163,/home/runner/work/junit4/junit4/target/site/apidocs/src-html/org/hamcrest/Factory.html
1164,/home/runner/work/junit4/junit4/target/site/apidocs/src-html/org/hamcrest/FeatureMatcher.html
1165,/home/runner/work/junit4/junit4/target/site/apidocs/src-html/org/hamcrest/Matcher.html
1166,/home/runner/work/junit4/junit4/target/site/apidocs/src-html/org/hamcrest/MatcherAssert.html
1167,/home/runner/work/junit4/junit4/target/site/apidocs/src-html/org/hamcrest/SelfDescribing.html
1168,/home/runner/work/junit4/junit4/target/site/apidocs/src-html/org/hamcrest/StringDescription.html
1169,/home/runner/work/junit4/junit4/target/site/apidocs/src-html/org/hamcrest/TypeSafeDiagnosingMatcher.html
1171,/home/runner/work/junit4/junit4/target/site/apidocs/src-html/junit/extensions/TestDecorator.html
1172,/home/runner/work/junit4/junit4/target/site/javadoc/latest/org/junit/runners/class-use/Parameterized.AfterParam.html
1173,/home/runner/work/junit4/junit4/target/site/apidocs/src-html/junit/extensions/TestSetup.html
1174,/home/runner/work/junit4/junit4/target/site/javadoc/latest/org/junit/runner/class-use/OrderWith.html
1175,/home/runner/work/junit4/junit4/target/site/javadoc/latest/src-html/org/junit/runners/parameterized/BlockJUnit4ClassRunnerWithParametersFactory.html
1176,/home/runner/work/junit4/junit4/target/site/apidocs/src-html/junit/runner/Version.html
1177,/home/runner/work/junit4/junit4/target/site/javadoc/latest/org/junit/runner/class-use/OrderWithValidator.html
1178,/home/runner/work/junit4/junit4/target/site/apidocs/org/junit/experimental/results/package-use.html
1180,/home/runner/work/junit4/junit4/target/site/apidocs/src-html/junit/framework/JUnit4TestCaseFacade.html
1181,/home/runner/work/junit4/junit4/target/site/apidocs/src-html/junit/framework/TestListener.html
1182,/home/runner/work/junit4/junit4/target/site/javadoc/latest/src-html/org/junit/runners/parameterized/TestWithParameters.html
1183,/home/runner/work/junit4/junit4/target/site/apidocs/src-html/junit/framework/TestFailure.html
1184,/home/runner/work/junit4/junit4/target/site/javadoc/latest/src-html/org/junit/runners/parameterized/ParametersRunnerFactory.html
1185,/home/runner/work/junit4/junit4/target/site/apidocs/src-html/junit/framework/JUnit4TestAdapterCache.html
1186,/home/runner/work/junit4/junit4/target/site/apidocs/org/junit/experimental/runners/package-use.html
1187,/home/runner/work/junit4/junit4/target/site/apidocs/src-html/org/hamcrest/Condition.html
1188,/home/runner/work/junit4/junit4/target/site/apidocs/src-html/org/hamcrest/Condition.Step.html
1189,/home/runner/work/junit4/junit4/target/site/apidocs/src-html/org/hamcrest/BaseMatcher.html
1190,/home/runner/work/junit4/junit4/target/site/apidocs/org/junit/experimental/max/package-use.html
1191,/home/runner/work/junit4/junit4/target/site/apidocs/org/junit/class-use/FixMethodOrder.html
1192,/home/runner/work/junit4/junit4/target/site/apidocs/org/junit/class-use/Assert.html
1193,/home/runner/work/junit4/junit4/target/site/apidocs/org/junit/class-use/TestCouldNotBeSkippedException.html
1194,/home/runner/work/junit4/junit4/target/site/apidocs/org/junit/class-use/Rule.html
1195,/home/runner/work/junit4/junit4/target/site/apidocs/org/junit/class-use/ClassRule.html
1196,/home/runner/work/junit4/junit4/target/site/apidocs/org/junit/class-use/Ignore.html
1197,/home/runner/work/junit4/junit4/target/site/apidocs/org/junit/class-use/AssumptionViolatedException.html
1198,/home/runner/work/junit4/junit4/target/site/apidocs/org/junit/class-use/ComparisonFailure.html
1199,/home/runner/work/junit4/junit4/target/site/apidocs/org/junit/class-use/Test.None.html
1200,/home/runner/work/junit4/junit4/target/site/apidocs/org/junit/class-use/Test.html
1201,/home/runner/work/junit4/junit4/target/site/apidocs/stylesheet.css
1202,/home/runner/work/junit4/junit4/target/site/apidocs/junit/textui/package-use.html
1203,/home/runner/work/junit4/junit4/target/site/apidocs/org/hamcrest/core/package-use.html
1204,/home/runner/work/junit4/junit4/target/site/apidocs/src-html/org/hamcrest/core/CombinableMatcher.CombinableEitherMatcher.html
1205,/home/runner/work/junit4/junit4/target/site/apidocs/src-html/org/hamcrest/core/CombinableMatcher.CombinableBothMatcher.html
1206,/home/runner/work/junit4/junit4/target/site/apidocs/src-html/org/hamcrest/core/CombinableMatcher.html
1207,/home/runner/work/junit4/junit4/target/site/apidocs/src-html/org/hamcrest/core/DescribedAs.html
1208,/home/runner/work/junit4/junit4/target/site/apidocs/src-html/org/hamcrest/core/Every.html
1209,/home/runner/work/junit4/junit4/target/site/apidocs/org/junit/package-use.html
1210,/home/runner/work/junit4/junit4/target/site/apidocs/src-html/org/hamcrest/core/IsAnything.html
1211,/home/runner/work/junit4/junit4/target/site/apidocs/org/junit/experimental/package-use.html
1212,/home/runner/work/junit4/junit4/target/site/apidocs/org/junit/experimental/categories/package-use.html
1213,/home/runner/work/junit4/junit4/target/site/apidocs/src-html/org/hamcrest/core/IsNot.html
1214,/home/runner/work/junit4/junit4/target/site/apidocs/src-html/org/hamcrest/core/IsNull.html
1215,/home/runner/work/junit4/junit4/target/site/apidocs/src-html/org/hamcrest/core/IsSame.html
1216,/home/runner/work/junit4/junit4/target/site/apidocs/src-html/org/hamcrest/core/StringContains.html
1217,/home/runner/work/junit4/junit4/target/site/apidocs/src-html/org/hamcrest/core/StringEndsWith.html
1218,/home/runner/work/junit4/junit4/target/site/apidocs/src-html/org/hamcrest/core/StringStartsWith.html
1219,/home/runner/work/junit4/junit4/target/site/javadoc/latest/src-html/org/junit/runners/model/Statement.html
1220,/home/runner/work/junit4/junit4/target/site/apidocs/src-html/junit/framework/ComparisonFailure.html
1221,/home/runner/work/junit4/junit4/target/site/apidocs/src-html/junit/framework/AssertionFailedError.html
1222,/home/runner/work/junit4/junit4/target/site/apidocs/org/junit/experimental/theories/suppliers/package-use.html
1223,/home/runner/work/junit4/junit4/target/site/javadoc/latest/src-html/org/junit/runner/OrderWith.html
1224,/home/runner/work/junit4/junit4/target/site/apidocs/src-html/org/junit/runner/FilterFactory.html
1225,/home/runner/work/junit4/junit4/target/site/javadoc/latest/src-html/org/junit/experimental/categories/IncludeCategories.html
1226,/home/runner/work/junit4/junit4/target/site/apidocs/src-html/org/junit/runner/Computer.html
1227,/home/runner/work/junit4/junit4/target/site/apidocs/src-html/org/junit/runner/OrderWithValidator.html
1228,/home/runner/work/junit4/junit4/target/site/javadoc/latest/src-html/org/junit/experimental/categories/CategoryValidator.html
1229,/home/runner/work/junit4/junit4/target/site/apidocs/src-html/org/junit/runner/OrderWith.html
1230,/home/runner/work/junit4/junit4/target/site/apidocs/src-html/org/junit/runner/Describable.html
1231,/home/runner/work/junit4/junit4/target/site/apidocs/src-html/org/junit/runner/Runner.html
1232,/home/runner/work/junit4/junit4/target/site/javadoc/latest/src-html/org/junit/runner/OrderWithValidator.html
1233,/home/runner/work/junit4/junit4/target/site/javadoc/latest/src-html/org/junit/runner/Computer.html
1234,/home/runner/work/junit4/junit4/target/site/apidocs/src-html/org/junit/validator/TestClassValidator.html
1235,/home/runner/work/junit4/junit4/target/site/apidocs/src-html/org/junit/validator/PublicClassValidator.html
1236,/home/runner/work/junit4/junit4/target/site/apidocs/src-html/org/junit/validator/ValidateWith.html
1237,/home/runner/work/junit4/junit4/target/site/apidocs/src-html/org/junit/validator/AnnotationValidatorFactory.html
1238,/home/runner/work/junit4/junit4/target/site/apidocs/src-html/org/junit/validator/AnnotationValidator.html
1241,/home/runner/work/junit4/junit4/target/site/apidocs/src-html/org/junit/runners/parameterized/ParametersRunnerFactory.html
1242,/home/runner/work/junit4/junit4/target/site/apidocs/src-html/org/junit/runners/parameterized/TestWithParameters.html
1243,/home/runner/work/junit4/junit4/target/site/javadoc/latest/src-html/org/junit/runner/FilterFactory.html
1244,/home/runner/work/junit4/junit4/target/site/javadoc/latest/org/junit/runner/class-use/FilterFactoryParams.html
1245,/home/runner/work/junit4/junit4/target/site/apidocs/src-html/org/junit/runners/model/InvalidTestClassError.html
1246,/home/runner/work/junit4/junit4/target/site/apidocs/src-html/org/junit/runners/model/Statement.html
1247,/home/runner/work/junit4/junit4/target/site/javadoc/latest/src-html/org/junit/runner/FilterFactory.FilterNotCreatedException.html
1248,/home/runner/work/junit4/junit4/target/site/apidocs/src-html/org/junit/runners/model/TestTimedOutException.html
1249,/home/runner/work/junit4/junit4/target/site/apidocs/src-html/org/junit/runners/model/RunnerScheduler.html
1250,/home/runner/work/junit4/junit4/target/site/apidocs/script.js
1251,/home/runner/work/junit4/junit4/target/site/javadoc/latest/src-html/org/junit/experimental/categories/Category.html
1252,/home/runner/work/junit4/junit4/target/site/apidocs/src-html/org/junit/runner/FilterFactory.FilterNotCreatedException.html
1253,/home/runner/work/junit4/junit4/target/site/apidocs/src-html/org/junit/runner/FilterFactoryParams.html
1254,/home/runner/work/junit4/junit4/target/site/apidocs/src-html/junit/framework/Protectable.html
1255,/home/runner/work/junit4/junit4/target/site/apidocs/src-html/org/junit/runner/RunWith.html
1256,/home/runner/work/junit4/junit4/target/site/apidocs/src-html/junit/framework/ComparisonCompactor.html
1257,/home/runner/work/junit4/junit4/target/site/apidocs/org/junit/function/package-use.html
1258,/home/runner/work/junit4/junit4/target/site/apidocs/org/junit/matchers/package-use.html
1259,/home/runner/work/junit4/junit4/target/site/javadoc/latest/src-html/org/junit/validator/AnnotationValidator.html
1260,/home/runner/work/junit4/junit4/target/site/apidocs/src-html/org/junit/rules/RunRules.html
1261,/home/runner/work/junit4/junit4/target/site/apidocs/src-html/org/junit/rules/ExternalResource.html
1262,/home/runner/work/junit4/junit4/target/site/apidocs/src-html/org/junit/rules/MethodRule.html
1263,/home/runner/work/junit4/junit4/target/site/apidocs/src-html/org/junit/rules/Verifier.html
1264,/home/runner/work/junit4/junit4/target/site/javadoc/latest/src-html/org/junit/validator/AnnotationValidatorFactory.html
1265,/home/runner/work/junit4/junit4/target/site/javadoc/latest/src-html/org/junit/validator/ValidateWith.html
1266,/home/runner/work/junit4/junit4/target/site/javadoc/latest/src-html/org/junit/experimental/theories/Theory.html
1267,/home/runner/work/junit4/junit4/target/site/javadoc/latest/src-html/org/junit/validator/PublicClassValidator.html
1268,/home/runner/work/junit4/junit4/target/site/apidocs/org/junit/runners/parameterized/package-use.html
1269,/home/runner/work/junit4/junit4/target/site/apidocs/src-html/org/junit/rules/TestRule.html
1270,/home/runner/work/junit4/junit4/target/site/javadoc/latest/org/junit/runner/class-use/JUnitCore.html
1271,/home/runner/work/junit4/junit4/target/site/apidocs/src-html/org/junit/runner/manipulation/Orderable.html
1272,/home/runner/work/junit4/junit4/target/site/apidocs/src-html/org/junit/runner/manipulation/InvalidOrderingException.html
1273,/home/runner/work/junit4/junit4/target/site/apidocs/src-html/org/junit/runner/manipulation/Orderer.html
1274,/home/runner/work/junit4/junit4/target/site/javadoc/latest/src-html/org/junit/validator/TestClassValidator.html
1275,/home/runner/work/junit4/junit4/target/site/javadoc/latest/src-html/org/junit/experimental/theories/ParameterSupplier.html
1276,/home/runner/work/junit4/junit4/target/site/javadoc/latest/src-html/org/junit/experimental/theories/ParametersSuppliedBy.html
1277,/home/runner/work/junit4/junit4/target/site/apidocs/src-html/org/junit/runner/manipulation/NoTestsRemainException.html
1278,/home/runner/work/junit4/junit4/target/site/apidocs/src-html/org/junit/runner/manipulation/Alphanumeric.html
1279,/home/runner/work/junit4/junit4/target/site/apidocs/src-html/org/junit/runner/manipulation/Filterable.html
1280,/home/runner/work/junit4/junit4/target/site/javadoc/latest/org/junit/runner/class-use/FilterFactory.html
1281,/home/runner/work/junit4/junit4/target/site/javadoc/latest/src-html/org/junit/runner/Runner.html
1282,/home/runner/work/junit4/junit4/target/site/javadoc/latest/src-html/org/junit/runner/Describable.html
1283,/home/runner/work/junit4/junit4/target/site/javadoc/latest/org/junit/runner/class-use/FilterFactory.FilterNotCreatedException.html
1284,/home/runner/work/junit4/junit4/target/site/apidocs/org/junit/class-use/Assume.html
1285,/home/runner/work/junit4/junit4/target/site/apidocs/org/junit/class-use/AfterClass.html
1286,/home/runner/work/junit4/junit4/target/site/apidocs/org/junit/class-use/Before.html
1287,/home/runner/work/junit4/junit4/target/site/apidocs/org/hamcrest/class-use/MatcherAssert.html
1288,/home/runner/work/junit4/junit4/target/site/apidocs/org/hamcrest/class-use/FeatureMatcher.html
1289,/home/runner/work/junit4/junit4/target/site/apidocs/org/junit/runner/manipulation/class-use/Ordering.Context.html
1290,/home/runner/work/junit4/junit4/target/site/javadoc/latest/src-html/org/junit/experimental/theories/PotentialAssignment.html
1291,/home/runner/work/junit4/junit4/target/site/javadoc/latest/src-html/org/junit/experimental/ParallelComputer.html
1292,/home/runner/work/junit4/junit4/target/site/apidocs/org/hamcrest/class-use/DiagnosingMatcher.html
1293,/home/runner/work/junit4/junit4/target/site/javadoc/latest/src-html/org/junit/experimental/theories/DataPoint.html
1294,/home/runner/work/junit4/junit4/target/site/apidocs/org/junit/runner/manipulation/class-use/Alphanumeric.html
1295,/home/runner/work/junit4/junit4/target/site/apidocs/org/hamcrest/class-use/Description.NullDescription.html
1296,/home/runner/work/junit4/junit4/target/site/javadoc/latest/src-html/org/junit/runners/AllTests.html
1297,/home/runner/work/junit4/junit4/target/site/apidocs/org/hamcrest/class-use/CustomTypeSafeMatcher.html
1298,/home/runner/work/junit4/junit4/target/site/javadoc/latest/src-html/org/junit/runners/MethodSorters.html
1299,/home/runner/work/junit4/junit4/target/site/apidocs/org/junit/runner/notification/class-use/RunListener.ThreadSafe.html
1300,/home/runner/work/junit4/junit4/target/site/apidocs/org/hamcrest/class-use/CustomMatcher.html
1301,/home/runner/work/junit4/junit4/target/site/apidocs/org/junit/runner/notification/class-use/StoppedByUserException.html
1302,/home/runner/work/junit4/junit4/target/site/apidocs/org/junit/runner/class-use/RunWith.html
1303,/home/runner/work/junit4/junit4/target/site/apidocs/org/junit/runner/class-use/FilterFactoryParams.html
1304,/home/runner/work/junit4/junit4/target/site/apidocs/org/junit/runner/class-use/FilterFactory.FilterNotCreatedException.html
1305,/home/runner/work/junit4/junit4/target/site/apidocs/org/junit/runner/class-use/FilterFactory.html
1306,/home/runner/work/junit4/junit4/target/site/apidocs/org/junit/runner/class-use/JUnitCore.html
1307,/home/runner/work/junit4/junit4/target/site/apidocs/org/hamcrest/class-use/CoreMatchers.html
1308,/home/runner/work/junit4/junit4/target/site/apidocs/org/junit/runner/class-use/OrderWithValidator.html
1309,/home/runner/work/junit4/junit4/target/site/apidocs/org/junit/runner/class-use/OrderWith.html
1310,/home/runner/work/junit4/junit4/target/site/javadoc/latest/src-html/org/junit/runners/JUnit4.html
1311,/home/runner/work/junit4/junit4/target/site/apidocs/org/hamcrest/class-use/Condition.Step.html
1312,/home/runner/work/junit4/junit4/target/site/javadoc/latest/src-html/org/junit/runners/model/MemberValueConsumer.html
1313,/home/runner/work/junit4/junit4/target/site/apidocs/org/junit/validator/class-use/TestClassValidator.html
1314,/home/runner/work/junit4/junit4/target/site/apidocs/org/junit/validator/class-use/PublicClassValidator.html
1315,/home/runner/work/junit4/junit4/target/site/apidocs/org/hamcrest/class-use/BaseDescription.html
1316,/home/runner/work/junit4/junit4/target/site/apidocs/org/junit/validator/class-use/AnnotationValidatorFactory.html
1317,/home/runner/work/junit4/junit4/target/site/javadoc/latest/src-html/org/junit/experimental/theories/PotentialAssignment.CouldNotGenerateValueException.html
1318,/home/runner/work/junit4/junit4/target/site/javadoc/latest/src-html/org/junit/experimental/theories/suppliers/TestedOnSupplier.html
1319,/home/runner/work/junit4/junit4/target/site/apidocs/org/junit/validator/class-use/AnnotationsValidator.html
1320,/home/runner/work/junit4/junit4/target/site/apidocs/org/junit/rules/class-use/TestName.html
1321,/home/runner/work/junit4/junit4/target/site/apidocs/junit/textui/class-use/TestRunner.html
1322,/home/runner/work/junit4/junit4/target/site/apidocs/junit/textui/class-use/ResultPrinter.html
1323,/home/runner/work/junit4/junit4/target/site/apidocs/junit/framework/class-use/JUnit4TestCaseFacade.html
1324,/home/runner/work/junit4/junit4/target/site/apidocs/junit/runner/class-use/BaseTestRunner.html
1325,/home/runner/work/junit4/junit4/target/site/apidocs/junit/framework/class-use/Assert.html
1326,/home/runner/work/junit4/junit4/target/site/apidocs/junit/extensions/class-use/ActiveTestSuite.html
1327,/home/runner/work/junit4/junit4/target/site/apidocs/junit/framework/class-use/TestSuite.html
1328,/home/runner/work/junit4/junit4/target/site/apidocs/junit/framework/class-use/JUnit4TestAdapterCache.html
1329,/home/runner/work/junit4/junit4/target/site/javadoc/latest/src-html/org/junit/experimental/theories/suppliers/TestedOn.html
1330,/home/runner/work/junit4/junit4/target/site/apidocs/junit/framework/class-use/JUnit4TestAdapter.html
1331,/home/runner/work/junit4/junit4/target/site/apidocs/junit/framework/class-use/ComparisonFailure.html
1332,/home/runner/work/junit4/junit4/target/site/apidocs/junit/extensions/class-use/TestSetup.html
1333,/home/runner/work/junit4/junit4/target/site/apidocs/junit/extensions/class-use/TestDecorator.html
1334,/home/runner/work/junit4/junit4/target/site/apidocs/junit/framework/class-use/Protectable.html
1335,/home/runner/work/junit4/junit4/target/site/apidocs/junit/framework/class-use/ComparisonCompactor.html
1336,/home/runner/work/junit4/junit4/target/site/apidocs/junit/extensions/class-use/RepeatedTest.html
1337,/home/runner/work/junit4/junit4/target/site/apidocs/org/junit/rules/class-use/Timeout.html
1338,/home/runner/work/junit4/junit4/target/site/apidocs/org/junit/rules/class-use/Stopwatch.html
1339,/home/runner/work/junit4/junit4/target/site/apidocs/org/junit/rules/class-use/TestWatchman.html
1340,/home/runner/work/junit4/junit4/target/site/apidocs/org/junit/rules/class-use/TestWatcher.html
1341,/home/runner/work/junit4/junit4/target/site/apidocs/org/junit/rules/class-use/RunRules.html
1342,/home/runner/work/junit4/junit4/target/site/apidocs/org/junit/rules/class-use/ExternalResource.html
1343,/home/runner/work/junit4/junit4/target/site/apidocs/org/junit/rules/class-use/RuleChain.html
1344,/home/runner/work/junit4/junit4/target/site/apidocs/org/junit/rules/class-use/Verifier.html
1345,/home/runner/work/junit4/junit4/target/site/apidocs/org/hamcrest/class-use/StringDescription.html
1346,/home/runner/work/junit4/junit4/target/site/apidocs/org/junit/rules/class-use/TemporaryFolder.html
1347,/home/runner/work/junit4/junit4/target/site/apidocs/org/junit/rules/class-use/DisableOnDebug.html
1348,/home/runner/work/junit4/junit4/target/site/apidocs/org/junit/rules/class-use/ErrorCollector.html
1349,/home/runner/work/junit4/junit4/target/site/javadoc/latest/src-html/org/junit/experimental/results/PrintableResult.html
1350,/home/runner/work/junit4/junit4/target/site/javadoc/latest/src-html/org/junit/experimental/theories/DataPoints.html
1351,/home/runner/work/junit4/junit4/target/site/apidocs/org/junit/matchers/class-use/JUnitMatchers.html
1352,/home/runner/work/junit4/junit4/target/site/apidocs/org/junit/class-use/BeforeClass.html
1353,/home/runner/work/junit4/junit4/target/site/apidocs/org/junit/experimental/results/class-use/ResultMatchers.html
1354,/home/runner/work/junit4/junit4/target/site/apidocs/org/junit/experimental/theories/suppliers/class-use/TestedOn.html
1355,/home/runner/work/junit4/junit4/target/site/apidocs/org/junit/experimental/theories/suppliers/class-use/TestedOnSupplier.html
1356,/home/runner/work/junit4/junit4/target/site/apidocs/org/junit/experimental/theories/class-use/PotentialAssignment.CouldNotGenerateValueException.html
1357,/home/runner/work/junit4/junit4/target/site/apidocs/org/hamcrest/core/class-use/DescribedAs.html
1358,/home/runner/work/junit4/junit4/target/site/apidocs/org/junit/experimental/theories/class-use/DataPoint.html
1359,/home/runner/work/junit4/junit4/target/site/apidocs/org/junit/experimental/theories/class-use/DataPoints.html
1360,/home/runner/work/junit4/junit4/target/site/apidocs/org/junit/experimental/theories/class-use/FromDataPoints.html
1361,/home/runner/work/junit4/junit4/target/site/apidocs/org/junit/experimental/theories/class-use/Theories.TheoryAnchor.html
1362,/home/runner/work/junit4/junit4/target/site/apidocs/org/junit/experimental/theories/class-use/Theories.html
1363,/home/runner/work/junit4/junit4/target/site/apidocs/org/junit/experimental/theories/class-use/Theory.html
1364,/home/runner/work/junit4/junit4/target/site/apidocs/org/junit/experimental/theories/class-use/ParameterSupplier.html
1365,/home/runner/work/junit4/junit4/target/site/apidocs/org/junit/experimental/categories/class-use/IncludeCategories.html
1366,/home/runner/work/junit4/junit4/target/site/javadoc/latest/src-html/org/junit/runners/model/RunnerScheduler.html
1367,/home/runner/work/junit4/junit4/target/site/javadoc/latest/src-html/org/junit/runners/model/TestTimedOutException.html
1368,/home/runner/work/junit4/junit4/target/site/apidocs/org/junit/experimental/categories/class-use/CategoryValidator.html
1369,/home/runner/work/junit4/junit4/target/site/apidocs/org/junit/experimental/categories/class-use/Category.html
1370,/home/runner/work/junit4/junit4/target/site/apidocs/org/junit/experimental/categories/class-use/ExcludeCategories.html
1371,/home/runner/work/junit4/junit4/target/site/apidocs/org/junit/experimental/categories/class-use/Categories.ExcludeCategory.html
1372,/home/runner/work/junit4/junit4/target/site/apidocs/org/junit/experimental/categories/class-use/Categories.IncludeCategory.html
1373,/home/runner/work/junit4/junit4/target/site/apidocs/org/junit/experimental/categories/class-use/Categories.html
1374,/home/runner/work/junit4/junit4/target/site/apidocs/org/junit/experimental/max/class-use/MaxHistory.html
1375,/home/runner/work/junit4/junit4/target/site/apidocs/org/junit/experimental/max/class-use/CouldNotReadCoreException.html
1376,/home/runner/work/junit4/junit4/target/site/apidocs/org/junit/experimental/max/class-use/MaxCore.html
1377,/home/runner/work/junit4/junit4/target/site/apidocs/org/junit/experimental/runners/class-use/Enclosed.html
1378,/home/runner/work/junit4/junit4/target/site/javadoc/latest/src-html/org/junit/experimental/theories/FromDataPoints.html
1379,/home/runner/work/junit4/junit4/target/site/apidocs/org/hamcrest/core/class-use/AllOf.html
1380,/home/runner/work/junit4/junit4/target/site/apidocs/junit/extensions/package-use.html
1381,/home/runner/work/junit4/junit4/target/site/apidocs/junit/runner/package-use.html
1382,/home/runner/work/junit4/junit4/target/site/apidocs/org/junit/class-use/After.html
1383,/home/runner/work/junit4/junit4/target/site/apidocs/org/hamcrest/core/class-use/Every.html
1384,/home/runner/work/junit4/junit4/target/site/apidocs/org/junit/experimental/class-use/ParallelComputer.html
1385,/home/runner/work/junit4/junit4/target/site/apidocs/org/junit/runners/parameterized/class-use/ParametersRunnerFactory.html
1386,/home/runner/work/junit4/junit4/target/site/apidocs/org/junit/runners/class-use/AllTests.html
1387,/home/runner/work/junit4/junit4/target/site/apidocs/org/hamcrest/core/class-use/StringStartsWith.html
1388,/home/runner/work/junit4/junit4/target/site/apidocs/org/junit/runners/parameterized/class-use/BlockJUnit4ClassRunnerWithParameters.html
1389,/home/runner/work/junit4/junit4/target/site/apidocs/org/junit/runners/parameterized/class-use/BlockJUnit4ClassRunnerWithParametersFactory.html
1390,/home/runner/work/junit4/junit4/target/site/apidocs/org/junit/runners/model/class-use/InvalidTestClassError.html
1391,/home/runner/work/junit4/junit4/target/site/javadoc/latest/src-html/org/junit/runners/model/FrameworkMember.html
1392,/home/runner/work/junit4/junit4/target/site/javadoc/latest/src-html/org/junit/runners/model/InitializationError.html
1393,/home/runner/work/junit4/junit4/target/site/apidocs/org/hamcrest/core/class-use/StringEndsWith.html
1394,/home/runner/work/junit4/junit4/target/site/apidocs/org/junit/runners/model/class-use/TestTimedOutException.html
1395,/home/runner/work/junit4/junit4/target/site/apidocs/org/junit/runners/model/class-use/RunnerScheduler.html
1396,/home/runner/work/junit4/junit4/target/site/apidocs/org/junit/runners/model/class-use/MultipleFailureException.html
1397,/home/runner/work/junit4/junit4/target/site/javadoc/latest/src-html/org/junit/runners/model/Annotatable.html
1398,/home/runner/work/junit4/junit4/target/site/apidocs/org/hamcrest/core/class-use/StringContains.html
1399,/home/runner/work/junit4/junit4/target/site/apidocs/org/hamcrest/core/class-use/IsSame.html
1400,/home/runner/work/junit4/junit4/target/site/apidocs/org/hamcrest/core/class-use/IsNull.html
1401,/home/runner/work/junit4/junit4/target/site/apidocs/org/hamcrest/core/class-use/IsNot.html
1402,/home/runner/work/junit4/junit4/target/site/apidocs/org/hamcrest/core/class-use/IsInstanceOf.html
1403,/home/runner/work/junit4/junit4/target/site/apidocs/org/hamcrest/core/class-use/IsEqual.html
1404,/home/runner/work/junit4/junit4/target/site/apidocs/org/junit/runners/class-use/Suite.SuiteClasses.html
1405,/home/runner/work/junit4/junit4/target/site/apidocs/org/hamcrest/core/class-use/IsCollectionContaining.html
1406,/home/runner/work/junit4/junit4/target/site/apidocs/org/junit/runners/class-use/Parameterized.AfterParam.html
1407,/home/runner/work/junit4/junit4/target/site/apidocs/org/junit/runners/class-use/Parameterized.BeforeParam.html
1408,/home/runner/work/junit4/junit4/target/site/apidocs/org/junit/runners/class-use/Parameterized.UseParametersRunnerFactory.html
1409,/home/runner/work/junit4/junit4/target/site/apidocs/org/junit/runners/class-use/Parameterized.Parameter.html
1410,/home/runner/work/junit4/junit4/target/site/apidocs/org/junit/runners/class-use/Parameterized.Parameters.html
1411,/home/runner/work/junit4/junit4/target/site/apidocs/org/junit/runners/class-use/Parameterized.html
1412,/home/runner/work/junit4/junit4/target/site/apidocs/org/junit/runners/class-use/JUnit4.html
1413,/home/runner/work/junit4/junit4/target/site/apidocs/org/hamcrest/core/class-use/IsAnything.html
1414,/home/runner/work/junit4/junit4/target/site/apidocs/org/junit/runners/class-use/MethodSorters.html
1415,/home/runner/work/junit4/junit4/target/site/apidocs/org/hamcrest/core/class-use/Is.html
1416,/home/runner/work/junit4/junit4/target/site/javadoc/latest/src-html/org/junit/runner/FilterFactoryParams.html
1417,/home/runner/work/junit4/junit4/target/site/apidocs/src-html/org/junit/runners/model/Annotatable.html
1418,/home/runner/work/junit4/junit4/target/site/apidocs/src-html/org/junit/runners/model/InitializationError.html
1419,/home/runner/work/junit4/junit4/target/site/javadoc/latest/org/junit/experimental/max/package-summary.html
1420,/home/runner/work/junit4/junit4/target/site/javadoc/latest/src-html/org/hamcrest/core/StringEndsWith.html
1421,/home/runner/work/junit4/junit4/target/site/javadoc/latest/src-html/org/hamcrest/core/StringContains.html
1422,/home/runner/work/junit4/junit4/target/site/javadoc/latest/src-html/org/hamcrest/core/IsSame.html
1423,/home/runner/work/junit4/junit4/target/site/javadoc/latest/org/junit/experimental/categories/package-summary.html
1424,/home/runner/work/junit4/junit4/target/site/javadoc/latest/src-html/org/hamcrest/core/IsNull.html
1425,/home/runner/work/junit4/junit4/target/site/javadoc/latest/org/junit/experimental/categories/package-frame.html
1426,/home/runner/work/junit4/junit4/target/site/javadoc/latest/src-html/org/hamcrest/core/IsNot.html
1427,/home/runner/work/junit4/junit4/target/site/javadoc/latest/org/junit/experimental/package-tree.html
1428,/home/runner/work/junit4/junit4/target/site/javadoc/latest/org/junit/experimental/package-summary.html
1429,/home/runner/work/junit4/junit4/target/site/javadoc/latest/org/junit/experimental/package-frame.html
1430,/home/runner/work/junit4/junit4/target/site/javadoc/latest/org/junit/package-frame.html
1431,/home/runner/work/junit4/junit4/target/site/javadoc/latest/org/hamcrest/core/package-frame.html
1432,/home/runner/work/junit4/junit4/target/site/javadoc/latest/src-html/org/hamcrest/core/IsAnything.html
1433,/home/runner/work/junit4/junit4/target/site/javadoc/latest/org/hamcrest/package-frame.html
1434,/home/runner/work/junit4/junit4/target/site/javadoc/latest/src-html/org/hamcrest/core/Every.html
1435,/home/runner/work/junit4/junit4/target/site/css/site.css
1436,/home/runner/work/junit4/junit4/target/site/javadoc/latest/src-html/org/hamcrest/core/DescribedAs.html
1437,/home/runner/work/junit4/junit4/target/site/license.html
1438,/home/runner/work/junit4/junit4/target/site/issue-tracking.html
1439,/home/runner/work/junit4/junit4/target/site/javadoc/latest/overview-frame.html
1440,/home/runner/work/junit4/junit4/target/site/images/close.gif
1441,/home/runner/work/junit4/junit4/target/site/dependency-convergence.html
1442,/home/runner/work/junit4/junit4/target/site/javadoc/latest/src-html/org/hamcrest/core/CombinableMatcher.html
1443,/home/runner/work/junit4/junit4/target/site/integration.html
1444,/home/runner/work/junit4/junit4/target/site/distribution-management.html
1445,/home/runner/work/junit4/junit4/target/site/javadoc/latest/src-html/org/hamcrest/core/CombinableMatcher.CombinableBothMatcher.html
1446,/home/runner/work/junit4/junit4/target/site/apidocs/org/junit/runner/notification/RunListener.ThreadSafe.html
1447,/home/runner/work/junit4/junit4/target/site/javadoc/latest/src-html/org/hamcrest/core/CombinableMatcher.CombinableEitherMatcher.html
1448,/home/runner/work/junit4/junit4/target/site/javadoc/latest/org/junit/experimental/max/package-frame.html
1449,/home/runner/work/junit4/junit4/target/site/javadoc/latest/org/junit/experimental/max/package-tree.html
1450,/home/runner/work/junit4/junit4/target/site/javadoc/latest/org/junit/AfterClass.html
1451,/home/runner/work/junit4/junit4/target/site/javadoc/latest/src-html/org/hamcrest/core/StringStartsWith.html
1452,/home/runner/work/junit4/junit4/target/site/javadoc/latest/org/junit/function/package-summary.html
1453,/home/runner/work/junit4/junit4/target/site/javadoc/latest/src-html/org/hamcrest/TypeSafeDiagnosingMatcher.html
1454,/home/runner/work/junit4/junit4/target/site/javadoc/latest/org/junit/function/package-frame.html
1455,/home/runner/work/junit4/junit4/target/site/javadoc/latest/org/junit/experimental/theories/suppliers/package-tree.html
1456,/home/runner/work/junit4/junit4/target/site/javadoc/latest/org/junit/experimental/theories/suppliers/package-summary.html
1457,/home/runner/work/junit4/junit4/target/site/javadoc/latest/src-html/org/hamcrest/StringDescription.html
1458,/home/runner/work/junit4/junit4/target/site/javadoc/latest/org/junit/experimental/theories/suppliers/package-frame.html
1459,/home/runner/work/junit4/junit4/target/site/apidocs/org/hamcrest/Factory.html
1460,/home/runner/work/junit4/junit4/target/site/javadoc/latest/src-html/org/hamcrest/SelfDescribing.html
1461,/home/runner/work/junit4/junit4/target/site/javadoc/latest/src-html/org/hamcrest/MatcherAssert.html
1462,/home/runner/work/junit4/junit4/target/site/javadoc/latest/src-html/org/hamcrest/Matcher.html
1463,/home/runner/work/junit4/junit4/target/site/javadoc/latest/src-html/org/hamcrest/FeatureMatcher.html
1464,/home/runner/work/junit4/junit4/target/site/javadoc/latest/org/junit/experimental/theories/package-frame.html
1465,/home/runner/work/junit4/junit4/target/site/javadoc/latest/src-html/org/hamcrest/Factory.html
1466,/home/runner/work/junit4/junit4/target/site/javadoc/latest/org/junit/experimental/runners/package-tree.html
1467,/home/runner/work/junit4/junit4/target/site/javadoc/latest/src-html/org/hamcrest/DiagnosingMatcher.html
1468,/home/runner/work/junit4/junit4/target/site/javadoc/latest/org/junit/experimental/runners/package-summary.html
1469,/home/runner/work/junit4/junit4/target/site/javadoc/latest/src-html/org/hamcrest/Description.html
1470,/home/runner/work/junit4/junit4/target/site/javadoc/latest/src-html/org/hamcrest/Description.NullDescription.html
1471,/home/runner/work/junit4/junit4/target/site/javadoc/latest/src-html/org/hamcrest/CustomTypeSafeMatcher.html
1472,/home/runner/work/junit4/junit4/target/site/javadoc/latest/org/junit/experimental/runners/package-frame.html
1473,/home/runner/work/junit4/junit4/target/site/javadoc/latest/org/junit/experimental/results/package-tree.html
1474,/home/runner/work/junit4/junit4/target/site/javadoc/latest/src-html/org/hamcrest/CustomMatcher.html
1475,/home/runner/work/junit4/junit4/target/site/javadoc/latest/src-html/org/hamcrest/Condition.html
1476,/home/runner/work/junit4/junit4/target/site/javadoc/latest/src-html/org/hamcrest/Condition.Step.html
1477,/home/runner/work/junit4/junit4/target/site/javadoc/latest/src-html/org/hamcrest/BaseMatcher.html
1478,/home/runner/work/junit4/junit4/target/site/javadoc/latest/org/junit/experimental/results/package-summary.html
1479,/home/runner/work/junit4/junit4/target/site/javadoc/latest/org/junit/experimental/results/package-frame.html
1480,/home/runner/work/junit4/junit4/target/site/javadoc/latest/src-html/org/hamcrest/core/SubstringMatcher.html
1481,/home/runner/work/junit4/junit4/target/site/apidocs/org/junit/runner/OrderWithValidator.html
1482,/home/runner/work/junit4/junit4/target/site/javadoc/latest/org/junit/matchers/package-frame.html
1483,/home/runner/work/junit4/junit4/target/site/javadoc/latest/org/junit/runners/Parameterized.BeforeParam.html
1484,/home/runner/work/junit4/junit4/target/site/javadoc/latest/org/junit/experimental/categories/class-use/IncludeCategories.html
1485,/home/runner/work/junit4/junit4/target/site/apidocs/junit/runner/class-use/TestRunListener.html
1486,/home/runner/work/junit4/junit4/target/site/javadoc/latest/org/junit/experimental/theories/class-use/ParameterSupplier.html
1487,/home/runner/work/junit4/junit4/target/site/javadoc/latest/org/junit/experimental/theories/class-use/Theory.html
1489,/home/runner/work/junit4/junit4/target/site/javadoc/latest/org/junit/experimental/theories/class-use/Theories.html
1490,/home/runner/work/junit4/junit4/target/site/apidocs/org/junit/BeforeClass.html
1491,/home/runner/work/junit4/junit4/target/site/apidocs/org/junit/Before.html
1492,/home/runner/work/junit4/junit4/target/site/javadoc/latest/org/junit/experimental/theories/class-use/Theories.TheoryAnchor.html
1493,/home/runner/work/junit4/junit4/target/site/javadoc/latest/org/junit/experimental/theories/class-use/FromDataPoints.html
1494,/home/runner/work/junit4/junit4/target/site/apidocs/org/junit/AfterClass.html
1495,/home/runner/work/junit4/junit4/target/site/apidocs/org/junit/After.html
1496,/home/runner/work/junit4/junit4/target/site/javadoc/latest/org/junit/experimental/theories/class-use/DataPoints.html
1497,/home/runner/work/junit4/junit4/target/site/javadoc/latest/org/junit/experimental/theories/class-use/DataPoint.html
1498,/home/runner/work/junit4/junit4/target/site/javadoc/latest/org/junit/experimental/theories/class-use/PotentialAssignment.CouldNotGenerateValueException.html
1499,/home/runner/work/junit4/junit4/target/site/javadoc/latest/org/junit/experimental/theories/suppliers/class-use/TestedOnSupplier.html
1500,/home/runner/work/junit4/junit4/target/site/javadoc/latest/org/junit/experimental/theories/suppliers/class-use/TestedOn.html
1501,/home/runner/work/junit4/junit4/target/site/javadoc/latest/org/junit/experimental/results/class-use/ResultMatchers.html
1502,/home/runner/work/junit4/junit4/target/site/javadoc/latest/org/junit/experimental/class-use/ParallelComputer.html
1503,/home/runner/work/junit4/junit4/target/site/javadoc/latest/org/junit/runners/class-use/AllTests.html
1504,/home/runner/work/junit4/junit4/target/site/javadoc/latest/org/junit/runners/class-use/MethodSorters.html
1505,/home/runner/work/junit4/junit4/target/site/javadoc/latest/org/junit/runners/class-use/JUnit4.html
1506,/home/runner/work/junit4/junit4/target/site/javadoc/latest/org/junit/runners/class-use/Parameterized.html
1507,/home/runner/work/junit4/junit4/target/site/javadoc/latest/org/junit/runners/class-use/Parameterized.Parameters.html
1508,/home/runner/work/junit4/junit4/target/site/javadoc/latest/org/junit/runners/class-use/Parameterized.Parameter.html
1509,/home/runner/work/junit4/junit4/target/site/javadoc/latest/org/junit/runners/class-use/Parameterized.UseParametersRunnerFactory.html
1510,/home/runner/work/junit4/junit4/target/site/javadoc/latest/org/junit/runners/class-use/Parameterized.BeforeParam.html
1511,/home/runner/work/junit4/junit4/target/site/javadoc/latest/org/junit/experimental/categories/class-use/CategoryValidator.html
1512,/home/runner/work/junit4/junit4/target/site/javadoc/latest/org/junit/runners/Parameterized.AfterParam.html
1513,/home/runner/work/junit4/junit4/target/site/javadoc/latest/package-list
1514,/home/runner/work/junit4/junit4/target/site/javadoc/latest/org/hamcrest/Factory.html
1515,/home/runner/work/junit4/junit4/target/site/javadoc/latest/stylesheet.css
1516,/home/runner/work/junit4/junit4/target/site/javadoc/latest/org/junit/Before.html
1517,/home/runner/work/junit4/junit4/target/site/javadoc/latest/org/junit/BeforeClass.html
1518,/home/runner/work/junit4/junit4/target/site/javadoc/latest/org/junit/class-use/Test.html
1519,/home/runner/work/junit4/junit4/target/site/javadoc/latest/org/junit/class-use/Test.None.html
1520,/home/runner/work/junit4/junit4/target/site/javadoc/latest/org/junit/class-use/ComparisonFailure.html
1521,/home/runner/work/junit4/junit4/target/site/javadoc/latest/org/junit/class-use/AssumptionViolatedException.html
1522,/home/runner/work/junit4/junit4/target/site/javadoc/latest/org/junit/class-use/Ignore.html
1523,/home/runner/work/junit4/junit4/target/site/javadoc/latest/org/junit/class-use/ClassRule.html
1524,/home/runner/work/junit4/junit4/target/site/javadoc/latest/org/junit/class-use/Rule.html
1525,/home/runner/work/junit4/junit4/target/site/javadoc/latest/org/junit/class-use/TestCouldNotBeSkippedException.html
1526,/home/runner/work/junit4/junit4/target/site/javadoc/latest/org/junit/class-use/Assert.html
1527,/home/runner/work/junit4/junit4/target/site/javadoc/latest/org/junit/class-use/FixMethodOrder.html
1528,/home/runner/work/junit4/junit4/target/site/javadoc/latest/org/junit/class-use/Assume.html
1529,/home/runner/work/junit4/junit4/target/site/javadoc/latest/org/junit/class-use/AfterClass.html
1530,/home/runner/work/junit4/junit4/target/site/javadoc/latest/org/junit/class-use/Before.html
1531,/home/runner/work/junit4/junit4/target/site/javadoc/latest/org/junit/class-use/BeforeClass.html
1532,/home/runner/work/junit4/junit4/target/site/javadoc/latest/org/junit/class-use/After.html
1533,/home/runner/work/junit4/junit4/target/site/apidocs/org/junit/runners/Parameterized.BeforeParam.html
1534,/home/runner/work/junit4/junit4/target/site/apidocs/org/junit/runners/Parameterized.AfterParam.html
1535,/home/runner/work/junit4/junit4/target/site/javadoc/latest/org/junit/experimental/runners/class-use/Enclosed.html
1536,/home/runner/work/junit4/junit4/target/site/javadoc/latest/org/junit/experimental/max/class-use/MaxCore.html
1537,/home/runner/work/junit4/junit4/target/site/javadoc/latest/org/junit/experimental/max/class-use/CouldNotReadCoreException.html
1538,/home/runner/work/junit4/junit4/target/site/javadoc/latest/org/junit/experimental/max/class-use/MaxHistory.html
1539,/home/runner/work/junit4/junit4/target/site/javadoc/latest/org/junit/experimental/categories/class-use/Categories.html
1540,/home/runner/work/junit4/junit4/target/site/javadoc/latest/org/junit/experimental/categories/class-use/Categories.IncludeCategory.html
1541,/home/runner/work/junit4/junit4/target/site/javadoc/latest/org/junit/experimental/categories/class-use/Categories.ExcludeCategory.html
1542,/home/runner/work/junit4/junit4/target/site/javadoc/latest/org/junit/experimental/categories/class-use/ExcludeCategories.html
1543,/home/runner/work/junit4/junit4/target/site/javadoc/latest/org/junit/experimental/categories/class-use/Category.html
1544,/home/runner/work/junit4/junit4/target/site/javadoc/latest/org/junit/function/package-tree.html
1545,/home/runner/work/junit4/junit4/target/site/javadoc/latest/org/junit/matchers/package-summary.html
1546,/home/runner/work/junit4/junit4/target/site/apidocs/src-html/org/junit/runners/model/FrameworkMember.html
1547,/home/runner/work/junit4/junit4/target/site/javadoc/latest/src-html/org/junit/After.html
1548,/home/runner/work/junit4/junit4/target/site/javadoc/latest/src-html/org/junit/Before.html
1549,/home/runner/work/junit4/junit4/target/site/javadoc/latest/src-html/org/junit/AfterClass.html
1550,/home/runner/work/junit4/junit4/target/site/apidocs/src-html/org/junit/experimental/max/CouldNotReadCoreException.html
1551,/home/runner/work/junit4/junit4/target/site/javadoc/latest/src-html/org/junit/FixMethodOrder.html
1552,/home/runner/work/junit4/junit4/target/site/javadoc/latest/src-html/org/junit/TestCouldNotBeSkippedException.html
1553,/home/runner/work/junit4/junit4/target/site/apidocs/src-html/org/junit/After.html
1554,/home/runner/work/junit4/junit4/target/site/apidocs/src-html/org/junit/BeforeClass.html
1555,/home/runner/work/junit4/junit4/target/site/apidocs/src-html/org/junit/Before.html
1556,/home/runner/work/junit4/junit4/target/site/apidocs/src-html/org/junit/AfterClass.html
1557,/home/runner/work/junit4/junit4/target/site/apidocs/src-html/org/junit/FixMethodOrder.html
1558,/home/runner/work/junit4/junit4/target/site/javadoc/latest/src-html/org/junit/runner/manipulation/Orderer.html
1559,/home/runner/work/junit4/junit4/target/site/apidocs/src-html/org/junit/TestCouldNotBeSkippedException.html
1560,/home/runner/work/junit4/junit4/target/site/javadoc/latest/src-html/org/junit/Ignore.html
1561,/home/runner/work/junit4/junit4/target/site/apidocs/src-html/org/junit/Ignore.html
1562,/home/runner/work/junit4/junit4/target/site/apidocs/src-html/org/junit/AssumptionViolatedException.html
1563,/home/runner/work/junit4/junit4/target/site/javadoc/latest/src-html/org/junit/runner/manipulation/InvalidOrderingException.html
1564,/home/runner/work/junit4/junit4/target/site/javadoc/latest/src-html/org/junit/AssumptionViolatedException.html
1566,/home/runner/work/junit4/junit4/target/site/javadoc/latest/src-html/org/junit/runner/manipulation/Orderable.html
1567,/home/runner/work/junit4/junit4/target/site/apidocs/org/junit/validator/package-tree.html
1568,/home/runner/work/junit4/junit4/target/site/apidocs/org/junit/validator/package-summary.html
1569,/home/runner/work/junit4/junit4/target/site/apidocs/org/junit/validator/package-frame.html
1570,/home/runner/work/junit4/junit4/target/site/apidocs/org/junit/runners/parameterized/package-tree.html
1571,/home/runner/work/junit4/junit4/target/site/apidocs/org/junit/runners/parameterized/package-summary.html
1572,/home/runner/work/junit4/junit4/target/site/apidocs/org/junit/runners/parameterized/package-frame.html
1573,/home/runner/work/junit4/junit4/target/site/apidocs/org/junit/runners/model/package-tree.html
1574,/home/runner/work/junit4/junit4/target/site/apidocs/org/junit/runners/model/package-summary.html
1575,/home/runner/work/junit4/junit4/target/site/apidocs/org/junit/runners/model/package-frame.html
1576,/home/runner/work/junit4/junit4/target/site/javadoc/latest/constant-values.html
1577,/home/runner/work/junit4/junit4/target/site/javadoc/latest/src-html/org/junit/BeforeClass.html
1578,/home/runner/work/junit4/junit4/target/site/javadoc/latest/src-html/org/junit/runner/manipulation/NoTestsRemainException.html
1579,/home/runner/work/junit4/junit4/target/site/apidocs/org/junit/runner/notification/package-tree.html
1580,/home/runner/work/junit4/junit4/target/site/apidocs/src-html/org/junit/experimental/categories/ExcludeCategories.html
1581,/home/runner/work/junit4/junit4/target/site/javadoc/latest/org/junit/runner/class-use/RunWith.html
1582,/home/runner/work/junit4/junit4/target/site/javadoc/latest/src-html/org/junit/experimental/categories/ExcludeCategories.html
1583,/home/runner/work/junit4/junit4/target/site/javadoc/latest/src-html/org/junit/runner/RunWith.html
1584,/home/runner/work/junit4/junit4/target/site/javadoc/latest/src-html/org/junit/runner/notification/StoppedByUserException.html
1585,/home/runner/work/junit4/junit4/target/site/junit5.html
1586,/home/runner/work/junit4/junit4/target/site/javadoc/latest/src-html/org/junit/experimental/max/CouldNotReadCoreException.html
1587,/home/runner/work/junit4/junit4/target/site/apidocs/src-html/org/junit/runners/JUnit4.html
1588,/home/runner/work/junit4/junit4/target/site/apidocs/src-html/org/junit/runners/MethodSorters.html
1589,/home/runner/work/junit4/junit4/target/site/javadoc/latest/src-html/org/junit/runner/manipulation/Sortable.html
1590,/home/runner/work/junit4/junit4/target/site/javadoc/latest/org/junit/runner/notification/class-use/StoppedByUserException.html
1591,/home/runner/work/junit4/junit4/target/site/apidocs/src-html/org/junit/experimental/ParallelComputer.html
1592,/home/runner/work/junit4/junit4/target/site/javadoc/latest/src-html/org/junit/experimental/runners/Enclosed.html
1593,/home/runner/work/junit4/junit4/target/site/javadoc/latest/src-html/org/junit/function/ThrowingRunnable.html
1594,/home/runner/work/junit4/junit4/target/site/apidocs/src-html/org/junit/experimental/theories/suppliers/TestedOn.html
1595,/home/runner/work/junit4/junit4/target/site/javadoc/latest/org/junit/runner/notification/class-use/RunListener.ThreadSafe.html
1596,/home/runner/work/junit4/junit4/target/site/apidocs/src-html/org/junit/experimental/theories/PotentialAssignment.CouldNotGenerateValueException.html
1597,/home/runner/work/junit4/junit4/target/site/apidocs/src-html/org/junit/experimental/theories/PotentialAssignment.html
1598,/home/runner/work/junit4/junit4/target/site/apidocs/src-html/org/junit/experimental/theories/DataPoint.html
1599,/home/runner/work/junit4/junit4/target/site/apidocs/src-html/org/junit/experimental/theories/DataPoints.html
1600,/home/runner/work/junit4/junit4/target/site/apidocs/src-html/org/junit/experimental/theories/FromDataPoints.html
1601,/home/runner/work/junit4/junit4/target/site/javadoc/latest/src-html/org/junit/runner/manipulation/Filterable.html
1602,/home/runner/work/junit4/junit4/target/site/javadoc/latest/src-html/org/junit/runner/manipulation/Alphanumeric.html
1603,/home/runner/work/junit4/junit4/target/site/apidocs/src-html/org/junit/experimental/theories/Theory.html
1604,/home/runner/work/junit4/junit4/target/site/apidocs/src-html/org/junit/experimental/theories/ParameterSupplier.html
1605,/home/runner/work/junit4/junit4/target/site/apidocs/src-html/org/junit/experimental/theories/ParametersSuppliedBy.html
1607,/home/runner/work/junit4/junit4/target/site/apidocs/src-html/org/junit/experimental/categories/IncludeCategories.html
1608,/home/runner/work/junit4/junit4/target/site/apidocs/src-html/org/junit/experimental/categories/CategoryValidator.html
1609,/home/runner/work/junit4/junit4/target/site/apidocs/src-html/org/junit/experimental/categories/Category.html
1610,/home/runner/work/junit4/junit4/target/site/apidocs/org/junit/runners/package-frame.html
1611,/home/runner/work/junit4/junit4/target/site/apidocs/org/junit/runner/notification/package-summary.html
1612,/home/runner/work/junit4/junit4/target/site/javadoc/latest/org/junit/matchers/package-tree.html
1613,/home/runner/work/junit4/junit4/target/site/apidocs/org/junit/experimental/package-summary.html
1614,/home/runner/work/junit4/junit4/target/site/javadoc/latest/org/junit/runners/model/package-frame.html
1615,/home/runner/work/junit4/junit4/target/site/apidocs/org/junit/package-frame.html
1616,/home/runner/work/junit4/junit4/target/site/javadoc/latest/org/junit/runners/package-frame.html
1617,/home/runner/work/junit4/junit4/target/site/apidocs/org/hamcrest/core/package-frame.html
1618,/home/runner/work/junit4/junit4/target/site/javadoc/latest/org/junit/runner/notification/package-tree.html
1619,/home/runner/work/junit4/junit4/target/site/javadoc/latest/org/junit/runner/notification/package-summary.html
1620,/home/runner/work/junit4/junit4/target/site/apidocs/org/hamcrest/package-frame.html
1621,/home/runner/work/junit4/junit4/target/site/apidocs/junit/textui/package-tree.html
1622,/home/runner/work/junit4/junit4/target/site/apidocs/junit/textui/package-summary.html
1623,/home/runner/work/junit4/junit4/target/site/apidocs/junit/textui/package-frame.html
1624,/home/runner/work/junit4/junit4/target/site/apidocs/junit/runner/package-tree.html
1625,/home/runner/work/junit4/junit4/target/site/apidocs/junit/runner/package-summary.html
1626,/home/runner/work/junit4/junit4/target/site/apidocs/junit/runner/package-frame.html
1627,/home/runner/work/junit4/junit4/target/site/javadoc/latest/org/junit/runner/notification/package-frame.html
1628,/home/runner/work/junit4/junit4/target/site/apidocs/junit/framework/package-frame.html
1629,/home/runner/work/junit4/junit4/target/site/apidocs/junit/extensions/package-tree.html
1630,/home/runner/work/junit4/junit4/target/site/apidocs/junit/extensions/package-summary.html
1631,/home/runner/work/junit4/junit4/target/site/apidocs/junit/extensions/package-frame.html
1632,/home/runner/work/junit4/junit4/target/site/apidocs/overview-frame.html
1633,/home/runner/work/junit4/junit4/target/site/apidocs/package-list
1634,/home/runner/work/junit4/junit4/target/site/javadoc/latest/src-html/org/junit/rules/TestName.html
1635,/home/runner/work/junit4/junit4/target/site/javadoc/latest/src-html/org/junit/rules/TestRule.html
1636,/home/runner/work/junit4/junit4/target/site/javadoc/latest/org/junit/runner/manipulation/package-frame.html
1637,/home/runner/work/junit4/junit4/target/site/javadoc/latest/src-html/org/junit/rules/Verifier.html
1638,/home/runner/work/junit4/junit4/target/site/javadoc/latest/org/junit/runner/package-frame.html
1639,/home/runner/work/junit4/junit4/target/site/javadoc/latest/src-html/org/junit/rules/MethodRule.html
1640,/home/runner/work/junit4/junit4/target/site/javadoc/latest/src-html/org/junit/rules/ExternalResource.html
1641,/home/runner/work/junit4/junit4/target/site/javadoc/latest/src-html/org/junit/rules/RunRules.html
1642,/home/runner/work/junit4/junit4/target/site/javadoc/latest/org/junit/rules/package-frame.html
1643,/home/runner/work/junit4/junit4/target/site/apidocs/org/junit/experimental/package-frame.html
1644,/home/runner/work/junit4/junit4/target/site/apidocs/org/junit/experimental/package-tree.html
1645,/home/runner/work/junit4/junit4/target/site/apidocs/org/junit/runner/notification/package-frame.html
1646,/home/runner/work/junit4/junit4/target/site/apidocs/org/junit/experimental/categories/package-frame.html
1647,/home/runner/work/junit4/junit4/target/site/javadoc/latest/org/junit/validator/package-tree.html
1648,/home/runner/work/junit4/junit4/target/site/javadoc/latest/org/junit/validator/package-summary.html
1649,/home/runner/work/junit4/junit4/target/site/apidocs/org/junit/runner/manipulation/package-frame.html
1650,/home/runner/work/junit4/junit4/target/site/javadoc/latest/org/junit/validator/package-frame.html
1651,/home/runner/work/junit4/junit4/target/site/javadoc/latest/org/junit/runners/parameterized/package-tree.html
1652,/home/runner/work/junit4/junit4/target/site/apidocs/org/junit/runner/package-frame.html
1653,/home/runner/work/junit4/junit4/target/site/javadoc/latest/org/junit/runners/parameterized/package-summary.html
1654,/home/runner/work/junit4/junit4/target/site/javadoc/latest/org/junit/runners/parameterized/package-frame.html
1655,/home/runner/work/junit4/junit4/target/site/apidocs/org/junit/rules/package-frame.html
1656,/home/runner/work/junit4/junit4/target/site/apidocs/org/junit/matchers/package-tree.html
1657,/home/runner/work/junit4/junit4/target/site/apidocs/org/junit/matchers/package-summary.html
1658,/home/runner/work/junit4/junit4/target/site/apidocs/org/junit/matchers/package-frame.html
1659,/home/runner/work/junit4/junit4/target/site/apidocs/org/junit/function/package-tree.html
1660,/home/runner/work/junit4/junit4/target/site/apidocs/org/junit/function/package-summary.html
1661,/home/runner/work/junit4/junit4/target/site/apidocs/org/junit/function/package-frame.html
1662,/home/runner/work/junit4/junit4/target/site/apidocs/org/junit/experimental/theories/suppliers/package-tree.html
1663,/home/runner/work/junit4/junit4/target/site/apidocs/org/junit/experimental/theories/suppliers/package-summary.html
1664,/home/runner/work/junit4/junit4/target/site/apidocs/org/junit/experimental/theories/suppliers/package-frame.html
1665,/home/runner/work/junit4/junit4/target/site/apidocs/org/junit/experimental/theories/package-frame.html
1666,/home/runner/work/junit4/junit4/target/site/apidocs/org/junit/experimental/runners/package-tree.html
1667,/home/runner/work/junit4/junit4/target/site/apidocs/org/junit/experimental/runners/package-summary.html
1668,/home/runner/work/junit4/junit4/target/site/apidocs/org/junit/experimental/runners/package-frame.html
1669,/home/runner/work/junit4/junit4/target/site/apidocs/org/junit/experimental/results/package-tree.html
1670,/home/runner/work/junit4/junit4/target/site/apidocs/org/junit/experimental/results/package-summary.html
1671,/home/runner/work/junit4/junit4/target/site/apidocs/org/junit/experimental/results/package-frame.html
1672,/home/runner/work/junit4/junit4/target/site/apidocs/org/junit/experimental/max/package-tree.html
1673,/home/runner/work/junit4/junit4/target/site/apidocs/org/junit/experimental/max/package-summary.html
1674,/home/runner/work/junit4/junit4/target/site/apidocs/org/junit/experimental/max/package-frame.html
1675,/home/runner/work/junit4/junit4/target/site/apidocs/org/junit/experimental/categories/package-summary.html
1676,/home/runner/work/junit4/junit4/target/site/javadoc/latest/org/junit/rules/class-use/Verifier.html
1677,/home/runner/work/junit4/junit4/target/site/javadoc/latest/org/junit/rules/class-use/TemporaryFolder.html
1678,/home/runner/work/junit4/junit4/target/site/javadoc/latest/org/junit/rules/class-use/ExternalResource.html
1679,/home/runner/work/junit4/junit4/target/site/javadoc/latest/org/junit/rules/class-use/RuleChain.html
1680,/home/runner/work/junit4/junit4/target/site/javadoc/latest/org/junit/rules/class-use/DisableOnDebug.html
1681,/home/runner/work/junit4/junit4/target/site/javadoc/latest/org/junit/rules/class-use/RunRules.html
1682,/home/runner/work/junit4/junit4/target/site/javadoc/latest/org/hamcrest/class-use/StringDescription.html
1683,/home/runner/work/junit4/junit4/target/site/javadoc/latest/org/hamcrest/class-use/MatcherAssert.html
1684,/home/runner/work/junit4/junit4/target/site/javadoc/latest/org/junit/rules/class-use/Timeout.html
1685,/home/runner/work/junit4/junit4/target/site/javadoc/latest/org/junit/rules/class-use/Stopwatch.html
1686,/home/runner/work/junit4/junit4/target/site/javadoc/latest/org/junit/rules/class-use/TestWatchman.html
1687,/home/runner/work/junit4/junit4/target/site/javadoc/latest/org/junit/rules/class-use/TestWatcher.html
1688,/home/runner/work/junit4/junit4/target/test-classes/org/junit/tests/SampleJUnit4Tests$1.class
1689,/home/runner/work/junit4/junit4/target/site/javadoc/latest/org/junit/runner/manipulation/class-use/Ordering.Context.html
1690,/home/runner/work/junit4/junit4/target/test-classes/org/junit/rules/TestWatcherTest$1.class
1691,/home/runner/work/junit4/junit4/target/site/javadoc/latest/org/junit/rules/class-use/ErrorCollector.html
1692,/home/runner/work/junit4/junit4/target/site/javadoc/latest/org/junit/rules/class-use/TestName.html
1693,/home/runner/work/junit4/junit4/target/site/javadoc/latest/org/junit/experimental/results/package-use.html
1694,/home/runner/work/junit4/junit4/target/site/javadoc/latest/org/junit/function/package-use.html
1695,/home/runner/work/junit4/junit4/target/site/javadoc/latest/org/junit/experimental/theories/suppliers/package-use.html
1696,/home/runner/work/junit4/junit4/target/site/javadoc/latest/org/junit/experimental/runners/package-use.html
1697,/home/runner/work/junit4/junit4/target/site/javadoc/latest/org/junit/runners/parameterized/package-use.html
1698,/home/runner/work/junit4/junit4/target/site/javadoc/latest/org/junit/matchers/package-use.html
1699,/home/runner/work/junit4/junit4/target/site/javadoc/latest/org/hamcrest/core/class-use/AllOf.html
1700,/home/runner/work/junit4/junit4/target/site/javadoc/latest/org/junit/experimental/max/package-use.html
1701,/home/runner/work/junit4/junit4/target/site/javadoc/latest/org/junit/experimental/categories/package-use.html
1702,/home/runner/work/junit4/junit4/target/site/javadoc/latest/org/junit/experimental/package-use.html
1703,/home/runner/work/junit4/junit4/target/site/javadoc/latest/org/junit/package-use.html
1730,/home/runner/work/junit4/junit4/target/site/project-reports.html
1731,/home/runner/work/junit4/junit4/target/site/javadoc/latest/script.js
1770,/home/runner/work/junit4/junit4/target/site/javadoc/latest/org/hamcrest/core/class-use/StringStartsWith.html
1771,/home/runner/work/junit4/junit4/target/site/javadoc/latest/org/hamcrest/core/class-use/StringContains.html
1772,/home/runner/work/junit4/junit4/target/site/javadoc/latest/org/hamcrest/core/class-use/StringEndsWith.html
1773,/home/runner/work/junit4/junit4/target/site/javadoc/latest/org/hamcrest/core/class-use/SubstringMatcher.html
1774,/home/runner/work/junit4/junit4/target/site/javadoc/latest/org/hamcrest/class-use/CustomMatcher.html
1775,/home/runner/work/junit4/junit4/target/site/javadoc/latest/org/hamcrest/class-use/CustomTypeSafeMatcher.html
1776,/home/runner/work/junit4/junit4/target/site/javadoc/latest/org/hamcrest/class-use/Description.NullDescription.html
1777,/home/runner/work/junit4/junit4/target/site/javadoc/latest/org/hamcrest/class-use/DiagnosingMatcher.html
1778,/home/runner/work/junit4/junit4/target/site/javadoc/latest/org/hamcrest/class-use/FeatureMatcher.html
1781,/home/runner/work/junit4/junit4/target/site/javadoc/latest/org/hamcrest/class-use/CoreMatchers.html
1782,/home/runner/work/junit4/junit4/target/site/javadoc/latest/org/hamcrest/class-use/BaseDescription.html
1783,/home/runner/work/junit4/junit4/target/site/javadoc/latest/org/hamcrest/class-use/Condition.Step.html
1789,/home/runner/work/junit4/junit4/target/site/javadoc/latest/org/hamcrest/core/class-use/IsSame.html
1790,/home/runner/work/junit4/junit4/target/site/javadoc/latest/org/hamcrest/core/class-use/Every.html
1791,/home/runner/work/junit4/junit4/target/site/javadoc/latest/org/hamcrest/core/class-use/DescribedAs.html
1792,/home/runner/work/junit4/junit4/target/site/javadoc/latest/org/hamcrest/core/class-use/Is.html
1793,/home/runner/work/junit4/junit4/target/site/javadoc/latest/org/hamcrest/core/class-use/IsNot.html
1794,/home/runner/work/junit4/junit4/target/site/javadoc/latest/org/hamcrest/core/class-use/IsInstanceOf.html
1795,/home/runner/work/junit4/junit4/target/site/javadoc/latest/org/hamcrest/core/class-use/IsNull.html
1796,/home/runner/work/junit4/junit4/target/site/javadoc/latest/org/hamcrest/core/class-use/IsEqual.html
1797,/home/runner/work/junit4/junit4/target/site/javadoc/latest/org/hamcrest/core/class-use/IsAnything.html
1798,/home/runner/work/junit4/junit4/target/site/javadoc/latest/org/hamcrest/core/class-use/IsCollectionContaining.html
1799,/home/runner/work/junit4/junit4/target/test-classes/org/junit/rules/DisableOnDebugTest$1.class
1800,/home/runner/work/junit4/junit4/target/test-classes/org/junit/tests/experimental/theories/extendingwithstubs/GuesserQueue$ReguessableDecorator.class
1801,/home/runner/work/junit4/junit4/target/test-classes/junit/samples/SimpleTest.class
1802,/home/runner/work/junit4/junit4/target/test-classes/org/junit/runners/CustomBlockJUnit4ClassRunnerTest$1.class
1803,/home/runner/work/junit4/junit4/target/test-classes/org/junit/rules/TestWatchmanTest$1.class
1804,/home/runner/work/junit4/junit4/target/test-classes/org/junit/rules/EventCollector$4.class
1805,/home/runner/work/junit4/junit4/target/test-classes/org/junit/runner/RequestTest$1.class
1806,/home/runner/work/junit4/junit4/target/test-classes/org/junit/rules/MethodRulesTest$1.class
1807,/home/runner/work/junit4/junit4/target/test-classes/junit/samples/AllTests.class
1808,/home/runner/work/junit4/junit4/target/test-classes/org/junit/tests/validation/anotherpackage/Sub.class
1809,/home/runner/work/junit4/junit4/target/test-classes/org/junit/tests/validation/anotherpackage/Super.class
1810,/home/runner/work/junit4/junit4/target/test-classes/org/junit/tests/running/methods/AnnotationTest$SuperShadowing$1.class
1811,/home/runner/work/junit4/junit4/target/test-classes/org/junit/tests/running/methods/AnnotationTest$SuperStaticMethodShadowing$1.class
1812,/home/runner/work/junit4/junit4/target/test-classes/org/junit/rules/RuleMemberValidatorTest$TestWithMethodRule$1.class
1813,/home/runner/work/junit4/junit4/target/test-classes/org/junit/rules/RuleMemberValidatorTest$MethodTestWithMethodRule$1.class
1814,/home/runner/work/junit4/junit4/target/test-classes/org/junit/rules/RuleMemberValidatorTest$1.class
1815,/home/runner/work/junit4/junit4/target/test-classes/junit/samples/ListTest.class
1816,/home/runner/work/junit4/junit4/target/test-classes/org/junit/tests/junit3compatibility/InitializationErrorForwardCompatibilityTest$InitializesWithError.class
1817,/home/runner/work/junit4/junit4/target/test-classes/org/junit/tests/junit3compatibility/InitializationErrorForwardCompatibilityTest$1.class
1818,/home/runner/work/junit4/junit4/target/test-classes/org/junit/rules/RuleMemberValidatorTest$TestWithClassRuleIsImplementationOfMethodRule$1.class
1819,/home/runner/work/junit4/junit4/target/test-classes/org/junit/rules/RuleMemberValidatorTest$TestWithClassRuleMethodThatReturnsMethodRule$1.class
1820,/home/runner/work/junit4/junit4/target/test-classes/org/junit/tests/experimental/theories/runner/FailingDataPointMethods$HasFailingSingleDataPointMethod.class
1821,/home/runner/work/junit4/junit4/target/test-classes/org/junit/tests/experimental/theories/extendingwithstubs/StringableObject.class
1822,/home/runner/work/junit4/junit4/target/test-classes/org/junit/runner/notification/RunNotifierTest$1.class
1823,/home/runner/work/junit4/junit4/target/site/javadoc/latest/org/junit/runner/manipulation/class-use/Alphanumeric.html
1824,/home/runner/work/junit4/junit4/target/test-classes/org/junit/rules/ClassRulesTest$1.class
1825,/home/runner/work/junit4/junit4/target/test-classes/org/junit/internal/runners/statements/ExpectExceptionTest$1.class
1826,/home/runner/work/junit4/junit4/target/test-classes/org/junit/experimental/categories/CategoryFilterFactoryTest$1.class
1827,/home/runner/work/junit4/junit4/target/test-classes/junit/samples/money/MoneyTest.class
1828,/home/runner/work/junit4/junit4/target/test-classes/org/junit/tests/experimental/theories/runner/TheoriesPerformanceTest$UpToTen.class
1829,/home/runner/work/junit4/junit4/target/test-classes/org/junit/runner/FilterOptionIntegrationTest$1.class
