,file_name
0,/home/runner/work/junit4/junit4/MaxCore.ser
1,/home/runner/work/junit4/junit4/target/site/js/apache-maven-fluido-1.3.0.min.js
2,/home/runner/work/junit4/junit4/target/site/apidocs/index-all.html
3,/home/runner/work/junit4/junit4/target/site/javadoc/latest/index-all.html
4,/home/runner/work/junit4/junit4/target/site/css/apache-maven-fluido-1.3.0.min.css
5,/home/runner/work/junit4/junit4/target/site/apidocs/org/hamcrest/class-use/Matcher.html
6,/home/runner/work/junit4/junit4/target/site/javadoc/latest/org/hamcrest/class-use/Matcher.html
7,/home/runner/work/junit4/junit4/target/site/images/apache-maven-project-2.png
8,/home/runner/work/junit4/junit4/target/site/images/profiles/sandbox.png
9,/home/runner/work/junit4/junit4/target/site/apidocs/org/junit/Assert.html
10,/home/runner/work/junit4/junit4/target/site/apidocs/member-search-index.js
11,/home/runner/work/junit4/junit4/target/site/images/profiles/pre-release.png
12,/home/runner/work/junit4/junit4/target/site/javadoc/latest/org/junit/Assert.html
13,/home/runner/work/junit4/junit4/target/site/javadoc/latest/member-search-index.js
14,/home/runner/work/junit4/junit4/target/site/javadoc/latest/src-html/org/junit/Assert.html
15,/home/runner/work/junit4/junit4/target/site/apidocs/src-html/org/junit/Assert.html
16,/home/runner/work/junit4/junit4/target/site/javadoc/latest/org/hamcrest/CoreMatchers.html
17,/home/runner/work/junit4/junit4/target/site/images/profiles/retired.png
18,/home/runner/work/junit4/junit4/target/site/apidocs/org/hamcrest/CoreMatchers.html
19,/home/runner/work/junit4/junit4/target/site/javadoc/latest/allclasses-index.html
20,/home/runner/work/junit4/junit4/target/site/javadoc/latest/script-dir/jquery-3.5.1.min.js
21,/home/runner/work/junit4/junit4/target/site/apidocs/allclasses-index.html
22,/home/runner/work/junit4/junit4/target/site/apidocs/junit/framework/TestCase.html
23,/home/runner/work/junit4/junit4/target/site/apidocs/script-dir/jquery-3.5.1.min.js
24,/home/runner/work/junit4/junit4/target/site/apidocs/junit/framework/Assert.html
25,/home/runner/work/junit4/junit4/target/site/apidocs/org/junit/runners/BlockJUnit4ClassRunner.html
26,/home/runner/work/junit4/junit4/target/site/javadoc/latest/org/junit/runner/class-use/Description.html
27,/home/runner/work/junit4/junit4/target/site/javadoc/latest/org/junit/runners/BlockJUnit4ClassRunner.html
28,/home/runner/work/junit4/junit4/target/site/img/glyphicons-halflings.png
29,/home/runner/work/junit4/junit4/target/site/apidocs/org/junit/runner/class-use/Description.html
30,/home/runner/work/junit4/junit4/target/site/apidocs/src-html/org/junit/runners/ParentRunner.html
31,/home/runner/work/junit4/junit4/target/site/apidocs/overview-tree.html
32,/home/runner/work/junit4/junit4/target/site/javadoc/latest/src-html/org/junit/runners/ParentRunner.html
33,/home/runner/work/junit4/junit4/target/site/javadoc/latest/src-html/org/hamcrest/CoreMatchers.html
34,/home/runner/work/junit4/junit4/target/site/apidocs/org/junit/runners/ParentRunner.html
35,/home/runner/work/junit4/junit4/target/site/apidocs/src-html/org/hamcrest/CoreMatchers.html
36,/home/runner/work/junit4/junit4/target/site/javadoc/latest/org/junit/runners/ParentRunner.html
37,/home/runner/work/junit4/junit4/target/site/apidocs/src-html/org/junit/runners/Parameterized.UseParametersRunnerFactory.html
38,/home/runner/work/junit4/junit4/target/site/apidocs/org/junit/runner/Description.html
39,/home/runner/work/junit4/junit4/target/site/javadoc/latest/src-html/org/junit/runners/Parameterized.Parameters.html
40,/home/runner/work/junit4/junit4/target/site/javadoc/latest/src-html/org/junit/runners/Parameterized.Parameter.html
41,/home/runner/work/junit4/junit4/target/site/javadoc/latest/src-html/org/junit/runners/Parameterized.BeforeParam.html
42,/home/runner/work/junit4/junit4/target/site/img/glyphicons-halflings-white.png
43,/home/runner/work/junit4/junit4/target/site/javadoc/latest/src-html/org/junit/runners/Parameterized.AfterParam.html
44,/home/runner/work/junit4/junit4/target/site/javadoc/latest/src-html/org/junit/runners/Parameterized.html
45,/home/runner/work/junit4/junit4/target/site/apidocs/src-html/org/junit/runners/BlockJUnit4ClassRunner.html
46,/home/runner/work/junit4/junit4/target/site/javadoc/latest/src-html/org/junit/runners/BlockJUnit4ClassRunner.html
47,/home/runner/work/junit4/junit4/target/site/javadoc/latest/org/junit/runner/Description.html
48,/home/runner/work/junit4/junit4/target/site/apidocs/src-html/org/junit/runners/Parameterized.html
49,/home/runner/work/junit4/junit4/target/site/apidocs/src-html/org/junit/runners/Parameterized.AfterParam.html
50,/home/runner/work/junit4/junit4/target/site/apidocs/org/junit/runners/model/TestClass.html
51,/home/runner/work/junit4/junit4/target/site/javadoc/latest/src-html/org/junit/runners/Parameterized.UseParametersRunnerFactory.html
52,/home/runner/work/junit4/junit4/target/site/apidocs/src-html/org/junit/runners/Parameterized.BeforeParam.html
53,/home/runner/work/junit4/junit4/target/site/javadoc/latest/overview-tree.html
55,/home/runner/work/junit4/junit4/target/site/apidocs/src-html/junit/framework/TestCase.html
56,/home/runner/work/junit4/junit4/target/site/apidocs/src-html/org/junit/runners/Parameterized.Parameter.html
57,/home/runner/work/junit4/junit4/target/site/apidocs/src-html/org/junit/runners/Parameterized.Parameters.html
58,/home/runner/work/junit4/junit4/target/site/javadoc/latest/org/junit/runners/model/TestClass.html
59,/home/runner/work/junit4/junit4/target/site/apidocs/org/hamcrest/class-use/Description.html
60,/home/runner/work/junit4/junit4/target/site/apidocs/org/junit/runners/model/class-use/Statement.html
61,/home/runner/work/junit4/junit4/target/junit-4.13.3-SNAPSHOT.jar
62,/home/runner/work/junit4/junit4/target/site/javadoc/latest/org/hamcrest/class-use/Description.html
63,/home/runner/work/junit4/junit4/target/site/javadoc/latest/org/junit/runners/model/class-use/Statement.html
64,/home/runner/work/junit4/junit4/target/test-classes/org/junit/rules/TestWatchmanTest$1.class
65,/home/runner/work/junit4/junit4/target/test-classes/org/junit/internal/runners/statements/ExpectExceptionTest$1.class
66,/home/runner/work/junit4/junit4/target/test-classes/org/junit/tests/experimental/theories/extendingwithstubs/GuesserQueue$ReguessableDecorator.class
67,/home/runner/work/junit4/junit4/target/test-classes/org/junit/rules/DisableOnDebugTest$1.class
68,/home/runner/work/junit4/junit4/target/test-classes/org/junit/rules/EventCollector$4.class
69,/home/runner/work/junit4/junit4/target/test-classes/org/junit/rules/TestWatcherTest$1.class
70,/home/runner/work/junit4/junit4/target/test-classes/org/junit/rules/ClassRulesTest$1.class
71,/home/runner/work/junit4/junit4/target/test-classes/org/junit/experimental/categories/CategoryFilterFactoryTest$1.class
72,/home/runner/work/junit4/junit4/target/test-classes/org/junit/runner/FilterOptionIntegrationTest$1.class
73,/home/runner/work/junit4/junit4/target/test-classes/org/junit/tests/experimental/theories/runner/TheoriesPerformanceTest$UpToTen.class
74,/home/runner/work/junit4/junit4/target/test-classes/junit/samples/SimpleTest.class
75,/home/runner/work/junit4/junit4/target/test-classes/junit/tests/SampleJUnit3Tests$1.class
76,/home/runner/work/junit4/junit4/target/test-classes/org/junit/tests/experimental/theories/runner/WithExtendedParameterSources$DataPointMalformedArrayMethods.class
77,/home/runner/work/junit4/junit4/target/test-classes/junit/samples/AllTests.class
78,/home/runner/work/junit4/junit4/target/test-classes/org/junit/tests/junit3compatibility/ForwardCompatibilityTest$UnExpectedExceptionTest.class
79,/home/runner/work/junit4/junit4/target/site/apidocs/org/junit/runners/model/class-use/FrameworkMethod.html
80,/home/runner/work/junit4/junit4/target/site/apidocs/junit/framework/class-use/Test.html
81,/home/runner/work/junit4/junit4/target/site/apidocs/org/hamcrest/class-use/Factory.html
82,/home/runner/work/junit4/junit4/target/site/images/add.gif
83,/home/runner/work/junit4/junit4/target/site/images/logos/build-by-maven-black.png
84,/home/runner/work/junit4/junit4/target/site/images/logos/build-by-maven-white.png
85,/home/runner/work/junit4/junit4/target/site/images/window-new.png
86,/home/runner/work/junit4/junit4/target/site/javadoc/latest/org/hamcrest/core/AnyOf.html
87,/home/runner/work/junit4/junit4/target/site/apidocs/org/junit/experimental/theories/Theories.html
88,/home/runner/work/junit4/junit4/target/site/apidocs/src-html/org/junit/runner/Description.html
89,/home/runner/work/junit4/junit4/target/site/apidocs/src-html/org/junit/runners/model/TestClass.html
90,/home/runner/work/junit4/junit4/target/site/apidocs/src-html/org/junit/rules/TemporaryFolder.html
91,/home/runner/work/junit4/junit4/target/site/apidocs/src-html/org/junit/rules/TemporaryFolder.Builder.html
92,/home/runner/work/junit4/junit4/target/site/apidocs/src-html/junit/framework/Assert.html
93,/home/runner/work/junit4/junit4/target/site/apidocs/src-html/org/junit/experimental/theories/Theories.TheoryAnchor.html
94,/home/runner/work/junit4/junit4/target/site/apidocs/src-html/org/junit/experimental/theories/Theories.html
95,/home/runner/work/junit4/junit4/target/site/apidocs/src-html/org/junit/experimental/categories/Categories.IncludeCategory.html
96,/home/runner/work/junit4/junit4/target/site/apidocs/src-html/org/junit/experimental/categories/Categories.ExcludeCategory.html
97,/home/runner/work/junit4/junit4/target/site/apidocs/src-html/org/junit/experimental/categories/Categories.CategoryFilter.html
98,/home/runner/work/junit4/junit4/target/site/apidocs/src-html/org/junit/experimental/categories/Categories.html
99,/home/runner/work/junit4/junit4/target/site/apidocs/serialized-form.html
100,/home/runner/work/junit4/junit4/target/site/apidocs/junit/framework/TestSuite.html
101,/home/runner/work/junit4/junit4/target/site/apidocs/junit/textui/TestRunner.html
102,/home/runner/work/junit4/junit4/target/site/apidocs/junit/framework/TestResult.html
103,/home/runner/work/junit4/junit4/target/site/apidocs/org/junit/rules/TemporaryFolder.html
104,/home/runner/work/junit4/junit4/target/site/apidocs/org/junit/runners/Suite.html
105,/home/runner/work/junit4/junit4/target/site/apidocs/org/junit/runner/Request.html
106,/home/runner/work/junit4/junit4/target/site/apidocs/org/junit/matchers/JUnitMatchers.html
107,/home/runner/work/junit4/junit4/target/site/apidocs/org/junit/runners/model/FrameworkMethod.html
108,/home/runner/work/junit4/junit4/target/site/apidocs/org/junit/rules/ExpectedException.html
109,/home/runner/work/junit4/junit4/target/site/apidocs/org/hamcrest/core/AnyOf.html
110,/home/runner/work/junit4/junit4/target/test-classes/org/junit/rules/TestRuleTest$1.class
111,/home/runner/work/junit4/junit4/target/test-classes/org/junit/tests/running/methods/TimeoutTest$ImpatientLoopTest.class
112,/home/runner/work/junit4/junit4/target/test-classes/org/junit/tests/running/methods/TimeoutTest$TimeoutFailureTest.class
113,/home/runner/work/junit4/junit4/target/test-classes/org/junit/tests/validation/anotherpackage/Super.class
114,/home/runner/work/junit4/junit4/target/test-classes/org/junit/tests/validation/anotherpackage/Sub.class
115,/home/runner/work/junit4/junit4/target/test-classes/org/junit/runner/RequestTest$1.class
116,/home/runner/work/junit4/junit4/target/test-classes/org/junit/runners/CustomBlockJUnit4ClassRunnerTest$1.class
117,/home/runner/work/junit4/junit4/target/test-classes/org/junit/rules/MethodRulesTest$1.class
118,/home/runner/work/junit4/junit4/target/test-classes/org/junit/tests/running/methods/AnnotationTest$SuperStaticMethodShadowing$1.class
119,/home/runner/work/junit4/junit4/target/test-classes/org/junit/tests/running/methods/AnnotationTest$SuperShadowing$1.class
120,/home/runner/work/junit4/junit4/target/site/javadoc/latest/src-html/org/junit/runner/Description.html
121,/home/runner/work/junit4/junit4/target/site/javadoc/latest/src-html/org/junit/runners/model/TestClass.html
122,/home/runner/work/junit4/junit4/target/site/javadoc/latest/src-html/org/junit/rules/TemporaryFolder.html
123,/home/runner/work/junit4/junit4/target/site/javadoc/latest/src-html/org/junit/rules/TemporaryFolder.Builder.html
124,/home/runner/work/junit4/junit4/target/site/javadoc/latest/org/junit/runners/model/class-use/FrameworkMethod.html
125,/home/runner/work/junit4/junit4/target/site/javadoc/latest/org/hamcrest/class-use/Factory.html
126,/home/runner/work/junit4/junit4/target/site/javadoc/latest/org/junit/experimental/theories/Theories.html
127,/home/runner/work/junit4/junit4/target/site/javadoc/latest/org/junit/matchers/JUnitMatchers.html
128,/home/runner/work/junit4/junit4/target/test-classes/org/junit/tests/SampleJUnit4Tests$1.class
129,/home/runner/work/junit4/junit4/target/site/javadoc/latest/org/junit/rules/ExpectedException.html
130,/home/runner/work/junit4/junit4/target/site/javadoc/latest/org/junit/runner/Request.html
131,/home/runner/work/junit4/junit4/target/test-classes/org/junit/samples/SimpleTest.class
132,/home/runner/work/junit4/junit4/target/site/javadoc/latest/org/junit/runners/Suite.html
133,/home/runner/work/junit4/junit4/target/site/javadoc/latest/org/junit/rules/TemporaryFolder.html
134,/home/runner/work/junit4/junit4/target/site/javadoc/latest/src-html/org/junit/experimental/theories/Theories.html
135,/home/runner/work/junit4/junit4/target/site/javadoc/latest/src-html/org/junit/experimental/categories/Categories.IncludeCategory.html
136,/home/runner/work/junit4/junit4/target/site/javadoc/latest/src-html/org/junit/experimental/categories/Categories.ExcludeCategory.html
137,/home/runner/work/junit4/junit4/target/site/javadoc/latest/src-html/org/junit/experimental/categories/Categories.CategoryFilter.html
138,/home/runner/work/junit4/junit4/target/site/javadoc/latest/org/junit/runners/model/FrameworkMethod.html
139,/home/runner/work/junit4/junit4/target/site/javadoc/latest/src-html/org/junit/experimental/categories/Categories.html
140,/home/runner/work/junit4/junit4/target/site/javadoc/latest/src-html/org/junit/experimental/theories/Theories.TheoryAnchor.html
141,/home/runner/work/junit4/junit4/target/site/javadoc/latest/src-html/org/junit/internal/Throwables.html
142,/home/runner/work/junit4/junit4/target/site/apidocs/org/junit/Assume.html
143,/home/runner/work/junit4/junit4/target/site/javadoc/latest/org/junit/runner/notification/RunNotifier.html
144,/home/runner/work/junit4/junit4/target/site/apidocs/org/junit/runner/notification/RunListener.html
145,/home/runner/work/junit4/junit4/target/site/javadoc/latest/org/hamcrest/BaseDescription.html
146,/home/runner/work/junit4/junit4/target/site/apidocs/org/junit/runner/class-use/Runner.html
147,/home/runner/work/junit4/junit4/target/site/javadoc/latest/org/junit/runners/parameterized/BlockJUnit4ClassRunnerWithParameters.html
148,/home/runner/work/junit4/junit4/target/site/apidocs/org/junit/runners/model/class-use/InitializationError.html
149,/home/runner/work/junit4/junit4/target/site/apidocs/src-html/junit/framework/TestSuite.html
150,/home/runner/work/junit4/junit4/target/site/javadoc/latest/org/junit/runner/class-use/Runner.html
151,/home/runner/work/junit4/junit4/target/site/javadoc/latest/org/junit/runners/model/class-use/InitializationError.html
152,/home/runner/work/junit4/junit4/target/site/apidocs/org/hamcrest/Description.NullDescription.html
153,/home/runner/work/junit4/junit4/target/site/javadoc/latest/org/junit/runner/notification/RunListener.html
154,/home/runner/work/junit4/junit4/target/site/apidocs/org/hamcrest/core/IsCollectionContaining.html
155,/home/runner/work/junit4/junit4/target/site/apidocs/org/junit/internal/AssumptionViolatedException.html
156,/home/runner/work/junit4/junit4/target/site/apidocs/org/hamcrest/BaseDescription.html
158,/home/runner/work/junit4/junit4/target/site/apidocs/org/hamcrest/core/Is.html
159,/home/runner/work/junit4/junit4/target/site/apidocs/junit/framework/JUnit4TestAdapter.html
160,/home/runner/work/junit4/junit4/target/site/apidocs/src-html/org/junit/runner/notification/RunNotifier.html
161,/home/runner/work/junit4/junit4/target/site/apidocs/junit/framework/JUnit4TestAdapterCache.html
162,/home/runner/work/junit4/junit4/target/site/apidocs/org/junit/runner/JUnitCore.html
163,/home/runner/work/junit4/junit4/target/site/apidocs/src-html/org/junit/internal/Throwables.html
164,/home/runner/work/junit4/junit4/target/site/apidocs/src-html/org/junit/rules/ExpectedException.html
166,/home/runner/work/junit4/junit4/target/site/javadoc/latest/org/hamcrest/Description.NullDescription.html
167,/home/runner/work/junit4/junit4/target/site/javadoc/latest/src-html/org/junit/rules/ExpectedException.html
168,/home/runner/work/junit4/junit4/target/site/apidocs/org/junit/experimental/categories/Categories.CategoryFilter.html
169,/home/runner/work/junit4/junit4/target/site/javadoc/latest/org/junit/internal/AssumptionViolatedException.html
170,/home/runner/work/junit4/junit4/target/site/apidocs/org/junit/runners/model/FrameworkField.html
171,/home/runner/work/junit4/junit4/target/site/apidocs/junit/textui/ResultPrinter.html
172,/home/runner/work/junit4/junit4/target/site/apidocs/org/junit/experimental/theories/internal/Assignments.html
173,/home/runner/work/junit4/junit4/target/site/apidocs/org/junit/runner/notification/RunNotifier.html
174,/home/runner/work/junit4/junit4/target/site/javadoc/latest/src-html/org/junit/runner/notification/RunNotifier.html
175,/home/runner/work/junit4/junit4/target/site/javadoc/latest/org/junit/Assume.html
176,/home/runner/work/junit4/junit4/target/site/javadoc/latest/org/hamcrest/core/IsCollectionContaining.html
177,/home/runner/work/junit4/junit4/target/site/apidocs/org/junit/internal/TextListener.html
178,/home/runner/work/junit4/junit4/target/site/javadoc/latest/org/junit/internal/TextListener.html
179,/home/runner/work/junit4/junit4/target/site/javadoc/latest/org/junit/rules/Timeout.html
180,/home/runner/work/junit4/junit4/target/site/javadoc/latest/script-dir/jquery-ui.min.js
181,/home/runner/work/junit4/junit4/target/site/javadoc/latest/org/hamcrest/core/Is.html
182,/home/runner/work/junit4/junit4/target/site/apidocs/org/junit/rules/Timeout.html
183,/home/runner/work/junit4/junit4/target/site/javadoc/latest/org/hamcrest/class-use/SelfDescribing.html
184,/home/runner/work/junit4/junit4/target/site/javadoc/latest/org/junit/experimental/categories/Categories.CategoryFilter.html
185,/home/runner/work/junit4/junit4/target/site/apidocs/src-html/junit/runner/BaseTestRunner.html
186,/home/runner/work/junit4/junit4/target/site/javadoc/latest/org/junit/runners/model/FrameworkField.html
187,/home/runner/work/junit4/junit4/target/site/javadoc/latest/org/junit/runner/JUnitCore.html
188,/home/runner/work/junit4/junit4/target/site/apidocs/org/hamcrest/class-use/SelfDescribing.html
189,/home/runner/work/junit4/junit4/target/site/apidocs/script-dir/jquery-ui.min.js
190,/home/runner/work/junit4/junit4/target/site/javadoc/latest/serialized-form.html
191,/home/runner/work/junit4/junit4/target/site/javadoc/latest/org/junit/experimental/theories/internal/Assignments.html
192,/home/runner/work/junit4/junit4/target/site/javadoc/latest/org/hamcrest/core/AllOf.html
193,/home/runner/work/junit4/junit4/target/site/javadoc/latest/src-html/org/junit/experimental/max/MaxCore.html
194,/home/runner/work/junit4/junit4/target/site/javadoc/latest/src-html/org/junit/runners/parameterized/BlockJUnit4ClassRunnerWithParameters.html
196,/home/runner/work/junit4/junit4/target/site/javadoc/latest/src-html/org/junit/experimental/max/MaxHistory.html
197,/home/runner/work/junit4/junit4/target/site/javadoc/latest/org/junit/rules/Timeout.Builder.html
198,/home/runner/work/junit4/junit4/target/site/javadoc/latest/org/hamcrest/core/StringEndsWith.html
199,/home/runner/work/junit4/junit4/target/site/javadoc/latest/org/hamcrest/StringDescription.html
200,/home/runner/work/junit4/junit4/target/site/javadoc/latest/src-html/org/junit/ComparisonFailure.html
201,/home/runner/work/junit4/junit4/target/site/javadoc/latest/org/hamcrest/TypeSafeDiagnosingMatcher.html
202,/home/runner/work/junit4/junit4/target/site/javadoc/latest/org/hamcrest/TypeSafeMatcher.html
203,/home/runner/work/junit4/junit4/target/site/javadoc/latest/org/junit/experimental/theories/Theories.TheoryAnchor.html
204,/home/runner/work/junit4/junit4/target/site/javadoc/latest/src-html/org/junit/Assume.html
205,/home/runner/work/junit4/junit4/target/site/javadoc/latest/org/hamcrest/core/StringStartsWith.html
206,/home/runner/work/junit4/junit4/target/site/javadoc/latest/org/hamcrest/core/StringContains.html
207,/home/runner/work/junit4/junit4/target/site/javadoc/latest/src-html/org/junit/runner/JUnitCore.html
208,/home/runner/work/junit4/junit4/target/site/javadoc/latest/src-html/org/junit/runner/Request.html
209,/home/runner/work/junit4/junit4/target/site/javadoc/latest/org/junit/runners/parameterized/TestWithParameters.html
210,/home/runner/work/junit4/junit4/target/site/javadoc/latest/org/junit/rules/TestWatchman.html
211,/home/runner/work/junit4/junit4/target/site/javadoc/latest/org/junit/runners/model/RunnerBuilder.html
212,/home/runner/work/junit4/junit4/target/site/javadoc/latest/org/junit/rules/TestWatcher.html
213,/home/runner/work/junit4/junit4/target/site/javadoc/latest/org/junit/runner/manipulation/Sorter.html
214,/home/runner/work/junit4/junit4/target/site/javadoc/latest/org/junit/experimental/theories/internal/SpecificDataPointsSupplier.html
215,/home/runner/work/junit4/junit4/target/site/javadoc/latest/src-html/org/junit/runners/model/FrameworkMethod.html
216,/home/runner/work/junit4/junit4/target/site/javadoc/latest/src-html/org/junit/runner/manipulation/Ordering.Context.html
217,/home/runner/work/junit4/junit4/target/site/javadoc/latest/src-html/org/junit/runner/manipulation/Ordering.html
218,/home/runner/work/junit4/junit4/target/site/javadoc/latest/src-html/org/junit/runner/notification/RunListener.ThreadSafe.html
219,/home/runner/work/junit4/junit4/target/site/javadoc/latest/src-html/org/junit/runner/notification/RunListener.html
220,/home/runner/work/junit4/junit4/target/site/javadoc/latest/org/hamcrest/core/SubstringMatcher.html
221,/home/runner/work/junit4/junit4/target/site/javadoc/latest/org/junit/rules/RuleChain.html
222,/home/runner/work/junit4/junit4/target/site/javadoc/latest/org/junit/experimental/results/ResultMatchers.html
223,/home/runner/work/junit4/junit4/target/site/javadoc/latest/org/junit/runner/Result.html
224,/home/runner/work/junit4/junit4/target/site/javadoc/latest/org/junit/rules/Stopwatch.html
225,/home/runner/work/junit4/junit4/target/site/javadoc/latest/org/junit/experimental/results/PrintableResult.html
226,/home/runner/work/junit4/junit4/target/site/javadoc/latest/org/junit/experimental/theories/ParameterSignature.html
227,/home/runner/work/junit4/junit4/target/site/javadoc/latest/org/junit/experimental/theories/internal/ParameterizedAssertionError.html
228,/home/runner/work/junit4/junit4/target/site/javadoc/latest/src-html/org/junit/runner/manipulation/Ordering.Factory.html
229,/home/runner/work/junit4/junit4/target/site/javadoc/latest/src-html/org/junit/runner/Result.html
230,/home/runner/work/junit4/junit4/target/site/javadoc/latest/src-html/org/junit/experimental/theories/internal/AllMembersSupplier.html
231,/home/runner/work/junit4/junit4/target/site/images/junit-lambda/sponsors/pivotal.png
232,/home/runner/work/junit4/junit4/target/site/javadoc/latest/src-html/org/junit/rules/Stopwatch.html
233,/home/runner/work/junit4/junit4/target/site/apidocs/org/junit/AssumptionViolatedException.html
234,/home/runner/work/junit4/junit4/target/site/javadoc/latest/index.html
236,/home/runner/work/junit4/junit4/target/site/apidocs/org/hamcrest/core/CombinableMatcher.html
237,/home/runner/work/junit4/junit4/target/site/apidocs/junit/framework/ComparisonFailure.html
238,/home/runner/work/junit4/junit4/target/site/apidocs/org/junit/ComparisonFailure.html
239,/home/runner/work/junit4/junit4/target/site/apidocs/org/hamcrest/Condition.html
240,/home/runner/work/junit4/junit4/target/site/apidocs/org/hamcrest/core/DescribedAs.html
241,/home/runner/work/junit4/junit4/target/site/apidocs/org/hamcrest/Description.html
242,/home/runner/work/junit4/junit4/target/site/apidocs/org/hamcrest/DiagnosingMatcher.html
243,/home/runner/work/junit4/junit4/target/site/apidocs/org/junit/rules/ErrorCollector.html
244,/home/runner/work/junit4/junit4/target/site/apidocs/org/hamcrest/core/Every.html
245,/home/runner/work/junit4/junit4/target/site/apidocs/org/junit/runner/notification/Failure.html
246,/home/runner/work/junit4/junit4/target/site/apidocs/org/hamcrest/FeatureMatcher.html
247,/home/runner/work/junit4/junit4/target/site/apidocs/org/junit/runner/manipulation/Filter.html
248,/home/runner/work/junit4/junit4/target/site/apidocs/org/junit/runners/model/FrameworkMember.html
249,/home/runner/work/junit4/junit4/target/site/apidocs/org/junit/runners/model/InitializationError.html
250,/home/runner/work/junit4/junit4/target/site/apidocs/org/hamcrest/core/IsAnything.html
251,/home/runner/work/junit4/junit4/target/site/apidocs/org/hamcrest/core/IsEqual.html
252,/home/runner/work/junit4/junit4/target/site/apidocs/org/hamcrest/core/IsInstanceOf.html
253,/home/runner/work/junit4/junit4/target/site/apidocs/org/hamcrest/core/IsNot.html
254,/home/runner/work/junit4/junit4/target/site/apidocs/org/hamcrest/core/IsNull.html
255,/home/runner/work/junit4/junit4/target/site/apidocs/org/hamcrest/core/IsSame.html
256,/home/runner/work/junit4/junit4/target/site/apidocs/org/junit/experimental/max/MaxCore.html
257,/home/runner/work/junit4/junit4/target/site/javadoc/latest/deprecated-list.html
258,/home/runner/work/junit4/junit4/target/site/apidocs/org/junit/internal/ArrayComparisonFailure.html
259,/home/runner/work/junit4/junit4/target/site/apidocs/org/junit/runners/model/MultipleFailureException.html
260,/home/runner/work/junit4/junit4/target/site/javadoc/latest/org/junit/runners/model/package-use.html
261,/home/runner/work/junit4/junit4/target/site/javadoc/latest/org/junit/runner/package-use.html
262,/home/runner/work/junit4/junit4/target/site/javadoc/latest/org/junit/runner/manipulation/package-use.html
264,/home/runner/work/junit4/junit4/target/site/apidocs/junit/extensions/ActiveTestSuite.html
265,/home/runner/work/junit4/junit4/target/site/apidocs/org/junit/experimental/theories/internal/AllMembersSupplier.html
267,/home/runner/work/junit4/junit4/target/site/apidocs/org/junit/validator/AnnotationValidator.html
268,/home/runner/work/junit4/junit4/target/site/apidocs/org/junit/runners/MethodSorters.html
269,/home/runner/work/junit4/junit4/target/site/apidocs/org/junit/runner/manipulation/Ordering.html
270,/home/runner/work/junit4/junit4/target/site/apidocs/org/junit/experimental/theories/Theories.TheoryAnchor.html
271,/home/runner/work/junit4/junit4/target/site/apidocs/org/hamcrest/TypeSafeDiagnosingMatcher.html
272,/home/runner/work/junit4/junit4/target/site/apidocs/org/hamcrest/TypeSafeMatcher.html
273,/home/runner/work/junit4/junit4/target/site/apidocs/src-html/org/junit/Assume.html
274,/home/runner/work/junit4/junit4/target/site/apidocs/src-html/org/junit/ComparisonFailure.html
275,/home/runner/work/junit4/junit4/target/site/apidocs/src-html/org/junit/experimental/max/MaxCore.html
276,/home/runner/work/junit4/junit4/target/site/apidocs/src-html/org/junit/experimental/max/MaxHistory.html
277,/home/runner/work/junit4/junit4/target/site/apidocs/src-html/junit/textui/TestRunner.html
278,/home/runner/work/junit4/junit4/target/site/apidocs/src-html/junit/framework/TestResult.html
279,/home/runner/work/junit4/junit4/target/site/apidocs/src-html/org/junit/experimental/theories/internal/AllMembersSupplier.html
280,/home/runner/work/junit4/junit4/target/site/apidocs/src-html/org/junit/rules/Timeout.Builder.html
281,/home/runner/work/junit4/junit4/target/site/apidocs/src-html/org/junit/rules/Timeout.html
282,/home/runner/work/junit4/junit4/target/site/javadoc/latest/legal/LICENSE
283,/home/runner/work/junit4/junit4/target/site/apidocs/src-html/org/junit/rules/TestWatcher.html
284,/home/runner/work/junit4/junit4/target/site/apidocs/src-html/org/junit/runners/model/FrameworkMethod.html
285,/home/runner/work/junit4/junit4/target/site/apidocs/src-html/org/junit/rules/Stopwatch.html
286,/home/runner/work/junit4/junit4/target/site/apidocs/src-html/org/junit/runners/parameterized/BlockJUnit4ClassRunnerWithParameters.html
287,/home/runner/work/junit4/junit4/target/site/apidocs/src-html/org/junit/runner/JUnitCore.html
288,/home/runner/work/junit4/junit4/target/site/apidocs/src-html/org/junit/runner/Request.html
289,/home/runner/work/junit4/junit4/target/site/apidocs/src-html/org/junit/runner/Result.html
290,/home/runner/work/junit4/junit4/target/site/apidocs/src-html/org/junit/runner/notification/RunListener.html
291,/home/runner/work/junit4/junit4/target/site/apidocs/src-html/org/junit/runner/notification/RunListener.ThreadSafe.html
292,/home/runner/work/junit4/junit4/target/site/apidocs/src-html/org/junit/runner/manipulation/Ordering.Factory.html
293,/home/runner/work/junit4/junit4/target/site/apidocs/src-html/org/junit/runner/manipulation/Ordering.Context.html
294,/home/runner/work/junit4/junit4/target/site/apidocs/org/junit/rules/Timeout.Builder.html
295,/home/runner/work/junit4/junit4/target/site/javadoc/latest/script-dir/jquery-ui.min.css
296,/home/runner/work/junit4/junit4/target/site/apidocs/org/junit/experimental/ParallelComputer.html
297,/home/runner/work/junit4/junit4/target/site/apidocs/org/junit/runners/parameterized/TestWithParameters.html
298,/home/runner/work/junit4/junit4/target/site/apidocs/org/junit/runners/Parameterized.html
299,/home/runner/work/junit4/junit4/target/site/apidocs/org/junit/experimental/theories/internal/ParameterizedAssertionError.html
300,/home/runner/work/junit4/junit4/target/site/apidocs/org/junit/experimental/theories/ParameterSignature.html
301,/home/runner/work/junit4/junit4/target/site/apidocs/org/junit/experimental/results/PrintableResult.html
302,/home/runner/work/junit4/junit4/target/site/apidocs/junit/extensions/RepeatedTest.html
303,/home/runner/work/junit4/junit4/target/site/apidocs/org/junit/runner/Result.html
304,/home/runner/work/junit4/junit4/target/site/apidocs/org/junit/experimental/results/ResultMatchers.html
305,/home/runner/work/junit4/junit4/target/site/apidocs/org/junit/rules/RuleChain.html
306,/home/runner/work/junit4/junit4/target/site/apidocs/org/junit/runners/model/RunnerBuilder.html
307,/home/runner/work/junit4/junit4/target/site/apidocs/org/junit/runner/manipulation/Sorter.html
308,/home/runner/work/junit4/junit4/target/site/apidocs/org/junit/experimental/theories/internal/SpecificDataPointsSupplier.html
309,/home/runner/work/junit4/junit4/target/site/apidocs/org/junit/rules/Stopwatch.html
310,/home/runner/work/junit4/junit4/target/site/apidocs/org/hamcrest/core/StringContains.html
311,/home/runner/work/junit4/junit4/target/site/apidocs/org/hamcrest/StringDescription.html
312,/home/runner/work/junit4/junit4/target/site/apidocs/org/hamcrest/core/StringEndsWith.html
313,/home/runner/work/junit4/junit4/target/site/apidocs/org/hamcrest/core/StringStartsWith.html
314,/home/runner/work/junit4/junit4/target/site/apidocs/org/hamcrest/core/SubstringMatcher.html
315,/home/runner/work/junit4/junit4/target/site/apidocs/junit/extensions/TestDecorator.html
316,/home/runner/work/junit4/junit4/target/site/apidocs/junit/framework/TestFailure.html
317,/home/runner/work/junit4/junit4/target/site/apidocs/junit/extensions/TestSetup.html
318,/home/runner/work/junit4/junit4/target/site/apidocs/org/junit/rules/TestWatcher.html
319,/home/runner/work/junit4/junit4/target/site/apidocs/org/junit/rules/TestWatchman.html
320,/home/runner/work/junit4/junit4/target/distro-javadoc-sources/hamcrest-core-1.3-sources/META-INF/MANIFEST.MF
321,/home/runner/work/junit4/junit4/target/site/javadoc/latest/src-html/org/junit/rules/TestWatcher.html
322,/home/runner/work/junit4/junit4/target/site/javadoc/latest/org/junit/experimental/ParallelComputer.html
323,/home/runner/work/junit4/junit4/target/site/images/junit-lambda/sponsors/namics.png
324,/home/runner/work/junit4/junit4/target/site/images/junit-lambda/sponsors/heidelberg-mobil.png
325,/home/runner/work/junit4/junit4/target/site/images/junit-lambda/sponsors/andrena.png
326,/home/runner/work/junit4/junit4/target/site/images/junit-lambda/contributors/oio.png
327,/home/runner/work/junit4/junit4/target/site/images/junit-lambda/contributors/vaddy.png
328,/home/runner/work/junit4/junit4/target/site/images/junit-lambda/contributors/netcetera.png
329,/home/runner/work/junit4/junit4/target/site/images/junit-lambda/contributors/siili.png
330,/home/runner/work/junit4/junit4/target/site/images/junit-lambda/contributors/ergon.png
331,/home/runner/work/junit4/junit4/target/site/images/junit-lambda/contributors/adnovum.png
332,/home/runner/work/junit4/junit4/target/site/images/junit-lambda/contributors/klarna.png
333,/home/runner/work/junit4/junit4/target/site/images/junit-lambda/contributors/squeed.png
334,/home/runner/work/junit4/junit4/target/site/images/junit-lambda/contributors/msgsystems.png
335,/home/runner/work/junit4/junit4/target/site/images/junit-lambda/contributors/gradle.png
336,/home/runner/work/junit4/junit4/target/site/images/junit-lambda/contributors/42talents.png
337,/home/runner/work/junit4/junit4/target/site/images/junit-lambda/contributors/murex.jpg
338,/home/runner/work/junit4/junit4/target/site/images/junit-lambda/contributors/novatec.png
339,/home/runner/work/junit4/junit4/target/site/images/junit-lambda/contributors/sipgate.png
340,/home/runner/work/junit4/junit4/target/site/images/junit-lambda/contributors/arcbees.png
341,/home/runner/work/junit4/junit4/target/site/images/junit-lambda/contributors/devnexus.png
342,/home/runner/work/junit4/junit4/target/site/images/junit-lambda/contributors/bol.jpg
343,/home/runner/work/junit4/junit4/target/site/images/junit-lambda/contributors/red6-es.jpg
344,/home/runner/work/junit4/junit4/target/site/images/junit-lambda/contributors/autotrader.jpg
345,/home/runner/work/junit4/junit4/target/site/images/junit-lambda/contributors/klosebrothers.png
346,/home/runner/work/junit4/junit4/target/site/images/junit-lambda/sponsors/amex.png
347,/home/runner/work/junit4/junit4/target/site/images/junit-lambda/junit-lambda-logo.png
348,/home/runner/work/junit4/junit4/target/site/images/junit-lambda/contributors/topdesk.png
349,/home/runner/work/junit4/junit4/target/site/images/junit-logo.svg
350,/home/runner/work/junit4/junit4/target/site/javadoc/latest/src-html/org/junit/rules/Timeout.html
351,/home/runner/work/junit4/junit4/target/site/javadoc/latest/src-html/org/junit/rules/Timeout.Builder.html
352,/home/runner/work/junit4/junit4/target/site/javadoc/latest/org/junit/experimental/theories/class-use/ParameterSignature.html
354,/home/runner/work/junit4/junit4/target/site/javadoc/latest/org/junit/runners/model/class-use/TestClass.html
355,/home/runner/work/junit4/junit4/target/site/javadoc/latest/org/junit/runner/class-use/Request.html
356,/home/runner/work/junit4/junit4/target/site/javadoc/latest/org/hamcrest/BaseMatcher.html
357,/home/runner/work/junit4/junit4/target/site/javadoc/latest/org/junit/AssumptionViolatedException.html
358,/home/runner/work/junit4/junit4/target/site/javadoc/latest/org/junit/internal/ArrayComparisonFailure.html
359,/home/runner/work/junit4/junit4/target/site/javadoc/latest/org/junit/validator/AnnotationValidator.html
360,/home/runner/work/junit4/junit4/target/site/javadoc/latest/org/junit/runner/manipulation/Alphanumeric.html
361,/home/runner/work/junit4/junit4/target/site/javadoc/latest/org/junit/experimental/theories/internal/AllMembersSupplier.html
363,/home/runner/work/junit4/junit4/target/site/scripts/hopscotch-0.1.2.min.js
364,/home/runner/work/junit4/junit4/target/site/scripts/index.js
365,/home/runner/work/junit4/junit4/target/site/css/carousel.css
366,/home/runner/work/junit4/junit4/target/site/css/junit-lambda.css
367,/home/runner/work/junit4/junit4/target/site/css/plain-links.css
368,/home/runner/work/junit4/junit4/target/site/css/hopscotch-0.1.2.min.css
369,/home/runner/work/junit4/junit4/target/site/images/junit5-banner.png
370,/home/runner/work/junit4/junit4/target/site/images/junit-logo.png
371,/home/runner/work/junit4/junit4/target/site/images/junit-lambda/contributors/samuraism.png
372,/home/runner/work/junit4/junit4/target/site/images/junit-lambda/contributors/bouvet.png
373,/home/runner/work/junit4/junit4/target/javadoc-bundle-options/javadoc-options-javadoc-resources.xml
374,/home/runner/work/junit4/junit4/target/site/images/fix.gif
375,/home/runner/work/junit4/junit4/target/site/images/document-properties.png
376,/home/runner/work/junit4/junit4/target/site/images/contact-new.png
377,/home/runner/work/junit4/junit4/target/site/images/application-certificate.png
378,/home/runner/work/junit4/junit4/target/site/images/accessories-text-editor.png
379,/home/runner/work/junit4/junit4/target/site/css/print.css
380,/home/runner/work/junit4/junit4/target/site/junit-lambda-contributors.html
381,/home/runner/work/junit4/junit4/target/site/index.html
382,/home/runner/work/junit4/junit4/target/site/faq.html
383,/home/runner/work/junit4/junit4/target/site/apidocs/legal/LICENSE
384,/home/runner/work/junit4/junit4/target/site/apidocs/script-dir/jquery-ui.min.css
385,/home/runner/work/junit4/junit4/target/site/apidocs/deprecated-list.html
386,/home/runner/work/junit4/junit4/target/site/apidocs/org/junit/runners/model/package-use.html
387,/home/runner/work/junit4/junit4/target/site/apidocs/org/junit/runner/manipulation/package-use.html
388,/home/runner/work/junit4/junit4/target/site/apidocs/org/junit/runner/package-use.html
389,/home/runner/work/junit4/junit4/target/site/apidocs/org/hamcrest/core/class-use/AnyOf.html
390,/home/runner/work/junit4/junit4/target/site/javadoc/latest/org/hamcrest/core/class-use/AnyOf.html
391,/home/runner/work/junit4/junit4/target/site/apidocs/junit/framework/class-use/TestResult.html
392,/home/runner/work/junit4/junit4/target/site/apidocs/org/junit/runner/manipulation/class-use/Sortable.html
393,/home/runner/work/junit4/junit4/target/site/apidocs/org/junit/runner/manipulation/class-use/Filter.html
394,/home/runner/work/junit4/junit4/target/site/apidocs/org/junit/runner/class-use/Request.html
395,/home/runner/work/junit4/junit4/target/site/apidocs/org/junit/runner/class-use/Describable.html
396,/home/runner/work/junit4/junit4/target/site/apidocs/org/junit/runners/model/class-use/TestClass.html
397,/home/runner/work/junit4/junit4/target/site/apidocs/org/junit/experimental/theories/class-use/ParameterSignature.html
398,/home/runner/work/junit4/junit4/target/site/images/drive-harddisk.png
399,/home/runner/work/junit4/junit4/target/site/images/icon_error_sml.gif
400,/home/runner/work/junit4/junit4/target/site/images/junit-lambda/contributors/zenika.png
401,/home/runner/work/junit4/junit4/target/site/images/icon_help_sml.gif
402,/home/runner/work/junit4/junit4/target/site/images/junit-lambda/contributors/sonrisa.png
403,/home/runner/work/junit4/junit4/target/site/images/junit-lambda/contributors/tng.png
404,/home/runner/work/junit4/junit4/target/site/images/junit-lambda/contributors/synyx.jpg
405,/home/runner/work/junit4/junit4/target/site/images/junit-lambda/contributors/diffplug.png
406,/home/runner/work/junit4/junit4/target/site/images/junit-lambda/contributors/disy.jpg
407,/home/runner/work/junit4/junit4/target/site/images/junit-lambda/contributors/structure101.png
408,/home/runner/work/junit4/junit4/target/site/images/junit-lambda/contributors/six.gif
409,/home/runner/work/junit4/junit4/target/site/images/junit-lambda/contributors/intellijidea.png
410,/home/runner/work/junit4/junit4/target/site/images/junit-lambda/contributors/eclipse.png
411,/home/runner/work/junit4/junit4/target/site/images/junit-lambda/contributors/ociweb.png
412,/home/runner/work/junit4/junit4/target/site/images/junit-lambda/background.png
413,/home/runner/work/junit4/junit4/target/site/images/update.gif
414,/home/runner/work/junit4/junit4/target/site/images/rss.png
415,/home/runner/work/junit4/junit4/target/site/images/remove.gif
416,/home/runner/work/junit4/junit4/target/site/images/package-x-generic.png
417,/home/runner/work/junit4/junit4/target/site/images/network-server.png
418,/home/runner/work/junit4/junit4/target/site/images/logos/maven-feather.png
420,/home/runner/work/junit4/junit4/target/site/images/internet-web-browser.png
421,/home/runner/work/junit4/junit4/target/site/images/image-x-generic.png
422,/home/runner/work/junit4/junit4/target/site/images/icon_warning_sml.gif
423,/home/runner/work/junit4/junit4/target/site/images/icon_success_sml.gif
424,/home/runner/work/junit4/junit4/target/site/images/icon_info_sml.gif
425,/home/runner/work/junit4/junit4/target/site/javadoc/latest/org/junit/runners/Parameterized.html
426,/home/runner/work/junit4/junit4/target/site/apidocs/src-html/org/junit/runner/manipulation/Ordering.html
427,/home/runner/work/junit4/junit4/target/site/javadoc/latest/org/hamcrest/Description.html
428,/home/runner/work/junit4/junit4/target/site/javadoc/latest/org/hamcrest/core/DescribedAs.html
429,/home/runner/work/junit4/junit4/target/test-classes/org/junit/runner/notification/RunNotifierTest$1.class
430,/home/runner/work/junit4/junit4/target/site/javadoc/latest/org/hamcrest/DiagnosingMatcher.html
431,/home/runner/work/junit4/junit4/target/site/javadoc/latest/org/hamcrest/core/CombinableMatcher.html
432,/home/runner/work/junit4/junit4/target/site/javadoc/latest/org/junit/runner/manipulation/Filter.html
433,/home/runner/work/junit4/junit4/target/site/javadoc/latest/org/hamcrest/FeatureMatcher.html
435,/home/runner/work/junit4/junit4/target/test-classes/org/junit/tests/junit3compatibility/InitializationErrorForwardCompatibilityTest$1.class
436,/home/runner/work/junit4/junit4/target/test-classes/junit/samples/ListTest.class
437,/home/runner/work/junit4/junit4/target/test-classes/org/junit/rules/RuleMemberValidatorTest$TestWithMethodRule$1.class
438,/home/runner/work/junit4/junit4/target/test-classes/org/junit/rules/RuleMemberValidatorTest$TestWithClassRuleIsImplementationOfMethodRule$1.class
439,/home/runner/work/junit4/junit4/target/test-classes/org/junit/rules/RuleMemberValidatorTest$TestWithClassRuleMethodThatReturnsMethodRule$1.class
440,/home/runner/work/junit4/junit4/target/site/javadoc/latest/org/junit/ComparisonFailure.html
441,/home/runner/work/junit4/junit4/target/site/javadoc/latest/org/hamcrest/Condition.html
442,/home/runner/work/junit4/junit4/target/test-classes/org/junit/rules/RuleMemberValidatorTest$MethodTestWithMethodRule$1.class
443,/home/runner/work/junit4/junit4/target/site/javadoc/latest/org/junit/runners/model/FrameworkMember.html
444,/home/runner/work/junit4/junit4/target/site/javadoc/latest/org/hamcrest/core/IsNot.html
445,/home/runner/work/junit4/junit4/target/site/javadoc/latest/org/hamcrest/core/IsNull.html
446,/home/runner/work/junit4/junit4/target/site/javadoc/latest/org/hamcrest/core/IsEqual.html
447,/home/runner/work/junit4/junit4/target/site/javadoc/latest/org/hamcrest/core/IsSame.html
448,/home/runner/work/junit4/junit4/target/site/javadoc/latest/org/hamcrest/core/IsInstanceOf.html
449,/home/runner/work/junit4/junit4/target/site/javadoc/latest/org/hamcrest/core/IsAnything.html
450,/home/runner/work/junit4/junit4/target/site/javadoc/latest/org/junit/runners/model/InitializationError.html
451,/home/runner/work/junit4/junit4/target/test-classes/junit/samples/money/MoneyTest.class
452,/home/runner/work/junit4/junit4/target/maven-status/maven-compiler-plugin/compile/default-compile/inputFiles.lst
453,/home/runner/work/junit4/junit4/target/site/javadoc/latest/org/junit/runner/manipulation/Ordering.html
454,/home/runner/work/junit4/junit4/target/site/javadoc/latest/org/junit/runners/model/MultipleFailureException.html
455,/home/runner/work/junit4/junit4/target/site/javadoc/latest/org/hamcrest/core/Every.html
456,/home/runner/work/junit4/junit4/target/site/javadoc/latest/org/junit/rules/ErrorCollector.html
457,/home/runner/work/junit4/junit4/target/maven-status/maven-compiler-plugin/compile/default-compile/createdFiles.lst
458,/home/runner/work/junit4/junit4/target/site/javadoc/latest/org/junit/experimental/max/MaxCore.html
459,/home/runner/work/junit4/junit4/target/site/javadoc/latest/org/junit/runners/MethodSorters.html
460,/home/runner/work/junit4/junit4/target/test-classes/org/junit/tests/experimental/theories/runner/FailingDataPointMethods$HasFailingSingleDataPointMethod.class
461,/home/runner/work/junit4/junit4/target/test-classes/org/junit/tests/experimental/theories/extendingwithstubs/StringableObject.class
462,/home/runner/work/junit4/junit4/target/site/javadoc/latest/org/junit/experimental/theories/package-use.html
463,/home/runner/work/junit4/junit4/target/site/junit-lambda-spending.html
464,/home/runner/work/junit4/junit4/target/site/apidocs/org/junit/runners/model/class-use/FrameworkField.html
465,/home/runner/work/junit4/junit4/target/site/apidocs/org/junit/runners/class-use/ParentRunner.html
466,/home/runner/work/junit4/junit4/target/site/javadoc/latest/org/hamcrest/core/CombinableMatcher.CombinableBothMatcher.html
467,/home/runner/work/junit4/junit4/target/site/junit-lambda.html
468,/home/runner/work/junit4/junit4/target/site/javadoc/latest/org/hamcrest/CustomMatcher.html
469,/home/runner/work/junit4/junit4/target/site/javadoc/latest/org/junit/runners/model/Annotatable.html
470,/home/runner/work/junit4/junit4/target/site/javadoc/latest/org/junit/runners/AllTests.html
471,/home/runner/work/junit4/junit4/target/site/javadoc/latest/org/junit/ClassRule.html
472,/home/runner/work/junit4/junit4/target/site/dependencies.html
473,/home/runner/work/junit4/junit4/target/site/source-repository.html
474,/home/runner/work/junit4/junit4/target/site/javadoc/latest/org/junit/experimental/max/CouldNotReadCoreException.html
475,/home/runner/work/junit4/junit4/target/site/apidocs/org/junit/experimental/results/class-use/PrintableResult.html
476,/home/runner/work/junit4/junit4/target/site/javadoc/latest/org/hamcrest/package-use.html
477,/home/runner/work/junit4/junit4/target/site/team-list.html
478,/home/runner/work/junit4/junit4/target/site/dependency-info.html
479,/home/runner/work/junit4/junit4/target/site/javadoc/latest/org/hamcrest/core/CombinableMatcher.CombinableEitherMatcher.html
480,/home/runner/work/junit4/junit4/target/site/apidocs/org/junit/experimental/theories/internal/class-use/Assignments.html
481,/home/runner/work/junit4/junit4/target/site/apidocs/org/junit/runners/model/class-use/RunnerBuilder.html
483,/home/runner/work/junit4/junit4/target/site/apidocs/org/junit/runners/model/class-use/FrameworkMember.html
484,/home/runner/work/junit4/junit4/target/site/apidocs/index.html
485,/home/runner/work/junit4/junit4/target/site/apidocs/org/junit/internal/class-use/ArrayComparisonFailure.html
486,/home/runner/work/junit4/junit4/target/site/javadoc/latest/org/junit/experimental/categories/CategoryValidator.html
487,/home/runner/work/junit4/junit4/target/site/apidocs/org/junit/internal/class-use/AssumptionViolatedException.html
488,/home/runner/work/junit4/junit4/target/site/apidocs/org/junit/rules/class-use/TestRule.html
489,/home/runner/work/junit4/junit4/target/site/apidocs/org/junit/runners/package-use.html
490,/home/runner/work/junit4/junit4/target/site/apidocs/junit/framework/class-use/TestListener.html
491,/home/runner/work/junit4/junit4/target/site/apidocs/junit/framework/class-use/TestFailure.html
492,/home/runner/work/junit4/junit4/target/site/javadoc/latest/org/junit/internal/ComparisonCriteria.html
493,/home/runner/work/junit4/junit4/target/site/apidocs/org/junit/runner/notification/package-use.html
494,/home/runner/work/junit4/junit4/target/site/apidocs/junit/framework/class-use/TestCase.html
495,/home/runner/work/junit4/junit4/target/site/javadoc/latest/org/hamcrest/core/class-use/CombinableMatcher.CombinableBothMatcher.html
496,/home/runner/work/junit4/junit4/target/site/apidocs/org/junit/experimental/theories/package-use.html
497,/home/runner/work/junit4/junit4/target/site/javadoc/latest/org/hamcrest/core/class-use/CombinableMatcher.CombinableEitherMatcher.html
498,/home/runner/work/junit4/junit4/target/site/apidocs/org/hamcrest/class-use/BaseMatcher.html
499,/home/runner/work/junit4/junit4/target/site/apidocs/org/hamcrest/core/class-use/CombinableMatcher.CombinableEitherMatcher.html
500,/home/runner/work/junit4/junit4/target/site/apidocs/org/hamcrest/package-use.html
501,/home/runner/work/junit4/junit4/target/site/apidocs/junit/framework/package-use.html
502,/home/runner/work/junit4/junit4/target/site/javadoc/latest/org/junit/internal/Checks.html
503,/home/runner/work/junit4/junit4/target/site/apidocs/allpackages-index.html
504,/home/runner/work/junit4/junit4/target/site/apidocs/org/junit/runner/class-use/Computer.html
505,/home/runner/work/junit4/junit4/target/site/apidocs/org/junit/runner/manipulation/class-use/Filterable.html
506,/home/runner/work/junit4/junit4/target/site/junit-lambda-campaign.html
507,/home/runner/work/junit4/junit4/target/site/apidocs/org/junit/runner/class-use/Result.html
509,/home/runner/work/junit4/junit4/target/site/apidocs/org/hamcrest/core/class-use/CombinableMatcher.CombinableBothMatcher.html
510,/home/runner/work/junit4/junit4/target/site/apidocs/org/junit/runner/notification/class-use/Failure.html
511,/home/runner/work/junit4/junit4/target/site/apidocs/search.js
512,/home/runner/work/junit4/junit4/target/site/apidocs/org/junit/runner/notification/class-use/RunNotifier.html
513,/home/runner/work/junit4/junit4/target/site/apidocs/org/junit/runner/notification/class-use/RunListener.html
514,/home/runner/work/junit4/junit4/target/site/apidocs/org/junit/runner/manipulation/class-use/Orderable.html
515,/home/runner/work/junit4/junit4/target/site/apidocs/org/junit/runner/manipulation/class-use/InvalidOrderingException.html
516,/home/runner/work/junit4/junit4/target/site/apidocs/help-doc.html
517,/home/runner/work/junit4/junit4/target/site/apidocs/org/junit/runner/manipulation/class-use/Ordering.html
518,/home/runner/work/junit4/junit4/target/site/javadoc/latest/org/junit/runner/Computer.html
519,/home/runner/work/junit4/junit4/target/site/apidocs/org/junit/runner/manipulation/class-use/Sorter.html
520,/home/runner/work/junit4/junit4/target/site/apidocs/type-search-index.js
521,/home/runner/work/junit4/junit4/target/site/javadoc/latest/org/junit/internal/Classes.html
522,/home/runner/work/junit4/junit4/target/site/apidocs/org/junit/runner/manipulation/class-use/NoTestsRemainException.html
523,/home/runner/work/junit4/junit4/target/site/apidocs/junit/framework/class-use/AssertionFailedError.html
524,/home/runner/work/junit4/junit4/target/site/javadoc/latest/org/junit/runner/OrderWithValidator.html
525,/home/runner/work/junit4/junit4/target/site/javadoc/latest/org/junit/runner/notification/package-use.html
526,/home/runner/work/junit4/junit4/target/site/apidocs/org/junit/internal/package-summary.html
527,/home/runner/work/junit4/junit4/target/site/apidocs/src-html/org/hamcrest/core/IsNull.html
528,/home/runner/work/junit4/junit4/target/site/apidocs/src-html/org/hamcrest/core/IsInstanceOf.html
529,/home/runner/work/junit4/junit4/target/site/apidocs/src-html/org/hamcrest/core/IsEqual.html
530,/home/runner/work/junit4/junit4/target/site/apidocs/org/junit/experimental/theories/package-summary.html
531,/home/runner/work/junit4/junit4/target/site/apidocs/src-html/org/hamcrest/core/IsCollectionContaining.html
532,/home/runner/work/junit4/junit4/target/site/apidocs/src-html/org/hamcrest/core/Is.html
533,/home/runner/work/junit4/junit4/target/site/apidocs/src-html/org/hamcrest/core/CombinableMatcher.CombinableEitherMatcher.html
534,/home/runner/work/junit4/junit4/target/site/apidocs/src-html/org/hamcrest/core/CombinableMatcher.CombinableBothMatcher.html
535,/home/runner/work/junit4/junit4/target/site/apidocs/src-html/org/hamcrest/core/CombinableMatcher.html
536,/home/runner/work/junit4/junit4/target/site/apidocs/src-html/org/hamcrest/Description.NullDescription.html
537,/home/runner/work/junit4/junit4/target/site/apidocs/src-html/org/hamcrest/core/AnyOf.html
538,/home/runner/work/junit4/junit4/target/site/apidocs/src-html/org/hamcrest/core/AllOf.html
539,/home/runner/work/junit4/junit4/target/site/apidocs/org/junit/rules/package-summary.html
540,/home/runner/work/junit4/junit4/target/site/apidocs/src-html/org/hamcrest/TypeSafeMatcher.html
541,/home/runner/work/junit4/junit4/target/site/apidocs/org/junit/runner/package-summary.html
542,/home/runner/work/junit4/junit4/target/site/apidocs/org/junit/runner/manipulation/package-summary.html
543,/home/runner/work/junit4/junit4/target/site/apidocs/org/junit/runners/package-summary.html
544,/home/runner/work/junit4/junit4/target/site/apidocs/org/junit/runners/package-tree.html
545,/home/runner/work/junit4/junit4/target/site/apidocs/org/junit/experimental/categories/package-summary.html
546,/home/runner/work/junit4/junit4/target/site/apidocs/org/junit/package-tree.html
547,/home/runner/work/junit4/junit4/target/site/apidocs/org/junit/package-summary.html
548,/home/runner/work/junit4/junit4/target/site/apidocs/src-html/org/hamcrest/internal/ReflectiveTypeFinder.html
549,/home/runner/work/junit4/junit4/target/site/apidocs/org/junit/Test.html
550,/home/runner/work/junit4/junit4/target/site/apidocs/org/junit/Test.None.html
551,/home/runner/work/junit4/junit4/target/site/javadoc/latest/search.js
552,/home/runner/work/junit4/junit4/target/site/apidocs/org/junit/validator/TestClassValidator.html
553,/home/runner/work/junit4/junit4/target/site/apidocs/org/junit/TestCouldNotBeSkippedException.html
554,/home/runner/work/junit4/junit4/target/site/apidocs/org/junit/experimental/theories/suppliers/TestedOnSupplier.html
555,/home/runner/work/junit4/junit4/target/site/apidocs/junit/framework/TestListener.html
556,/home/runner/work/junit4/junit4/target/site/apidocs/org/junit/rules/TestName.html
557,/home/runner/work/junit4/junit4/target/site/apidocs/org/junit/rules/TestRule.html
558,/home/runner/work/junit4/junit4/target/site/apidocs/junit/runner/TestRunListener.html
559,/home/runner/work/junit4/junit4/target/site/apidocs/org/junit/runners/model/TestTimedOutException.html
560,/home/runner/work/junit4/junit4/target/site/apidocs/org/junit/internal/Throwables.html
561,/home/runner/work/junit4/junit4/target/site/apidocs/org/junit/rules/Verifier.html
562,/home/runner/work/junit4/junit4/target/site/apidocs/junit/runner/Version.html
563,/home/runner/work/junit4/junit4/target/site/apidocs/junit/framework/package-summary.html
564,/home/runner/work/junit4/junit4/target/site/apidocs/org/hamcrest/package-summary.html
565,/home/runner/work/junit4/junit4/target/site/apidocs/org/hamcrest/core/package-summary.html
566,/home/runner/work/junit4/junit4/target/site/apidocs/org/junit/runners/model/package-summary.html
567,/home/runner/work/junit4/junit4/target/site/apidocs/src-html/org/hamcrest/Description.html
568,/home/runner/work/junit4/junit4/target/site/apidocs/org/junit/rules/TemporaryFolder.Builder.html
569,/home/runner/work/junit4/junit4/target/site/apidocs/src-html/org/junit/internal/ComparisonCriteria.html
570,/home/runner/work/junit4/junit4/target/site/apidocs/src-html/org/junit/rules/ExternalResource.html
571,/home/runner/work/junit4/junit4/target/site/apidocs/src-html/org/junit/matchers/JUnitMatchers.html
572,/home/runner/work/junit4/junit4/target/site/apidocs/src-html/org/junit/validator/AnnotationsValidator.html
573,/home/runner/work/junit4/junit4/target/site/apidocs/src-html/org/junit/rules/ErrorCollector.html
574,/home/runner/work/junit4/junit4/target/site/apidocs/src-html/org/junit/rules/DisableOnDebug.html
575,/home/runner/work/junit4/junit4/target/site/apidocs/src-html/org/junit/internal/TextListener.html
576,/home/runner/work/junit4/junit4/target/site/project-info.html
577,/home/runner/work/junit4/junit4/target/site/javadoc/latest/org/junit/rules/ExternalResource.html
578,/home/runner/work/junit4/junit4/target/site/javadoc/latest/org/junit/experimental/categories/ExcludeCategories.html
579,/home/runner/work/junit4/junit4/target/site/apidocs/src-html/org/junit/ClassRule.html
580,/home/runner/work/junit4/junit4/target/site/javadoc/latest/org/junit/internal/ExactComparisonCriteria.html
581,/home/runner/work/junit4/junit4/target/site/apidocs/src-html/org/junit/internal/AssumptionViolatedException.html
582,/home/runner/work/junit4/junit4/target/site/apidocs/src-html/org/junit/runner/notification/Failure.html
583,/home/runner/work/junit4/junit4/target/site/javadoc/latest/org/junit/experimental/theories/internal/EnumSupplier.html
584,/home/runner/work/junit4/junit4/target/site/apidocs/src-html/org/junit/runner/manipulation/Sorter.html
585,/home/runner/work/junit4/junit4/target/site/apidocs/src-html/org/junit/runner/manipulation/Filter.html
586,/home/runner/work/junit4/junit4/target/site/javadoc/latest/org/junit/experimental/runners/Enclosed.html
587,/home/runner/work/junit4/junit4/target/site/javadoc/latest/org/junit/rules/DisableOnDebug.html
588,/home/runner/work/junit4/junit4/target/site/apidocs/src-html/org/junit/rules/RuleChain.html
589,/home/runner/work/junit4/junit4/target/site/apidocs/src-html/org/junit/runners/model/RunnerBuilder.html
590,/home/runner/work/junit4/junit4/target/site/apidocs/src-html/org/junit/runners/model/MultipleFailureException.html
591,/home/runner/work/junit4/junit4/target/site/apidocs/src-html/org/junit/runners/model/FrameworkField.html
592,/home/runner/work/junit4/junit4/target/site/apidocs/src-html/org/hamcrest/BaseDescription.html
593,/home/runner/work/junit4/junit4/target/site/apidocs/src-html/org/junit/Rule.html
594,/home/runner/work/junit4/junit4/target/site/apidocs/src-html/org/junit/Test.html
595,/home/runner/work/junit4/junit4/target/site/apidocs/src-html/org/junit/Test.None.html
596,/home/runner/work/junit4/junit4/target/site/apidocs/src-html/junit/textui/ResultPrinter.html
597,/home/runner/work/junit4/junit4/target/site/apidocs/src-html/org/junit/experimental/theories/ParameterSignature.html
598,/home/runner/work/junit4/junit4/target/site/apidocs/src-html/org/junit/experimental/theories/internal/Assignments.html
599,/home/runner/work/junit4/junit4/target/site/apidocs/src-html/junit/framework/JUnit4TestAdapter.html
600,/home/runner/work/junit4/junit4/target/site/apidocs/src-html/junit/framework/ComparisonCompactor.html
601,/home/runner/work/junit4/junit4/target/site/apidocs/src-html/org/junit/experimental/theories/internal/SpecificDataPointsSupplier.html
602,/home/runner/work/junit4/junit4/target/site/apidocs/src-html/org/junit/experimental/results/ResultMatchers.html
603,/home/runner/work/junit4/junit4/target/site/apidocs/src-html/org/junit/runners/Suite.html
604,/home/runner/work/junit4/junit4/target/site/apidocs/src-html/org/junit/runners/Suite.SuiteClasses.html
605,/home/runner/work/junit4/junit4/target/site/apidocs/src-html/org/junit/rules/TestWatchman.html
606,/home/runner/work/junit4/junit4/target/site/apidocs/junit/framework/Test.html
608,/home/runner/work/junit4/junit4/target/site/javadoc/latest/org/junit/runners/package-use.html
609,/home/runner/work/junit4/junit4/target/site/javadoc/latest/org/junit/validator/AnnotationsValidator.html
610,/home/runner/work/junit4/junit4/target/site/apidocs/org/junit/runner/Computer.html
611,/home/runner/work/junit4/junit4/target/site/apidocs/org/junit/experimental/max/CouldNotReadCoreException.html
612,/home/runner/work/junit4/junit4/target/site/apidocs/org/hamcrest/CustomMatcher.html
613,/home/runner/work/junit4/junit4/target/site/apidocs/org/hamcrest/CustomTypeSafeMatcher.html
614,/home/runner/work/junit4/junit4/target/site/apidocs/org/junit/experimental/theories/DataPoint.html
615,/home/runner/work/junit4/junit4/target/site/apidocs/org/junit/experimental/theories/DataPoints.html
616,/home/runner/work/junit4/junit4/target/site/apidocs/org/junit/runner/Describable.html
617,/home/runner/work/junit4/junit4/target/site/apidocs/org/junit/rules/DisableOnDebug.html
618,/home/runner/work/junit4/junit4/target/site/apidocs/org/junit/experimental/categories/class-use/Categories.CategoryFilter.html
619,/home/runner/work/junit4/junit4/target/site/apidocs/org/junit/experimental/runners/Enclosed.html
620,/home/runner/work/junit4/junit4/target/site/apidocs/org/junit/experimental/theories/internal/EnumSupplier.html
621,/home/runner/work/junit4/junit4/target/site/apidocs/org/junit/internal/ExactComparisonCriteria.html
622,/home/runner/work/junit4/junit4/target/site/apidocs/org/junit/experimental/categories/ExcludeCategories.html
623,/home/runner/work/junit4/junit4/target/site/apidocs/org/junit/rules/ExternalResource.html
624,/home/runner/work/junit4/junit4/target/site/apidocs/org/junit/runner/manipulation/Filterable.html
625,/home/runner/work/junit4/junit4/target/site/apidocs/org/junit/runner/FilterFactory.html
626,/home/runner/work/junit4/junit4/target/site/apidocs/org/junit/runner/FilterFactory.FilterNotCreatedException.html
627,/home/runner/work/junit4/junit4/target/site/apidocs/org/junit/internal/ComparisonCriteria.html
628,/home/runner/work/junit4/junit4/target/site/apidocs/junit/framework/ComparisonCompactor.html
629,/home/runner/work/junit4/junit4/target/site/apidocs/org/hamcrest/core/CombinableMatcher.CombinableEitherMatcher.html
630,/home/runner/work/junit4/junit4/target/site/apidocs/org/hamcrest/core/CombinableMatcher.CombinableBothMatcher.html
632,/home/runner/work/junit4/junit4/target/test-classes/org/junit/tests/junit3compatibility/InitializationErrorForwardCompatibilityTest$InitializesWithError.class
633,/home/runner/work/junit4/junit4/target/site/apidocs/org/junit/runners/model/Annotatable.html
635,/home/runner/work/junit4/junit4/target/site/apidocs/org/junit/validator/AnnotationValidatorFactory.html
637,/home/runner/work/junit4/junit4/target/site/apidocs/junit/framework/AssertionFailedError.html
638,/home/runner/work/junit4/junit4/target/site/apidocs/org/junit/runners/parameterized/BlockJUnit4ClassRunnerWithParametersFactory.html
639,/home/runner/work/junit4/junit4/target/site/apidocs/org/junit/experimental/theories/internal/BooleanSupplier.html
640,/home/runner/work/junit4/junit4/target/site/apidocs/org/junit/experimental/theories/class-use/PotentialAssignment.CouldNotGenerateValueException.html
641,/home/runner/work/junit4/junit4/target/site/apidocs/org/junit/experimental/theories/class-use/PotentialAssignment.html
642,/home/runner/work/junit4/junit4/target/site/apidocs/org/junit/experimental/categories/CategoryValidator.html
643,/home/runner/work/junit4/junit4/target/site/apidocs/org/junit/internal/Checks.html
644,/home/runner/work/junit4/junit4/target/site/apidocs/org/junit/internal/Classes.html
645,/home/runner/work/junit4/junit4/target/site/apidocs/org/junit/ClassRule.html
646,/home/runner/work/junit4/junit4/target/site/apidocs/org/junit/runner/FilterFactoryParams.html
647,/home/runner/work/junit4/junit4/target/site/javadoc/latest/type-search-index.js
648,/home/runner/work/junit4/junit4/target/site/apidocs/org/junit/runner/notification/StoppedByUserException.html
649,/home/runner/work/junit4/junit4/target/site/javadoc/latest/help-doc.html
650,/home/runner/work/junit4/junit4/target/site/apidocs/org/junit/runner/OrderWithValidator.html
651,/home/runner/work/junit4/junit4/target/site/apidocs/org/junit/runners/parameterized/ParametersRunnerFactory.html
652,/home/runner/work/junit4/junit4/target/site/apidocs/org/junit/experimental/theories/ParameterSupplier.html
653,/home/runner/work/junit4/junit4/target/site/apidocs/org/junit/experimental/theories/PotentialAssignment.html
654,/home/runner/work/junit4/junit4/target/site/apidocs/org/junit/experimental/theories/PotentialAssignment.CouldNotGenerateValueException.html
655,/home/runner/work/junit4/junit4/target/site/apidocs/org/junit/validator/PublicClassValidator.html
656,/home/runner/work/junit4/junit4/target/site/apidocs/org/junit/internal/RealSystem.html
657,/home/runner/work/junit4/junit4/target/site/apidocs/org/hamcrest/internal/ReflectiveTypeFinder.html
658,/home/runner/work/junit4/junit4/target/site/apidocs/org/junit/Rule.html
659,/home/runner/work/junit4/junit4/target/site/apidocs/org/junit/experimental/categories/IncludeCategories.html
660,/home/runner/work/junit4/junit4/target/site/apidocs/org/junit/runner/Runner.html
661,/home/runner/work/junit4/junit4/target/site/apidocs/org/junit/runners/model/RunnerScheduler.html
662,/home/runner/work/junit4/junit4/target/site/apidocs/org/junit/rules/RunRules.html
663,/home/runner/work/junit4/junit4/target/site/apidocs/org/hamcrest/SelfDescribing.html
664,/home/runner/work/junit4/junit4/target/site/apidocs/org/hamcrest/internal/SelfDescribingValue.html
665,/home/runner/work/junit4/junit4/target/site/apidocs/org/hamcrest/internal/SelfDescribingValueIterator.html
666,/home/runner/work/junit4/junit4/target/site/apidocs/org/junit/runner/manipulation/Sortable.html
667,/home/runner/work/junit4/junit4/target/site/apidocs/org/junit/runners/model/Statement.html
668,/home/runner/work/junit4/junit4/target/site/apidocs/org/junit/runner/manipulation/Ordering.Context.html
669,/home/runner/work/junit4/junit4/target/site/apidocs/org/junit/runner/manipulation/Orderer.html
670,/home/runner/work/junit4/junit4/target/site/apidocs/org/junit/runner/manipulation/Orderable.html
671,/home/runner/work/junit4/junit4/target/site/apidocs/org/junit/runner/manipulation/NoTestsRemainException.html
672,/home/runner/work/junit4/junit4/target/site/apidocs/org/junit/internal/InexactComparisonCriteria.html
673,/home/runner/work/junit4/junit4/target/site/apidocs/org/junit/runner/manipulation/InvalidOrderingException.html
674,/home/runner/work/junit4/junit4/target/site/apidocs/org/junit/runners/model/InvalidTestClassError.html
675,/home/runner/work/junit4/junit4/target/site/javadoc/latest/org/hamcrest/CustomTypeSafeMatcher.html
676,/home/runner/work/junit4/junit4/target/site/javadoc/latest/org/junit/experimental/theories/DataPoint.html
677,/home/runner/work/junit4/junit4/target/site/javadoc/latest/org/junit/experimental/theories/DataPoints.html
678,/home/runner/work/junit4/junit4/target/site/apidocs/org/junit/runners/JUnit4.html
679,/home/runner/work/junit4/junit4/target/site/javadoc/latest/org/junit/runner/Describable.html
680,/home/runner/work/junit4/junit4/target/site/apidocs/junit/framework/JUnit4TestCaseFacade.html
681,/home/runner/work/junit4/junit4/target/site/apidocs/org/junit/internal/JUnitSystem.html
682,/home/runner/work/junit4/junit4/target/site/apidocs/org/hamcrest/Matcher.html
683,/home/runner/work/junit4/junit4/target/site/apidocs/org/hamcrest/MatcherAssert.html
684,/home/runner/work/junit4/junit4/target/site/apidocs/org/junit/experimental/max/MaxHistory.html
685,/home/runner/work/junit4/junit4/target/site/apidocs/org/junit/runners/model/MemberValueConsumer.html
686,/home/runner/work/junit4/junit4/target/site/apidocs/org/junit/rules/MethodRule.html
687,/home/runner/work/junit4/junit4/target/site/apidocs/org/junit/internal/MethodSorter.html
688,/home/runner/work/junit4/junit4/target/site/javadoc/latest/src-html/org/hamcrest/TypeSafeMatcher.html
689,/home/runner/work/junit4/junit4/target/site/javadoc/latest/org/junit/validator/AnnotationValidatorFactory.html
690,/home/runner/work/junit4/junit4/target/site/javadoc/latest/src-html/org/junit/ClassRule.html
691,/home/runner/work/junit4/junit4/target/site/javadoc/latest/org/junit/runners/class-use/ParentRunner.html
692,/home/runner/work/junit4/junit4/target/site/javadoc/latest/org/junit/internal/package-summary.html
693,/home/runner/work/junit4/junit4/target/site/javadoc/latest/org/junit/rules/package-summary.html
694,/home/runner/work/junit4/junit4/target/site/javadoc/latest/org/junit/runner/package-summary.html
695,/home/runner/work/junit4/junit4/target/site/javadoc/latest/org/junit/runner/manipulation/package-summary.html
696,/home/runner/work/junit4/junit4/target/site/javadoc/latest/org/junit/runners/package-summary.html
697,/home/runner/work/junit4/junit4/target/site/javadoc/latest/org/junit/runners/package-tree.html
698,/home/runner/work/junit4/junit4/target/site/javadoc/latest/org/junit/runners/model/package-summary.html
699,/home/runner/work/junit4/junit4/target/site/javadoc/latest/src-html/org/junit/Rule.html
700,/home/runner/work/junit4/junit4/target/site/javadoc/latest/src-html/org/junit/experimental/theories/internal/SpecificDataPointsSupplier.html
701,/home/runner/work/junit4/junit4/target/site/javadoc/latest/src-html/org/junit/Test.html
702,/home/runner/work/junit4/junit4/target/site/javadoc/latest/src-html/org/junit/Test.None.html
703,/home/runner/work/junit4/junit4/target/site/javadoc/latest/org/junit/experimental/results/class-use/PrintableResult.html
704,/home/runner/work/junit4/junit4/target/site/javadoc/latest/org/junit/runner/FilterFactoryParams.html
705,/home/runner/work/junit4/junit4/target/site/javadoc/latest/org/junit/runner/FilterFactory.FilterNotCreatedException.html
706,/home/runner/work/junit4/junit4/target/site/javadoc/latest/org/junit/runner/FilterFactory.html
707,/home/runner/work/junit4/junit4/target/site/javadoc/latest/org/junit/runner/manipulation/Filterable.html
708,/home/runner/work/junit4/junit4/target/site/javadoc/latest/src-html/org/junit/experimental/theories/ParameterSignature.html
709,/home/runner/work/junit4/junit4/target/site/javadoc/latest/org/junit/experimental/theories/package-summary.html
710,/home/runner/work/junit4/junit4/target/site/javadoc/latest/org/junit/experimental/categories/package-summary.html
711,/home/runner/work/junit4/junit4/target/site/javadoc/latest/org/junit/package-tree.html
712,/home/runner/work/junit4/junit4/target/site/javadoc/latest/org/junit/runners/model/class-use/FrameworkField.html
713,/home/runner/work/junit4/junit4/target/site/javadoc/latest/org/junit/Test.None.html
714,/home/runner/work/junit4/junit4/target/site/javadoc/latest/org/junit/validator/TestClassValidator.html
715,/home/runner/work/junit4/junit4/target/site/javadoc/latest/org/junit/TestCouldNotBeSkippedException.html
716,/home/runner/work/junit4/junit4/target/site/javadoc/latest/org/junit/experimental/theories/suppliers/TestedOnSupplier.html
717,/home/runner/work/junit4/junit4/target/site/javadoc/latest/org/junit/rules/TestName.html
718,/home/runner/work/junit4/junit4/target/site/javadoc/latest/org/junit/rules/TestRule.html
719,/home/runner/work/junit4/junit4/target/site/javadoc/latest/org/junit/runners/model/TestTimedOutException.html
720,/home/runner/work/junit4/junit4/target/site/javadoc/latest/org/junit/runners/model/InvalidTestClassError.html
721,/home/runner/work/junit4/junit4/target/site/javadoc/latest/org/junit/internal/Throwables.html
722,/home/runner/work/junit4/junit4/target/site/javadoc/latest/org/junit/runner/manipulation/InvalidOrderingException.html
723,/home/runner/work/junit4/junit4/target/site/javadoc/latest/org/junit/internal/InexactComparisonCriteria.html
724,/home/runner/work/junit4/junit4/target/site/javadoc/latest/org/junit/experimental/categories/IncludeCategories.html
725,/home/runner/work/junit4/junit4/target/site/javadoc/latest/org/junit/rules/Verifier.html
726,/home/runner/work/junit4/junit4/target/site/javadoc/latest/org/hamcrest/package-summary.html
727,/home/runner/work/junit4/junit4/target/site/javadoc/latest/org/hamcrest/core/package-summary.html
728,/home/runner/work/junit4/junit4/target/site/javadoc/latest/org/junit/runners/model/class-use/FrameworkMember.html
729,/home/runner/work/junit4/junit4/target/site/javadoc/latest/org/junit/runners/model/class-use/RunnerBuilder.html
730,/home/runner/work/junit4/junit4/target/site/javadoc/latest/org/junit/package-summary.html
731,/home/runner/work/junit4/junit4/target/site/javadoc/latest/src-html/org/junit/experimental/theories/internal/Assignments.html
732,/home/runner/work/junit4/junit4/target/site/javadoc/latest/org/junit/experimental/theories/internal/class-use/Assignments.html
733,/home/runner/work/junit4/junit4/target/site/javadoc/latest/org/junit/runner/class-use/Computer.html
734,/home/runner/work/junit4/junit4/target/site/javadoc/latest/src-html/org/hamcrest/internal/ReflectiveTypeFinder.html
735,/home/runner/work/junit4/junit4/target/site/javadoc/latest/src-html/org/junit/rules/DisableOnDebug.html
736,/home/runner/work/junit4/junit4/target/site/javadoc/latest/src-html/org/junit/rules/ErrorCollector.html
737,/home/runner/work/junit4/junit4/target/site/javadoc/latest/src-html/org/junit/rules/ExternalResource.html
738,/home/runner/work/junit4/junit4/target/site/javadoc/latest/src-html/org/junit/rules/RuleChain.html
739,/home/runner/work/junit4/junit4/target/site/javadoc/latest/src-html/org/junit/rules/TestWatchman.html
740,/home/runner/work/junit4/junit4/target/site/javadoc/latest/src-html/org/hamcrest/BaseDescription.html
741,/home/runner/work/junit4/junit4/target/site/javadoc/latest/src-html/org/hamcrest/Description.html
742,/home/runner/work/junit4/junit4/target/site/javadoc/latest/src-html/org/hamcrest/Description.NullDescription.html
743,/home/runner/work/junit4/junit4/target/site/javadoc/latest/src-html/org/junit/experimental/results/ResultMatchers.html
744,/home/runner/work/junit4/junit4/target/site/javadoc/latest/src-html/org/hamcrest/core/IsNull.html
745,/home/runner/work/junit4/junit4/target/site/javadoc/latest/src-html/org/hamcrest/core/IsInstanceOf.html
746,/home/runner/work/junit4/junit4/target/site/javadoc/latest/src-html/org/hamcrest/core/IsCollectionContaining.html
747,/home/runner/work/junit4/junit4/target/site/javadoc/latest/src-html/org/hamcrest/core/Is.html
748,/home/runner/work/junit4/junit4/target/site/javadoc/latest/src-html/org/hamcrest/core/CombinableMatcher.CombinableEitherMatcher.html
749,/home/runner/work/junit4/junit4/target/site/javadoc/latest/src-html/org/hamcrest/core/CombinableMatcher.CombinableBothMatcher.html
750,/home/runner/work/junit4/junit4/target/site/javadoc/latest/src-html/org/hamcrest/core/CombinableMatcher.html
751,/home/runner/work/junit4/junit4/target/site/javadoc/latest/src-html/org/hamcrest/core/AnyOf.html
752,/home/runner/work/junit4/junit4/target/site/javadoc/latest/src-html/org/junit/internal/TextListener.html
753,/home/runner/work/junit4/junit4/target/site/javadoc/latest/src-html/org/junit/internal/ComparisonCriteria.html
755,/home/runner/work/junit4/junit4/target/site/javadoc/latest/src-html/org/junit/internal/AssumptionViolatedException.html
756,/home/runner/work/junit4/junit4/target/site/javadoc/latest/src-html/org/junit/runners/Suite.html
757,/home/runner/work/junit4/junit4/target/site/javadoc/latest/src-html/org/junit/runners/Suite.SuiteClasses.html
758,/home/runner/work/junit4/junit4/target/site/javadoc/latest/org/junit/experimental/theories/class-use/PotentialAssignment.CouldNotGenerateValueException.html
759,/home/runner/work/junit4/junit4/target/site/javadoc/latest/src-html/org/junit/runners/model/FrameworkField.html
761,/home/runner/work/junit4/junit4/target/site/javadoc/latest/src-html/org/junit/runners/model/MultipleFailureException.html
762,/home/runner/work/junit4/junit4/target/site/javadoc/latest/src-html/org/junit/runners/model/RunnerBuilder.html
763,/home/runner/work/junit4/junit4/target/site/javadoc/latest/src-html/org/junit/matchers/JUnitMatchers.html
764,/home/runner/work/junit4/junit4/target/site/javadoc/latest/src-html/org/junit/validator/AnnotationsValidator.html
766,/home/runner/work/junit4/junit4/target/site/javadoc/latest/org/junit/experimental/categories/class-use/Categories.CategoryFilter.html
770,/home/runner/work/junit4/junit4/target/site/javadoc/latest/src-html/org/junit/runner/notification/Failure.html
771,/home/runner/work/junit4/junit4/target/site/javadoc/latest/src-html/org/junit/runner/manipulation/Filter.html
773,/home/runner/work/junit4/junit4/target/site/javadoc/latest/src-html/org/junit/runner/manipulation/Sorter.html
774,/home/runner/work/junit4/junit4/target/site/javadoc/latest/org/junit/Test.html
776,/home/runner/work/junit4/junit4/target/surefire-reports/TEST-org.junit.tests.assertion.AssertionTest.xml
777,/home/runner/work/junit4/junit4/target/site/javadoc/latest/org/junit/validator/PublicClassValidator.html
778,/home/runner/work/junit4/junit4/target/site/javadoc/latest/org/junit/rules/class-use/TestRule.html
779,/home/runner/work/junit4/junit4/target/site/javadoc/latest/org/junit/internal/JUnitSystem.html
780,/home/runner/work/junit4/junit4/target/site/javadoc/latest/org/junit/runner/manipulation/Ordering.Context.html
781,/home/runner/work/junit4/junit4/target/site/javadoc/latest/org/junit/runners/model/RunnerScheduler.html
782,/home/runner/work/junit4/junit4/target/site/javadoc/latest/org/junit/runner/manipulation/class-use/Sortable.html
783,/home/runner/work/junit4/junit4/target/site/javadoc/latest/org/hamcrest/internal/SelfDescribingValue.html
784,/home/runner/work/junit4/junit4/target/site/javadoc/latest/org/hamcrest/internal/SelfDescribingValueIterator.html
785,/home/runner/work/junit4/junit4/target/site/javadoc/latest/org/junit/runner/manipulation/Sortable.html
786,/home/runner/work/junit4/junit4/target/site/javadoc/latest/org/junit/runners/parameterized/ParametersRunnerFactory.html
787,/home/runner/work/junit4/junit4/target/site/javadoc/latest/org/junit/experimental/theories/PotentialAssignment.CouldNotGenerateValueException.html
788,/home/runner/work/junit4/junit4/target/site/javadoc/latest/org/junit/runner/Runner.html
789,/home/runner/work/junit4/junit4/target/site/javadoc/latest/org/hamcrest/Matcher.html
790,/home/runner/work/junit4/junit4/target/site/javadoc/latest/org/junit/rules/MethodRule.html
791,/home/runner/work/junit4/junit4/target/site/javadoc/latest/org/junit/runner/manipulation/class-use/Filter.html
792,/home/runner/work/junit4/junit4/target/site/javadoc/latest/org/junit/runner/manipulation/class-use/Filterable.html
793,/home/runner/work/junit4/junit4/target/site/javadoc/latest/org/junit/runners/model/MemberValueConsumer.html
794,/home/runner/work/junit4/junit4/target/site/javadoc/latest/org/junit/experimental/theories/ParameterSupplier.html
795,/home/runner/work/junit4/junit4/target/site/javadoc/latest/org/junit/experimental/theories/internal/BooleanSupplier.html
796,/home/runner/work/junit4/junit4/target/site/javadoc/latest/org/hamcrest/MatcherAssert.html
797,/home/runner/work/junit4/junit4/target/site/javadoc/latest/org/junit/experimental/max/MaxHistory.html
798,/home/runner/work/junit4/junit4/target/site/javadoc/latest/org/junit/experimental/theories/PotentialAssignment.html
799,/home/runner/work/junit4/junit4/target/site/javadoc/latest/org/junit/runners/parameterized/BlockJUnit4ClassRunnerWithParametersFactory.html
800,/home/runner/work/junit4/junit4/target/site/javadoc/latest/org/junit/Rule.html
801,/home/runner/work/junit4/junit4/target/site/javadoc/latest/org/junit/runner/manipulation/Orderable.html
802,/home/runner/work/junit4/junit4/target/site/javadoc/latest/org/junit/runners/model/Statement.html
803,/home/runner/work/junit4/junit4/target/site/javadoc/latest/org/junit/internal/class-use/ArrayComparisonFailure.html
805,/home/runner/work/junit4/junit4/target/site/javadoc/latest/org/hamcrest/internal/ArrayIterator.html
806,/home/runner/work/junit4/junit4/target/site/javadoc/latest/org/junit/runner/class-use/Describable.html
807,/home/runner/work/junit4/junit4/target/site/javadoc/latest/org/junit/runner/class-use/Result.html
808,/home/runner/work/junit4/junit4/target/site/javadoc/latest/org/hamcrest/class-use/BaseMatcher.html
809,/home/runner/work/junit4/junit4/target/site/javadoc/latest/org/junit/rules/RunRules.html
810,/home/runner/work/junit4/junit4/target/site/javadoc/latest/org/junit/internal/RealSystem.html
812,/home/runner/work/junit4/junit4/target/site/javadoc/latest/org/junit/runner/notification/class-use/RunNotifier.html
813,/home/runner/work/junit4/junit4/target/site/javadoc/latest/org/junit/runner/notification/class-use/RunListener.html
814,/home/runner/work/junit4/junit4/target/site/javadoc/latest/org/junit/rules/TemporaryFolder.Builder.html
815,/home/runner/work/junit4/junit4/target/site/javadoc/latest/org/junit/runner/manipulation/class-use/Ordering.html
816,/home/runner/work/junit4/junit4/target/site/javadoc/latest/org/junit/runner/manipulation/NoTestsRemainException.html
817,/home/runner/work/junit4/junit4/target/site/javadoc/latest/org/junit/runner/notification/StoppedByUserException.html
818,/home/runner/work/junit4/junit4/target/site/javadoc/latest/org/hamcrest/SelfDescribing.html
819,/home/runner/work/junit4/junit4/target/site/javadoc/latest/org/hamcrest/internal/ReflectiveTypeFinder.html
820,/home/runner/work/junit4/junit4/target/site/javadoc/latest/org/junit/runners/JUnit4.html
821,/home/runner/work/junit4/junit4/target/site/javadoc/latest/org/junit/internal/MethodSorter.html
822,/home/runner/work/junit4/junit4/target/site/javadoc/latest/org/junit/runner/manipulation/class-use/InvalidOrderingException.html
823,/home/runner/work/junit4/junit4/target/site/javadoc/latest/org/junit/runner/manipulation/Orderer.html
824,/home/runner/work/junit4/junit4/target/site/javadoc/latest/src-html/org/junit/runners/model/TestTimedOutException.html
825,/home/runner/work/junit4/junit4/target/site/javadoc/latest/src-html/org/junit/runners/model/Statement.html
826,/home/runner/work/junit4/junit4/target/site/javadoc/latest/src-html/org/junit/runners/model/RunnerScheduler.html
827,/home/runner/work/junit4/junit4/target/site/javadoc/latest/src-html/org/junit/validator/AnnotationValidatorFactory.html
828,/home/runner/work/junit4/junit4/target/site/javadoc/latest/src-html/org/junit/validator/PublicClassValidator.html
829,/home/runner/work/junit4/junit4/target/site/javadoc/latest/tag-search-index.js
830,/home/runner/work/junit4/junit4/target/site/javadoc/latest/src-html/org/junit/validator/ValidateWith.html
831,/home/runner/work/junit4/junit4/target/site/javadoc/latest/src-html/org/junit/runners/parameterized/BlockJUnit4ClassRunnerWithParametersFactory.html
832,/home/runner/work/junit4/junit4/target/site/javadoc/latest/src-html/org/junit/runner/Computer.html
833,/home/runner/work/junit4/junit4/target/site/javadoc/latest/src-html/org/junit/validator/TestClassValidator.html
834,/home/runner/work/junit4/junit4/target/site/apidocs/src-html/org/junit/internal/MethodSorter.html
835,/home/runner/work/junit4/junit4/target/site/javadoc/latest/src-html/org/junit/runners/parameterized/ParametersRunnerFactory.html
836,/home/runner/work/junit4/junit4/target/site/apidocs/src-html/org/junit/internal/RealSystem.html
837,/home/runner/work/junit4/junit4/target/site/javadoc/latest/src-html/org/junit/runners/parameterized/TestWithParameters.html
838,/home/runner/work/junit4/junit4/target/site/javadoc/latest/src-html/org/junit/runner/Describable.html
839,/home/runner/work/junit4/junit4/target/site/javadoc/latest/src-html/org/junit/validator/AnnotationValidator.html
840,/home/runner/work/junit4/junit4/target/site/apidocs/src-html/junit/framework/JUnit4TestCaseFacade.html
841,/home/runner/work/junit4/junit4/target/site/javadoc/latest/src-html/org/junit/runners/model/MemberValueConsumer.html
842,/home/runner/work/junit4/junit4/target/site/javadoc/latest/src-html/org/junit/runners/model/InvalidTestClassError.html
843,/home/runner/work/junit4/junit4/target/site/javadoc/latest/src-html/org/junit/experimental/theories/internal/BooleanSupplier.html
844,/home/runner/work/junit4/junit4/target/site/javadoc/latest/src-html/org/junit/experimental/theories/internal/EnumSupplier.html
845,/home/runner/work/junit4/junit4/target/site/apidocs/org/junit/class-use/Test.None.html
846,/home/runner/work/junit4/junit4/target/site/javadoc/latest/src-html/org/junit/experimental/theories/internal/ParameterizedAssertionError.html
847,/home/runner/work/junit4/junit4/target/site/javadoc/latest/javadoc.sh
848,/home/runner/work/junit4/junit4/target/site/apidocs/src-html/org/junit/rules/RunRules.html
849,/home/runner/work/junit4/junit4/target/site/javadoc/latest/src-html/org/junit/experimental/results/PrintableResult.html
850,/home/runner/work/junit4/junit4/target/site/javadoc/latest/overview-summary.html
851,/home/runner/work/junit4/junit4/target/site/apidocs/org/junit/function/class-use/ThrowingRunnable.html
852,/home/runner/work/junit4/junit4/target/site/javadoc/latest/src-html/org/junit/experimental/ParallelComputer.html
853,/home/runner/work/junit4/junit4/target/site/javadoc/latest/src-html/org/junit/runners/AllTests.html
854,/home/runner/work/junit4/junit4/target/site/javadoc/latest/src-html/org/junit/runners/JUnit4.html
855,/home/runner/work/junit4/junit4/target/site/apidocs/org/junit/experimental/runners/class-use/Enclosed.html
856,/home/runner/work/junit4/junit4/target/site/apidocs/org/junit/experimental/max/class-use/MaxHistory.html
857,/home/runner/work/junit4/junit4/target/site/apidocs/org/junit/experimental/max/class-use/CouldNotReadCoreException.html
858,/home/runner/work/junit4/junit4/target/site/apidocs/org/junit/experimental/max/class-use/MaxCore.html
859,/home/runner/work/junit4/junit4/target/site/apidocs/org/junit/experimental/categories/class-use/IncludeCategories.html
860,/home/runner/work/junit4/junit4/target/site/javadoc/latest/src-html/org/junit/runners/MethodSorters.html
861,/home/runner/work/junit4/junit4/target/site/apidocs/src-html/org/junit/rules/MethodRule.html
862,/home/runner/work/junit4/junit4/target/site/apidocs/org/junit/experimental/categories/class-use/CategoryValidator.html
863,/home/runner/work/junit4/junit4/target/site/apidocs/org/junit/experimental/categories/class-use/Category.html
864,/home/runner/work/junit4/junit4/target/site/javadoc/latest/src-html/org/junit/runner/FilterFactory.FilterNotCreatedException.html
865,/home/runner/work/junit4/junit4/target/site/javadoc/latest/src-html/org/junit/runners/model/Annotatable.html
866,/home/runner/work/junit4/junit4/target/site/javadoc/latest/org/junit/runner/notification/RunListener.ThreadSafe.html
867,/home/runner/work/junit4/junit4/target/site/javadoc/latest/src-html/org/junit/runners/model/FrameworkMember.html
868,/home/runner/work/junit4/junit4/target/site/javadoc/latest/org/hamcrest/Factory.html
869,/home/runner/work/junit4/junit4/target/site/javadoc/latest/src-html/org/junit/runners/model/InitializationError.html
870,/home/runner/work/junit4/junit4/target/site/javadoc/latest/src-html/org/junit/runner/FilterFactory.html
871,/home/runner/work/junit4/junit4/target/site/apidocs/org/junit/experimental/categories/class-use/Categories.ExcludeCategory.html
872,/home/runner/work/junit4/junit4/target/site/javadoc/latest/src-html/org/junit/runner/FilterFactoryParams.html
873,/home/runner/work/junit4/junit4/target/site/apidocs/org/junit/experimental/theories/class-use/DataPoint.html
874,/home/runner/work/junit4/junit4/target/site/apidocs/src-html/org/junit/internal/ArrayComparisonFailure.html
875,/home/runner/work/junit4/junit4/target/site/javadoc/latest/src-html/org/hamcrest/DiagnosingMatcher.html
876,/home/runner/work/junit4/junit4/target/site/javadoc/latest/org/junit/runners/Parameterized.UseParametersRunnerFactory.html
877,/home/runner/work/junit4/junit4/target/site/javadoc/latest/org/junit/runner/manipulation/Ordering.Factory.html
878,/home/runner/work/junit4/junit4/target/site/javadoc/latest/src-html/org/hamcrest/CustomTypeSafeMatcher.html
879,/home/runner/work/junit4/junit4/target/site/javadoc/latest/src-html/org/hamcrest/CustomMatcher.html
880,/home/runner/work/junit4/junit4/target/site/javadoc/latest/src-html/org/hamcrest/Condition.Step.html
881,/home/runner/work/junit4/junit4/target/site/javadoc/latest/src-html/org/junit/runner/OrderWith.html
882,/home/runner/work/junit4/junit4/target/site/javadoc/latest/src-html/org/hamcrest/Condition.html
883,/home/runner/work/junit4/junit4/target/site/javadoc/latest/src-html/org/hamcrest/BaseMatcher.html
884,/home/runner/work/junit4/junit4/target/site/javadoc/latest/src-html/org/junit/rules/Verifier.html
885,/home/runner/work/junit4/junit4/target/site/javadoc/latest/org/junit/experimental/theories/ParametersSuppliedBy.html
886,/home/runner/work/junit4/junit4/target/site/javadoc/latest/src-html/org/junit/rules/TestRule.html
887,/home/runner/work/junit4/junit4/target/site/javadoc/latest/src-html/org/junit/rules/TestName.html
888,/home/runner/work/junit4/junit4/target/site/apidocs/org/junit/experimental/theories/class-use/DataPoints.html
889,/home/runner/work/junit4/junit4/target/site/apidocs/org/junit/experimental/theories/class-use/FromDataPoints.html
890,/home/runner/work/junit4/junit4/target/site/javadoc/latest/src-html/org/hamcrest/Factory.html
891,/home/runner/work/junit4/junit4/target/site/javadoc/latest/org/junit/runners/Parameterized.Parameters.html
892,/home/runner/work/junit4/junit4/target/site/apidocs/org/junit/experimental/theories/class-use/Theories.html
893,/home/runner/work/junit4/junit4/target/site/javadoc/latest/org/junit/runners/Parameterized.Parameter.html
894,/home/runner/work/junit4/junit4/target/site/javadoc/latest/src-html/org/hamcrest/FeatureMatcher.html
895,/home/runner/work/junit4/junit4/target/site/javadoc/latest/src-html/org/hamcrest/Matcher.html
896,/home/runner/work/junit4/junit4/target/site/javadoc/latest/src-html/org/hamcrest/MatcherAssert.html
897,/home/runner/work/junit4/junit4/target/site/javadoc/latest/src-html/org/hamcrest/SelfDescribing.html
898,/home/runner/work/junit4/junit4/target/site/javadoc/latest/src-html/org/hamcrest/StringDescription.html
899,/home/runner/work/junit4/junit4/target/site/apidocs/src-html/org/junit/runner/manipulation/Sortable.html
900,/home/runner/work/junit4/junit4/target/site/javadoc/latest/src-html/org/hamcrest/TypeSafeDiagnosingMatcher.html
901,/home/runner/work/junit4/junit4/target/site/javadoc/latest/org/junit/runners/Parameterized.BeforeParam.html
902,/home/runner/work/junit4/junit4/target/site/javadoc/latest/org/junit/validator/package-use.html
903,/home/runner/work/junit4/junit4/target/site/javadoc/latest/org/junit/runners/parameterized/package-use.html
904,/home/runner/work/junit4/junit4/target/site/javadoc/latest/org/junit/runners/Parameterized.AfterParam.html
905,/home/runner/work/junit4/junit4/target/site/javadoc/latest/src-html/org/junit/rules/RunRules.html
906,/home/runner/work/junit4/junit4/target/site/apidocs/src-html/org/junit/internal/Checks.html
907,/home/runner/work/junit4/junit4/target/site/javadoc/latest/src-html/org/junit/rules/MethodRule.html
908,/home/runner/work/junit4/junit4/target/site/javadoc/latest/src-html/org/junit/experimental/theories/suppliers/TestedOn.html
909,/home/runner/work/junit4/junit4/target/site/javadoc/latest/src-html/org/junit/runner/OrderWithValidator.html
910,/home/runner/work/junit4/junit4/target/site/apidocs/org/junit/experimental/categories/class-use/ExcludeCategories.html
911,/home/runner/work/junit4/junit4/target/site/apidocs/org/junit/experimental/categories/class-use/Categories.html
912,/home/runner/work/junit4/junit4/target/site/apidocs/src-html/org/junit/internal/JUnitSystem.html
913,/home/runner/work/junit4/junit4/target/site/javadoc/latest/src-html/org/junit/runner/Runner.html
914,/home/runner/work/junit4/junit4/target/site/javadoc/latest/src-html/org/junit/runner/RunWith.html
915,/home/runner/work/junit4/junit4/target/site/apidocs/src-html/org/junit/internal/InexactComparisonCriteria.html
916,/home/runner/work/junit4/junit4/target/site/javadoc/latest/src-html/org/junit/runner/notification/StoppedByUserException.html
917,/home/runner/work/junit4/junit4/target/site/javadoc/latest/src-html/org/junit/runner/manipulation/Alphanumeric.html
918,/home/runner/work/junit4/junit4/target/site/apidocs/src-html/org/junit/internal/ExactComparisonCriteria.html
919,/home/runner/work/junit4/junit4/target/site/javadoc/latest/src-html/org/junit/runner/manipulation/Filterable.html
920,/home/runner/work/junit4/junit4/target/site/javadoc/latest/src-html/org/junit/runner/manipulation/InvalidOrderingException.html
921,/home/runner/work/junit4/junit4/target/site/javadoc/latest/src-html/org/junit/runner/manipulation/NoTestsRemainException.html
922,/home/runner/work/junit4/junit4/target/site/javadoc/latest/src-html/org/junit/runner/manipulation/Orderable.html
923,/home/runner/work/junit4/junit4/target/site/javadoc/latest/package-search-index.js
924,/home/runner/work/junit4/junit4/target/site/apidocs/src-html/org/junit/runner/manipulation/Orderer.html
925,/home/runner/work/junit4/junit4/target/site/javadoc/latest/src-html/org/junit/runner/manipulation/Orderer.html
926,/home/runner/work/junit4/junit4/target/site/javadoc/latest/src-html/org/junit/runner/manipulation/Sortable.html
927,/home/runner/work/junit4/junit4/target/site/javadoc/latest/src-html/org/junit/internal/ArrayComparisonFailure.html
928,/home/runner/work/junit4/junit4/target/site/apidocs/src-html/org/junit/internal/Classes.html
929,/home/runner/work/junit4/junit4/target/site/javadoc/latest/src-html/org/junit/internal/Checks.html
930,/home/runner/work/junit4/junit4/target/site/javadoc/latest/src-html/org/junit/internal/Classes.html
931,/home/runner/work/junit4/junit4/target/site/javadoc/latest/module-search-index.js
932,/home/runner/work/junit4/junit4/target/site/javadoc/latest/src-html/org/junit/internal/ExactComparisonCriteria.html
933,/home/runner/work/junit4/junit4/target/site/javadoc/latest/src-html/org/junit/internal/InexactComparisonCriteria.html
934,/home/runner/work/junit4/junit4/target/site/javadoc/latest/src-html/org/junit/internal/JUnitSystem.html
935,/home/runner/work/junit4/junit4/target/site/javadoc/latest/src-html/org/junit/internal/MethodSorter.html
936,/home/runner/work/junit4/junit4/target/site/javadoc/latest/src-html/org/junit/internal/RealSystem.html
937,/home/runner/work/junit4/junit4/target/site/javadoc/latest/allpackages-index.html
938,/home/runner/work/junit4/junit4/target/site/apidocs/org/junit/experimental/categories/class-use/Categories.IncludeCategory.html
939,/home/runner/work/junit4/junit4/target/site/javadoc/latest/src-html/org/junit/experimental/theories/suppliers/TestedOnSupplier.html
940,/home/runner/work/junit4/junit4/target/site/javadoc/latest/src-html/org/junit/experimental/categories/CategoryValidator.html
941,/home/runner/work/junit4/junit4/target/site/javadoc/latest/src-html/org/junit/experimental/theories/Theory.html
942,/home/runner/work/junit4/junit4/target/site/javadoc/latest/org/hamcrest/internal/package-tree.html
943,/home/runner/work/junit4/junit4/target/site/javadoc/latest/org/junit/experimental/max/package-summary.html
944,/home/runner/work/junit4/junit4/target/site/javadoc/latest/org/junit/experimental/categories/package-tree.html
945,/home/runner/work/junit4/junit4/target/site/javadoc/latest/script-dir/images/ui-bg_glass_55_fbf9ee_1x400.png
946,/home/runner/work/junit4/junit4/target/site/javadoc/latest/org/junit/experimental/package-tree.html
947,/home/runner/work/junit4/junit4/target/site/javadoc/latest/org/junit/experimental/package-summary.html
948,/home/runner/work/junit4/junit4/target/site/javadoc/latest/script-dir/images/ui-icons_cd0a0a_256x240.png
949,/home/runner/work/junit4/junit4/target/site/javadoc/latest/org/hamcrest/internal/package-summary.html
950,/home/runner/work/junit4/junit4/target/site/apidocs/src-html/org/hamcrest/core/Every.html
951,/home/runner/work/junit4/junit4/target/site/apidocs/src-html/org/junit/rules/Verifier.html
952,/home/runner/work/junit4/junit4/target/site/apidocs/src-html/org/hamcrest/TypeSafeDiagnosingMatcher.html
953,/home/runner/work/junit4/junit4/target/site/javadoc/latest/org/hamcrest/core/package-tree.html
954,/home/runner/work/junit4/junit4/target/site/apidocs/src-html/org/hamcrest/StringDescription.html
955,/home/runner/work/junit4/junit4/target/site/apidocs/src-html/org/hamcrest/SelfDescribing.html
956,/home/runner/work/junit4/junit4/target/site/apidocs/src-html/org/hamcrest/MatcherAssert.html
957,/home/runner/work/junit4/junit4/target/site/apidocs/src-html/org/hamcrest/core/DescribedAs.html
958,/home/runner/work/junit4/junit4/target/site/javadoc/latest/org/junit/experimental/max/package-tree.html
959,/home/runner/work/junit4/junit4/target/site/javadoc/latest/org/hamcrest/package-tree.html
960,/home/runner/work/junit4/junit4/target/site/apidocs/src-html/org/hamcrest/core/StringEndsWith.html
961,/home/runner/work/junit4/junit4/target/site/apidocs/src-html/org/hamcrest/internal/ArrayIterator.html
962,/home/runner/work/junit4/junit4/target/site/javadoc/latest/org/junit/experimental/theories/internal/package-tree.html
963,/home/runner/work/junit4/junit4/target/site/javadoc/latest/org/junit/experimental/theories/internal/package-summary.html
964,/home/runner/work/junit4/junit4/target/site/apidocs/src-html/org/hamcrest/core/SubstringMatcher.html
965,/home/runner/work/junit4/junit4/target/site/apidocs/src-html/org/hamcrest/core/StringStartsWith.html
966,/home/runner/work/junit4/junit4/target/site/javadoc/latest/org/junit/experimental/theories/package-tree.html
967,/home/runner/work/junit4/junit4/target/site/apidocs/src-html/org/hamcrest/core/StringContains.html
968,/home/runner/work/junit4/junit4/target/site/apidocs/src-html/org/hamcrest/core/IsAnything.html
969,/home/runner/work/junit4/junit4/target/site/apidocs/src-html/org/hamcrest/core/IsSame.html
970,/home/runner/work/junit4/junit4/target/site/apidocs/src-html/org/hamcrest/core/IsNot.html
971,/home/runner/work/junit4/junit4/target/site/javadoc/latest/org/junit/experimental/runners/package-tree.html
972,/home/runner/work/junit4/junit4/target/site/javadoc/latest/org/junit/experimental/runners/package-summary.html
973,/home/runner/work/junit4/junit4/target/site/javadoc/latest/org/junit/experimental/results/package-tree.html
974,/home/runner/work/junit4/junit4/target/site/javadoc/latest/org/junit/experimental/results/package-summary.html
975,/home/runner/work/junit4/junit4/target/site/javadoc/latest/script-dir/images/ui-icons_2e83ff_256x240.png
976,/home/runner/work/junit4/junit4/target/site/apidocs/src-html/org/hamcrest/Matcher.html
977,/home/runner/work/junit4/junit4/target/site/javadoc/latest/src-html/org/junit/experimental/theories/PotentialAssignment.CouldNotGenerateValueException.html
978,/home/runner/work/junit4/junit4/target/site/apidocs/src-html/junit/runner/TestRunListener.html
979,/home/runner/work/junit4/junit4/target/site/apidocs/src-html/junit/extensions/ActiveTestSuite.html
980,/home/runner/work/junit4/junit4/target/site/javadoc/latest/org/junit/experimental/theories/Theory.html
981,/home/runner/work/junit4/junit4/target/site/javadoc/latest/script-dir/images/ui-bg_glass_95_fef1ec_1x400.png
982,/home/runner/work/junit4/junit4/target/site/javadoc/latest/script-dir/images/ui-bg_glass_75_dadada_1x400.png
983,/home/runner/work/junit4/junit4/target/site/javadoc/latest/script-dir/images/ui-bg_highlight-soft_75_cccccc_1x100.png
984,/home/runner/work/junit4/junit4/target/site/apidocs/src-html/junit/runner/Version.html
985,/home/runner/work/junit4/junit4/target/site/javadoc/latest/org/junit/runners/Suite.SuiteClasses.html
986,/home/runner/work/junit4/junit4/target/site/apidocs/src-html/junit/extensions/TestDecorator.html
987,/home/runner/work/junit4/junit4/target/site/javadoc/latest/org/junit/experimental/theories/suppliers/TestedOn.html
988,/home/runner/work/junit4/junit4/target/site/apidocs/src-html/junit/framework/TestListener.html
989,/home/runner/work/junit4/junit4/target/site/apidocs/src-html/junit/framework/TestFailure.html
990,/home/runner/work/junit4/junit4/target/site/javadoc/latest/script-dir/images/ui-icons_888888_256x240.png
991,/home/runner/work/junit4/junit4/target/site/apidocs/src-html/junit/framework/Test.html
992,/home/runner/work/junit4/junit4/target/site/apidocs/src-html/junit/framework/Protectable.html
993,/home/runner/work/junit4/junit4/target/site/apidocs/src-html/junit/extensions/RepeatedTest.html
994,/home/runner/work/junit4/junit4/target/site/apidocs/src-html/junit/extensions/TestSetup.html
995,/home/runner/work/junit4/junit4/target/site/apidocs/src-html/org/hamcrest/FeatureMatcher.html
996,/home/runner/work/junit4/junit4/target/site/apidocs/src-html/org/hamcrest/CustomMatcher.html
997,/home/runner/work/junit4/junit4/target/site/apidocs/src-html/org/hamcrest/Factory.html
998,/home/runner/work/junit4/junit4/target/site/apidocs/src-html/org/hamcrest/DiagnosingMatcher.html
999,/home/runner/work/junit4/junit4/target/site/apidocs/src-html/junit/framework/AssertionFailedError.html
1000,/home/runner/work/junit4/junit4/target/site/javadoc/latest/element-list
1001,/home/runner/work/junit4/junit4/target/site/javadoc/latest/script-dir/jquery-ui.structure.min.css
1002,/home/runner/work/junit4/junit4/target/site/apidocs/src-html/org/hamcrest/CustomTypeSafeMatcher.html
1003,/home/runner/work/junit4/junit4/target/site/javadoc/latest/script-dir/images/ui-bg_glass_65_dadada_1x400.png
1004,/home/runner/work/junit4/junit4/target/site/javadoc/latest/org/junit/function/ThrowingRunnable.html
1005,/home/runner/work/junit4/junit4/target/site/javadoc/latest/script-dir/images/ui-icons_454545_256x240.png
1006,/home/runner/work/junit4/junit4/target/site/apidocs/src-html/org/hamcrest/Condition.Step.html
1007,/home/runner/work/junit4/junit4/target/site/apidocs/src-html/org/hamcrest/Condition.html
1008,/home/runner/work/junit4/junit4/target/site/javadoc/latest/org/junit/validator/ValidateWith.html
1009,/home/runner/work/junit4/junit4/target/site/apidocs/src-html/org/hamcrest/BaseMatcher.html
1010,/home/runner/work/junit4/junit4/target/site/apidocs/src-html/junit/framework/ComparisonFailure.html
1011,/home/runner/work/junit4/junit4/target/site/javadoc/latest/org/junit/experimental/theories/suppliers/package-summary.html
1012,/home/runner/work/junit4/junit4/target/site/apidocs/src-html/org/hamcrest/internal/SelfDescribingValue.html
1013,/home/runner/work/junit4/junit4/target/site/javadoc/latest/org/junit/experimental/theories/suppliers/package-tree.html
1014,/home/runner/work/junit4/junit4/target/site/javadoc/latest/src-html/org/junit/Ignore.html
1015,/home/runner/work/junit4/junit4/target/site/javadoc/latest/src-html/org/junit/experimental/max/CouldNotReadCoreException.html
1016,/home/runner/work/junit4/junit4/target/site/javadoc/latest/src-html/org/junit/experimental/runners/Enclosed.html
1017,/home/runner/work/junit4/junit4/target/site/javadoc/latest/src-html/org/junit/function/ThrowingRunnable.html
1018,/home/runner/work/junit4/junit4/target/site/javadoc/latest/src-html/org/junit/TestCouldNotBeSkippedException.html
1019,/home/runner/work/junit4/junit4/target/site/javadoc/latest/script.js
1020,/home/runner/work/junit4/junit4/target/site/apidocs/org/junit/class-use/AssumptionViolatedException.html
1021,/home/runner/work/junit4/junit4/target/site/javadoc/latest/src-html/org/junit/FixMethodOrder.html
1022,/home/runner/work/junit4/junit4/target/site/apidocs/src-html/org/junit/rules/TestRule.html
1023,/home/runner/work/junit4/junit4/target/site/javadoc/latest/src-html/org/junit/BeforeClass.html
1024,/home/runner/work/junit4/junit4/target/site/javadoc/latest/src-html/org/junit/Before.html
1025,/home/runner/work/junit4/junit4/target/site/javadoc/latest/resources/glass.png
1026,/home/runner/work/junit4/junit4/target/site/javadoc/latest/src-html/org/junit/AssumptionViolatedException.html
1027,/home/runner/work/junit4/junit4/target/site/javadoc/latest/org/junit/experimental/theories/FromDataPoints.html
1028,/home/runner/work/junit4/junit4/target/site/javadoc/latest/src-html/org/junit/AfterClass.html
1029,/home/runner/work/junit4/junit4/target/site/javadoc/latest/org/junit/FixMethodOrder.html
1030,/home/runner/work/junit4/junit4/target/site/apidocs/src-html/org/junit/rules/TestName.html
1031,/home/runner/work/junit4/junit4/target/site/apidocs/src-html/org/hamcrest/internal/SelfDescribingValueIterator.html
1032,/home/runner/work/junit4/junit4/target/site/javadoc/latest/src-html/org/junit/experimental/theories/DataPoints.html
1033,/home/runner/work/junit4/junit4/target/site/javadoc/latest/src-html/org/junit/experimental/theories/PotentialAssignment.html
1034,/home/runner/work/junit4/junit4/target/site/javadoc/latest/src-html/org/junit/experimental/theories/ParameterSupplier.html
1035,/home/runner/work/junit4/junit4/target/site/javadoc/latest/src-html/org/junit/experimental/theories/ParametersSuppliedBy.html
1036,/home/runner/work/junit4/junit4/target/site/javadoc/latest/legal/ADDITIONAL_LICENSE_INFO
1037,/home/runner/work/junit4/junit4/target/site/apidocs/org/junit/class-use/Test.html
1038,/home/runner/work/junit4/junit4/target/site/javadoc/latest/src-html/org/junit/experimental/theories/FromDataPoints.html
1039,/home/runner/work/junit4/junit4/target/site/javadoc/latest/src-html/org/junit/experimental/theories/DataPoint.html
1040,/home/runner/work/junit4/junit4/target/site/javadoc/latest/legal/jqueryUI.md
1041,/home/runner/work/junit4/junit4/target/site/javadoc/latest/src-html/org/junit/experimental/categories/IncludeCategories.html
1042,/home/runner/work/junit4/junit4/target/site/javadoc/latest/src-html/org/junit/experimental/categories/ExcludeCategories.html
1043,/home/runner/work/junit4/junit4/target/site/apidocs/org/junit/class-use/ComparisonFailure.html
1044,/home/runner/work/junit4/junit4/target/site/apidocs/src-html/junit/framework/JUnit4TestAdapterCache.html
1045,/home/runner/work/junit4/junit4/target/site/javadoc/latest/src-html/org/junit/experimental/categories/Category.html
1046,/home/runner/work/junit4/junit4/target/site/javadoc/latest/org/junit/runner/RunWith.html
1047,/home/runner/work/junit4/junit4/target/site/apidocs/org/junit/class-use/Ignore.html
1048,/home/runner/work/junit4/junit4/target/site/javadoc/latest/src-html/org/junit/After.html
1049,/home/runner/work/junit4/junit4/target/site/javadoc/latest/org/junit/Ignore.html
1050,/home/runner/work/junit4/junit4/target/site/apidocs/org/junit/class-use/Assume.html
1051,/home/runner/work/junit4/junit4/target/site/javadoc/latest/org/junit/matchers/package-summary.html
1052,/home/runner/work/junit4/junit4/target/site/apidocs/org/junit/class-use/TestCouldNotBeSkippedException.html
1053,/home/runner/work/junit4/junit4/target/site/javadoc/latest/org/junit/internal/package-tree.html
1054,/home/runner/work/junit4/junit4/target/site/javadoc/latest/script-dir/images/ui-icons_222222_256x240.png
1055,/home/runner/work/junit4/junit4/target/site/apidocs/org/junit/class-use/Assert.html
1056,/home/runner/work/junit4/junit4/target/site/apidocs/org/junit/class-use/FixMethodOrder.html
1057,/home/runner/work/junit4/junit4/target/site/javadoc/latest/org/junit/function/package-tree.html
1058,/home/runner/work/junit4/junit4/target/site/javadoc/latest/constant-values.html
1059,/home/runner/work/junit4/junit4/target/site/apidocs/org/junit/class-use/AfterClass.html
1060,/home/runner/work/junit4/junit4/target/site/apidocs/org/junit/class-use/Before.html
1061,/home/runner/work/junit4/junit4/target/site/apidocs/org/junit/class-use/BeforeClass.html
1062,/home/runner/work/junit4/junit4/target/site/apidocs/org/junit/class-use/After.html
1063,/home/runner/work/junit4/junit4/target/site/apidocs/stylesheet.css
1064,/home/runner/work/junit4/junit4/target/site/javadoc/latest/org/junit/function/package-summary.html
1065,/home/runner/work/junit4/junit4/target/site/javadoc/latest/org/junit/matchers/package-tree.html
1066,/home/runner/work/junit4/junit4/target/site/javadoc/latest/org/junit/rules/package-tree.html
1067,/home/runner/work/junit4/junit4/target/site/javadoc/latest/script-dir/images/ui-bg_glass_75_e6e6e6_1x400.png
1068,/home/runner/work/junit4/junit4/target/site/javadoc/latest/jquery-ui.overrides.css
1069,/home/runner/work/junit4/junit4/target/site/apidocs/org/junit/class-use/ClassRule.html
1070,/home/runner/work/junit4/junit4/target/site/javadoc/latest/org/junit/runner/package-tree.html
1071,/home/runner/work/junit4/junit4/target/site/javadoc/latest/org/junit/runner/manipulation/package-tree.html
1072,/home/runner/work/junit4/junit4/target/site/javadoc/latest/org/junit/runner/notification/package-summary.html
1073,/home/runner/work/junit4/junit4/target/site/javadoc/latest/org/junit/runner/notification/package-tree.html
1074,/home/runner/work/junit4/junit4/target/site/javadoc/latest/legal/jquery.md
1075,/home/runner/work/junit4/junit4/target/site/javadoc/latest/legal/ASSEMBLY_EXCEPTION
1076,/home/runner/work/junit4/junit4/target/site/javadoc/latest/org/junit/runners/model/package-tree.html
1077,/home/runner/work/junit4/junit4/target/site/javadoc/latest/resources/x.png
1078,/home/runner/work/junit4/junit4/target/site/javadoc/latest/org/junit/runners/parameterized/package-summary.html
1079,/home/runner/work/junit4/junit4/target/site/javadoc/latest/org/junit/runners/parameterized/package-tree.html
1080,/home/runner/work/junit4/junit4/target/site/javadoc/latest/org/junit/validator/package-summary.html
1081,/home/runner/work/junit4/junit4/target/site/javadoc/latest/org/junit/validator/package-tree.html
1082,/home/runner/work/junit4/junit4/target/site/apidocs/org/junit/class-use/Rule.html
1083,/home/runner/work/junit4/junit4/target/site/javadoc/latest/src-html/org/hamcrest/core/StringEndsWith.html
1084,/home/runner/work/junit4/junit4/target/site/javadoc/latest/src-html/org/hamcrest/core/DescribedAs.html
1085,/home/runner/work/junit4/junit4/target/site/apidocs/overview-summary.html
1086,/home/runner/work/junit4/junit4/target/site/apidocs/tag-search-index.js
1087,/home/runner/work/junit4/junit4/target/site/javadoc/latest/org/hamcrest/core/class-use/Is.html
1089,/home/runner/work/junit4/junit4/target/site/javadoc/latest/org/junit/runner/OrderWith.html
1090,/home/runner/work/junit4/junit4/target/site/apidocs/module-search-index.js
1091,/home/runner/work/junit4/junit4/target/site/javadoc/latest/org/junit/runners/model/class-use/MemberValueConsumer.html
1092,/home/runner/work/junit4/junit4/target/site/javadoc/latest/org/hamcrest/core/class-use/Every.html
1093,/home/runner/work/junit4/junit4/target/site/javadoc/latest/org/junit/runners/model/class-use/Annotatable.html
1094,/home/runner/work/junit4/junit4/target/site/javadoc/latest/org/hamcrest/core/class-use/DescribedAs.html
1095,/home/runner/work/junit4/junit4/target/site/apidocs/org/junit/validator/package-use.html
1096,/home/runner/work/junit4/junit4/target/site/apidocs/org/junit/runners/parameterized/package-use.html
1097,/home/runner/work/junit4/junit4/target/site/javadoc/latest/org/junit/runners/model/class-use/MultipleFailureException.html
1098,/home/runner/work/junit4/junit4/target/site/javadoc/latest/org/junit/runners/model/class-use/RunnerScheduler.html
1099,/home/runner/work/junit4/junit4/target/site/javadoc/latest/org/junit/runners/model/class-use/TestTimedOutException.html
1100,/home/runner/work/junit4/junit4/target/site/apidocs/org/junit/rules/package-use.html
1101,/home/runner/work/junit4/junit4/target/site/apidocs/org/junit/matchers/package-use.html
1102,/home/runner/work/junit4/junit4/target/site/apidocs/org/junit/internal/package-use.html
1103,/home/runner/work/junit4/junit4/target/site/apidocs/org/junit/function/package-use.html
1104,/home/runner/work/junit4/junit4/target/site/apidocs/org/junit/experimental/theories/suppliers/package-use.html
1105,/home/runner/work/junit4/junit4/target/site/javadoc/latest/org/hamcrest/core/class-use/IsAnything.html
1106,/home/runner/work/junit4/junit4/target/site/javadoc/latest/org/junit/runners/parameterized/class-use/TestWithParameters.html
1108,/home/runner/work/junit4/junit4/target/site/apidocs/script.js
1109,/home/runner/work/junit4/junit4/target/site/apidocs/jquery-ui.overrides.css
1110,/home/runner/work/junit4/junit4/target/site/apidocs/script-dir/images/ui-bg_glass_75_e6e6e6_1x400.png
1111,/home/runner/work/junit4/junit4/target/site/apidocs/script-dir/images/ui-icons_222222_256x240.png
1112,/home/runner/work/junit4/junit4/target/site/apidocs/script-dir/images/ui-bg_glass_55_fbf9ee_1x400.png
1113,/home/runner/work/junit4/junit4/target/site/apidocs/script-dir/images/ui-icons_cd0a0a_256x240.png
1114,/home/runner/work/junit4/junit4/target/site/apidocs/script-dir/images/ui-icons_2e83ff_256x240.png
1115,/home/runner/work/junit4/junit4/target/site/apidocs/script-dir/images/ui-icons_888888_256x240.png
1116,/home/runner/work/junit4/junit4/target/site/apidocs/script-dir/images/ui-bg_highlight-soft_75_cccccc_1x100.png
1117,/home/runner/work/junit4/junit4/target/site/apidocs/script-dir/images/ui-bg_glass_75_dadada_1x400.png
1118,/home/runner/work/junit4/junit4/target/site/apidocs/script-dir/images/ui-bg_glass_95_fef1ec_1x400.png
1119,/home/runner/work/junit4/junit4/target/site/apidocs/script-dir/images/ui-icons_454545_256x240.png
1120,/home/runner/work/junit4/junit4/target/site/apidocs/script-dir/images/ui-bg_glass_65_dadada_1x400.png
1121,/home/runner/work/junit4/junit4/target/site/apidocs/script-dir/jquery-ui.structure.min.css
1123,/home/runner/work/junit4/junit4/target/site/javadoc/latest/org/junit/runners/parameterized/class-use/BlockJUnit4ClassRunnerWithParametersFactory.html
1124,/home/runner/work/junit4/junit4/target/site/javadoc/latest/org/hamcrest/core/class-use/IsCollectionContaining.html
1125,/home/runner/work/junit4/junit4/target/site/apidocs/resources/x.png
1126,/home/runner/work/junit4/junit4/target/site/apidocs/resources/glass.png
1127,/home/runner/work/junit4/junit4/target/site/javadoc/latest/org/junit/runners/parameterized/class-use/BlockJUnit4ClassRunnerWithParameters.html
1128,/home/runner/work/junit4/junit4/target/site/apidocs/org/junit/experimental/theories/internal/package-use.html
1129,/home/runner/work/junit4/junit4/target/site/apidocs/org/junit/experimental/runners/package-use.html
1130,/home/runner/work/junit4/junit4/target/site/javadoc/latest/src-html/org/hamcrest/core/Every.html
1131,/home/runner/work/junit4/junit4/target/site/apidocs/org/hamcrest/core/class-use/Is.html
1132,/home/runner/work/junit4/junit4/target/site/apidocs/org/hamcrest/core/class-use/IsCollectionContaining.html
1133,/home/runner/work/junit4/junit4/target/site/apidocs/org/hamcrest/core/class-use/IsEqual.html
1134,/home/runner/work/junit4/junit4/target/site/apidocs/org/hamcrest/core/class-use/IsInstanceOf.html
1135,/home/runner/work/junit4/junit4/target/site/apidocs/org/hamcrest/core/class-use/IsNot.html
1136,/home/runner/work/junit4/junit4/target/site/apidocs/org/hamcrest/core/class-use/IsNull.html
1137,/home/runner/work/junit4/junit4/target/site/apidocs/org/hamcrest/core/class-use/IsSame.html
1138,/home/runner/work/junit4/junit4/target/site/apidocs/org/hamcrest/core/class-use/StringContains.html
1139,/home/runner/work/junit4/junit4/target/site/apidocs/org/hamcrest/core/class-use/StringEndsWith.html
1140,/home/runner/work/junit4/junit4/target/site/apidocs/org/hamcrest/core/class-use/StringStartsWith.html
1141,/home/runner/work/junit4/junit4/target/site/apidocs/org/hamcrest/core/class-use/SubstringMatcher.html
1142,/home/runner/work/junit4/junit4/target/site/apidocs/org/hamcrest/class-use/BaseDescription.html
1143,/home/runner/work/junit4/junit4/target/site/javadoc/latest/org/junit/runners/class-use/Parameterized.Parameters.html
1144,/home/runner/work/junit4/junit4/target/site/apidocs/org/hamcrest/class-use/Condition.Step.html
1145,/home/runner/work/junit4/junit4/target/site/apidocs/org/hamcrest/class-use/Condition.html
1146,/home/runner/work/junit4/junit4/target/site/apidocs/org/hamcrest/class-use/CoreMatchers.html
1147,/home/runner/work/junit4/junit4/target/site/apidocs/org/hamcrest/class-use/CustomMatcher.html
1148,/home/runner/work/junit4/junit4/target/site/apidocs/org/hamcrest/class-use/CustomTypeSafeMatcher.html
1149,/home/runner/work/junit4/junit4/target/site/apidocs/org/hamcrest/class-use/Description.NullDescription.html
1150,/home/runner/work/junit4/junit4/target/site/javadoc/latest/org/hamcrest/core/class-use/CombinableMatcher.html
1151,/home/runner/work/junit4/junit4/target/site/apidocs/org/hamcrest/core/class-use/IsAnything.html
1152,/home/runner/work/junit4/junit4/target/site/apidocs/org/hamcrest/core/class-use/Every.html
1153,/home/runner/work/junit4/junit4/target/site/apidocs/org/junit/experimental/results/package-use.html
1154,/home/runner/work/junit4/junit4/target/site/apidocs/org/hamcrest/core/class-use/DescribedAs.html
1155,/home/runner/work/junit4/junit4/target/site/apidocs/org/junit/experimental/max/package-use.html
1156,/home/runner/work/junit4/junit4/target/site/apidocs/org/junit/experimental/categories/package-use.html
1157,/home/runner/work/junit4/junit4/target/site/apidocs/org/junit/experimental/package-use.html
1158,/home/runner/work/junit4/junit4/target/site/apidocs/org/junit/package-use.html
1159,/home/runner/work/junit4/junit4/target/site/apidocs/org/hamcrest/internal/package-use.html
1160,/home/runner/work/junit4/junit4/target/site/apidocs/org/hamcrest/core/package-use.html
1161,/home/runner/work/junit4/junit4/target/site/javadoc/latest/org/junit/runners/class-use/AllTests.html
1162,/home/runner/work/junit4/junit4/target/site/apidocs/junit/textui/package-use.html
1163,/home/runner/work/junit4/junit4/target/site/apidocs/junit/runner/package-use.html
1164,/home/runner/work/junit4/junit4/target/site/apidocs/junit/extensions/package-use.html
1165,/home/runner/work/junit4/junit4/target/site/apidocs/org/hamcrest/internal/class-use/ArrayIterator.html
1166,/home/runner/work/junit4/junit4/target/site/apidocs/org/hamcrest/internal/class-use/ReflectiveTypeFinder.html
1167,/home/runner/work/junit4/junit4/target/site/apidocs/org/hamcrest/internal/class-use/SelfDescribingValue.html
1168,/home/runner/work/junit4/junit4/target/site/apidocs/org/hamcrest/internal/class-use/SelfDescribingValueIterator.html
1169,/home/runner/work/junit4/junit4/target/site/apidocs/org/hamcrest/core/class-use/AllOf.html
1170,/home/runner/work/junit4/junit4/target/site/javadoc/latest/org/junit/runners/class-use/MethodSorters.html
1171,/home/runner/work/junit4/junit4/target/site/javadoc/latest/org/junit/runners/class-use/BlockJUnit4ClassRunner.html
1172,/home/runner/work/junit4/junit4/target/site/javadoc/latest/org/junit/runners/class-use/JUnit4.html
1173,/home/runner/work/junit4/junit4/target/site/apidocs/org/hamcrest/core/class-use/CombinableMatcher.html
1175,/home/runner/work/junit4/junit4/target/site/apidocs/legal/jquery.md
1176,/home/runner/work/junit4/junit4/target/site/apidocs/legal/ASSEMBLY_EXCEPTION
1177,/home/runner/work/junit4/junit4/target/site/javadoc/latest/org/hamcrest/class-use/MatcherAssert.html
1178,/home/runner/work/junit4/junit4/target/site/javadoc/latest/org/hamcrest/class-use/TypeSafeDiagnosingMatcher.html
1180,/home/runner/work/junit4/junit4/target/site/javadoc/latest/org/junit/rules/class-use/TestName.html
1181,/home/runner/work/junit4/junit4/target/site/javadoc/latest/org/junit/rules/class-use/ErrorCollector.html
1182,/home/runner/work/junit4/junit4/target/site/javadoc/latest/org/junit/rules/class-use/ExpectedException.html
1183,/home/runner/work/junit4/junit4/target/site/javadoc/latest/org/junit/rules/class-use/DisableOnDebug.html
1184,/home/runner/work/junit4/junit4/target/site/javadoc/latest/org/junit/rules/class-use/TemporaryFolder.Builder.html
1185,/home/runner/work/junit4/junit4/target/site/javadoc/latest/org/junit/rules/class-use/TemporaryFolder.html
1186,/home/runner/work/junit4/junit4/target/site/javadoc/latest/org/junit/rules/class-use/Verifier.html
1187,/home/runner/work/junit4/junit4/target/site/javadoc/latest/org/junit/rules/class-use/MethodRule.html
1188,/home/runner/work/junit4/junit4/target/site/javadoc/latest/org/junit/rules/class-use/RuleChain.html
1189,/home/runner/work/junit4/junit4/target/site/javadoc/latest/org/junit/rules/class-use/ExternalResource.html
1190,/home/runner/work/junit4/junit4/target/site/javadoc/latest/org/junit/rules/class-use/RunRules.html
1191,/home/runner/work/junit4/junit4/target/site/javadoc/latest/org/junit/rules/class-use/TestWatcher.html
1192,/home/runner/work/junit4/junit4/target/site/javadoc/latest/org/junit/rules/class-use/TestWatchman.html
1193,/home/runner/work/junit4/junit4/target/site/javadoc/latest/org/junit/rules/class-use/Stopwatch.html
1194,/home/runner/work/junit4/junit4/target/site/javadoc/latest/org/junit/rules/class-use/Timeout.Builder.html
1196,/home/runner/work/junit4/junit4/target/site/javadoc/latest/org/junit/internal/class-use/ExactComparisonCriteria.html
1197,/home/runner/work/junit4/junit4/target/site/javadoc/latest/org/hamcrest/class-use/StringDescription.html
1198,/home/runner/work/junit4/junit4/target/site/javadoc/latest/org/hamcrest/class-use/FeatureMatcher.html
1199,/home/runner/work/junit4/junit4/target/site/apidocs/legal/jqueryUI.md
1200,/home/runner/work/junit4/junit4/target/site/javadoc/latest/org/hamcrest/class-use/DiagnosingMatcher.html
1201,/home/runner/work/junit4/junit4/target/site/javadoc/latest/org/junit/AfterClass.html
1202,/home/runner/work/junit4/junit4/target/site/javadoc/latest/org/junit/After.html
1203,/home/runner/work/junit4/junit4/target/site/distribution-management.html
1204,/home/runner/work/junit4/junit4/target/site/integration.html
1205,/home/runner/work/junit4/junit4/target/site/javadoc/latest/org/junit/Before.html
1206,/home/runner/work/junit4/junit4/target/site/dependency-convergence.html
1207,/home/runner/work/junit4/junit4/target/site/javadoc/latest/org/junit/BeforeClass.html
1208,/home/runner/work/junit4/junit4/target/site/images/close.gif
1209,/home/runner/work/junit4/junit4/target/site/issue-tracking.html
1210,/home/runner/work/junit4/junit4/target/site/license.html
1211,/home/runner/work/junit4/junit4/target/site/javadoc/latest/org/hamcrest/class-use/Condition.Step.html
1212,/home/runner/work/junit4/junit4/target/site/css/site.css
1213,/home/runner/work/junit4/junit4/target/site/javadoc/latest/org/hamcrest/class-use/Condition.html
1214,/home/runner/work/junit4/junit4/target/site/javadoc/latest/org/hamcrest/class-use/CoreMatchers.html
1215,/home/runner/work/junit4/junit4/target/site/javadoc/latest/org/hamcrest/class-use/CustomMatcher.html
1216,/home/runner/work/junit4/junit4/target/site/javadoc/latest/org/hamcrest/class-use/CustomTypeSafeMatcher.html
1217,/home/runner/work/junit4/junit4/target/site/javadoc/latest/org/hamcrest/class-use/Description.NullDescription.html
1218,/home/runner/work/junit4/junit4/target/site/javadoc/latest/org/junit/internal/class-use/Classes.html
1219,/home/runner/work/junit4/junit4/target/site/javadoc/latest/org/junit/internal/class-use/MethodSorter.html
1220,/home/runner/work/junit4/junit4/target/site/javadoc/latest/org/junit/internal/class-use/Checks.html
1221,/home/runner/work/junit4/junit4/target/site/javadoc/latest/org/junit/internal/class-use/ComparisonCriteria.html
1222,/home/runner/work/junit4/junit4/target/site/javadoc/latest/org/junit/runner/notification/class-use/RunListener.ThreadSafe.html
1223,/home/runner/work/junit4/junit4/target/site/javadoc/latest/org/junit/runner/class-use/OrderWith.html
1224,/home/runner/work/junit4/junit4/target/site/javadoc/latest/org/junit/runner/class-use/OrderWithValidator.html
1225,/home/runner/work/junit4/junit4/target/site/javadoc/latest/org/junit/runner/class-use/JUnitCore.html
1226,/home/runner/work/junit4/junit4/target/site/javadoc/latest/org/junit/runner/class-use/FilterFactory.FilterNotCreatedException.html
1227,/home/runner/work/junit4/junit4/target/site/javadoc/latest/org/hamcrest/core/class-use/IsNot.html
1228,/home/runner/work/junit4/junit4/target/site/javadoc/latest/org/hamcrest/core/class-use/IsInstanceOf.html
1229,/home/runner/work/junit4/junit4/target/site/javadoc/latest/org/junit/runner/class-use/FilterFactory.html
1230,/home/runner/work/junit4/junit4/target/site/javadoc/latest/org/junit/runner/class-use/FilterFactoryParams.html
1231,/home/runner/work/junit4/junit4/target/site/javadoc/latest/org/hamcrest/core/class-use/IsEqual.html
1232,/home/runner/work/junit4/junit4/target/site/junit5.html
1233,/home/runner/work/junit4/junit4/target/site/javadoc/latest/org/junit/runner/class-use/RunWith.html
1234,/home/runner/work/junit4/junit4/target/site/javadoc/latest/org/junit/validator/class-use/AnnotationsValidator.html
1235,/home/runner/work/junit4/junit4/target/site/javadoc/latest/org/junit/validator/class-use/AnnotationValidator.html
1236,/home/runner/work/junit4/junit4/target/site/javadoc/latest/org/junit/validator/class-use/AnnotationValidatorFactory.html
1237,/home/runner/work/junit4/junit4/target/site/javadoc/latest/org/junit/validator/class-use/ValidateWith.html
1238,/home/runner/work/junit4/junit4/target/site/javadoc/latest/org/junit/validator/class-use/PublicClassValidator.html
1239,/home/runner/work/junit4/junit4/target/site/apidocs/javadoc.sh
1240,/home/runner/work/junit4/junit4/target/site/apidocs/legal/ADDITIONAL_LICENSE_INFO
1241,/home/runner/work/junit4/junit4/target/site/javadoc/latest/org/junit/runner/notification/class-use/StoppedByUserException.html
1242,/home/runner/work/junit4/junit4/target/site/javadoc/latest/org/hamcrest/core/class-use/IsNull.html
1243,/home/runner/work/junit4/junit4/target/site/javadoc/latest/org/junit/runner/manipulation/class-use/Orderer.html
1245,/home/runner/work/junit4/junit4/target/site/javadoc/latest/org/junit/internal/class-use/AssumptionViolatedException.html
1246,/home/runner/work/junit4/junit4/target/site/javadoc/latest/org/junit/internal/class-use/TextListener.html
1247,/home/runner/work/junit4/junit4/target/site/javadoc/latest/org/junit/experimental/categories/Categories.ExcludeCategory.html
1248,/home/runner/work/junit4/junit4/target/site/javadoc/latest/org/junit/experimental/categories/Categories.IncludeCategory.html
1249,/home/runner/work/junit4/junit4/target/site/javadoc/latest/org/junit/experimental/categories/Category.html
1250,/home/runner/work/junit4/junit4/target/site/javadoc/latest/org/junit/internal/class-use/InexactComparisonCriteria.html
1251,/home/runner/work/junit4/junit4/target/site/javadoc/latest/org/junit/internal/class-use/Throwables.html
1252,/home/runner/work/junit4/junit4/target/site/javadoc/latest/org/junit/internal/class-use/JUnitSystem.html
1253,/home/runner/work/junit4/junit4/target/site/javadoc/latest/org/junit/runner/manipulation/class-use/Alphanumeric.html
1254,/home/runner/work/junit4/junit4/target/site/javadoc/latest/org/hamcrest/core/class-use/IsSame.html
1255,/home/runner/work/junit4/junit4/target/site/javadoc/latest/org/junit/runner/manipulation/class-use/NoTestsRemainException.html
1257,/home/runner/work/junit4/junit4/target/site/javadoc/latest/org/junit/runner/manipulation/class-use/Sorter.html
1258,/home/runner/work/junit4/junit4/target/site/javadoc/latest/org/hamcrest/core/class-use/StringStartsWith.html
1259,/home/runner/work/junit4/junit4/target/site/javadoc/latest/org/junit/runner/manipulation/class-use/Ordering.Context.html
1260,/home/runner/work/junit4/junit4/target/site/javadoc/latest/org/junit/runner/manipulation/class-use/Ordering.Factory.html
1261,/home/runner/work/junit4/junit4/target/site/javadoc/latest/org/hamcrest/core/class-use/StringEndsWith.html
1262,/home/runner/work/junit4/junit4/target/site/javadoc/latest/org/hamcrest/core/class-use/StringContains.html
1263,/home/runner/work/junit4/junit4/target/site/apidocs/org/hamcrest/class-use/DiagnosingMatcher.html
1264,/home/runner/work/junit4/junit4/target/site/javadoc/latest/org/junit/runners/class-use/Parameterized.Parameter.html
1265,/home/runner/work/junit4/junit4/target/site/apidocs/org/hamcrest/class-use/FeatureMatcher.html
1266,/home/runner/work/junit4/junit4/target/site/apidocs/org/junit/runners/class-use/Parameterized.Parameter.html
1267,/home/runner/work/junit4/junit4/target/site/apidocs/org/junit/runners/class-use/Parameterized.BeforeParam.html
1268,/home/runner/work/junit4/junit4/target/site/apidocs/org/junit/runners/class-use/Parameterized.AfterParam.html
1269,/home/runner/work/junit4/junit4/target/site/apidocs/org/junit/runners/class-use/Parameterized.html
1270,/home/runner/work/junit4/junit4/target/site/apidocs/org/junit/runners/class-use/Suite.SuiteClasses.html
1271,/home/runner/work/junit4/junit4/target/site/apidocs/org/junit/runners/class-use/Suite.html
1272,/home/runner/work/junit4/junit4/target/site/apidocs/org/junit/experimental/class-use/ParallelComputer.html
1274,/home/runner/work/junit4/junit4/target/site/apidocs/org/junit/experimental/results/class-use/ResultMatchers.html
1275,/home/runner/work/junit4/junit4/target/site/apidocs/org/junit/experimental/theories/internal/class-use/ParameterizedAssertionError.html
1276,/home/runner/work/junit4/junit4/target/site/apidocs/org/junit/experimental/theories/internal/class-use/BooleanSupplier.html
1277,/home/runner/work/junit4/junit4/target/site/apidocs/org/junit/experimental/theories/internal/class-use/AllMembersSupplier.html
1278,/home/runner/work/junit4/junit4/target/site/apidocs/org/junit/experimental/theories/internal/class-use/SpecificDataPointsSupplier.html
1280,/home/runner/work/junit4/junit4/target/site/apidocs/org/junit/experimental/theories/internal/class-use/EnumSupplier.html
1281,/home/runner/work/junit4/junit4/target/site/apidocs/org/junit/experimental/theories/suppliers/class-use/TestedOnSupplier.html
1282,/home/runner/work/junit4/junit4/target/site/apidocs/org/junit/experimental/theories/suppliers/class-use/TestedOn.html
1283,/home/runner/work/junit4/junit4/target/site/javadoc/latest/org/junit/class-use/Test.None.html
1284,/home/runner/work/junit4/junit4/target/site/javadoc/latest/org/hamcrest/internal/class-use/ReflectiveTypeFinder.html
1285,/home/runner/work/junit4/junit4/target/site/javadoc/latest/org/junit/class-use/Test.html
1286,/home/runner/work/junit4/junit4/target/site/apidocs/org/junit/runners/class-use/Parameterized.UseParametersRunnerFactory.html
1287,/home/runner/work/junit4/junit4/target/site/apidocs/org/junit/runners/class-use/Parameterized.Parameters.html
1288,/home/runner/work/junit4/junit4/target/site/apidocs/org/junit/matchers/class-use/JUnitMatchers.html
1289,/home/runner/work/junit4/junit4/target/site/apidocs/org/junit/runners/class-use/JUnit4.html
1290,/home/runner/work/junit4/junit4/target/site/apidocs/org/junit/runners/parameterized/class-use/BlockJUnit4ClassRunnerWithParameters.html
1291,/home/runner/work/junit4/junit4/target/site/apidocs/org/junit/runners/parameterized/class-use/TestWithParameters.html
1292,/home/runner/work/junit4/junit4/target/site/apidocs/org/junit/runners/parameterized/class-use/ParametersRunnerFactory.html
1293,/home/runner/work/junit4/junit4/target/site/apidocs/org/junit/runners/model/class-use/MemberValueConsumer.html
1294,/home/runner/work/junit4/junit4/target/site/javadoc/latest/org/junit/experimental/categories/class-use/Categories.IncludeCategory.html
1295,/home/runner/work/junit4/junit4/target/site/javadoc/latest/org/junit/experimental/categories/class-use/Categories.ExcludeCategory.html
1296,/home/runner/work/junit4/junit4/target/site/apidocs/org/junit/runners/model/class-use/Annotatable.html
1297,/home/runner/work/junit4/junit4/target/site/javadoc/latest/org/hamcrest/internal/class-use/SelfDescribingValueIterator.html
1298,/home/runner/work/junit4/junit4/target/site/apidocs/org/junit/runners/model/class-use/MultipleFailureException.html
1299,/home/runner/work/junit4/junit4/target/site/apidocs/org/junit/runners/model/class-use/RunnerScheduler.html
1300,/home/runner/work/junit4/junit4/target/site/apidocs/org/junit/runners/model/class-use/TestTimedOutException.html
1301,/home/runner/work/junit4/junit4/target/site/javadoc/latest/org/junit/experimental/max/class-use/MaxCore.html
1302,/home/runner/work/junit4/junit4/target/site/javadoc/latest/org/junit/experimental/max/class-use/CouldNotReadCoreException.html
1303,/home/runner/work/junit4/junit4/target/site/javadoc/latest/org/hamcrest/internal/class-use/SelfDescribingValue.html
1304,/home/runner/work/junit4/junit4/target/site/apidocs/org/junit/runners/model/class-use/InvalidTestClassError.html
1305,/home/runner/work/junit4/junit4/target/site/apidocs/org/junit/runners/class-use/AllTests.html
1307,/home/runner/work/junit4/junit4/target/site/apidocs/org/junit/runners/class-use/MethodSorters.html
1308,/home/runner/work/junit4/junit4/target/site/apidocs/org/junit/runners/class-use/BlockJUnit4ClassRunner.html
1309,/home/runner/work/junit4/junit4/target/site/javadoc/latest/org/hamcrest/Condition.Step.html
1310,/home/runner/work/junit4/junit4/target/site/javadoc/latest/org/hamcrest/internal/class-use/ArrayIterator.html
1311,/home/runner/work/junit4/junit4/target/site/javadoc/latest/org/junit/class-use/ComparisonFailure.html
1312,/home/runner/work/junit4/junit4/target/site/javadoc/latest/org/junit/class-use/AssumptionViolatedException.html
1313,/home/runner/work/junit4/junit4/target/site/javadoc/latest/org/junit/class-use/Before.html
1314,/home/runner/work/junit4/junit4/target/site/javadoc/latest/org/junit/class-use/BeforeClass.html
1316,/home/runner/work/junit4/junit4/target/site/javadoc/latest/stylesheet.css
1317,/home/runner/work/junit4/junit4/target/site/javadoc/latest/src-html/org/hamcrest/internal/SelfDescribingValueIterator.html
1318,/home/runner/work/junit4/junit4/target/site/javadoc/latest/src-html/org/hamcrest/internal/SelfDescribingValue.html
1320,/home/runner/work/junit4/junit4/target/site/javadoc/latest/src-html/org/hamcrest/core/SubstringMatcher.html
1321,/home/runner/work/junit4/junit4/target/site/javadoc/latest/src-html/org/hamcrest/core/StringStartsWith.html
1322,/home/runner/work/junit4/junit4/target/site/javadoc/latest/org/hamcrest/class-use/BaseDescription.html
1323,/home/runner/work/junit4/junit4/target/site/javadoc/latest/src-html/org/hamcrest/core/StringContains.html
1324,/home/runner/work/junit4/junit4/target/site/javadoc/latest/src-html/org/hamcrest/core/IsSame.html
1325,/home/runner/work/junit4/junit4/target/site/javadoc/latest/src-html/org/hamcrest/core/IsNot.html
1326,/home/runner/work/junit4/junit4/target/site/apidocs/org/junit/experimental/theories/class-use/ParametersSuppliedBy.html
1327,/home/runner/work/junit4/junit4/target/site/apidocs/org/junit/experimental/theories/class-use/ParameterSupplier.html
1328,/home/runner/work/junit4/junit4/target/site/javadoc/latest/src-html/org/hamcrest/core/IsEqual.html
1329,/home/runner/work/junit4/junit4/target/site/apidocs/org/junit/experimental/theories/class-use/Theory.html
1330,/home/runner/work/junit4/junit4/target/site/apidocs/org/junit/experimental/theories/class-use/Theories.TheoryAnchor.html
1331,/home/runner/work/junit4/junit4/target/site/javadoc/latest/src-html/org/hamcrest/core/IsAnything.html
1332,/home/runner/work/junit4/junit4/target/site/javadoc/latest/org/junit/class-use/AfterClass.html
1333,/home/runner/work/junit4/junit4/target/site/javadoc/latest/org/junit/rules/package-use.html
1334,/home/runner/work/junit4/junit4/target/site/javadoc/latest/org/junit/class-use/Assume.html
1335,/home/runner/work/junit4/junit4/target/site/javadoc/latest/org/junit/class-use/Rule.html
1336,/home/runner/work/junit4/junit4/target/site/javadoc/latest/org/hamcrest/core/package-use.html
1337,/home/runner/work/junit4/junit4/target/site/javadoc/latest/org/hamcrest/internal/package-use.html
1338,/home/runner/work/junit4/junit4/target/site/javadoc/latest/org/junit/package-use.html
1339,/home/runner/work/junit4/junit4/target/site/javadoc/latest/org/junit/experimental/package-use.html
1340,/home/runner/work/junit4/junit4/target/site/javadoc/latest/org/junit/class-use/Ignore.html
1341,/home/runner/work/junit4/junit4/target/site/javadoc/latest/org/junit/class-use/ClassRule.html
1342,/home/runner/work/junit4/junit4/target/site/javadoc/latest/org/junit/experimental/categories/package-use.html
1343,/home/runner/work/junit4/junit4/target/site/javadoc/latest/org/junit/experimental/max/package-use.html
1344,/home/runner/work/junit4/junit4/target/site/javadoc/latest/org/junit/class-use/TestCouldNotBeSkippedException.html
1345,/home/runner/work/junit4/junit4/target/site/javadoc/latest/org/junit/matchers/package-use.html
1346,/home/runner/work/junit4/junit4/target/site/javadoc/latest/org/junit/class-use/Assert.html
1347,/home/runner/work/junit4/junit4/target/site/javadoc/latest/org/junit/experimental/results/package-use.html
1348,/home/runner/work/junit4/junit4/target/site/javadoc/latest/org/junit/experimental/runners/package-use.html
1349,/home/runner/work/junit4/junit4/target/site/javadoc/latest/org/junit/class-use/FixMethodOrder.html
1350,/home/runner/work/junit4/junit4/target/site/javadoc/latest/org/junit/experimental/theories/internal/package-use.html
1351,/home/runner/work/junit4/junit4/target/site/javadoc/latest/org/junit/experimental/theories/suppliers/package-use.html
1352,/home/runner/work/junit4/junit4/target/site/javadoc/latest/org/junit/function/package-use.html
1353,/home/runner/work/junit4/junit4/target/site/javadoc/latest/org/junit/internal/package-use.html
1354,/home/runner/work/junit4/junit4/target/site/apidocs/org/junit/runners/parameterized/class-use/BlockJUnit4ClassRunnerWithParametersFactory.html
1355,/home/runner/work/junit4/junit4/target/site/apidocs/org/junit/validator/class-use/TestClassValidator.html
1356,/home/runner/work/junit4/junit4/target/site/javadoc/latest/org/junit/runners/class-use/Parameterized.UseParametersRunnerFactory.html
1358,/home/runner/work/junit4/junit4/target/site/apidocs/junit/framework/class-use/TestSuite.html
1360,/home/runner/work/junit4/junit4/target/site/apidocs/junit/framework/class-use/Assert.html
1361,/home/runner/work/junit4/junit4/target/site/apidocs/junit/framework/class-use/JUnit4TestCaseFacade.html
1362,/home/runner/work/junit4/junit4/target/site/apidocs/org/junit/rules/class-use/TestName.html
1364,/home/runner/work/junit4/junit4/target/site/apidocs/org/junit/rules/class-use/ErrorCollector.html
1365,/home/runner/work/junit4/junit4/target/site/apidocs/org/junit/rules/class-use/ExpectedException.html
1366,/home/runner/work/junit4/junit4/target/site/apidocs/org/junit/rules/class-use/DisableOnDebug.html
1367,/home/runner/work/junit4/junit4/target/site/apidocs/org/junit/rules/class-use/TemporaryFolder.Builder.html
1368,/home/runner/work/junit4/junit4/target/site/apidocs/org/junit/rules/class-use/TemporaryFolder.html
1369,/home/runner/work/junit4/junit4/target/site/apidocs/org/junit/rules/class-use/Verifier.html
1370,/home/runner/work/junit4/junit4/target/site/apidocs/org/junit/rules/class-use/MethodRule.html
1371,/home/runner/work/junit4/junit4/target/site/apidocs/org/junit/rules/class-use/RuleChain.html
1372,/home/runner/work/junit4/junit4/target/site/apidocs/org/junit/rules/class-use/ExternalResource.html
1373,/home/runner/work/junit4/junit4/target/site/apidocs/org/junit/rules/class-use/RunRules.html
1374,/home/runner/work/junit4/junit4/target/site/apidocs/org/junit/rules/class-use/TestWatcher.html
1375,/home/runner/work/junit4/junit4/target/site/apidocs/org/junit/rules/class-use/TestWatchman.html
1376,/home/runner/work/junit4/junit4/target/site/apidocs/org/junit/rules/class-use/Stopwatch.html
1377,/home/runner/work/junit4/junit4/target/site/apidocs/junit/framework/class-use/JUnit4TestAdapterCache.html
1378,/home/runner/work/junit4/junit4/target/site/apidocs/junit/framework/class-use/JUnit4TestAdapter.html
1379,/home/runner/work/junit4/junit4/target/site/apidocs/org/junit/validator/class-use/PublicClassValidator.html
1380,/home/runner/work/junit4/junit4/target/site/apidocs/junit/framework/class-use/ComparisonFailure.html
1381,/home/runner/work/junit4/junit4/target/site/apidocs/org/hamcrest/class-use/MatcherAssert.html
1382,/home/runner/work/junit4/junit4/target/site/javadoc/latest/org/junit/runners/class-use/Parameterized.BeforeParam.html
1383,/home/runner/work/junit4/junit4/target/site/apidocs/org/hamcrest/class-use/StringDescription.html
1384,/home/runner/work/junit4/junit4/target/site/apidocs/org/hamcrest/class-use/TypeSafeDiagnosingMatcher.html
1385,/home/runner/work/junit4/junit4/target/site/apidocs/org/hamcrest/class-use/TypeSafeMatcher.html
1386,/home/runner/work/junit4/junit4/target/site/apidocs/junit/extensions/class-use/ActiveTestSuite.html
1387,/home/runner/work/junit4/junit4/target/site/apidocs/junit/extensions/class-use/TestSetup.html
1388,/home/runner/work/junit4/junit4/target/site/apidocs/junit/extensions/class-use/TestDecorator.html
1389,/home/runner/work/junit4/junit4/target/site/apidocs/junit/extensions/class-use/RepeatedTest.html
1390,/home/runner/work/junit4/junit4/target/site/apidocs/junit/runner/class-use/TestRunListener.html
1391,/home/runner/work/junit4/junit4/target/site/apidocs/junit/runner/class-use/Version.html
1392,/home/runner/work/junit4/junit4/target/site/apidocs/junit/runner/class-use/BaseTestRunner.html
1393,/home/runner/work/junit4/junit4/target/site/apidocs/junit/textui/class-use/ResultPrinter.html
1394,/home/runner/work/junit4/junit4/target/site/apidocs/junit/textui/class-use/TestRunner.html
1395,/home/runner/work/junit4/junit4/target/site/javadoc/latest/org/junit/runners/class-use/Parameterized.AfterParam.html
1396,/home/runner/work/junit4/junit4/target/site/apidocs/junit/framework/class-use/ComparisonCompactor.html
1397,/home/runner/work/junit4/junit4/target/site/apidocs/junit/framework/class-use/Protectable.html
1398,/home/runner/work/junit4/junit4/target/site/javadoc/latest/org/junit/runners/class-use/Parameterized.html
1399,/home/runner/work/junit4/junit4/target/site/javadoc/latest/org/junit/runners/class-use/Suite.SuiteClasses.html
1400,/home/runner/work/junit4/junit4/target/site/apidocs/org/junit/rules/class-use/Timeout.Builder.html
1401,/home/runner/work/junit4/junit4/target/site/apidocs/org/junit/rules/class-use/Timeout.html
1402,/home/runner/work/junit4/junit4/target/site/apidocs/org/junit/internal/class-use/ExactComparisonCriteria.html
1403,/home/runner/work/junit4/junit4/target/site/apidocs/org/junit/internal/class-use/Classes.html
1404,/home/runner/work/junit4/junit4/target/site/apidocs/org/junit/runner/notification/class-use/RunListener.ThreadSafe.html
1405,/home/runner/work/junit4/junit4/target/site/javadoc/latest/org/junit/experimental/theories/class-use/Theory.html
1406,/home/runner/work/junit4/junit4/target/site/javadoc/latest/org/junit/experimental/theories/class-use/Theories.TheoryAnchor.html
1407,/home/runner/work/junit4/junit4/target/site/javadoc/latest/org/junit/experimental/theories/class-use/Theories.html
1408,/home/runner/work/junit4/junit4/target/site/javadoc/latest/org/hamcrest/core/class-use/AllOf.html
1409,/home/runner/work/junit4/junit4/target/site/javadoc/latest/org/junit/experimental/theories/class-use/FromDataPoints.html
1410,/home/runner/work/junit4/junit4/target/site/javadoc/latest/org/junit/experimental/theories/class-use/DataPoints.html
1411,/home/runner/work/junit4/junit4/target/site/javadoc/latest/org/junit/experimental/theories/class-use/DataPoint.html
1412,/home/runner/work/junit4/junit4/target/site/apidocs/org/junit/runner/class-use/OrderWith.html
1413,/home/runner/work/junit4/junit4/target/site/apidocs/org/junit/runner/class-use/OrderWithValidator.html
1414,/home/runner/work/junit4/junit4/target/site/apidocs/org/junit/runner/class-use/JUnitCore.html
1415,/home/runner/work/junit4/junit4/target/site/apidocs/org/junit/runner/class-use/FilterFactory.FilterNotCreatedException.html
1416,/home/runner/work/junit4/junit4/target/site/apidocs/org/junit/runner/class-use/FilterFactory.html
1417,/home/runner/work/junit4/junit4/target/site/apidocs/org/junit/runner/class-use/FilterFactoryParams.html
1418,/home/runner/work/junit4/junit4/target/site/apidocs/org/junit/runner/class-use/RunWith.html
1419,/home/runner/work/junit4/junit4/target/site/apidocs/org/junit/validator/class-use/AnnotationsValidator.html
1420,/home/runner/work/junit4/junit4/target/site/apidocs/org/junit/validator/class-use/AnnotationValidator.html
1421,/home/runner/work/junit4/junit4/target/site/apidocs/org/junit/validator/class-use/AnnotationValidatorFactory.html
1422,/home/runner/work/junit4/junit4/target/site/apidocs/org/junit/validator/class-use/ValidateWith.html
1423,/home/runner/work/junit4/junit4/target/site/apidocs/org/junit/runner/notification/class-use/StoppedByUserException.html
1424,/home/runner/work/junit4/junit4/target/site/javadoc/latest/org/junit/experimental/theories/class-use/ParameterSupplier.html
1425,/home/runner/work/junit4/junit4/target/site/javadoc/latest/org/junit/experimental/theories/class-use/ParametersSuppliedBy.html
1426,/home/runner/work/junit4/junit4/target/site/javadoc/latest/org/junit/experimental/theories/internal/class-use/BooleanSupplier.html
1427,/home/runner/work/junit4/junit4/target/site/apidocs/org/junit/internal/class-use/MethodSorter.html
1428,/home/runner/work/junit4/junit4/target/site/apidocs/org/junit/internal/class-use/Checks.html
1429,/home/runner/work/junit4/junit4/target/site/apidocs/org/junit/internal/class-use/ComparisonCriteria.html
1430,/home/runner/work/junit4/junit4/target/site/javadoc/latest/org/junit/experimental/theories/internal/class-use/ParameterizedAssertionError.html
1431,/home/runner/work/junit4/junit4/target/site/apidocs/org/junit/internal/class-use/TextListener.html
1432,/home/runner/work/junit4/junit4/target/site/apidocs/org/junit/internal/class-use/InexactComparisonCriteria.html
1433,/home/runner/work/junit4/junit4/target/site/apidocs/org/junit/internal/class-use/Throwables.html
1434,/home/runner/work/junit4/junit4/target/site/apidocs/org/junit/internal/class-use/JUnitSystem.html
1435,/home/runner/work/junit4/junit4/target/site/apidocs/org/junit/internal/class-use/RealSystem.html
1436,/home/runner/work/junit4/junit4/target/site/apidocs/org/junit/runner/manipulation/class-use/Orderer.html
1437,/home/runner/work/junit4/junit4/target/site/javadoc/latest/org/junit/experimental/theories/internal/class-use/AllMembersSupplier.html
1438,/home/runner/work/junit4/junit4/target/site/javadoc/latest/org/junit/experimental/theories/internal/class-use/SpecificDataPointsSupplier.html
1439,/home/runner/work/junit4/junit4/target/site/apidocs/org/junit/runner/manipulation/class-use/Alphanumeric.html
1441,/home/runner/work/junit4/junit4/target/site/javadoc/latest/org/junit/experimental/theories/suppliers/class-use/TestedOnSupplier.html
1442,/home/runner/work/junit4/junit4/target/site/apidocs/org/junit/runner/manipulation/class-use/Ordering.Context.html
1443,/home/runner/work/junit4/junit4/target/site/apidocs/org/junit/runner/manipulation/class-use/Ordering.Factory.html
1445,/home/runner/work/junit4/junit4/target/site/apidocs/package-search-index.js
1446,/home/runner/work/junit4/junit4/target/site/apidocs/src-html/org/junit/runner/manipulation/Orderable.html
1558,/home/runner/work/junit4/junit4/target/site/apidocs/src-html/org/junit/runner/manipulation/NoTestsRemainException.html
1559,/home/runner/work/junit4/junit4/target/surefire-reports/org.junit.tests.running.classes.ParentRunnerFilteringTest.txt
1560,/home/runner/work/junit4/junit4/target/surefire-reports/org.junit.tests.running.classes.EnclosedTest.txt
1561,/home/runner/work/junit4/junit4/target/surefire-reports/TEST-org.junit.tests.running.classes.EnclosedTest.xml
1562,/home/runner/work/junit4/junit4/target/surefire-reports/org.junit.tests.running.classes.IgnoreClassTest.txt
1563,/home/runner/work/junit4/junit4/target/surefire-reports/TEST-org.junit.tests.running.classes.IgnoreClassTest.xml
1564,/home/runner/work/junit4/junit4/target/surefire-reports/org.junit.tests.running.classes.ParameterizedTestTest.txt
1565,/home/runner/work/junit4/junit4/target/surefire-reports/TEST-org.junit.tests.running.classes.ParameterizedTestTest.xml
1566,/home/runner/work/junit4/junit4/target/surefire-reports/TEST-org.junit.tests.running.classes.ParentRunnerFilteringTest.xml
1567,/home/runner/work/junit4/junit4/target/surefire-reports/org.junit.tests.running.classes.ClassLevelMethodsWithIgnoredTestsTest.txt
1568,/home/runner/work/junit4/junit4/target/surefire-reports/org.junit.tests.running.classes.ParentRunnerTest.txt
1569,/home/runner/work/junit4/junit4/target/surefire-reports/TEST-org.junit.tests.running.classes.ParentRunnerTest.xml
1570,/home/runner/work/junit4/junit4/target/surefire-reports/org.junit.tests.running.classes.parent.ParentRunnerClassLoaderTest.txt
1571,/home/runner/work/junit4/junit4/target/surefire-reports/TEST-org.junit.tests.running.classes.parent.ParentRunnerClassLoaderTest.xml
1572,/home/runner/work/junit4/junit4/target/surefire-reports/org.junit.tests.running.classes.RunWithTest.txt
1573,/home/runner/work/junit4/junit4/target/surefire-reports/TEST-org.junit.tests.running.classes.RunWithTest.xml
1574,/home/runner/work/junit4/junit4/target/surefire-reports/TEST-org.junit.tests.running.classes.ClassLevelMethodsWithIgnoredTestsTest.xml
1575,/home/runner/work/junit4/junit4/target/surefire-reports/TEST-org.junit.tests.running.classes.BlockJUnit4ClassRunnerTest.xml
1576,/home/runner/work/junit4/junit4/target/surefire-reports/TEST-org.junit.tests.running.classes.SuiteTest.xml
1577,/home/runner/work/junit4/junit4/target/surefire-reports/org.junit.runner.OrderWithValidatorTest.txt
1578,/home/runner/work/junit4/junit4/target/surefire-reports/org.junit.runner.notification.SynchronizedRunListenerTest.txt
1579,/home/runner/work/junit4/junit4/target/surefire-reports/TEST-org.junit.runner.notification.SynchronizedRunListenerTest.xml
1580,/home/runner/work/junit4/junit4/target/surefire-reports/org.junit.runner.FilterFactoriesTest.txt
1581,/home/runner/work/junit4/junit4/target/surefire-reports/TEST-org.junit.runner.FilterFactoriesTest.xml
1582,/home/runner/work/junit4/junit4/target/surefire-reports/org.junit.runner.FilterOptionIntegrationTest.txt
1583,/home/runner/work/junit4/junit4/target/surefire-reports/TEST-org.junit.runner.FilterOptionIntegrationTest.xml
1584,/home/runner/work/junit4/junit4/target/surefire-reports/TEST-org.junit.runner.OrderWithValidatorTest.xml
1585,/home/runner/work/junit4/junit4/target/surefire-reports/org.junit.tests.running.classes.BlockJUnit4ClassRunnerTest.txt
1586,/home/runner/work/junit4/junit4/target/surefire-reports/org.junit.runner.JUnitCommandLineParseResultTest.txt
1587,/home/runner/work/junit4/junit4/target/surefire-reports/TEST-org.junit.runner.JUnitCommandLineParseResultTest.xml
1588,/home/runner/work/junit4/junit4/target/surefire-reports/org.junit.runner.JUnitCoreTest.txt
1589,/home/runner/work/junit4/junit4/target/surefire-reports/TEST-org.junit.runner.JUnitCoreTest.xml
1590,/home/runner/work/junit4/junit4/target/surefire-reports/org.junit.runner.RequestTest.txt
1591,/home/runner/work/junit4/junit4/target/surefire-reports/TEST-org.junit.runner.RequestTest.xml
1592,/home/runner/work/junit4/junit4/target/surefire-reports/org.junit.tests.running.classes.SuiteTest.txt
1593,/home/runner/work/junit4/junit4/target/surefire-reports/org.junit.tests.running.classes.UseSuiteAsASuperclassTest.txt
1594,/home/runner/work/junit4/junit4/target/surefire-reports/org.junit.runner.notification.RunNotifierTest.txt
1595,/home/runner/work/junit4/junit4/target/surefire-reports/org.junit.tests.validation.BadlyFormedClassesTest.txt
1596,/home/runner/work/junit4/junit4/target/surefire-reports/org.junit.tests.running.methods.TimeoutTest.txt
1597,/home/runner/work/junit4/junit4/target/surefire-reports/TEST-org.junit.tests.running.methods.TimeoutTest.xml
1598,/home/runner/work/junit4/junit4/target/surefire-reports/org.junit.samples.ListTest.txt
1599,/home/runner/work/junit4/junit4/target/surefire-reports/TEST-org.junit.samples.ListTest.xml
1600,/home/runner/work/junit4/junit4/target/surefire-reports/org.junit.samples.money.MoneyTest.txt
1601,/home/runner/work/junit4/junit4/target/surefire-reports/TEST-org.junit.samples.money.MoneyTest.xml
1602,/home/runner/work/junit4/junit4/target/surefire-reports/TEST-org.junit.tests.validation.BadlyFormedClassesTest.xml
1603,/home/runner/work/junit4/junit4/target/surefire-reports/org.junit.tests.running.methods.TestMethodTest.txt
1604,/home/runner/work/junit4/junit4/target/surefire-reports/org.junit.tests.validation.FailedConstructionTest.txt
1605,/home/runner/work/junit4/junit4/target/surefire-reports/TEST-org.junit.tests.validation.FailedConstructionTest.xml
1606,/home/runner/work/junit4/junit4/target/surefire-reports/org.junit.tests.validation.ValidationTest.txt
1607,/home/runner/work/junit4/junit4/target/surefire-reports/TEST-org.junit.tests.validation.ValidationTest.xml
1608,/home/runner/work/junit4/junit4/target/surefire-reports/org.junit.validator.AnnotationsValidatorTest.txt
1609,/home/runner/work/junit4/junit4/target/surefire-reports/TEST-org.junit.validator.AnnotationsValidatorTest.xml
1610,/home/runner/work/junit4/junit4/target/surefire-reports/TEST-org.junit.tests.running.methods.TestMethodTest.xml
1611,/home/runner/work/junit4/junit4/target/surefire-reports/TEST-org.junit.tests.running.methods.ParameterizedTestMethodTest.xml
1612,/home/runner/work/junit4/junit4/target/surefire-reports/TEST-org.junit.tests.running.classes.UseSuiteAsASuperclassTest.xml
1613,/home/runner/work/junit4/junit4/target/surefire-reports/org.junit.tests.running.core.SystemExitTest.txt
1614,/home/runner/work/junit4/junit4/target/surefire-reports/org.junit.tests.running.classes.ThreadsTest.txt
1615,/home/runner/work/junit4/junit4/target/surefire-reports/TEST-org.junit.tests.running.classes.ThreadsTest.xml
1616,/home/runner/work/junit4/junit4/target/surefire-reports/org.junit.tests.running.core.CommandLineTest.txt
1617,/home/runner/work/junit4/junit4/target/surefire-reports/TEST-org.junit.tests.running.core.CommandLineTest.xml
1618,/home/runner/work/junit4/junit4/target/surefire-reports/org.junit.tests.running.core.JUnitCoreReturnsCorrectExitCodeTest.txt
1619,/home/runner/work/junit4/junit4/target/surefire-reports/TEST-org.junit.tests.running.core.JUnitCoreReturnsCorrectExitCodeTest.xml
1620,/home/runner/work/junit4/junit4/target/surefire-reports/TEST-org.junit.tests.running.core.SystemExitTest.xml
1621,/home/runner/work/junit4/junit4/target/surefire-reports/org.junit.tests.running.methods.ParameterizedTestMethodTest.txt
1622,/home/runner/work/junit4/junit4/target/surefire-reports/org.junit.tests.running.methods.AnnotationTest.txt
1623,/home/runner/work/junit4/junit4/target/surefire-reports/TEST-org.junit.tests.running.methods.AnnotationTest.xml
1624,/home/runner/work/junit4/junit4/target/surefire-reports/org.junit.tests.running.methods.ExpectedTest.txt
1625,/home/runner/work/junit4/junit4/target/surefire-reports/TEST-org.junit.tests.running.methods.ExpectedTest.xml
1626,/home/runner/work/junit4/junit4/target/surefire-reports/org.junit.tests.running.methods.InheritedTestTest.txt
1627,/home/runner/work/junit4/junit4/target/surefire-reports/TEST-org.junit.tests.running.methods.InheritedTestTest.xml
1628,/home/runner/work/junit4/junit4/target/surefire-reports/TEST-org.junit.runner.notification.RunNotifierTest.xml
1629,/home/runner/work/junit4/junit4/target/surefire-reports/TEST-org.junit.runner.notification.ConcurrentRunNotifierTest.xml
1630,/home/runner/work/junit4/junit4/target/surefire-reports/org.junit.tests.manipulation.SortableTest$TestOnlySortableClassRunnerIsSortable.txt
1631,/home/runner/work/junit4/junit4/target/surefire-reports/org.junit.rules.RuleChainTest.txt
1632,/home/runner/work/junit4/junit4/target/surefire-reports/org.junit.rules.MethodRulesTest.txt
1633,/home/runner/work/junit4/junit4/target/surefire-reports/TEST-org.junit.rules.MethodRulesTest.xml
1634,/home/runner/work/junit4/junit4/target/surefire-reports/org.junit.rules.NameRulesTest$BeforeAndAfterTest.txt
1635,/home/runner/work/junit4/junit4/target/surefire-reports/TEST-org.junit.rules.NameRulesTest$BeforeAndAfterTest.xml
1636,/home/runner/work/junit4/junit4/target/surefire-reports/org.junit.rules.NameRulesTest$TestNames.txt
1637,/home/runner/work/junit4/junit4/target/surefire-reports/TEST-org.junit.rules.NameRulesTest$TestNames.xml
1638,/home/runner/work/junit4/junit4/target/surefire-reports/TEST-org.junit.rules.RuleChainTest.xml
1639,/home/runner/work/junit4/junit4/target/surefire-reports/org.junit.rules.ExternalResourceRuleTest.txt
1640,/home/runner/work/junit4/junit4/target/surefire-reports/org.junit.rules.RuleMemberValidatorTest.txt
1641,/home/runner/work/junit4/junit4/target/surefire-reports/TEST-org.junit.rules.RuleMemberValidatorTest.xml
1642,/home/runner/work/junit4/junit4/target/surefire-reports/org.junit.rules.StopwatchTest.txt
1643,/home/runner/work/junit4/junit4/target/surefire-reports/TEST-org.junit.rules.StopwatchTest.xml
1644,/home/runner/work/junit4/junit4/target/surefire-reports/org.junit.rules.TempFolderRuleTest.txt
1645,/home/runner/work/junit4/junit4/target/surefire-reports/TEST-org.junit.rules.TempFolderRuleTest.xml
1646,/home/runner/work/junit4/junit4/target/surefire-reports/TEST-org.junit.rules.ExternalResourceRuleTest.xml
1647,/home/runner/work/junit4/junit4/target/surefire-reports/TEST-org.junit.rules.ExpectedExceptionTest.xml
1648,/home/runner/work/junit4/junit4/target/surefire-reports/TEST-org.junit.rules.TemporaryFolderRuleAssuredDeletionTest.xml
1649,/home/runner/work/junit4/junit4/target/surefire-reports/org.junit.rules.BlockJUnit4ClassRunnerOverrideTest.txt
1650,/home/runner/work/junit4/junit4/target/surefire-reports/org.junit.tests.manipulation.SortableTest$UnsortableRunnersAreHandledWithoutCrashing.txt
1651,/home/runner/work/junit4/junit4/target/surefire-reports/TEST-org.junit.tests.manipulation.SortableTest$UnsortableRunnersAreHandledWithoutCrashing.xml
1652,/home/runner/work/junit4/junit4/target/surefire-reports/org.junit.tests.manipulation.SortableTest$TestClassRunnerIsSortableWithSuiteMethod.txt
1653,/home/runner/work/junit4/junit4/target/surefire-reports/TEST-org.junit.tests.manipulation.SortableTest$TestClassRunnerIsSortableWithSuiteMethod.xml
1654,/home/runner/work/junit4/junit4/target/surefire-reports/org.junit.tests.manipulation.SortableTest$TestClassRunnerIsSortable.txt
1655,/home/runner/work/junit4/junit4/target/surefire-reports/TEST-org.junit.tests.manipulation.SortableTest$TestClassRunnerIsSortable.xml
1656,/home/runner/work/junit4/junit4/target/surefire-reports/TEST-org.junit.rules.BlockJUnit4ClassRunnerOverrideTest.xml
1657,/home/runner/work/junit4/junit4/target/surefire-reports/org.junit.rules.ExpectedExceptionTest.txt
1658,/home/runner/work/junit4/junit4/target/surefire-reports/org.junit.rules.ClassRulesTest.txt
1659,/home/runner/work/junit4/junit4/target/surefire-reports/TEST-org.junit.rules.ClassRulesTest.xml
1660,/home/runner/work/junit4/junit4/target/surefire-reports/org.junit.rules.DisableOnDebugTest.txt
1661,/home/runner/work/junit4/junit4/target/surefire-reports/TEST-org.junit.rules.DisableOnDebugTest.xml
1662,/home/runner/work/junit4/junit4/target/surefire-reports/org.junit.rules.ErrorCollectorTest.txt
1663,/home/runner/work/junit4/junit4/target/surefire-reports/TEST-org.junit.rules.ErrorCollectorTest.xml
1664,/home/runner/work/junit4/junit4/target/surefire-reports/org.junit.rules.TemporaryFolderRuleAssuredDeletionTest.txt
1665,/home/runner/work/junit4/junit4/target/surefire-reports/org.junit.rules.TemporaryFolderUsageTest.txt
1666,/home/runner/work/junit4/junit4/target/surefire-reports/org.junit.runner.notification.ConcurrentRunNotifierTest.txt
1667,/home/runner/work/junit4/junit4/target/surefire-reports/org.junit.runners.parameterized.ParameterizedNamesTest.txt
1668,/home/runner/work/junit4/junit4/target/surefire-reports/org.junit.runners.model.InvalidTestClassErrorTest.txt
1669,/home/runner/work/junit4/junit4/target/surefire-reports/TEST-org.junit.runners.model.InvalidTestClassErrorTest.xml
1670,/home/runner/work/junit4/junit4/target/surefire-reports/org.junit.runners.model.TestClassTest.txt
1671,/home/runner/work/junit4/junit4/target/surefire-reports/TEST-org.junit.runners.model.TestClassTest.xml
1672,/home/runner/work/junit4/junit4/target/surefire-reports/org.junit.runners.parameterized.BlockJUnit4ClassRunnerWithParametersTest.txt
1673,/home/runner/work/junit4/junit4/target/surefire-reports/TEST-org.junit.runners.parameterized.BlockJUnit4ClassRunnerWithParametersTest.xml
1674,/home/runner/work/junit4/junit4/target/surefire-reports/TEST-org.junit.runners.parameterized.ParameterizedNamesTest.xml
1675,/home/runner/work/junit4/junit4/target/surefire-reports/org.junit.runners.model.FrameworkMethodTest.txt
1676,/home/runner/work/junit4/junit4/target/surefire-reports/org.junit.runners.parameterized.TestWithParametersTest.txt
1677,/home/runner/work/junit4/junit4/target/surefire-reports/TEST-org.junit.runners.parameterized.TestWithParametersTest.xml
1678,/home/runner/work/junit4/junit4/target/surefire-reports/org.junit.runners.RuleContainerTest.txt
1679,/home/runner/work/junit4/junit4/target/surefire-reports/TEST-org.junit.runners.RuleContainerTest.xml
1680,/home/runner/work/junit4/junit4/target/surefire-reports/org.junit.runners.CustomBlockJUnit4ClassRunnerTest.txt
1681,/home/runner/work/junit4/junit4/target/surefire-reports/TEST-org.junit.runners.CustomBlockJUnit4ClassRunnerTest.xml
1682,/home/runner/work/junit4/junit4/target/surefire-reports/TEST-org.junit.runners.model.FrameworkMethodTest.xml
1683,/home/runner/work/junit4/junit4/target/surefire-reports/TEST-org.junit.runners.model.FrameworkFieldTest.xml
1684,/home/runner/work/junit4/junit4/target/surefire-reports/TEST-org.junit.rules.TemporaryFolderUsageTest.xml
1685,/home/runner/work/junit4/junit4/target/surefire-reports/org.junit.rules.TestWatcherTest$Callbacks.txt
1686,/home/runner/work/junit4/junit4/target/surefire-reports/org.junit.rules.TestRuleTest.txt
1687,/home/runner/work/junit4/junit4/target/surefire-reports/TEST-org.junit.rules.TestRuleTest.xml
1688,/home/runner/work/junit4/junit4/target/surefire-reports/org.junit.rules.TestWatcherTest$InterplayWithOtherRules.txt
1689,/home/runner/work/junit4/junit4/target/surefire-reports/TEST-org.junit.rules.TestWatcherTest$InterplayWithOtherRules.xml
1690,/home/runner/work/junit4/junit4/target/surefire-reports/org.junit.rules.TestWatcherTest$CallbackArguments.txt
1691,/home/runner/work/junit4/junit4/target/surefire-reports/TEST-org.junit.rules.TestWatcherTest$CallbackArguments.xml
1692,/home/runner/work/junit4/junit4/target/surefire-reports/TEST-org.junit.rules.TestWatcherTest$Callbacks.xml
1693,/home/runner/work/junit4/junit4/target/surefire-reports/org.junit.runners.model.FrameworkFieldTest.txt
1694,/home/runner/work/junit4/junit4/target/surefire-reports/org.junit.rules.TestWatchmanTest.txt
1695,/home/runner/work/junit4/junit4/target/surefire-reports/TEST-org.junit.rules.TestWatchmanTest.xml
1696,/home/runner/work/junit4/junit4/target/surefire-reports/org.junit.rules.TimeoutRuleTest.txt
1697,/home/runner/work/junit4/junit4/target/surefire-reports/TEST-org.junit.rules.TimeoutRuleTest.xml
1698,/home/runner/work/junit4/junit4/target/surefire-reports/org.junit.rules.VerifierRuleTest.txt
1699,/home/runner/work/junit4/junit4/target/surefire-reports/TEST-org.junit.rules.VerifierRuleTest.xml
1700,/home/runner/work/junit4/junit4/target/surefire-reports/org.junit.validator.AnnotationValidatorFactoryTest.txt
1701,/home/runner/work/junit4/junit4/target/surefire-reports/TEST-org.junit.validator.AnnotationValidatorFactoryTest.xml
1702,/home/runner/work/junit4/junit4/target/surefire-reports/org.junit.validator.PublicClassValidatorTest.txt
1703,/home/runner/work/junit4/junit4/target/site/apidocs/src-html/org/junit/experimental/theories/ParametersSuppliedBy.html
1704,/home/runner/work/junit4/junit4/target/site/apidocs/src-html/org/junit/experimental/categories/CategoryValidator.html
1705,/home/runner/work/junit4/junit4/target/site/apidocs/src-html/org/junit/experimental/categories/ExcludeCategories.html
1706,/home/runner/work/junit4/junit4/target/site/apidocs/src-html/org/junit/experimental/categories/IncludeCategories.html
1707,/home/runner/work/junit4/junit4/target/site/apidocs/src-html/org/junit/experimental/theories/DataPoint.html
1708,/home/runner/work/junit4/junit4/target/site/apidocs/src-html/org/junit/experimental/theories/DataPoints.html
1709,/home/runner/work/junit4/junit4/target/site/apidocs/src-html/org/junit/experimental/theories/FromDataPoints.html
1710,/home/runner/work/junit4/junit4/target/site/apidocs/src-html/org/junit/experimental/theories/ParameterSupplier.html
1711,/home/runner/work/junit4/junit4/target/site/apidocs/src-html/org/junit/experimental/max/CouldNotReadCoreException.html
1712,/home/runner/work/junit4/junit4/target/site/apidocs/src-html/org/junit/experimental/theories/PotentialAssignment.html
1713,/home/runner/work/junit4/junit4/target/site/apidocs/src-html/org/junit/experimental/theories/PotentialAssignment.CouldNotGenerateValueException.html
1714,/home/runner/work/junit4/junit4/target/site/apidocs/src-html/org/junit/experimental/theories/Theory.html
1715,/home/runner/work/junit4/junit4/target/site/apidocs/src-html/org/junit/experimental/theories/suppliers/TestedOn.html
1716,/home/runner/work/junit4/junit4/target/site/apidocs/src-html/org/junit/experimental/theories/suppliers/TestedOnSupplier.html
1717,/home/runner/work/junit4/junit4/target/site/apidocs/src-html/org/junit/experimental/theories/internal/BooleanSupplier.html
1718,/home/runner/work/junit4/junit4/target/site/apidocs/src-html/org/junit/experimental/categories/Category.html
1719,/home/runner/work/junit4/junit4/target/site/apidocs/src-html/org/junit/experimental/runners/Enclosed.html
1720,/home/runner/work/junit4/junit4/target/site/apidocs/src-html/org/junit/experimental/theories/internal/ParameterizedAssertionError.html
1721,/home/runner/work/junit4/junit4/target/site/apidocs/src-html/org/junit/After.html
1722,/home/runner/work/junit4/junit4/target/site/apidocs/org/junit/runners/model/package-tree.html
1723,/home/runner/work/junit4/junit4/target/site/apidocs/org/junit/runners/parameterized/package-summary.html
1724,/home/runner/work/junit4/junit4/target/site/apidocs/org/junit/runners/parameterized/package-tree.html
1725,/home/runner/work/junit4/junit4/target/site/apidocs/org/junit/validator/package-summary.html
1726,/home/runner/work/junit4/junit4/target/site/apidocs/org/junit/validator/package-tree.html
1727,/home/runner/work/junit4/junit4/target/site/apidocs/constant-values.html
1728,/home/runner/work/junit4/junit4/target/site/apidocs/src-html/org/junit/AfterClass.html
1729,/home/runner/work/junit4/junit4/target/site/apidocs/src-html/org/junit/function/ThrowingRunnable.html
1730,/home/runner/work/junit4/junit4/target/site/apidocs/src-html/org/junit/AssumptionViolatedException.html
1731,/home/runner/work/junit4/junit4/target/site/apidocs/src-html/org/junit/Before.html
1732,/home/runner/work/junit4/junit4/target/site/apidocs/src-html/org/junit/BeforeClass.html
1733,/home/runner/work/junit4/junit4/target/site/apidocs/src-html/org/junit/FixMethodOrder.html
1734,/home/runner/work/junit4/junit4/target/site/apidocs/src-html/org/junit/Ignore.html
1735,/home/runner/work/junit4/junit4/target/site/apidocs/src-html/org/junit/TestCouldNotBeSkippedException.html
1736,/home/runner/work/junit4/junit4/target/site/apidocs/src-html/org/junit/experimental/theories/internal/EnumSupplier.html
1737,/home/runner/work/junit4/junit4/target/site/apidocs/src-html/org/junit/experimental/results/PrintableResult.html
1738,/home/runner/work/junit4/junit4/target/surefire-reports/TEST-org.junit.validator.PublicClassValidatorTest.xml
1739,/home/runner/work/junit4/junit4/target/site/apidocs/src-html/org/junit/runner/OrderWith.html
1740,/home/runner/work/junit4/junit4/target/site/apidocs/src-html/org/junit/validator/ValidateWith.html
1741,/home/runner/work/junit4/junit4/target/site/apidocs/src-html/org/junit/runner/Computer.html
1742,/home/runner/work/junit4/junit4/target/site/apidocs/src-html/org/junit/runner/Describable.html
1743,/home/runner/work/junit4/junit4/target/site/apidocs/src-html/org/junit/runner/FilterFactory.html
1744,/home/runner/work/junit4/junit4/target/site/apidocs/src-html/org/junit/runner/FilterFactory.FilterNotCreatedException.html
1745,/home/runner/work/junit4/junit4/target/site/apidocs/src-html/org/junit/runner/FilterFactoryParams.html
1746,/home/runner/work/junit4/junit4/target/site/apidocs/src-html/org/junit/runner/OrderWithValidator.html
1747,/home/runner/work/junit4/junit4/target/site/apidocs/src-html/org/junit/validator/PublicClassValidator.html
1748,/home/runner/work/junit4/junit4/target/site/apidocs/src-html/org/junit/runner/Runner.html
1749,/home/runner/work/junit4/junit4/target/site/apidocs/src-html/org/junit/runner/RunWith.html
1750,/home/runner/work/junit4/junit4/target/site/apidocs/src-html/org/junit/runner/notification/StoppedByUserException.html
1751,/home/runner/work/junit4/junit4/target/site/apidocs/src-html/org/junit/runner/manipulation/Alphanumeric.html
1752,/home/runner/work/junit4/junit4/target/site/apidocs/src-html/org/junit/runner/manipulation/Filterable.html
1753,/home/runner/work/junit4/junit4/target/site/apidocs/src-html/org/junit/runner/manipulation/InvalidOrderingException.html
1754,/home/runner/work/junit4/junit4/target/site/apidocs/src-html/org/junit/validator/TestClassValidator.html
1755,/home/runner/work/junit4/junit4/target/site/apidocs/src-html/org/junit/validator/AnnotationValidatorFactory.html
1756,/home/runner/work/junit4/junit4/target/site/apidocs/src-html/org/junit/experimental/ParallelComputer.html
1757,/home/runner/work/junit4/junit4/target/site/apidocs/src-html/org/junit/runners/model/InvalidTestClassError.html
1758,/home/runner/work/junit4/junit4/target/site/apidocs/src-html/org/junit/runners/AllTests.html
1759,/home/runner/work/junit4/junit4/target/site/apidocs/src-html/org/junit/runners/JUnit4.html
1760,/home/runner/work/junit4/junit4/target/site/apidocs/src-html/org/junit/runners/MethodSorters.html
1761,/home/runner/work/junit4/junit4/target/site/apidocs/src-html/org/junit/runners/model/Annotatable.html
1762,/home/runner/work/junit4/junit4/target/site/apidocs/src-html/org/junit/runners/model/FrameworkMember.html
1763,/home/runner/work/junit4/junit4/target/site/apidocs/src-html/org/junit/runners/model/InitializationError.html
1764,/home/runner/work/junit4/junit4/target/site/apidocs/src-html/org/junit/runners/model/MemberValueConsumer.html
1765,/home/runner/work/junit4/junit4/target/site/apidocs/src-html/org/junit/validator/AnnotationValidator.html
1766,/home/runner/work/junit4/junit4/target/site/apidocs/src-html/org/junit/runners/model/RunnerScheduler.html
1767,/home/runner/work/junit4/junit4/target/site/apidocs/src-html/org/junit/runners/model/Statement.html
1768,/home/runner/work/junit4/junit4/target/site/apidocs/src-html/org/junit/runners/model/TestTimedOutException.html
1769,/home/runner/work/junit4/junit4/target/site/apidocs/src-html/org/junit/runners/parameterized/BlockJUnit4ClassRunnerWithParametersFactory.html
1770,/home/runner/work/junit4/junit4/target/site/apidocs/src-html/org/junit/runners/parameterized/ParametersRunnerFactory.html
1771,/home/runner/work/junit4/junit4/target/site/apidocs/src-html/org/junit/runners/parameterized/TestWithParameters.html
1772,/home/runner/work/junit4/junit4/target/site/apidocs/org/junit/runner/notification/package-tree.html
1773,/home/runner/work/junit4/junit4/target/site/apidocs/org/junit/runner/notification/package-summary.html
1774,/home/runner/work/junit4/junit4/target/site/apidocs/org/junit/runner/manipulation/package-tree.html
1775,/home/runner/work/junit4/junit4/target/site/apidocs/org/junit/runners/Parameterized.Parameters.html
1776,/home/runner/work/junit4/junit4/target/site/apidocs/org/junit/Ignore.html
1777,/home/runner/work/junit4/junit4/target/site/apidocs/org/junit/runner/manipulation/Ordering.Factory.html
1778,/home/runner/work/junit4/junit4/target/site/apidocs/org/junit/runner/OrderWith.html
1779,/home/runner/work/junit4/junit4/target/site/apidocs/org/junit/runners/Parameterized.AfterParam.html
1780,/home/runner/work/junit4/junit4/target/site/apidocs/org/junit/runners/Parameterized.BeforeParam.html
1781,/home/runner/work/junit4/junit4/target/site/apidocs/org/junit/runners/Parameterized.Parameter.html
1782,/home/runner/work/junit4/junit4/target/site/apidocs/org/junit/runners/Parameterized.UseParametersRunnerFactory.html
1783,/home/runner/work/junit4/junit4/target/site/apidocs/org/junit/FixMethodOrder.html
1784,/home/runner/work/junit4/junit4/target/site/apidocs/org/junit/experimental/theories/ParametersSuppliedBy.html
1785,/home/runner/work/junit4/junit4/target/site/apidocs/junit/framework/Protectable.html
1786,/home/runner/work/junit4/junit4/target/site/apidocs/org/junit/runner/notification/RunListener.ThreadSafe.html
1787,/home/runner/work/junit4/junit4/target/site/apidocs/org/junit/runner/RunWith.html
1788,/home/runner/work/junit4/junit4/target/site/apidocs/org/junit/runners/Suite.SuiteClasses.html
1789,/home/runner/work/junit4/junit4/target/site/apidocs/org/junit/experimental/theories/suppliers/TestedOn.html
1790,/home/runner/work/junit4/junit4/target/site/apidocs/org/junit/experimental/theories/FromDataPoints.html
1791,/home/runner/work/junit4/junit4/target/site/apidocs/org/hamcrest/Factory.html
1792,/home/runner/work/junit4/junit4/target/site/apidocs/org/junit/runner/package-tree.html
1793,/home/runner/work/junit4/junit4/target/site/apidocs/org/junit/After.html
1794,/home/runner/work/junit4/junit4/target/surefire-reports/org.junit.AssumptionViolatedExceptionTest.txt
1795,/home/runner/work/junit4/junit4/target/surefire-reports/TEST-org.junit.AssumptionViolatedExceptionTest.xml
1796,/home/runner/work/junit4/junit4/target/surefire-reports/org.junit.tests.ObjectContractTest.txt
1797,/home/runner/work/junit4/junit4/target/surefire-reports/TEST-org.junit.tests.ObjectContractTest.xml
1798,/home/runner/work/junit4/junit4/target/site/apidocs/org/junit/AfterClass.html
1799,/home/runner/work/junit4/junit4/target/site/apidocs/org/hamcrest/Condition.Step.html
1800,/home/runner/work/junit4/junit4/target/site/apidocs/org/hamcrest/BaseMatcher.html
1801,/home/runner/work/junit4/junit4/target/site/apidocs/org/junit/Before.html
1802,/home/runner/work/junit4/junit4/target/site/apidocs/org/junit/BeforeClass.html
1803,/home/runner/work/junit4/junit4/target/site/apidocs/org/junit/experimental/categories/Categories.ExcludeCategory.html
1804,/home/runner/work/junit4/junit4/target/site/apidocs/org/junit/experimental/categories/Categories.IncludeCategory.html
1805,/home/runner/work/junit4/junit4/target/site/apidocs/org/junit/experimental/categories/Category.html
1806,/home/runner/work/junit4/junit4/target/site/apidocs/org/junit/experimental/theories/Theory.html
1807,/home/runner/work/junit4/junit4/target/site/apidocs/org/junit/function/ThrowingRunnable.html
1808,/home/runner/work/junit4/junit4/target/site/apidocs/org/junit/validator/ValidateWith.html
1809,/home/runner/work/junit4/junit4/target/site/apidocs/org/junit/experimental/theories/suppliers/package-summary.html
1810,/home/runner/work/junit4/junit4/target/site/apidocs/org/junit/experimental/results/package-tree.html
1811,/home/runner/work/junit4/junit4/target/site/apidocs/org/junit/experimental/runners/package-summary.html
1812,/home/runner/work/junit4/junit4/target/site/apidocs/org/junit/experimental/runners/package-tree.html
1813,/home/runner/work/junit4/junit4/target/site/apidocs/org/junit/experimental/theories/package-tree.html
1814,/home/runner/work/junit4/junit4/target/site/apidocs/org/junit/experimental/theories/internal/package-summary.html
1815,/home/runner/work/junit4/junit4/target/site/apidocs/org/junit/experimental/theories/internal/package-tree.html
1816,/home/runner/work/junit4/junit4/target/site/apidocs/org/junit/experimental/theories/suppliers/package-tree.html
1817,/home/runner/work/junit4/junit4/target/site/apidocs/element-list
1818,/home/runner/work/junit4/junit4/target/site/apidocs/org/junit/function/package-summary.html
1819,/home/runner/work/junit4/junit4/target/site/apidocs/org/junit/function/package-tree.html
1820,/home/runner/work/junit4/junit4/target/site/apidocs/org/junit/internal/package-tree.html
1821,/home/runner/work/junit4/junit4/target/site/apidocs/org/junit/matchers/package-summary.html
1822,/home/runner/work/junit4/junit4/target/site/apidocs/org/junit/matchers/package-tree.html
1823,/home/runner/work/junit4/junit4/target/site/apidocs/org/junit/rules/package-tree.html
1824,/home/runner/work/junit4/junit4/target/site/apidocs/org/junit/experimental/results/package-summary.html
1825,/home/runner/work/junit4/junit4/target/site/apidocs/org/junit/experimental/max/package-tree.html
1826,/home/runner/work/junit4/junit4/target/site/apidocs/org/junit/experimental/max/package-summary.html
1827,/home/runner/work/junit4/junit4/target/site/apidocs/org/junit/experimental/categories/package-tree.html
1828,/home/runner/work/junit4/junit4/target/site/apidocs/org/junit/experimental/package-tree.html
1829,/home/runner/work/junit4/junit4/target/site/apidocs/org/junit/experimental/package-summary.html
1830,/home/runner/work/junit4/junit4/target/site/apidocs/org/hamcrest/internal/package-tree.html
1831,/home/runner/work/junit4/junit4/target/site/apidocs/org/hamcrest/internal/package-summary.html
1832,/home/runner/work/junit4/junit4/target/site/apidocs/org/hamcrest/core/package-tree.html
1833,/home/runner/work/junit4/junit4/target/site/apidocs/org/hamcrest/package-tree.html
1834,/home/runner/work/junit4/junit4/target/site/apidocs/junit/textui/package-tree.html
1835,/home/runner/work/junit4/junit4/target/site/apidocs/junit/textui/package-summary.html
1836,/home/runner/work/junit4/junit4/target/site/apidocs/junit/runner/package-tree.html
1837,/home/runner/work/junit4/junit4/target/site/apidocs/junit/runner/package-summary.html
1838,/home/runner/work/junit4/junit4/target/site/apidocs/junit/framework/package-tree.html
1839,/home/runner/work/junit4/junit4/target/site/apidocs/junit/extensions/package-tree.html
1840,/home/runner/work/junit4/junit4/target/site/apidocs/junit/extensions/package-summary.html
1841,/home/runner/work/junit4/junit4/target/surefire-reports/TEST-org.junit.tests.manipulation.SortableTest$TestOnlySortableClassRunnerIsSortable.xml
1842,/home/runner/work/junit4/junit4/target/surefire-reports/TEST-org.junit.tests.manipulation.SingleMethodTest.xml
1843,/home/runner/work/junit4/junit4/target/surefire-reports/TEST-org.junit.experimental.categories.MultiCategoryTest.xml
1844,/home/runner/work/junit4/junit4/target/surefire-reports/TEST-org.junit.experimental.categories.CategoryTest.xml
1845,/home/runner/work/junit4/junit4/target/surefire-reports/org.junit.experimental.categories.CategoryValidatorTest.txt
1846,/home/runner/work/junit4/junit4/target/surefire-reports/TEST-org.junit.experimental.categories.CategoryValidatorTest.xml
1847,/home/runner/work/junit4/junit4/target/surefire-reports/org.junit.experimental.categories.JavadocTest.txt
1848,/home/runner/work/junit4/junit4/target/surefire-reports/TEST-org.junit.experimental.categories.JavadocTest.xml
1849,/home/runner/work/junit4/junit4/target/surefire-reports/org.junit.experimental.categories.MultiCategoryTest.txt
1850,/home/runner/work/junit4/junit4/target/surefire-reports/org.junit.tests.experimental.max.DescriptionTest.txt
1851,/home/runner/work/junit4/junit4/target/surefire-reports/TEST-org.junit.experimental.categories.CategoryFilterFactoryTest.xml
1852,/home/runner/work/junit4/junit4/target/surefire-reports/TEST-org.junit.tests.experimental.max.DescriptionTest.xml
1853,/home/runner/work/junit4/junit4/target/surefire-reports/org.junit.tests.experimental.max.JUnit38SortingTest.txt
1854,/home/runner/work/junit4/junit4/target/surefire-reports/TEST-org.junit.tests.experimental.max.JUnit38SortingTest.xml
1855,/home/runner/work/junit4/junit4/target/surefire-reports/org.junit.tests.experimental.max.MaxStarterTest.txt
1856,/home/runner/work/junit4/junit4/target/surefire-reports/TEST-org.junit.tests.experimental.max.MaxStarterTest.xml
1857,/home/runner/work/junit4/junit4/target/surefire-reports/org.junit.tests.experimental.parallel.ParallelClassTest.txt
1858,/home/runner/work/junit4/junit4/target/surefire-reports/org.junit.experimental.categories.CategoryTest.txt
1859,/home/runner/work/junit4/junit4/target/surefire-reports/org.junit.experimental.categories.CategoryFilterFactoryTest.txt
1860,/home/runner/work/junit4/junit4/target/surefire-reports/org.junit.tests.experimental.parallel.ParallelMethodTest.txt
1861,/home/runner/work/junit4/junit4/target/surefire-reports/TEST-org.junit.tests.description.AnnotatedDescriptionTest.xml
1862,/home/runner/work/junit4/junit4/target/surefire-reports/TEST-org.junit.tests.assertion.ComparisonFailureTest.xml
1863,/home/runner/work/junit4/junit4/target/surefire-reports/org.junit.tests.assertion.MultipleFailureExceptionTest.txt
1864,/home/runner/work/junit4/junit4/target/surefire-reports/TEST-org.junit.tests.assertion.MultipleFailureExceptionTest.xml
1865,/home/runner/work/junit4/junit4/target/surefire-reports/org.junit.tests.deprecated.JUnit4ClassRunnerTest.txt
1866,/home/runner/work/junit4/junit4/target/surefire-reports/TEST-org.junit.tests.deprecated.JUnit4ClassRunnerTest.xml
1867,/home/runner/work/junit4/junit4/target/surefire-reports/org.junit.tests.description.AnnotatedDescriptionTest.txt
1868,/home/runner/work/junit4/junit4/target/surefire-reports/org.junit.tests.description.SuiteDescriptionTest.txt
1869,/home/runner/work/junit4/junit4/target/surefire-reports/TEST-org.junit.experimental.categories.CategoriesAndParameterizedTest.xml
1870,/home/runner/work/junit4/junit4/target/surefire-reports/TEST-org.junit.tests.description.SuiteDescriptionTest.xml
1871,/home/runner/work/junit4/junit4/target/surefire-reports/org.junit.tests.description.TestDescriptionMethodNameTest.txt
1872,/home/runner/work/junit4/junit4/target/surefire-reports/TEST-org.junit.tests.description.TestDescriptionMethodNameTest.xml
1873,/home/runner/work/junit4/junit4/target/surefire-reports/org.junit.tests.description.TestDescriptionTest.txt
1874,/home/runner/work/junit4/junit4/target/surefire-reports/TEST-org.junit.tests.description.TestDescriptionTest.xml
1875,/home/runner/work/junit4/junit4/target/surefire-reports/org.junit.experimental.categories.CategoriesAndParameterizedTest.txt
1876,/home/runner/work/junit4/junit4/target/surefire-reports/TEST-org.junit.tests.experimental.parallel.ParallelClassTest.xml
1877,/home/runner/work/junit4/junit4/target/surefire-reports/TEST-org.junit.tests.experimental.parallel.ParallelMethodTest.xml
1878,/home/runner/work/junit4/junit4/target/maven-status/maven-compiler-plugin/testCompile/default-testCompile/inputFiles.lst
1879,/home/runner/work/junit4/junit4/target/surefire-reports/TEST-org.junit.tests.experimental.theories.runner.SuccessfulWithDataPointFields$PositiveInts.xml
1880,/home/runner/work/junit4/junit4/target/surefire-reports/TEST-org.junit.tests.experimental.theories.runner.SuccessfulWithDataPointFields$DifferentTypesInConstructor.xml
1881,/home/runner/work/junit4/junit4/target/surefire-reports/org.junit.tests.experimental.theories.runner.SuccessfulWithDataPointFields$PositiveIntsWithMethodParams.txt
1882,/home/runner/work/junit4/junit4/target/surefire-reports/TEST-org.junit.tests.experimental.theories.runner.SuccessfulWithDataPointFields$PositiveIntsWithMethodParams.xml
1883,/home/runner/work/junit4/junit4/target/surefire-reports/org.junit.tests.experimental.theories.runner.SuccessfulWithDataPointFields$PositiveIntsWithNegativeField.txt
1884,/home/runner/work/junit4/junit4/target/surefire-reports/TEST-org.junit.tests.experimental.theories.runner.SuccessfulWithDataPointFields$PositiveIntsWithNegativeField.xml
1885,/home/runner/work/junit4/junit4/target/surefire-reports/org.junit.tests.experimental.theories.runner.SuccessfulWithDataPointFields$PositiveInts.txt
1886,/home/runner/work/junit4/junit4/target/surefire-reports/org.junit.tests.experimental.theories.runner.SuccessfulWithDataPointFields$NewObjectEachTime.txt
1887,/home/runner/work/junit4/junit4/target/surefire-reports/TEST-org.junit.tests.experimental.theories.runner.SuccessfulWithDataPointFields$BeforeAndAfterEachTime.xml
1888,/home/runner/work/junit4/junit4/target/surefire-reports/TEST-org.junit.tests.experimental.theories.runner.SuccessfulWithDataPointFields$NewObjectEachTime.xml
1889,/home/runner/work/junit4/junit4/target/surefire-reports/org.junit.tests.experimental.theories.runner.SuccessfulWithDataPointFields$BeforeAndAfterOnSameInstance.txt
1890,/home/runner/work/junit4/junit4/target/surefire-reports/TEST-org.junit.tests.experimental.theories.runner.SuccessfulWithDataPointFields$BeforeAndAfterOnSameInstance.xml
1891,/home/runner/work/junit4/junit4/target/surefire-reports/org.junit.tests.experimental.theories.runner.SuccessfulWithDataPointFields$HasATwoParameterTheory.txt
1892,/home/runner/work/junit4/junit4/target/surefire-reports/TEST-org.junit.tests.experimental.theories.runner.SuccessfulWithDataPointFields$HasATwoParameterTheory.xml
1893,/home/runner/work/junit4/junit4/target/surefire-reports/org.junit.tests.experimental.theories.runner.TheoriesPerformanceTest.txt
1894,/home/runner/work/junit4/junit4/target/surefire-reports/org.junit.tests.experimental.theories.runner.SuccessfulWithDataPointFields$DifferentTypesInConstructor.txt
1895,/home/runner/work/junit4/junit4/target/surefire-reports/org.junit.tests.experimental.theories.runner.SuccessfulWithDataPointFields$BeforeAndAfterEachTime.txt
1896,/home/runner/work/junit4/junit4/target/surefire-reports/org.junit.tests.experimental.results.PrintableResultTest.txt
1897,/home/runner/work/junit4/junit4/target/surefire-reports/TEST-org.junit.tests.experimental.theories.internal.ParameterizedAssertionErrorTest.xml
1898,/home/runner/work/junit4/junit4/target/surefire-reports/TEST-org.junit.tests.experimental.results.PrintableResultTest.xml
1899,/home/runner/work/junit4/junit4/target/surefire-reports/org.junit.tests.experimental.results.ResultMatchersTest.txt
1900,/home/runner/work/junit4/junit4/target/surefire-reports/TEST-org.junit.tests.experimental.results.ResultMatchersTest.xml
1901,/home/runner/work/junit4/junit4/target/surefire-reports/org.junit.tests.experimental.theories.internal.AllMembersSupplierTest.txt
1902,/home/runner/work/junit4/junit4/target/surefire-reports/TEST-org.junit.tests.experimental.theories.internal.AllMembersSupplierTest.xml
1903,/home/runner/work/junit4/junit4/target/surefire-reports/org.junit.tests.experimental.theories.internal.ParameterizedAssertionErrorTest.txt
1904,/home/runner/work/junit4/junit4/target/surefire-reports/org.junit.tests.experimental.theories.internal.SpecificDataPointsSupplierTest.txt
1905,/home/runner/work/junit4/junit4/target/surefire-reports/TEST-org.junit.tests.experimental.theories.runner.SuccessfulWithDataPointFields$OneTestTwoAnnotations.xml
1906,/home/runner/work/junit4/junit4/target/surefire-reports/TEST-org.junit.tests.experimental.theories.internal.SpecificDataPointsSupplierTest.xml
1907,/home/runner/work/junit4/junit4/target/surefire-reports/org.junit.tests.experimental.theories.runner.FailingDataPointMethods.txt
1908,/home/runner/work/junit4/junit4/target/surefire-reports/TEST-org.junit.tests.experimental.theories.runner.FailingDataPointMethods.xml
1909,/home/runner/work/junit4/junit4/target/surefire-reports/org.junit.tests.experimental.theories.runner.SuccessfulWithDataPointFields$StaticPublicNonDataPoints.txt
1910,/home/runner/work/junit4/junit4/target/surefire-reports/TEST-org.junit.tests.experimental.theories.runner.SuccessfulWithDataPointFields$StaticPublicNonDataPoints.xml
1911,/home/runner/work/junit4/junit4/target/surefire-reports/org.junit.tests.experimental.theories.runner.SuccessfulWithDataPointFields$OneTestTwoAnnotations.txt
1912,/home/runner/work/junit4/junit4/target/surefire-reports/org.junit.tests.assertion.ComparisonFailureTest.txt
1913,/home/runner/work/junit4/junit4/target/maven-status/maven-compiler-plugin/testCompile/default-testCompile/createdFiles.lst
1914,/home/runner/work/junit4/junit4/target/surefire-reports/org.junit.tests.manipulation.SingleMethodTest.txt
1925,/home/runner/work/junit4/junit4/target/test-classes/org/junit/rules/RuleMemberValidatorTest$SomeMethodRule.class
1926,/home/runner/work/junit4/junit4/target/test-classes/org/junit/rules/RuleMemberValidatorTest$1.class
1927,/home/runner/work/junit4/junit4/target/surefire-reports/TEST-org.junit.tests.experimental.theories.runner.TheoriesPerformanceTest.xml
1928,/home/runner/work/junit4/junit4/target/surefire-reports/org.junit.tests.experimental.theories.runner.TypeMatchingBetweenMultiDataPointsMethod.txt
1929,/home/runner/work/junit4/junit4/target/surefire-reports/TEST-org.junit.tests.experimental.theories.runner.TypeMatchingBetweenMultiDataPointsMethod.xml
1930,/home/runner/work/junit4/junit4/target/surefire-reports/junit.tests.runner.TextFeedbackTest.txt
1931,/home/runner/work/junit4/junit4/target/surefire-reports/junit.tests.runner.StackFilterTest.txt
1932,/home/runner/work/junit4/junit4/target/surefire-reports/TEST-junit.tests.runner.StackFilterTest.xml
1933,/home/runner/work/junit4/junit4/target/surefire-reports/junit.tests.runner.ResultTest.txt
1934,/home/runner/work/junit4/junit4/target/surefire-reports/TEST-junit.tests.runner.ResultTest.xml
1935,/home/runner/work/junit4/junit4/target/surefire-reports/junit.tests.runner.BaseTestRunnerTest.txt
1936,/home/runner/work/junit4/junit4/target/surefire-reports/TEST-junit.tests.runner.BaseTestRunnerTest.xml
1937,/home/runner/work/junit4/junit4/target/surefire-reports/TEST-junit.tests.runner.TextFeedbackTest.xml
1938,/home/runner/work/junit4/junit4/target/surefire-reports/junit.tests.framework.FloatAssertTest.txt
1939,/home/runner/work/junit4/junit4/target/surefire-reports/junit.tests.runner.TextRunnerSingleMethodTest.txt
1940,/home/runner/work/junit4/junit4/target/surefire-reports/TEST-junit.tests.runner.TextRunnerSingleMethodTest.xml
1941,/home/runner/work/junit4/junit4/target/surefire-reports/junit.tests.runner.TextRunnerTest.txt
1942,/home/runner/work/junit4/junit4/target/surefire-reports/TEST-junit.tests.runner.TextRunnerTest.xml
1943,/home/runner/work/junit4/junit4/target/surefire-reports/junit.tests.extensions.ExtensionTest.txt
1944,/home/runner/work/junit4/junit4/target/surefire-reports/TEST-junit.tests.extensions.ExtensionTest.xml
1945,/home/runner/work/junit4/junit4/target/surefire-reports/TEST-junit.tests.framework.FloatAssertTest.xml
1946,/home/runner/work/junit4/junit4/target/surefire-reports/TEST-junit.tests.framework.DoublePrecisionAssertTest.xml
1947,/home/runner/work/junit4/junit4/target/surefire-reports/TEST-junit.tests.extensions.ActiveTestTest.xml
1948,/home/runner/work/junit4/junit4/target/surefire-reports/junit.tests.framework.TestImplementorTest.txt
1949,/home/runner/work/junit4/junit4/target/surefire-reports/junit.tests.framework.TestListenerTest.txt
1950,/home/runner/work/junit4/junit4/target/surefire-reports/TEST-junit.tests.framework.TestListenerTest.xml
1951,/home/runner/work/junit4/junit4/target/surefire-reports/junit.tests.framework.AssertionFailedErrorTest.txt
1952,/home/runner/work/junit4/junit4/target/surefire-reports/TEST-junit.tests.framework.AssertionFailedErrorTest.xml
1953,/home/runner/work/junit4/junit4/target/surefire-reports/junit.tests.framework.AssertTest.txt
1954,/home/runner/work/junit4/junit4/target/surefire-reports/TEST-junit.tests.framework.AssertTest.xml
1955,/home/runner/work/junit4/junit4/target/surefire-reports/TEST-junit.tests.framework.TestImplementorTest.xml
1956,/home/runner/work/junit4/junit4/target/surefire-reports/junit.tests.framework.DoublePrecisionAssertTest.txt
1957,/home/runner/work/junit4/junit4/target/surefire-reports/junit.tests.framework.NoArgTestCaseTest.txt
1958,/home/runner/work/junit4/junit4/target/surefire-reports/TEST-junit.tests.framework.NoArgTestCaseTest.xml
1959,/home/runner/work/junit4/junit4/target/surefire-reports/junit.tests.framework.ComparisonCompactorTest.txt
1960,/home/runner/work/junit4/junit4/target/surefire-reports/TEST-junit.tests.framework.ComparisonCompactorTest.xml
1961,/home/runner/work/junit4/junit4/target/surefire-reports/junit.tests.framework.ComparisonFailureTest.txt
1962,/home/runner/work/junit4/junit4/target/surefire-reports/TEST-junit.tests.framework.ComparisonFailureTest.xml
1963,/home/runner/work/junit4/junit4/target/surefire-reports/junit.tests.extensions.ActiveTestTest.txt
1964,/home/runner/work/junit4/junit4/target/surefire-reports/junit.tests.extensions.RepeatedTestTest.txt
1965,/home/runner/work/junit4/junit4/target/surefire-reports/org.junit.tests.experimental.theories.runner.UnsuccessfulWithDataPointFields.txt
1966,/home/runner/work/junit4/junit4/target/surefire-reports/org.junit.tests.manipulation.OrderWithTest$UnOrderableRunnersAreHandledWithoutCrashing.txt
1967,/home/runner/work/junit4/junit4/target/surefire-reports/org.junit.tests.manipulation.OrderableTest$TestClassRunnerIsOrderableWithSuiteMethod.txt
1968,/home/runner/work/junit4/junit4/target/surefire-reports/TEST-org.junit.tests.manipulation.OrderableTest$TestClassRunnerIsOrderableWithSuiteMethod.xml
1969,/home/runner/work/junit4/junit4/target/surefire-reports/org.junit.tests.manipulation.OrderableTest$TestOrderableClassRunnerIsSortable.txt
1970,/home/runner/work/junit4/junit4/target/surefire-reports/TEST-org.junit.tests.manipulation.OrderableTest$TestOrderableClassRunnerIsSortable.xml
1971,/home/runner/work/junit4/junit4/target/surefire-reports/org.junit.tests.manipulation.OrderableTest$TestClassRunnerIsOrderable.txt
1972,/home/runner/work/junit4/junit4/target/surefire-reports/TEST-org.junit.tests.manipulation.OrderableTest$TestClassRunnerIsOrderable.xml
1973,/home/runner/work/junit4/junit4/target/surefire-reports/TEST-org.junit.tests.manipulation.OrderWithTest$UnOrderableRunnersAreHandledWithoutCrashing.xml
1974,/home/runner/work/junit4/junit4/target/surefire-reports/org.junit.tests.manipulation.OrderableTest$UnOrderableRunnersAreHandledWithoutCrashing.txt
1975,/home/runner/work/junit4/junit4/target/surefire-reports/org.junit.tests.manipulation.OrderWithTest$TestClassRunnerIsOrderableWithSuiteMethod.txt
1976,/home/runner/work/junit4/junit4/target/surefire-reports/TEST-org.junit.tests.manipulation.OrderWithTest$TestClassRunnerIsOrderableWithSuiteMethod.xml
1977,/home/runner/work/junit4/junit4/target/surefire-reports/org.junit.tests.manipulation.OrderWithTest$TestClassRunnerIsSortableViaOrderWith.txt
1978,/home/runner/work/junit4/junit4/target/surefire-reports/TEST-org.junit.tests.manipulation.OrderWithTest$TestClassRunnerIsSortableViaOrderWith.xml
1979,/home/runner/work/junit4/junit4/target/surefire-reports/org.junit.tests.manipulation.OrderWithTest$TestClassRunnerIsOrderableViaOrderWith.txt
1980,/home/runner/work/junit4/junit4/target/surefire-reports/TEST-org.junit.tests.manipulation.OrderWithTest$TestClassRunnerIsOrderableViaOrderWith.xml
1981,/home/runner/work/junit4/junit4/target/surefire-reports/TEST-org.junit.tests.manipulation.OrderableTest$UnOrderableRunnersAreHandledWithoutCrashing.xml
1982,/home/runner/work/junit4/junit4/target/surefire-reports/TEST-org.junit.tests.manipulation.FilterTest.xml
1983,/home/runner/work/junit4/junit4/target/surefire-reports/TEST-junit.tests.extensions.RepeatedTestTest.xml
1984,/home/runner/work/junit4/junit4/target/surefire-reports/org.junit.tests.listening.TestListenerTest.txt
1985,/home/runner/work/junit4/junit4/target/surefire-reports/org.junit.tests.junit3compatibility.SuiteMethodTest.txt
1986,/home/runner/work/junit4/junit4/target/surefire-reports/TEST-org.junit.tests.junit3compatibility.SuiteMethodTest.xml
1987,/home/runner/work/junit4/junit4/target/surefire-reports/org.junit.tests.listening.ListenerTest.txt
1988,/home/runner/work/junit4/junit4/target/surefire-reports/TEST-org.junit.tests.listening.ListenerTest.xml
1989,/home/runner/work/junit4/junit4/target/surefire-reports/org.junit.tests.listening.RunnerTest.txt
1990,/home/runner/work/junit4/junit4/target/surefire-reports/TEST-org.junit.tests.listening.RunnerTest.xml
1991,/home/runner/work/junit4/junit4/target/surefire-reports/TEST-org.junit.tests.listening.TestListenerTest.xml
1992,/home/runner/work/junit4/junit4/target/surefire-reports/org.junit.tests.manipulation.FilterTest.txt
1993,/home/runner/work/junit4/junit4/target/surefire-reports/org.junit.tests.listening.TextListenerTest.txt
1994,/home/runner/work/junit4/junit4/target/surefire-reports/TEST-org.junit.tests.listening.TextListenerTest.xml
1995,/home/runner/work/junit4/junit4/target/surefire-reports/org.junit.tests.listening.UserStopTest.txt
1996,/home/runner/work/junit4/junit4/target/surefire-reports/TEST-org.junit.tests.listening.UserStopTest.xml
1997,/home/runner/work/junit4/junit4/target/surefire-reports/org.junit.tests.manipulation.FilterableTest.txt
1998,/home/runner/work/junit4/junit4/target/surefire-reports/TEST-org.junit.tests.manipulation.FilterableTest.xml
1999,/home/runner/work/junit4/junit4/target/surefire-reports/TEST-junit.tests.framework.SuiteTest.xml
2000,/home/runner/work/junit4/junit4/target/surefire-reports/junit.tests.framework.SuiteTest.txt
2001,/home/runner/work/junit4/junit4/target/surefire-reports/TEST-junit.tests.framework.TestCaseTest.xml
2002,/home/runner/work/junit4/junit4/target/surefire-reports/TEST-org.junit.tests.experimental.theories.PotentialAssignmentTest.xml
2003,/home/runner/work/junit4/junit4/target/surefire-reports/TEST-org.junit.tests.experimental.theories.ParameterSignatureTest.xml
2004,/home/runner/work/junit4/junit4/target/surefire-reports/org.junit.tests.experimental.theories.TestedOnSupplierTest.txt
2005,/home/runner/work/junit4/junit4/target/surefire-reports/TEST-org.junit.tests.experimental.theories.TestedOnSupplierTest.xml
2006,/home/runner/work/junit4/junit4/target/surefire-reports/org.junit.tests.experimental.theories.AssumingInTheoriesTest.txt
2007,/home/runner/work/junit4/junit4/target/surefire-reports/TEST-org.junit.tests.experimental.theories.AssumingInTheoriesTest.xml
2008,/home/runner/work/junit4/junit4/target/surefire-reports/org.junit.tests.experimental.theories.PotentialAssignmentTest.txt
2009,/home/runner/work/junit4/junit4/target/surefire-reports/org.junit.tests.experimental.AssumptionTest.txt
2010,/home/runner/work/junit4/junit4/target/surefire-reports/TEST-org.junit.tests.experimental.theories.runner.WithUnresolvedGenericTypeVariablesOnTheoryParms.xml
2011,/home/runner/work/junit4/junit4/target/surefire-reports/TEST-org.junit.tests.experimental.AssumptionTest.xml
2012,/home/runner/work/junit4/junit4/target/surefire-reports/org.junit.tests.experimental.MatcherTest.txt
2013,/home/runner/work/junit4/junit4/target/surefire-reports/TEST-org.junit.tests.experimental.MatcherTest.xml
2014,/home/runner/work/junit4/junit4/target/surefire-reports/org.junit.tests.experimental.theories.extendingwithstubs.StubbedTheoriesTest.txt
2015,/home/runner/work/junit4/junit4/target/surefire-reports/TEST-org.junit.tests.experimental.theories.extendingwithstubs.StubbedTheoriesTest.xml
2016,/home/runner/work/junit4/junit4/target/surefire-reports/org.junit.internal.builders.AnnotatedBuilderTest.txt
2017,/home/runner/work/junit4/junit4/target/surefire-reports/org.junit.tests.experimental.theories.ParameterSignatureTest.txt
2018,/home/runner/work/junit4/junit4/target/surefire-reports/org.junit.tests.experimental.theories.runner.WithUnresolvedGenericTypeVariablesOnTheoryParms.txt
2019,/home/runner/work/junit4/junit4/target/surefire-reports/junit.tests.framework.TestCaseTest.txt
2020,/home/runner/work/junit4/junit4/target/surefire-reports/TEST-org.junit.tests.experimental.theories.runner.WithDataPointMethod.xml
2021,/home/runner/work/junit4/junit4/target/surefire-reports/TEST-org.junit.tests.experimental.theories.runner.UnsuccessfulWithDataPointFields.xml
2022,/home/runner/work/junit4/junit4/target/surefire-reports/org.junit.tests.experimental.theories.runner.WhenNoParametersMatch.txt
2023,/home/runner/work/junit4/junit4/target/surefire-reports/TEST-org.junit.tests.experimental.theories.runner.WhenNoParametersMatch.xml
2024,/home/runner/work/junit4/junit4/target/surefire-reports/org.junit.tests.experimental.theories.runner.WithAutoGeneratedDataPoints.txt
2025,/home/runner/work/junit4/junit4/target/surefire-reports/TEST-org.junit.tests.experimental.theories.runner.WithAutoGeneratedDataPoints.xml
2026,/home/runner/work/junit4/junit4/target/surefire-reports/org.junit.tests.experimental.theories.runner.WithDataPointMethod.txt
2027,/home/runner/work/junit4/junit4/target/surefire-reports/org.junit.tests.experimental.theories.runner.WithExtendedParameterSources.txt
2028,/home/runner/work/junit4/junit4/target/surefire-reports/TEST-org.junit.tests.experimental.theories.runner.WithParameterSupplier.xml
2029,/home/runner/work/junit4/junit4/target/surefire-reports/TEST-org.junit.tests.experimental.theories.runner.WithExtendedParameterSources.xml
2030,/home/runner/work/junit4/junit4/target/surefire-reports/org.junit.tests.experimental.theories.runner.WithNamedDataPoints.txt
2031,/home/runner/work/junit4/junit4/target/surefire-reports/TEST-org.junit.tests.experimental.theories.runner.WithNamedDataPoints.xml
2032,/home/runner/work/junit4/junit4/target/surefire-reports/org.junit.tests.experimental.theories.runner.WithOnlyTestAnnotations.txt
2033,/home/runner/work/junit4/junit4/target/surefire-reports/TEST-org.junit.tests.experimental.theories.runner.WithOnlyTestAnnotations.xml
2034,/home/runner/work/junit4/junit4/target/surefire-reports/org.junit.tests.experimental.theories.runner.WithParameterSupplier.txt
2035,/home/runner/work/junit4/junit4/target/surefire-reports/TEST-org.junit.internal.builders.AnnotatedBuilderTest.xml
2036,/home/runner/work/junit4/junit4/target/surefire-reports/org.junit.internal.ChecksTest.txt
2037,/home/runner/work/junit4/junit4/target/surefire-reports/TEST-org.junit.internal.ChecksTest.xml
2038,/home/runner/work/junit4/junit4/target/surefire-reports/org.junit.tests.junit3compatibility.InitializationErrorForwardCompatibilityTest.txt
2039,/home/runner/work/junit4/junit4/target/surefire-reports/org.junit.tests.junit3compatibility.ClassRequestTest.txt
2040,/home/runner/work/junit4/junit4/target/surefire-reports/TEST-org.junit.tests.junit3compatibility.ClassRequestTest.xml
2041,/home/runner/work/junit4/junit4/target/surefire-reports/org.junit.tests.junit3compatibility.ForwardCompatibilityPrintingTest.txt
2042,/home/runner/work/junit4/junit4/target/surefire-reports/TEST-org.junit.tests.junit3compatibility.ForwardCompatibilityPrintingTest.xml
2043,/home/runner/work/junit4/junit4/target/surefire-reports/org.junit.tests.junit3compatibility.ForwardCompatibilityTest.txt
2044,/home/runner/work/junit4/junit4/target/surefire-reports/TEST-org.junit.tests.junit3compatibility.ForwardCompatibilityTest.xml
2045,/home/runner/work/junit4/junit4/target/surefire-reports/TEST-org.junit.tests.junit3compatibility.InitializationErrorForwardCompatibilityTest.xml
2046,/home/runner/work/junit4/junit4/target/surefire-reports/org.junit.internal.runners.ErrorReportingRunnerTest.txt
2047,/home/runner/work/junit4/junit4/target/surefire-reports/org.junit.tests.junit3compatibility.JUnit38ClassRunnerTest.txt
2048,/home/runner/work/junit4/junit4/target/surefire-reports/TEST-org.junit.tests.junit3compatibility.JUnit38ClassRunnerTest.xml
2049,/home/runner/work/junit4/junit4/target/surefire-reports/org.junit.tests.junit3compatibility.JUnit4TestAdapterTest.txt
2050,/home/runner/work/junit4/junit4/target/surefire-reports/TEST-org.junit.tests.junit3compatibility.JUnit4TestAdapterTest.xml
2051,/home/runner/work/junit4/junit4/target/surefire-reports/org.junit.tests.junit3compatibility.OldTestClassAdaptingListenerTest.txt
2052,/home/runner/work/junit4/junit4/target/surefire-reports/TEST-org.junit.tests.junit3compatibility.OldTestClassAdaptingListenerTest.xml
2053,/home/runner/work/junit4/junit4/target/surefire-reports/TEST-org.junit.tests.junit3compatibility.AllTestsTest.xml
2054,/home/runner/work/junit4/junit4/target/surefire-reports/org.junit.tests.junit3compatibility.AllTestsTest.txt
2055,/home/runner/work/junit4/junit4/target/surefire-reports/TEST-org.junit.internal.ArrayComparisonFailureTest.xml
2056,/home/runner/work/junit4/junit4/target/surefire-reports/org.junit.internal.ArrayComparisonFailureTest.txt
2057,/home/runner/work/junit4/junit4/target/surefire-reports/TEST-org.junit.internal.matchers.ThrowableCauseMatcherTest.xml
2058,/home/runner/work/junit4/junit4/target/surefire-reports/org.junit.internal.matchers.ThrowableCauseMatcherTest.txt
2059,/home/runner/work/junit4/junit4/target/surefire-reports/TEST-org.junit.internal.StackTracesTest.xml
2060,/home/runner/work/junit4/junit4/target/surefire-reports/org.junit.internal.StackTracesTest.txt
2061,/home/runner/work/junit4/junit4/target/surefire-reports/TEST-org.junit.internal.matchers.StacktracePrintingMatcherTest.xml
2062,/home/runner/work/junit4/junit4/target/surefire-reports/org.junit.internal.matchers.StacktracePrintingMatcherTest.txt
2063,/home/runner/work/junit4/junit4/target/surefire-reports/TEST-org.junit.internal.MethodSorterTest.xml
2064,/home/runner/work/junit4/junit4/target/surefire-reports/org.junit.internal.MethodSorterTest.txt
2065,/home/runner/work/junit4/junit4/target/surefire-reports/TEST-org.junit.internal.runners.statements.FailOnTimeoutTest.xml
2066,/home/runner/work/junit4/junit4/target/surefire-reports/org.junit.internal.runners.statements.FailOnTimeoutTest.txt
2067,/home/runner/work/junit4/junit4/target/surefire-reports/TEST-org.junit.internal.runners.statements.ExpectExceptionTest.xml
2068,/home/runner/work/junit4/junit4/target/surefire-reports/org.junit.internal.runners.statements.ExpectExceptionTest.txt
2069,/home/runner/work/junit4/junit4/target/surefire-reports/TEST-org.junit.internal.runners.ErrorReportingRunnerTest.xml
2070,/home/runner/work/junit4/junit4/target/site/project-reports.html
