
└──  home 1
    └──  runner 1
        └──  work 1
            └──  junit4 1
                └──  junit4 30
                    ├──  MaxCore.ser 0
                    ├──  target 7
                    │   ├──  site 25
                    │   │   ├──  js 1
                    │   │   │   └──  apache-maven-fluido-1.3.0.min.js 0
                    │   │   ├──  apidocs 24
                    │   │   │   ├──  index-all.html 0
                    │   │   │   ├──  jquery 11
                    │   │   │   │   ├──  jszip 1
                    │   │   │   │   │   └──  dist 2
                    │   │   │   │   │       ├──  jszip.js 0
                    │   │   │   │   │       └──  jszip.min.js 0
                    │   │   │   │   ├──  external 1
                    │   │   │   │   │   └──  jquery 1
                    │   │   │   │   │       └──  jquery.js 0
                    │   │   │   │   ├──  jquery-3.5.1.js 0
                    │   │   │   │   ├──  jquery-ui.js 0
                    │   │   │   │   ├──  jquery-ui.min.js 0
                    │   │   │   │   ├──  jquery-ui.css 0
                    │   │   │   │   ├──  jquery-ui.min.css 0
                    │   │   │   │   ├──  images 10
                    │   │   │   │   │   ├──  ui-icons_888888_256x240.png 0
                    │   │   │   │   │   ├──  ui-icons_454545_256x240.png 0
                    │   │   │   │   │   ├──  ui-bg_glass_95_fef1ec_1x400.png 0
                    │   │   │   │   │   ├──  ui-bg_glass_75_dadada_1x400.png 0
                    │   │   │   │   │   ├──  ui-bg_highlight-soft_75_cccccc_1x100.png 0
                    │   │   │   │   │   ├──  ui-icons_2e83ff_256x240.png 0
                    │   │   │   │   │   ├──  ui-icons_cd0a0a_256x240.png 0
                    │   │   │   │   │   ├──  ui-bg_glass_55_fbf9ee_1x400.png 0
                    │   │   │   │   │   ├──  ui-icons_222222_256x240.png 0
                    │   │   │   │   │   └──  ui-bg_glass_75_e6e6e6_1x400.png 0
                    │   │   │   │   ├──  jszip-utils 1
                    │   │   │   │   │   └──  dist 3
                    │   │   │   │   │       ├──  jszip-utils-ie.js 0
                    │   │   │   │   │       ├──  jszip-utils-ie.min.js 0
                    │   │   │   │   │       └──  jszip-utils.min.js 0
                    │   │   │   │   ├──  jquery-ui.structure.css 0
                    │   │   │   │   └──  jquery-ui.structure.min.css 0
                    │   │   │   ├──  org 2
                    │   │   │   │   ├──  hamcrest 23
                    │   │   │   │   │   ├──  class-use 18
                    │   │   │   │   │   │   ├──  Matcher.html 0
                    │   │   │   │   │   │   ├──  Description.html 0
                    │   │   │   │   │   │   ├──  Factory.html 0
                    │   │   │   │   │   │   ├──  SelfDescribing.html 0
                    │   │   │   │   │   │   ├──  Condition.html 0
                    │   │   │   │   │   │   ├──  BaseMatcher.html 0
                    │   │   │   │   │   │   ├──  TypeSafeDiagnosingMatcher.html 0
                    │   │   │   │   │   │   ├──  Condition.Step.html 0
                    │   │   │   │   │   │   ├──  BaseDescription.html 0
                    │   │   │   │   │   │   ├──  CoreMatchers.html 0
                    │   │   │   │   │   │   ├──  TypeSafeMatcher.html 0
                    │   │   │   │   │   │   ├──  CustomMatcher.html 0
                    │   │   │   │   │   │   ├──  StringDescription.html 0
                    │   │   │   │   │   │   ├──  MatcherAssert.html 0
                    │   │   │   │   │   │   ├──  FeatureMatcher.html 0
                    │   │   │   │   │   │   ├──  DiagnosingMatcher.html 0
                    │   │   │   │   │   │   ├──  Description.NullDescription.html 0
                    │   │   │   │   │   │   └──  CustomTypeSafeMatcher.html 0
                    │   │   │   │   │   ├──  CoreMatchers.html 0
                    │   │   │   │   │   ├──  Description.NullDescription.html 0
                    │   │   │   │   │   ├──  core 23
                    │   │   │   │   │   │   ├──  AllOf.html 0
                    │   │   │   │   │   │   ├──  AnyOf.html 0
                    │   │   │   │   │   │   ├──  Is.html 0
                    │   │   │   │   │   │   ├──  IsCollectionContaining.html 0
                    │   │   │   │   │   │   ├──  SubstringMatcher.html 0
                    │   │   │   │   │   │   ├──  StringStartsWith.html 0
                    │   │   │   │   │   │   ├──  StringEndsWith.html 0
                    │   │   │   │   │   │   ├──  CombinableMatcher.html 0
                    │   │   │   │   │   │   ├──  DescribedAs.html 0
                    │   │   │   │   │   │   ├──  Every.html 0
                    │   │   │   │   │   │   ├──  IsAnything.html 0
                    │   │   │   │   │   │   ├──  IsEqual.html 0
                    │   │   │   │   │   │   ├──  IsInstanceOf.html 0
                    │   │   │   │   │   │   ├──  IsNot.html 0
                    │   │   │   │   │   │   ├──  IsNull.html 0
                    │   │   │   │   │   │   ├──  IsSame.html 0
                    │   │   │   │   │   │   ├──  StringContains.html 0
                    │   │   │   │   │   │   ├──  class-use 19
                    │   │   │   │   │   │   │   ├──  AnyOf.html 0
                    │   │   │   │   │   │   │   ├──  CombinableMatcher.html 0
                    │   │   │   │   │   │   │   ├──  CombinableMatcher.CombinableEitherMatcher.html 0
                    │   │   │   │   │   │   │   ├──  CombinableMatcher.CombinableBothMatcher.html 0
                    │   │   │   │   │   │   │   ├──  IsInstanceOf.html 0
                    │   │   │   │   │   │   │   ├──  StringStartsWith.html 0
                    │   │   │   │   │   │   │   ├──  StringEndsWith.html 0
                    │   │   │   │   │   │   │   ├──  StringContains.html 0
                    │   │   │   │   │   │   │   ├──  IsSame.html 0
                    │   │   │   │   │   │   │   ├──  IsNull.html 0
                    │   │   │   │   │   │   │   ├──  IsNot.html 0
                    │   │   │   │   │   │   │   ├──  IsEqual.html 0
                    │   │   │   │   │   │   │   ├──  IsCollectionContaining.html 0
                    │   │   │   │   │   │   │   ├──  IsAnything.html 0
                    │   │   │   │   │   │   │   ├──  Is.html 0
                    │   │   │   │   │   │   │   ├──  Every.html 0
                    │   │   │   │   │   │   │   ├──  DescribedAs.html 0
                    │   │   │   │   │   │   │   ├──  AllOf.html 0
                    │   │   │   │   │   │   │   └──  SubstringMatcher.html 0
                    │   │   │   │   │   │   ├──  package-use.html 0
                    │   │   │   │   │   │   ├──  package-summary.html 0
                    │   │   │   │   │   │   ├──  package-tree.html 0
                    │   │   │   │   │   │   ├──  CombinableMatcher.CombinableBothMatcher.html 0
                    │   │   │   │   │   │   └──  CombinableMatcher.CombinableEitherMatcher.html 0
                    │   │   │   │   │   ├──  Matcher.html 0
                    │   │   │   │   │   ├──  BaseDescription.html 0
                    │   │   │   │   │   ├──  Condition.html 0
                    │   │   │   │   │   ├──  Description.html 0
                    │   │   │   │   │   ├──  DiagnosingMatcher.html 0
                    │   │   │   │   │   ├──  FeatureMatcher.html 0
                    │   │   │   │   │   ├──  StringDescription.html 0
                    │   │   │   │   │   ├──  TypeSafeDiagnosingMatcher.html 0
                    │   │   │   │   │   ├──  TypeSafeMatcher.html 0
                    │   │   │   │   │   ├──  package-use.html 0
                    │   │   │   │   │   ├──  package-summary.html 0
                    │   │   │   │   │   ├──  package-tree.html 0
                    │   │   │   │   │   ├──  Condition.Step.html 0
                    │   │   │   │   │   ├──  BaseMatcher.html 0
                    │   │   │   │   │   ├──  CustomMatcher.html 0
                    │   │   │   │   │   ├──  MatcherAssert.html 0
                    │   │   │   │   │   ├──  CustomTypeSafeMatcher.html 0
                    │   │   │   │   │   ├──  Factory.html 0
                    │   │   │   │   │   └──  SelfDescribing.html 0
                    │   │   │   │   └──  junit 26
                    │   │   │   │       ├──  runners 19
                    │   │   │   │       │   ├──  BlockJUnit4ClassRunner.html 0
                    │   │   │   │       │   ├──  model 17
                    │   │   │   │       │   │   ├──  TestClass.html 0
                    │   │   │   │       │   │   ├──  class-use 13
                    │   │   │   │       │   │   │   ├──  Statement.html 0
                    │   │   │   │       │   │   │   ├──  FrameworkMethod.html 0
                    │   │   │   │       │   │   │   ├──  InitializationError.html 0
                    │   │   │   │       │   │   │   ├──  TestClass.html 0
                    │   │   │   │       │   │   │   ├──  RunnerBuilder.html 0
                    │   │   │   │       │   │   │   ├──  FrameworkField.html 0
                    │   │   │   │       │   │   │   ├──  Annotatable.html 0
                    │   │   │   │       │   │   │   ├──  FrameworkMember.html 0
                    │   │   │   │       │   │   │   ├──  MemberValueConsumer.html 0
                    │   │   │   │       │   │   │   ├──  MultipleFailureException.html 0
                    │   │   │   │       │   │   │   ├──  RunnerScheduler.html 0
                    │   │   │   │       │   │   │   ├──  InvalidTestClassError.html 0
                    │   │   │   │       │   │   │   └──  TestTimedOutException.html 0
                    │   │   │   │       │   │   ├──  FrameworkMethod.html 0
                    │   │   │   │       │   │   ├──  FrameworkField.html 0
                    │   │   │   │       │   │   ├──  MultipleFailureException.html 0
                    │   │   │   │       │   │   ├──  FrameworkMember.html 0
                    │   │   │   │       │   │   ├──  InitializationError.html 0
                    │   │   │   │       │   │   ├──  InvalidTestClassError.html 0
                    │   │   │   │       │   │   ├──  RunnerBuilder.html 0
                    │   │   │   │       │   │   ├──  TestTimedOutException.html 0
                    │   │   │   │       │   │   ├──  package-use.html 0
                    │   │   │   │       │   │   ├──  RunnerScheduler.html 0
                    │   │   │   │       │   │   ├──  MemberValueConsumer.html 0
                    │   │   │   │       │   │   ├──  Annotatable.html 0
                    │   │   │   │       │   │   ├──  Statement.html 0
                    │   │   │   │       │   │   ├──  package-tree.html 0
                    │   │   │   │       │   │   └──  package-summary.html 0
                    │   │   │   │       │   ├──  ParentRunner.html 0
                    │   │   │   │       │   ├──  parameterized 8
                    │   │   │   │       │   │   ├──  BlockJUnit4ClassRunnerWithParameters.html 0
                    │   │   │   │       │   │   ├──  TestWithParameters.html 0
                    │   │   │   │       │   │   ├──  ParametersRunnerFactory.html 0
                    │   │   │   │       │   │   ├──  BlockJUnit4ClassRunnerWithParametersFactory.html 0
                    │   │   │   │       │   │   ├──  class-use 4
                    │   │   │   │       │   │   │   ├──  ParametersRunnerFactory.html 0
                    │   │   │   │       │   │   │   ├──  BlockJUnit4ClassRunnerWithParametersFactory.html 0
                    │   │   │   │       │   │   │   ├──  BlockJUnit4ClassRunnerWithParameters.html 0
                    │   │   │   │       │   │   │   └──  TestWithParameters.html 0
                    │   │   │   │       │   │   ├──  package-use.html 0
                    │   │   │   │       │   │   ├──  package-tree.html 0
                    │   │   │   │       │   │   └──  package-summary.html 0
                    │   │   │   │       │   ├──  Suite.html 0
                    │   │   │   │       │   ├──  Parameterized.html 0
                    │   │   │   │       │   ├──  JUnit4.html 0
                    │   │   │   │       │   ├──  MethodSorters.html 0
                    │   │   │   │       │   ├──  Suite.SuiteClasses.html 0
                    │   │   │   │       │   ├──  Parameterized.UseParametersRunnerFactory.html 0
                    │   │   │   │       │   ├──  Parameterized.Parameters.html 0
                    │   │   │   │       │   ├──  Parameterized.Parameter.html 0
                    │   │   │   │       │   ├──  AllTests.html 0
                    │   │   │   │       │   ├──  package-use.html 0
                    │   │   │   │       │   ├──  package-tree.html 0
                    │   │   │   │       │   ├──  package-summary.html 0
                    │   │   │   │       │   ├──  class-use 13
                    │   │   │   │       │   │   ├──  MethodSorters.html 0
                    │   │   │   │       │   │   ├──  Suite.html 0
                    │   │   │   │       │   │   ├──  BlockJUnit4ClassRunner.html 0
                    │   │   │   │       │   │   ├──  ParentRunner.html 0
                    │   │   │   │       │   │   ├──  Parameterized.BeforeParam.html 0
                    │   │   │   │       │   │   ├──  Suite.SuiteClasses.html 0
                    │   │   │   │       │   │   ├──  Parameterized.html 0
                    │   │   │   │       │   │   ├──  Parameterized.AfterParam.html 0
                    │   │   │   │       │   │   ├──  Parameterized.UseParametersRunnerFactory.html 0
                    │   │   │   │       │   │   ├──  Parameterized.Parameter.html 0
                    │   │   │   │       │   │   ├──  Parameterized.Parameters.html 0
                    │   │   │   │       │   │   ├──  JUnit4.html 0
                    │   │   │   │       │   │   └──  AllTests.html 0
                    │   │   │   │       │   ├──  Parameterized.BeforeParam.html 0
                    │   │   │   │       │   └──  Parameterized.AfterParam.html 0
                    │   │   │   │       ├──  runner 19
                    │   │   │   │       │   ├──  class-use 13
                    │   │   │   │       │   │   ├──  Description.html 0
                    │   │   │   │       │   │   ├──  Runner.html 0
                    │   │   │   │       │   │   ├──  Describable.html 0
                    │   │   │   │       │   │   ├──  Request.html 0
                    │   │   │   │       │   │   ├──  Computer.html 0
                    │   │   │   │       │   │   ├──  Result.html 0
                    │   │   │   │       │   │   ├──  FilterFactoryParams.html 0
                    │   │   │   │       │   │   ├──  FilterFactory.html 0
                    │   │   │   │       │   │   ├──  FilterFactory.FilterNotCreatedException.html 0
                    │   │   │   │       │   │   ├──  JUnitCore.html 0
                    │   │   │   │       │   │   ├──  OrderWithValidator.html 0
                    │   │   │   │       │   │   ├──  OrderWith.html 0
                    │   │   │   │       │   │   └──  RunWith.html 0
                    │   │   │   │       │   ├──  Description.html 0
                    │   │   │   │       │   ├──  Request.html 0
                    │   │   │   │       │   ├──  package-use.html 0
                    │   │   │   │       │   ├──  JUnitCore.html 0
                    │   │   │   │       │   ├──  notification 9
                    │   │   │   │       │   │   ├──  RunNotifier.html 0
                    │   │   │   │       │   │   ├──  RunListener.html 0
                    │   │   │   │       │   │   ├──  class-use 5
                    │   │   │   │       │   │   │   ├──  RunNotifier.html 0
                    │   │   │   │       │   │   │   ├──  Failure.html 0
                    │   │   │   │       │   │   │   ├──  RunListener.html 0
                    │   │   │   │       │   │   │   ├──  RunListener.ThreadSafe.html 0
                    │   │   │   │       │   │   │   └──  StoppedByUserException.html 0
                    │   │   │   │       │   │   ├──  StoppedByUserException.html 0
                    │   │   │   │       │   │   ├──  Failure.html 0
                    │   │   │   │       │   │   ├──  package-use.html 0
                    │   │   │   │       │   │   ├──  RunListener.ThreadSafe.html 0
                    │   │   │   │       │   │   ├──  package-summary.html 0
                    │   │   │   │       │   │   └──  package-tree.html 0
                    │   │   │   │       │   ├──  manipulation 15
                    │   │   │   │       │   │   ├──  class-use 12
                    │   │   │   │       │   │   │   ├──  Sortable.html 0
                    │   │   │   │       │   │   │   ├──  Orderable.html 0
                    │   │   │   │       │   │   │   ├──  Filter.html 0
                    │   │   │   │       │   │   │   ├──  Filterable.html 0
                    │   │   │   │       │   │   │   ├──  InvalidOrderingException.html 0
                    │   │   │   │       │   │   │   ├──  Orderer.html 0
                    │   │   │   │       │   │   │   ├──  Ordering.html 0
                    │   │   │   │       │   │   │   ├──  Ordering.Factory.html 0
                    │   │   │   │       │   │   │   ├──  Sorter.html 0
                    │   │   │   │       │   │   │   ├──  NoTestsRemainException.html 0
                    │   │   │   │       │   │   │   ├──  Alphanumeric.html 0
                    │   │   │   │       │   │   │   └──  Ordering.Context.html 0
                    │   │   │   │       │   │   ├──  Filter.html 0
                    │   │   │   │       │   │   ├──  Ordering.html 0
                    │   │   │   │       │   │   ├──  package-use.html 0
                    │   │   │   │       │   │   ├──  Orderer.html 0
                    │   │   │   │       │   │   ├──  Filterable.html 0
                    │   │   │   │       │   │   ├──  Ordering.Context.html 0
                    │   │   │   │       │   │   ├──  Ordering.Factory.html 0
                    │   │   │   │       │   │   ├──  Sortable.html 0
                    │   │   │   │       │   │   ├──  package-summary.html 0
                    │   │   │   │       │   │   ├──  package-tree.html 0
                    │   │   │   │       │   │   ├──  InvalidOrderingException.html 0
                    │   │   │   │       │   │   ├──  NoTestsRemainException.html 0
                    │   │   │   │       │   │   ├──  Orderable.html 0
                    │   │   │   │       │   │   └──  Sorter.html 0
                    │   │   │   │       │   ├──  Result.html 0
                    │   │   │   │       │   ├──  OrderWith.html 0
                    │   │   │   │       │   ├──  OrderWithValidator.html 0
                    │   │   │   │       │   ├──  RunWith.html 0
                    │   │   │   │       │   ├──  FilterFactoryParams.html 0
                    │   │   │   │       │   ├──  FilterFactory.FilterNotCreatedException.html 0
                    │   │   │   │       │   ├──  FilterFactory.html 0
                    │   │   │   │       │   ├──  Describable.html 0
                    │   │   │   │       │   ├──  Computer.html 0
                    │   │   │   │       │   ├──  package-tree.html 0
                    │   │   │   │       │   ├──  package-summary.html 0
                    │   │   │   │       │   └──  Runner.html 0
                    │   │   │   │       ├──  experimental 10
                    │   │   │   │       │   ├──  categories 11
                    │   │   │   │       │   │   ├──  Categories.CategoryFilter.html 0
                    │   │   │   │       │   │   ├──  ExcludeCategories.html 0
                    │   │   │   │       │   │   ├──  IncludeCategories.html 0
                    │   │   │   │       │   │   ├──  Category.html 0
                    │   │   │   │       │   │   ├──  Categories.IncludeCategory.html 0
                    │   │   │   │       │   │   ├──  Categories.ExcludeCategory.html 0
                    │   │   │   │       │   │   ├──  class-use 8
                    │   │   │   │       │   │   │   ├──  Categories.CategoryFilter.html 0
                    │   │   │   │       │   │   │   ├──  Categories.IncludeCategory.html 0
                    │   │   │   │       │   │   │   ├──  Categories.ExcludeCategory.html 0
                    │   │   │   │       │   │   │   ├──  Categories.html 0
                    │   │   │   │       │   │   │   ├──  ExcludeCategories.html 0
                    │   │   │   │       │   │   │   ├──  Category.html 0
                    │   │   │   │       │   │   │   ├──  CategoryValidator.html 0
                    │   │   │   │       │   │   │   └──  IncludeCategories.html 0
                    │   │   │   │       │   │   ├──  package-tree.html 0
                    │   │   │   │       │   │   ├──  package-use.html 0
                    │   │   │   │       │   │   ├──  package-summary.html 0
                    │   │   │   │       │   │   └──  CategoryValidator.html 0
                    │   │   │   │       │   ├──  theories 16
                    │   │   │   │       │   │   ├──  Theories.html 0
                    │   │   │   │       │   │   ├──  ParameterSignature.html 0
                    │   │   │   │       │   │   ├──  PotentialAssignment.html 0
                    │   │   │   │       │   │   ├──  Theories.TheoryAnchor.html 0
                    │   │   │   │       │   │   ├──  PotentialAssignment.CouldNotGenerateValueException.html 0
                    │   │   │   │       │   │   ├──  ParameterSupplier.html 0
                    │   │   │   │       │   │   ├──  ParametersSuppliedBy.html 0
                    │   │   │   │       │   │   ├──  FromDataPoints.html 0
                    │   │   │   │       │   │   ├──  DataPoints.html 0
                    │   │   │   │       │   │   ├──  DataPoint.html 0
                    │   │   │   │       │   │   ├──  Theory.html 0
                    │   │   │   │       │   │   ├──  package-use.html 0
                    │   │   │   │       │   │   ├──  suppliers 6
                    │   │   │   │       │   │   │   ├──  TestedOnSupplier.html 0
                    │   │   │   │       │   │   │   ├──  TestedOn.html 0
                    │   │   │   │       │   │   │   ├──  package-use.html 0
                    │   │   │   │       │   │   │   ├──  package-summary.html 0
                    │   │   │   │       │   │   │   ├──  package-tree.html 0
                    │   │   │   │       │   │   │   └──  class-use 2
                    │   │   │   │       │   │   │       ├──  TestedOnSupplier.html 0
                    │   │   │   │       │   │   │       └──  TestedOn.html 0
                    │   │   │   │       │   │   ├──  class-use 11
                    │   │   │   │       │   │   │   ├──  PotentialAssignment.html 0
                    │   │   │   │       │   │   │   ├──  ParameterSupplier.html 0
                    │   │   │   │       │   │   │   ├──  ParametersSuppliedBy.html 0
                    │   │   │   │       │   │   │   ├──  ParameterSignature.html 0
                    │   │   │   │       │   │   │   ├──  Theory.html 0
                    │   │   │   │       │   │   │   ├──  Theories.TheoryAnchor.html 0
                    │   │   │   │       │   │   │   ├──  Theories.html 0
                    │   │   │   │       │   │   │   ├──  FromDataPoints.html 0
                    │   │   │   │       │   │   │   ├──  DataPoints.html 0
                    │   │   │   │       │   │   │   ├──  DataPoint.html 0
                    │   │   │   │       │   │   │   └──  PotentialAssignment.CouldNotGenerateValueException.html 0
                    │   │   │   │       │   │   ├──  package-tree.html 0
                    │   │   │   │       │   │   └──  package-summary.html 0
                    │   │   │   │       │   ├──  max 7
                    │   │   │   │       │   │   ├──  MaxCore.html 0
                    │   │   │   │       │   │   ├──  MaxHistory.html 0
                    │   │   │   │       │   │   ├──  package-use.html 0
                    │   │   │   │       │   │   ├──  package-summary.html 0
                    │   │   │   │       │   │   ├──  package-tree.html 0
                    │   │   │   │       │   │   ├──  CouldNotReadCoreException.html 0
                    │   │   │   │       │   │   └──  class-use 3
                    │   │   │   │       │   │       ├──  MaxHistory.html 0
                    │   │   │   │       │   │       ├──  MaxCore.html 0
                    │   │   │   │       │   │       └──  CouldNotReadCoreException.html 0
                    │   │   │   │       │   ├──  results 6
                    │   │   │   │       │   │   ├──  PrintableResult.html 0
                    │   │   │   │       │   │   ├──  ResultMatchers.html 0
                    │   │   │   │       │   │   ├──  class-use 2
                    │   │   │   │       │   │   │   ├──  PrintableResult.html 0
                    │   │   │   │       │   │   │   └──  ResultMatchers.html 0
                    │   │   │   │       │   │   ├──  package-use.html 0
                    │   │   │   │       │   │   ├──  package-summary.html 0
                    │   │   │   │       │   │   └──  package-tree.html 0
                    │   │   │   │       │   ├──  runners 5
                    │   │   │   │       │   │   ├──  Enclosed.html 0
                    │   │   │   │       │   │   ├──  package-use.html 0
                    │   │   │   │       │   │   ├──  package-summary.html 0
                    │   │   │   │       │   │   ├──  package-tree.html 0
                    │   │   │   │       │   │   └──  class-use 1
                    │   │   │   │       │   │       └──  Enclosed.html 0
                    │   │   │   │       │   ├──  ParallelComputer.html 0
                    │   │   │   │       │   ├──  package-use.html 0
                    │   │   │   │       │   ├──  package-summary.html 0
                    │   │   │   │       │   ├──  package-tree.html 0
                    │   │   │   │       │   └──  class-use 1
                    │   │   │   │       │       └──  ParallelComputer.html 0
                    │   │   │   │       ├──  rules 21
                    │   │   │   │       │   ├──  ExpectedException.html 0
                    │   │   │   │       │   ├──  TemporaryFolder.html 0
                    │   │   │   │       │   ├──  Timeout.html 0
                    │   │   │   │       │   ├──  ExternalResource.html 0
                    │   │   │   │       │   ├──  DisableOnDebug.html 0
                    │   │   │   │       │   ├──  ErrorCollector.html 0
                    │   │   │   │       │   ├──  RuleChain.html 0
                    │   │   │   │       │   ├──  Stopwatch.html 0
                    │   │   │   │       │   ├──  TestWatcher.html 0
                    │   │   │   │       │   ├──  TestWatchman.html 0
                    │   │   │   │       │   ├──  Timeout.Builder.html 0
                    │   │   │   │       │   ├──  Verifier.html 0
                    │   │   │   │       │   ├──  class-use 17
                    │   │   │   │       │   │   ├──  TestRule.html 0
                    │   │   │   │       │   │   ├──  RuleChain.html 0
                    │   │   │   │       │   │   ├──  MethodRule.html 0
                    │   │   │   │       │   │   ├──  TemporaryFolder.Builder.html 0
                    │   │   │   │       │   │   ├──  ExpectedException.html 0
                    │   │   │   │       │   │   ├──  Timeout.Builder.html 0
                    │   │   │   │       │   │   ├──  DisableOnDebug.html 0
                    │   │   │   │       │   │   ├──  TestWatchman.html 0
                    │   │   │   │       │   │   ├──  TestWatcher.html 0
                    │   │   │   │       │   │   ├──  RunRules.html 0
                    │   │   │   │       │   │   ├──  ExternalResource.html 0
                    │   │   │   │       │   │   ├──  Verifier.html 0
                    │   │   │   │       │   │   ├──  TemporaryFolder.html 0
                    │   │   │   │       │   │   ├──  ErrorCollector.html 0
                    │   │   │   │       │   │   ├──  Timeout.html 0
                    │   │   │   │       │   │   ├──  TestName.html 0
                    │   │   │   │       │   │   └──  Stopwatch.html 0
                    │   │   │   │       │   ├──  TemporaryFolder.Builder.html 0
                    │   │   │   │       │   ├──  package-use.html 0
                    │   │   │   │       │   ├──  TestName.html 0
                    │   │   │   │       │   ├──  MethodRule.html 0
                    │   │   │   │       │   ├──  package-tree.html 0
                    │   │   │   │       │   ├──  package-summary.html 0
                    │   │   │   │       │   ├──  TestRule.html 0
                    │   │   │   │       │   └──  RunRules.html 0
                    │   │   │   │       ├──  matchers 5
                    │   │   │   │       │   ├──  JUnitMatchers.html 0
                    │   │   │   │       │   ├──  package-use.html 0
                    │   │   │   │       │   ├──  package-summary.html 0
                    │   │   │   │       │   ├──  package-tree.html 0
                    │   │   │   │       │   └──  class-use 1
                    │   │   │   │       │       └──  JUnitMatchers.html 0
                    │   │   │   │       ├──  Assume.html 0
                    │   │   │   │       ├──  ComparisonFailure.html 0
                    │   │   │   │       ├──  AssumptionViolatedException.html 0
                    │   │   │   │       ├──  validator 10
                    │   │   │   │       │   ├──  AnnotationValidator.html 0
                    │   │   │   │       │   ├──  package-use.html 0
                    │   │   │   │       │   ├──  class-use 6
                    │   │   │   │       │   │   ├──  ValidateWith.html 0
                    │   │   │   │       │   │   ├──  AnnotationValidator.html 0
                    │   │   │   │       │   │   ├──  PublicClassValidator.html 0
                    │   │   │   │       │   │   ├──  AnnotationValidatorFactory.html 0
                    │   │   │   │       │   │   ├──  AnnotationsValidator.html 0
                    │   │   │   │       │   │   └──  TestClassValidator.html 0
                    │   │   │   │       │   ├──  ValidateWith.html 0
                    │   │   │   │       │   ├──  TestClassValidator.html 0
                    │   │   │   │       │   ├──  PublicClassValidator.html 0
                    │   │   │   │       │   ├──  AnnotationValidatorFactory.html 0
                    │   │   │   │       │   ├──  AnnotationsValidator.html 0
                    │   │   │   │       │   ├──  package-summary.html 0
                    │   │   │   │       │   └──  package-tree.html 0
                    │   │   │   │       ├──  TestCouldNotBeSkippedException.html 0
                    │   │   │   │       ├──  Test.None.html 0
                    │   │   │   │       ├──  Test.html 0
                    │   │   │   │       ├──  Rule.html 0
                    │   │   │   │       ├──  function 5
                    │   │   │   │       │   ├──  ThrowingRunnable.html 0
                    │   │   │   │       │   ├──  class-use 1
                    │   │   │   │       │   │   └──  ThrowingRunnable.html 0
                    │   │   │   │       │   ├──  package-use.html 0
                    │   │   │   │       │   ├──  package-summary.html 0
                    │   │   │   │       │   └──  package-tree.html 0
                    │   │   │   │       ├──  Ignore.html 0
                    │   │   │   │       ├──  package-tree.html 0
                    │   │   │   │       ├──  package-summary.html 0
                    │   │   │   │       ├──  FixMethodOrder.html 0
                    │   │   │   │       ├──  ClassRule.html 0
                    │   │   │   │       ├──  package-use.html 0
                    │   │   │   │       ├──  AfterClass.html 0
                    │   │   │   │       ├──  Assert.html 0
                    │   │   │   │       ├──  Before.html 0
                    │   │   │   │       ├──  BeforeClass.html 0
                    │   │   │   │       ├──  class-use 15
                    │   │   │   │       │   ├──  FixMethodOrder.html 0
                    │   │   │   │       │   ├──  After.html 0
                    │   │   │   │       │   ├──  BeforeClass.html 0
                    │   │   │   │       │   ├──  Before.html 0
                    │   │   │   │       │   ├──  AfterClass.html 0
                    │   │   │   │       │   ├──  Assume.html 0
                    │   │   │   │       │   ├──  Assert.html 0
                    │   │   │   │       │   ├──  TestCouldNotBeSkippedException.html 0
                    │   │   │   │       │   ├──  Rule.html 0
                    │   │   │   │       │   ├──  ClassRule.html 0
                    │   │   │   │       │   ├──  Ignore.html 0
                    │   │   │   │       │   ├──  AssumptionViolatedException.html 0
                    │   │   │   │       │   ├──  ComparisonFailure.html 0
                    │   │   │   │       │   ├──  Test.html 0
                    │   │   │   │       │   └──  Test.None.html 0
                    │   │   │   │       └──  After.html 0
                    │   │   │   ├──  member-search-index.js 0
                    │   │   │   ├──  src-html 2
                    │   │   │   │   ├──  org 2
                    │   │   │   │   │   ├──  junit 22
                    │   │   │   │   │   │   ├──  Assert.html 0
                    │   │   │   │   │   │   ├──  runners 15
                    │   │   │   │   │   │   │   ├──  Parameterized.BeforeParam.html 0
                    │   │   │   │   │   │   │   ├──  ParentRunner.html 0
                    │   │   │   │   │   │   │   ├──  Parameterized.UseParametersRunnerFactory.html 0
                    │   │   │   │   │   │   │   ├──  Parameterized.Parameters.html 0
                    │   │   │   │   │   │   │   ├──  Parameterized.Parameter.html 0
                    │   │   │   │   │   │   │   ├──  Parameterized.html 0
                    │   │   │   │   │   │   │   ├──  Parameterized.AfterParam.html 0
                    │   │   │   │   │   │   │   ├──  BlockJUnit4ClassRunner.html 0
                    │   │   │   │   │   │   │   ├──  model 13
                    │   │   │   │   │   │   │   │   ├──  TestClass.html 0
                    │   │   │   │   │   │   │   │   ├──  FrameworkMethod.html 0
                    │   │   │   │   │   │   │   │   ├──  RunnerBuilder.html 0
                    │   │   │   │   │   │   │   │   ├──  MultipleFailureException.html 0
                    │   │   │   │   │   │   │   │   ├──  FrameworkField.html 0
                    │   │   │   │   │   │   │   │   ├──  InvalidTestClassError.html 0
                    │   │   │   │   │   │   │   │   ├──  Annotatable.html 0
                    │   │   │   │   │   │   │   │   ├──  FrameworkMember.html 0
                    │   │   │   │   │   │   │   │   ├──  InitializationError.html 0
                    │   │   │   │   │   │   │   │   ├──  MemberValueConsumer.html 0
                    │   │   │   │   │   │   │   │   ├──  RunnerScheduler.html 0
                    │   │   │   │   │   │   │   │   ├──  Statement.html 0
                    │   │   │   │   │   │   │   │   └──  TestTimedOutException.html 0
                    │   │   │   │   │   │   │   ├──  parameterized 4
                    │   │   │   │   │   │   │   │   ├──  BlockJUnit4ClassRunnerWithParameters.html 0
                    │   │   │   │   │   │   │   │   ├──  BlockJUnit4ClassRunnerWithParametersFactory.html 0
                    │   │   │   │   │   │   │   │   ├──  ParametersRunnerFactory.html 0
                    │   │   │   │   │   │   │   │   └──  TestWithParameters.html 0
                    │   │   │   │   │   │   │   ├──  Suite.SuiteClasses.html 0
                    │   │   │   │   │   │   │   ├──  Suite.html 0
                    │   │   │   │   │   │   │   ├──  AllTests.html 0
                    │   │   │   │   │   │   │   ├──  JUnit4.html 0
                    │   │   │   │   │   │   │   └──  MethodSorters.html 0
                    │   │   │   │   │   │   ├──  experimental 6
                    │   │   │   │   │   │   │   ├──  categories 8
                    │   │   │   │   │   │   │   │   ├──  Categories.ExcludeCategory.html 0
                    │   │   │   │   │   │   │   │   ├──  Categories.CategoryFilter.html 0
                    │   │   │   │   │   │   │   │   ├──  Categories.html 0
                    │   │   │   │   │   │   │   │   ├──  Categories.IncludeCategory.html 0
                    │   │   │   │   │   │   │   │   ├──  Category.html 0
                    │   │   │   │   │   │   │   │   ├──  CategoryValidator.html 0
                    │   │   │   │   │   │   │   │   ├──  ExcludeCategories.html 0
                    │   │   │   │   │   │   │   │   └──  IncludeCategories.html 0
                    │   │   │   │   │   │   │   ├──  theories 12
                    │   │   │   │   │   │   │   │   ├──  Theories.TheoryAnchor.html 0
                    │   │   │   │   │   │   │   │   ├──  Theories.html 0
                    │   │   │   │   │   │   │   │   ├──  ParameterSignature.html 0
                    │   │   │   │   │   │   │   │   ├──  suppliers 2
                    │   │   │   │   │   │   │   │   │   ├──  TestedOnSupplier.html 0
                    │   │   │   │   │   │   │   │   │   └──  TestedOn.html 0
                    │   │   │   │   │   │   │   │   ├──  DataPoint.html 0
                    │   │   │   │   │   │   │   │   ├──  DataPoints.html 0
                    │   │   │   │   │   │   │   │   ├──  FromDataPoints.html 0
                    │   │   │   │   │   │   │   │   ├──  ParametersSuppliedBy.html 0
                    │   │   │   │   │   │   │   │   ├──  ParameterSupplier.html 0
                    │   │   │   │   │   │   │   │   ├──  PotentialAssignment.html 0
                    │   │   │   │   │   │   │   │   ├──  PotentialAssignment.CouldNotGenerateValueException.html 0
                    │   │   │   │   │   │   │   │   └──  Theory.html 0
                    │   │   │   │   │   │   │   ├──  max 3
                    │   │   │   │   │   │   │   │   ├──  MaxCore.html 0
                    │   │   │   │   │   │   │   │   ├──  MaxHistory.html 0
                    │   │   │   │   │   │   │   │   └──  CouldNotReadCoreException.html 0
                    │   │   │   │   │   │   │   ├──  results 2
                    │   │   │   │   │   │   │   │   ├──  ResultMatchers.html 0
                    │   │   │   │   │   │   │   │   └──  PrintableResult.html 0
                    │   │   │   │   │   │   │   ├──  ParallelComputer.html 0
                    │   │   │   │   │   │   │   └──  runners 1
                    │   │   │   │   │   │   │       └──  Enclosed.html 0
                    │   │   │   │   │   │   ├──  rules 17
                    │   │   │   │   │   │   │   ├──  TemporaryFolder.html 0
                    │   │   │   │   │   │   │   ├──  TemporaryFolder.Builder.html 0
                    │   │   │   │   │   │   │   ├──  ExpectedException.html 0
                    │   │   │   │   │   │   │   ├──  Timeout.html 0
                    │   │   │   │   │   │   │   ├──  Timeout.Builder.html 0
                    │   │   │   │   │   │   │   ├──  RuleChain.html 0
                    │   │   │   │   │   │   │   ├──  DisableOnDebug.html 0
                    │   │   │   │   │   │   │   ├──  ErrorCollector.html 0
                    │   │   │   │   │   │   │   ├──  Stopwatch.html 0
                    │   │   │   │   │   │   │   ├──  TestWatcher.html 0
                    │   │   │   │   │   │   │   ├──  TestRule.html 0
                    │   │   │   │   │   │   │   ├──  ExternalResource.html 0
                    │   │   │   │   │   │   │   ├──  MethodRule.html 0
                    │   │   │   │   │   │   │   ├──  RunRules.html 0
                    │   │   │   │   │   │   │   ├──  TestName.html 0
                    │   │   │   │   │   │   │   ├──  TestWatchman.html 0
                    │   │   │   │   │   │   │   └──  Verifier.html 0
                    │   │   │   │   │   │   ├──  runner 15
                    │   │   │   │   │   │   │   ├──  Description.html 0
                    │   │   │   │   │   │   │   ├──  Request.html 0
                    │   │   │   │   │   │   │   ├──  Result.html 0
                    │   │   │   │   │   │   │   ├──  notification 5
                    │   │   │   │   │   │   │   │   ├──  RunNotifier.html 0
                    │   │   │   │   │   │   │   │   ├──  RunListener.html 0
                    │   │   │   │   │   │   │   │   ├──  RunListener.ThreadSafe.html 0
                    │   │   │   │   │   │   │   │   ├──  Failure.html 0
                    │   │   │   │   │   │   │   │   └──  StoppedByUserException.html 0
                    │   │   │   │   │   │   │   ├──  manipulation 12
                    │   │   │   │   │   │   │   │   ├──  Filter.html 0
                    │   │   │   │   │   │   │   │   ├──  Ordering.html 0
                    │   │   │   │   │   │   │   │   ├──  Ordering.Context.html 0
                    │   │   │   │   │   │   │   │   ├──  Ordering.Factory.html 0
                    │   │   │   │   │   │   │   │   ├──  Alphanumeric.html 0
                    │   │   │   │   │   │   │   │   ├──  Filterable.html 0
                    │   │   │   │   │   │   │   │   ├──  NoTestsRemainException.html 0
                    │   │   │   │   │   │   │   │   ├──  InvalidOrderingException.html 0
                    │   │   │   │   │   │   │   │   ├──  Orderable.html 0
                    │   │   │   │   │   │   │   │   ├──  Orderer.html 0
                    │   │   │   │   │   │   │   │   ├──  Sortable.html 0
                    │   │   │   │   │   │   │   │   └──  Sorter.html 0
                    │   │   │   │   │   │   │   ├──  JUnitCore.html 0
                    │   │   │   │   │   │   │   ├──  OrderWith.html 0
                    │   │   │   │   │   │   │   ├──  Computer.html 0
                    │   │   │   │   │   │   │   ├──  Describable.html 0
                    │   │   │   │   │   │   │   ├──  FilterFactory.html 0
                    │   │   │   │   │   │   │   ├──  FilterFactory.FilterNotCreatedException.html 0
                    │   │   │   │   │   │   │   ├──  FilterFactoryParams.html 0
                    │   │   │   │   │   │   │   ├──  OrderWithValidator.html 0
                    │   │   │   │   │   │   │   ├──  Runner.html 0
                    │   │   │   │   │   │   │   └──  RunWith.html 0
                    │   │   │   │   │   │   ├──  Assume.html 0
                    │   │   │   │   │   │   ├──  Test.None.html 0
                    │   │   │   │   │   │   ├──  Test.html 0
                    │   │   │   │   │   │   ├──  Rule.html 0
                    │   │   │   │   │   │   ├──  ComparisonFailure.html 0
                    │   │   │   │   │   │   ├──  ClassRule.html 0
                    │   │   │   │   │   │   ├──  validator 6
                    │   │   │   │   │   │   │   ├──  AnnotationsValidator.html 0
                    │   │   │   │   │   │   │   ├──  ValidateWith.html 0
                    │   │   │   │   │   │   │   ├──  PublicClassValidator.html 0
                    │   │   │   │   │   │   │   ├──  TestClassValidator.html 0
                    │   │   │   │   │   │   │   ├──  AnnotationValidatorFactory.html 0
                    │   │   │   │   │   │   │   └──  AnnotationValidator.html 0
                    │   │   │   │   │   │   ├──  matchers 1
                    │   │   │   │   │   │   │   └──  JUnitMatchers.html 0
                    │   │   │   │   │   │   ├──  TestCouldNotBeSkippedException.html 0
                    │   │   │   │   │   │   ├──  function 1
                    │   │   │   │   │   │   │   └──  ThrowingRunnable.html 0
                    │   │   │   │   │   │   ├──  Ignore.html 0
                    │   │   │   │   │   │   ├──  FixMethodOrder.html 0
                    │   │   │   │   │   │   ├──  After.html 0
                    │   │   │   │   │   │   ├──  AfterClass.html 0
                    │   │   │   │   │   │   ├──  AssumptionViolatedException.html 0
                    │   │   │   │   │   │   ├──  Before.html 0
                    │   │   │   │   │   │   └──  BeforeClass.html 0
                    │   │   │   │   │   └──  hamcrest 19
                    │   │   │   │   │       ├──  CoreMatchers.html 0
                    │   │   │   │   │       ├──  core 19
                    │   │   │   │   │       │   ├──  AllOf.html 0
                    │   │   │   │   │       │   ├──  AnyOf.html 0
                    │   │   │   │   │       │   ├──  Is.html 0
                    │   │   │   │   │       │   ├──  IsCollectionContaining.html 0
                    │   │   │   │   │       │   ├──  IsEqual.html 0
                    │   │   │   │   │       │   ├──  IsInstanceOf.html 0
                    │   │   │   │   │       │   ├──  StringStartsWith.html 0
                    │   │   │   │   │       │   ├──  SubstringMatcher.html 0
                    │   │   │   │   │       │   ├──  StringEndsWith.html 0
                    │   │   │   │   │       │   ├──  CombinableMatcher.CombinableBothMatcher.html 0
                    │   │   │   │   │       │   ├──  CombinableMatcher.html 0
                    │   │   │   │   │       │   ├──  CombinableMatcher.CombinableEitherMatcher.html 0
                    │   │   │   │   │       │   ├──  StringContains.html 0
                    │   │   │   │   │       │   ├──  DescribedAs.html 0
                    │   │   │   │   │       │   ├──  Every.html 0
                    │   │   │   │   │       │   ├──  IsAnything.html 0
                    │   │   │   │   │       │   ├──  IsNot.html 0
                    │   │   │   │   │       │   ├──  IsNull.html 0
                    │   │   │   │   │       │   └──  IsSame.html 0
                    │   │   │   │   │       ├──  BaseDescription.html 0
                    │   │   │   │   │       ├──  BaseMatcher.html 0
                    │   │   │   │   │       ├──  Condition.html 0
                    │   │   │   │   │       ├──  Condition.Step.html 0
                    │   │   │   │   │       ├──  CustomMatcher.html 0
                    │   │   │   │   │       ├──  CustomTypeSafeMatcher.html 0
                    │   │   │   │   │       ├──  Description.html 0
                    │   │   │   │   │       ├──  Description.NullDescription.html 0
                    │   │   │   │   │       ├──  DiagnosingMatcher.html 0
                    │   │   │   │   │       ├──  Factory.html 0
                    │   │   │   │   │       ├──  FeatureMatcher.html 0
                    │   │   │   │   │       ├──  Matcher.html 0
                    │   │   │   │   │       ├──  MatcherAssert.html 0
                    │   │   │   │   │       ├──  SelfDescribing.html 0
                    │   │   │   │   │       ├──  StringDescription.html 0
                    │   │   │   │   │       ├──  TypeSafeDiagnosingMatcher.html 0
                    │   │   │   │   │       └──  TypeSafeMatcher.html 0
                    │   │   │   │   └──  junit 4
                    │   │   │   │       ├──  framework 14
                    │   │   │   │       │   ├──  TestCase.html 0
                    │   │   │   │       │   ├──  TestSuite.html 0
                    │   │   │   │       │   ├──  Assert.html 0
                    │   │   │   │       │   ├──  JUnit4TestAdapter.html 0
                    │   │   │   │       │   ├──  TestResult.html 0
                    │   │   │   │       │   ├──  TestListener.html 0
                    │   │   │   │       │   ├──  Test.html 0
                    │   │   │   │       │   ├──  TestFailure.html 0
                    │   │   │   │       │   ├──  Protectable.html 0
                    │   │   │   │       │   ├──  JUnit4TestCaseFacade.html 0
                    │   │   │   │       │   ├──  AssertionFailedError.html 0
                    │   │   │   │       │   ├──  ComparisonCompactor.html 0
                    │   │   │   │       │   ├──  ComparisonFailure.html 0
                    │   │   │   │       │   └──  JUnit4TestAdapterCache.html 0
                    │   │   │   │       ├──  runner 3
                    │   │   │   │       │   ├──  BaseTestRunner.html 0
                    │   │   │   │       │   ├──  TestRunListener.html 0
                    │   │   │   │       │   └──  Version.html 0
                    │   │   │   │       ├──  textui 2
                    │   │   │   │       │   ├──  TestRunner.html 0
                    │   │   │   │       │   └──  ResultPrinter.html 0
                    │   │   │   │       └──  extensions 4
                    │   │   │   │           ├──  TestSetup.html 0
                    │   │   │   │           ├──  ActiveTestSuite.html 0
                    │   │   │   │           ├──  RepeatedTest.html 0
                    │   │   │   │           └──  TestDecorator.html 0
                    │   │   │   ├──  junit 4
                    │   │   │   │   ├──  framework 18
                    │   │   │   │   │   ├──  TestCase.html 0
                    │   │   │   │   │   ├──  Assert.html 0
                    │   │   │   │   │   ├──  class-use 14
                    │   │   │   │   │   │   ├──  Test.html 0
                    │   │   │   │   │   │   ├──  TestResult.html 0
                    │   │   │   │   │   │   ├──  Assert.html 0
                    │   │   │   │   │   │   ├──  TestListener.html 0
                    │   │   │   │   │   │   ├──  TestFailure.html 0
                    │   │   │   │   │   │   ├──  AssertionFailedError.html 0
                    │   │   │   │   │   │   ├──  TestCase.html 0
                    │   │   │   │   │   │   ├──  JUnit4TestCaseFacade.html 0
                    │   │   │   │   │   │   ├──  TestSuite.html 0
                    │   │   │   │   │   │   ├──  JUnit4TestAdapterCache.html 0
                    │   │   │   │   │   │   ├──  JUnit4TestAdapter.html 0
                    │   │   │   │   │   │   ├──  ComparisonFailure.html 0
                    │   │   │   │   │   │   ├──  ComparisonCompactor.html 0
                    │   │   │   │   │   │   └──  Protectable.html 0
                    │   │   │   │   │   ├──  TestSuite.html 0
                    │   │   │   │   │   ├──  TestResult.html 0
                    │   │   │   │   │   ├──  JUnit4TestAdapterCache.html 0
                    │   │   │   │   │   ├──  ComparisonFailure.html 0
                    │   │   │   │   │   ├──  JUnit4TestAdapter.html 0
                    │   │   │   │   │   ├──  TestFailure.html 0
                    │   │   │   │   │   ├──  package-use.html 0
                    │   │   │   │   │   ├──  package-tree.html 0
                    │   │   │   │   │   ├──  package-summary.html 0
                    │   │   │   │   │   ├──  ComparisonCompactor.html 0
                    │   │   │   │   │   ├──  AssertionFailedError.html 0
                    │   │   │   │   │   ├──  JUnit4TestCaseFacade.html 0
                    │   │   │   │   │   ├──  TestListener.html 0
                    │   │   │   │   │   ├──  Test.html 0
                    │   │   │   │   │   └──  Protectable.html 0
                    │   │   │   │   ├──  runner 7
                    │   │   │   │   │   ├──  BaseTestRunner.html 0
                    │   │   │   │   │   ├──  Version.html 0
                    │   │   │   │   │   ├──  TestRunListener.html 0
                    │   │   │   │   │   ├──  package-use.html 0
                    │   │   │   │   │   ├──  package-summary.html 0
                    │   │   │   │   │   ├──  package-tree.html 0
                    │   │   │   │   │   └──  class-use 3
                    │   │   │   │   │       ├──  Version.html 0
                    │   │   │   │   │       ├──  TestRunListener.html 0
                    │   │   │   │   │       └──  BaseTestRunner.html 0
                    │   │   │   │   ├──  textui 6
                    │   │   │   │   │   ├──  TestRunner.html 0
                    │   │   │   │   │   ├──  ResultPrinter.html 0
                    │   │   │   │   │   ├──  package-use.html 0
                    │   │   │   │   │   ├──  package-summary.html 0
                    │   │   │   │   │   ├──  package-tree.html 0
                    │   │   │   │   │   └──  class-use 2
                    │   │   │   │   │       ├──  ResultPrinter.html 0
                    │   │   │   │   │       └──  TestRunner.html 0
                    │   │   │   │   └──  extensions 8
                    │   │   │   │       ├──  RepeatedTest.html 0
                    │   │   │   │       ├──  TestDecorator.html 0
                    │   │   │   │       ├──  TestSetup.html 0
                    │   │   │   │       ├──  ActiveTestSuite.html 0
                    │   │   │   │       ├──  package-use.html 0
                    │   │   │   │       ├──  package-summary.html 0
                    │   │   │   │       ├──  package-tree.html 0
                    │   │   │   │       └──  class-use 4
                    │   │   │   │           ├──  ActiveTestSuite.html 0
                    │   │   │   │           ├──  TestDecorator.html 0
                    │   │   │   │           ├──  TestSetup.html 0
                    │   │   │   │           └──  RepeatedTest.html 0
                    │   │   │   ├──  allclasses-index.html 0
                    │   │   │   ├──  overview-tree.html 0
                    │   │   │   ├──  serialized-form.html 0
                    │   │   │   ├──  allclasses.html 0
                    │   │   │   ├──  help-doc.html 0
                    │   │   │   ├──  deprecated-list.html 0
                    │   │   │   ├──  allpackages-index.html 0
                    │   │   │   ├──  member-search-index.zip 0
                    │   │   │   ├──  type-search-index.js 0
                    │   │   │   ├──  constant-values.html 0
                    │   │   │   ├──  search.js 0
                    │   │   │   ├──  package-search-index.js 0
                    │   │   │   ├──  package-search-index.zip 0
                    │   │   │   ├──  type-search-index.zip 0
                    │   │   │   ├──  overview-summary.html 0
                    │   │   │   ├──  script.js 0
                    │   │   │   ├──  element-list 0
                    │   │   │   └──  stylesheet.css 0
                    │   │   ├──  css 7
                    │   │   │   ├──  apache-maven-fluido-1.3.0.min.css 0
                    │   │   │   ├──  hopscotch-0.1.2.min.css 0
                    │   │   │   ├──  plain-links.css 0
                    │   │   │   ├──  junit-lambda.css 0
                    │   │   │   ├──  carousel.css 0
                    │   │   │   ├──  print.css 0
                    │   │   │   └──  site.css 0
                    │   │   ├──  javadoc 1
                    │   │   │   └──  latest 24
                    │   │   │       ├──  index-all.html 0
                    │   │   │       ├──  jquery 10
                    │   │   │       │   ├──  jszip 1
                    │   │   │       │   │   └──  dist 2
                    │   │   │       │   │       ├──  jszip.js 0
                    │   │   │       │   │       └──  jszip.min.js 0
                    │   │   │       │   ├──  jquery-3.5.1.js 0
                    │   │   │       │   ├──  jquery-ui.js 0
                    │   │   │       │   ├──  external 1
                    │   │   │       │   │   └──  jquery 1
                    │   │   │       │   │       └──  jquery.js 0
                    │   │   │       │   ├──  jquery-ui.min.js 0
                    │   │   │       │   ├──  jquery-ui.min.css 0
                    │   │   │       │   ├──  jquery-ui.css 0
                    │   │   │       │   ├──  jquery-ui.structure.min.css 0
                    │   │   │       │   ├──  jquery-ui.structure.css 0
                    │   │   │       │   └──  images 11
                    │   │   │       │       ├──  ui-icons_454545_256x240.png 0
                    │   │   │       │       ├──  ui-bg_glass_95_fef1ec_1x400.png 0
                    │   │   │       │       ├──  ui-icons_cd0a0a_256x240.png 0
                    │   │   │       │       ├──  ui-icons_2e83ff_256x240.png 0
                    │   │   │       │       ├──  ui-bg_glass_55_fbf9ee_1x400.png 0
                    │   │   │       │       ├──  ui-bg_glass_75_e6e6e6_1x400.png 0
                    │   │   │       │       ├──  ui-icons_222222_256x240.png 0
                    │   │   │       │       ├──  ui-bg_highlight-soft_75_cccccc_1x100.png 0
                    │   │   │       │       ├──  ui-bg_glass_75_dadada_1x400.png 0
                    │   │   │       │       ├──  ui-icons_888888_256x240.png 0
                    │   │   │       │       └──  ui-bg_glass_65_dadada_1x400.png 0
                    │   │   │       ├──  org 2
                    │   │   │       │   ├──  hamcrest 23
                    │   │   │       │   │   ├──  class-use 18
                    │   │   │       │   │   │   ├──  Matcher.html 0
                    │   │   │       │   │   │   ├──  Description.html 0
                    │   │   │       │   │   │   ├──  Factory.html 0
                    │   │   │       │   │   │   ├──  SelfDescribing.html 0
                    │   │   │       │   │   │   ├──  MatcherAssert.html 0
                    │   │   │       │   │   │   ├──  StringDescription.html 0
                    │   │   │       │   │   │   ├──  TypeSafeDiagnosingMatcher.html 0
                    │   │   │       │   │   │   ├──  TypeSafeMatcher.html 0
                    │   │   │       │   │   │   ├──  FeatureMatcher.html 0
                    │   │   │       │   │   │   ├──  DiagnosingMatcher.html 0
                    │   │   │       │   │   │   ├──  Condition.html 0
                    │   │   │       │   │   │   ├──  Condition.Step.html 0
                    │   │   │       │   │   │   ├──  BaseDescription.html 0
                    │   │   │       │   │   │   ├──  BaseMatcher.html 0
                    │   │   │       │   │   │   ├──  CustomTypeSafeMatcher.html 0
                    │   │   │       │   │   │   ├──  Description.NullDescription.html 0
                    │   │   │       │   │   │   ├──  CoreMatchers.html 0
                    │   │   │       │   │   │   └──  CustomMatcher.html 0
                    │   │   │       │   │   ├──  CoreMatchers.html 0
                    │   │   │       │   │   ├──  BaseDescription.html 0
                    │   │   │       │   │   ├──  core 23
                    │   │   │       │   │   │   ├──  Is.html 0
                    │   │   │       │   │   │   ├──  IsCollectionContaining.html 0
                    │   │   │       │   │   │   ├──  AnyOf.html 0
                    │   │   │       │   │   │   ├──  AllOf.html 0
                    │   │   │       │   │   │   ├──  Every.html 0
                    │   │   │       │   │   │   ├──  DescribedAs.html 0
                    │   │   │       │   │   │   ├──  CombinableMatcher.html 0
                    │   │   │       │   │   │   ├──  class-use 19
                    │   │   │       │   │   │   │   ├──  AnyOf.html 0
                    │   │   │       │   │   │   │   ├──  CombinableMatcher.html 0
                    │   │   │       │   │   │   │   ├──  CombinableMatcher.CombinableEitherMatcher.html 0
                    │   │   │       │   │   │   │   ├──  CombinableMatcher.CombinableBothMatcher.html 0
                    │   │   │       │   │   │   │   ├──  IsCollectionContaining.html 0
                    │   │   │       │   │   │   │   ├──  IsEqual.html 0
                    │   │   │       │   │   │   │   ├──  IsNull.html 0
                    │   │   │       │   │   │   │   ├──  IsInstanceOf.html 0
                    │   │   │       │   │   │   │   ├──  IsNot.html 0
                    │   │   │       │   │   │   │   ├──  DescribedAs.html 0
                    │   │   │       │   │   │   │   ├──  Every.html 0
                    │   │   │       │   │   │   │   ├──  Is.html 0
                    │   │   │       │   │   │   │   ├──  AllOf.html 0
                    │   │   │       │   │   │   │   ├──  IsAnything.html 0
                    │   │   │       │   │   │   │   ├──  StringEndsWith.html 0
                    │   │   │       │   │   │   │   ├──  StringStartsWith.html 0
                    │   │   │       │   │   │   │   ├──  StringContains.html 0
                    │   │   │       │   │   │   │   ├──  IsSame.html 0
                    │   │   │       │   │   │   │   └──  SubstringMatcher.html 0
                    │   │   │       │   │   │   ├──  IsAnything.html 0
                    │   │   │       │   │   │   ├──  IsEqual.html 0
                    │   │   │       │   │   │   ├──  IsInstanceOf.html 0
                    │   │   │       │   │   │   ├──  SubstringMatcher.html 0
                    │   │   │       │   │   │   ├──  StringStartsWith.html 0
                    │   │   │       │   │   │   ├──  StringEndsWith.html 0
                    │   │   │       │   │   │   ├──  StringContains.html 0
                    │   │   │       │   │   │   ├──  IsNull.html 0
                    │   │   │       │   │   │   ├──  IsNot.html 0
                    │   │   │       │   │   │   ├──  package-tree.html 0
                    │   │   │       │   │   │   ├──  package-use.html 0
                    │   │   │       │   │   │   ├──  CombinableMatcher.CombinableBothMatcher.html 0
                    │   │   │       │   │   │   ├──  CombinableMatcher.CombinableEitherMatcher.html 0
                    │   │   │       │   │   │   ├──  package-summary.html 0
                    │   │   │       │   │   │   └──  IsSame.html 0
                    │   │   │       │   │   ├──  Description.NullDescription.html 0
                    │   │   │       │   │   ├──  Condition.html 0
                    │   │   │       │   │   ├──  TypeSafeMatcher.html 0
                    │   │   │       │   │   ├──  TypeSafeDiagnosingMatcher.html 0
                    │   │   │       │   │   ├──  StringDescription.html 0
                    │   │   │       │   │   ├──  Matcher.html 0
                    │   │   │       │   │   ├──  FeatureMatcher.html 0
                    │   │   │       │   │   ├──  DiagnosingMatcher.html 0
                    │   │   │       │   │   ├──  Description.html 0
                    │   │   │       │   │   ├──  BaseMatcher.html 0
                    │   │   │       │   │   ├──  package-summary.html 0
                    │   │   │       │   │   ├──  SelfDescribing.html 0
                    │   │   │       │   │   ├──  MatcherAssert.html 0
                    │   │   │       │   │   ├──  package-use.html 0
                    │   │   │       │   │   ├──  Condition.Step.html 0
                    │   │   │       │   │   ├──  CustomMatcher.html 0
                    │   │   │       │   │   ├──  CustomTypeSafeMatcher.html 0
                    │   │   │       │   │   ├──  package-tree.html 0
                    │   │   │       │   │   └──  Factory.html 0
                    │   │   │       │   └──  junit 26
                    │   │   │       │       ├──  Assert.html 0
                    │   │   │       │       ├──  runner 19
                    │   │   │       │       │   ├──  class-use 13
                    │   │   │       │       │   │   ├──  Description.html 0
                    │   │   │       │       │   │   ├──  Runner.html 0
                    │   │   │       │       │   │   ├──  Describable.html 0
                    │   │   │       │       │   │   ├──  Request.html 0
                    │   │   │       │       │   │   ├──  OrderWith.html 0
                    │   │   │       │       │   │   ├──  Result.html 0
                    │   │   │       │       │   │   ├──  OrderWithValidator.html 0
                    │   │   │       │       │   │   ├──  Computer.html 0
                    │   │   │       │       │   │   ├──  RunWith.html 0
                    │   │   │       │       │   │   ├──  FilterFactoryParams.html 0
                    │   │   │       │       │   │   ├──  FilterFactory.html 0
                    │   │   │       │       │   │   ├──  FilterFactory.FilterNotCreatedException.html 0
                    │   │   │       │       │   │   └──  JUnitCore.html 0
                    │   │   │       │       │   ├──  Description.html 0
                    │   │   │       │       │   ├──  Request.html 0
                    │   │   │       │       │   ├──  notification 9
                    │   │   │       │       │   │   ├──  RunListener.html 0
                    │   │   │       │       │   │   ├──  Failure.html 0
                    │   │   │       │       │   │   ├──  class-use 5
                    │   │   │       │       │   │   │   ├──  RunNotifier.html 0
                    │   │   │       │       │   │   │   ├──  RunListener.html 0
                    │   │   │       │       │   │   │   ├──  Failure.html 0
                    │   │   │       │       │   │   │   ├──  RunListener.ThreadSafe.html 0
                    │   │   │       │       │   │   │   └──  StoppedByUserException.html 0
                    │   │   │       │       │   │   ├──  StoppedByUserException.html 0
                    │   │   │       │       │   │   ├──  package-use.html 0
                    │   │   │       │       │   │   ├──  package-summary.html 0
                    │   │   │       │       │   │   ├──  package-tree.html 0
                    │   │   │       │       │   │   ├──  RunListener.ThreadSafe.html 0
                    │   │   │       │       │   │   └──  RunNotifier.html 0
                    │   │   │       │       │   ├──  JUnitCore.html 0
                    │   │   │       │       │   ├──  package-use.html 0
                    │   │   │       │       │   ├──  Result.html 0
                    │   │   │       │       │   ├──  manipulation 16
                    │   │   │       │       │   │   ├──  Ordering.html 0
                    │   │   │       │       │   │   ├──  InvalidOrderingException.html 0
                    │   │   │       │       │   │   ├──  Filter.html 0
                    │   │   │       │       │   │   ├──  Sorter.html 0
                    │   │   │       │       │   │   ├──  class-use 12
                    │   │   │       │       │   │   │   ├──  Sortable.html 0
                    │   │   │       │       │   │   │   ├──  Filterable.html 0
                    │   │   │       │       │   │   │   ├──  Filter.html 0
                    │   │   │       │       │   │   │   ├──  Sorter.html 0
                    │   │   │       │       │   │   │   ├──  InvalidOrderingException.html 0
                    │   │   │       │       │   │   │   ├──  Ordering.html 0
                    │   │   │       │       │   │   │   ├──  Ordering.Factory.html 0
                    │   │   │       │       │   │   │   ├──  NoTestsRemainException.html 0
                    │   │   │       │       │   │   │   ├──  Orderable.html 0
                    │   │   │       │       │   │   │   ├──  Orderer.html 0
                    │   │   │       │       │   │   │   ├──  Ordering.Context.html 0
                    │   │   │       │       │   │   │   └──  Alphanumeric.html 0
                    │   │   │       │       │   │   ├──  package-use.html 0
                    │   │   │       │       │   │   ├──  Alphanumeric.html 0
                    │   │   │       │       │   │   ├──  Filterable.html 0
                    │   │   │       │       │   │   ├──  Orderable.html 0
                    │   │   │       │       │   │   ├──  Orderer.html 0
                    │   │   │       │       │   │   ├──  Ordering.Context.html 0
                    │   │   │       │       │   │   ├──  Ordering.Factory.html 0
                    │   │   │       │       │   │   ├──  Sortable.html 0
                    │   │   │       │       │   │   ├──  package-tree.html 0
                    │   │   │       │       │   │   ├──  package-summary.html 0
                    │   │   │       │       │   │   └──  NoTestsRemainException.html 0
                    │   │   │       │       │   ├──  Runner.html 0
                    │   │   │       │       │   ├──  Computer.html 0
                    │   │   │       │       │   ├──  FilterFactory.html 0
                    │   │   │       │       │   ├──  FilterFactoryParams.html 0
                    │   │   │       │       │   ├──  OrderWith.html 0
                    │   │   │       │       │   ├──  OrderWithValidator.html 0
                    │   │   │       │       │   ├──  RunWith.html 0
                    │   │   │       │       │   ├──  package-summary.html 0
                    │   │   │       │       │   ├──  package-tree.html 0
                    │   │   │       │       │   ├──  Describable.html 0
                    │   │   │       │       │   └──  FilterFactory.FilterNotCreatedException.html 0
                    │   │   │       │       ├──  runners 19
                    │   │   │       │       │   ├──  ParentRunner.html 0
                    │   │   │       │       │   ├──  model 17
                    │   │   │       │       │   │   ├──  TestClass.html 0
                    │   │   │       │       │   │   ├──  class-use 13
                    │   │   │       │       │   │   │   ├──  Statement.html 0
                    │   │   │       │       │   │   │   ├──  FrameworkMethod.html 0
                    │   │   │       │       │   │   │   ├──  InitializationError.html 0
                    │   │   │       │       │   │   │   ├──  TestClass.html 0
                    │   │   │       │       │   │   │   ├──  RunnerBuilder.html 0
                    │   │   │       │       │   │   │   ├──  MemberValueConsumer.html 0
                    │   │   │       │       │   │   │   ├──  FrameworkField.html 0
                    │   │   │       │       │   │   │   ├──  FrameworkMember.html 0
                    │   │   │       │       │   │   │   ├──  Annotatable.html 0
                    │   │   │       │       │   │   │   ├──  InvalidTestClassError.html 0
                    │   │   │       │       │   │   │   ├──  TestTimedOutException.html 0
                    │   │   │       │       │   │   │   ├──  RunnerScheduler.html 0
                    │   │   │       │       │   │   │   └──  MultipleFailureException.html 0
                    │   │   │       │       │   │   ├──  FrameworkMethod.html 0
                    │   │   │       │       │   │   ├──  FrameworkField.html 0
                    │   │   │       │       │   │   ├──  MultipleFailureException.html 0
                    │   │   │       │       │   │   ├──  RunnerBuilder.html 0
                    │   │   │       │       │   │   ├──  InitializationError.html 0
                    │   │   │       │       │   │   ├──  InvalidTestClassError.html 0
                    │   │   │       │       │   │   ├──  package-use.html 0
                    │   │   │       │       │   │   ├──  TestTimedOutException.html 0
                    │   │   │       │       │   │   ├──  Statement.html 0
                    │   │   │       │       │   │   ├──  MemberValueConsumer.html 0
                    │   │   │       │       │   │   ├──  package-tree.html 0
                    │   │   │       │       │   │   ├──  package-summary.html 0
                    │   │   │       │       │   │   ├──  FrameworkMember.html 0
                    │   │   │       │       │   │   ├──  RunnerScheduler.html 0
                    │   │   │       │       │   │   └──  Annotatable.html 0
                    │   │   │       │       │   ├──  BlockJUnit4ClassRunner.html 0
                    │   │   │       │       │   ├──  Suite.html 0
                    │   │   │       │       │   ├──  parameterized 8
                    │   │   │       │       │   │   ├──  BlockJUnit4ClassRunnerWithParameters.html 0
                    │   │   │       │       │   │   ├──  ParametersRunnerFactory.html 0
                    │   │   │       │       │   │   ├──  BlockJUnit4ClassRunnerWithParametersFactory.html 0
                    │   │   │       │       │   │   ├──  class-use 4
                    │   │   │       │       │   │   │   ├──  TestWithParameters.html 0
                    │   │   │       │       │   │   │   ├──  ParametersRunnerFactory.html 0
                    │   │   │       │       │   │   │   ├──  BlockJUnit4ClassRunnerWithParameters.html 0
                    │   │   │       │       │   │   │   └──  BlockJUnit4ClassRunnerWithParametersFactory.html 0
                    │   │   │       │       │   │   ├──  package-summary.html 0
                    │   │   │       │       │   │   ├──  package-tree.html 0
                    │   │   │       │       │   │   ├──  TestWithParameters.html 0
                    │   │   │       │       │   │   └──  package-use.html 0
                    │   │   │       │       │   ├──  Parameterized.html 0
                    │   │   │       │       │   ├──  JUnit4.html 0
                    │   │   │       │       │   ├──  MethodSorters.html 0
                    │   │   │       │       │   ├──  Suite.SuiteClasses.html 0
                    │   │   │       │       │   ├──  Parameterized.UseParametersRunnerFactory.html 0
                    │   │   │       │       │   ├──  Parameterized.Parameters.html 0
                    │   │   │       │       │   ├──  Parameterized.Parameter.html 0
                    │   │   │       │       │   ├──  package-use.html 0
                    │   │   │       │       │   ├──  class-use 13
                    │   │   │       │       │   │   ├──  Suite.html 0
                    │   │   │       │       │   │   ├──  MethodSorters.html 0
                    │   │   │       │       │   │   ├──  BlockJUnit4ClassRunner.html 0
                    │   │   │       │       │   │   ├──  ParentRunner.html 0
                    │   │   │       │       │   │   ├──  Suite.SuiteClasses.html 0
                    │   │   │       │       │   │   ├──  Parameterized.html 0
                    │   │   │       │       │   │   ├──  Parameterized.AfterParam.html 0
                    │   │   │       │       │   │   ├──  Parameterized.BeforeParam.html 0
                    │   │   │       │       │   │   ├──  Parameterized.UseParametersRunnerFactory.html 0
                    │   │   │       │       │   │   ├──  Parameterized.Parameter.html 0
                    │   │   │       │       │   │   ├──  Parameterized.Parameters.html 0
                    │   │   │       │       │   │   ├──  AllTests.html 0
                    │   │   │       │       │   │   └──  JUnit4.html 0
                    │   │   │       │       │   ├──  package-summary.html 0
                    │   │   │       │       │   ├──  package-tree.html 0
                    │   │   │       │       │   ├──  AllTests.html 0
                    │   │   │       │       │   ├──  Parameterized.AfterParam.html 0
                    │   │   │       │       │   └──  Parameterized.BeforeParam.html 0
                    │   │   │       │       ├──  experimental 10
                    │   │   │       │       │   ├──  categories 12
                    │   │   │       │       │   │   ├──  Categories.CategoryFilter.html 0
                    │   │   │       │       │   │   ├──  IncludeCategories.html 0
                    │   │   │       │       │   │   ├──  ExcludeCategories.html 0
                    │   │   │       │       │   │   ├──  Categories.html 0
                    │   │   │       │       │   │   ├──  class-use 8
                    │   │   │       │       │   │   │   ├──  Categories.CategoryFilter.html 0
                    │   │   │       │       │   │   │   ├──  IncludeCategories.html 0
                    │   │   │       │       │   │   │   ├──  CategoryValidator.html 0
                    │   │   │       │       │   │   │   ├──  Category.html 0
                    │   │   │       │       │   │   │   ├──  ExcludeCategories.html 0
                    │   │   │       │       │   │   │   ├──  Categories.html 0
                    │   │   │       │       │   │   │   ├──  Categories.ExcludeCategory.html 0
                    │   │   │       │       │   │   │   └──  Categories.IncludeCategory.html 0
                    │   │   │       │       │   │   ├──  package-tree.html 0
                    │   │   │       │       │   │   ├──  Categories.ExcludeCategory.html 0
                    │   │   │       │       │   │   ├──  Categories.IncludeCategory.html 0
                    │   │   │       │       │   │   ├──  Category.html 0
                    │   │   │       │       │   │   ├──  CategoryValidator.html 0
                    │   │   │       │       │   │   ├──  package-summary.html 0
                    │   │   │       │       │   │   └──  package-use.html 0
                    │   │   │       │       │   ├──  theories 15
                    │   │   │       │       │   │   ├──  Theories.html 0
                    │   │   │       │       │   │   ├──  Theories.TheoryAnchor.html 0
                    │   │   │       │       │   │   ├──  ParameterSignature.html 0
                    │   │   │       │       │   │   ├──  class-use 11
                    │   │   │       │       │   │   │   ├──  PotentialAssignment.html 0
                    │   │   │       │       │   │   │   ├──  ParameterSupplier.html 0
                    │   │   │       │       │   │   │   ├──  ParametersSuppliedBy.html 0
                    │   │   │       │       │   │   │   ├──  ParameterSignature.html 0
                    │   │   │       │       │   │   │   ├──  Theories.html 0
                    │   │   │       │       │   │   │   ├──  Theories.TheoryAnchor.html 0
                    │   │   │       │       │   │   │   ├──  Theory.html 0
                    │   │   │       │       │   │   │   ├──  DataPoints.html 0
                    │   │   │       │       │   │   │   ├──  FromDataPoints.html 0
                    │   │   │       │       │   │   │   ├──  DataPoint.html 0
                    │   │   │       │       │   │   │   └──  PotentialAssignment.CouldNotGenerateValueException.html 0
                    │   │   │       │       │   │   ├──  package-tree.html 0
                    │   │   │       │       │   │   ├──  package-summary.html 0
                    │   │   │       │       │   │   ├──  package-use.html 0
                    │   │   │       │       │   │   ├──  DataPoints.html 0
                    │   │   │       │       │   │   ├──  FromDataPoints.html 0
                    │   │   │       │       │   │   ├──  ParametersSuppliedBy.html 0
                    │   │   │       │       │   │   ├──  ParameterSupplier.html 0
                    │   │   │       │       │   │   ├──  PotentialAssignment.CouldNotGenerateValueException.html 0
                    │   │   │       │       │   │   ├──  suppliers 6
                    │   │   │       │       │   │   │   ├──  package-summary.html 0
                    │   │   │       │       │   │   │   ├──  package-tree.html 0
                    │   │   │       │       │   │   │   ├──  TestedOnSupplier.html 0
                    │   │   │       │       │   │   │   ├──  TestedOn.html 0
                    │   │   │       │       │   │   │   ├──  class-use 2
                    │   │   │       │       │   │   │   │   ├──  TestedOn.html 0
                    │   │   │       │       │   │   │   │   └──  TestedOnSupplier.html 0
                    │   │   │       │       │   │   │   └──  package-use.html 0
                    │   │   │       │       │   │   ├──  PotentialAssignment.html 0
                    │   │   │       │       │   │   └──  Theory.html 0
                    │   │   │       │       │   ├──  results 6
                    │   │   │       │       │   │   ├──  ResultMatchers.html 0
                    │   │   │       │       │   │   ├──  PrintableResult.html 0
                    │   │   │       │       │   │   ├──  class-use 2
                    │   │   │       │       │   │   │   ├──  PrintableResult.html 0
                    │   │   │       │       │   │   │   └──  ResultMatchers.html 0
                    │   │   │       │       │   │   ├──  package-summary.html 0
                    │   │   │       │       │   │   ├──  package-tree.html 0
                    │   │   │       │       │   │   └──  package-use.html 0
                    │   │   │       │       │   ├──  max 7
                    │   │   │       │       │   │   ├──  MaxCore.html 0
                    │   │   │       │       │   │   ├──  MaxHistory.html 0
                    │   │   │       │       │   │   ├──  package-summary.html 0
                    │   │   │       │       │   │   ├──  package-tree.html 0
                    │   │   │       │       │   │   ├──  CouldNotReadCoreException.html 0
                    │   │   │       │       │   │   ├──  class-use 3
                    │   │   │       │       │   │   │   ├──  MaxCore.html 0
                    │   │   │       │       │   │   │   ├──  MaxHistory.html 0
                    │   │   │       │       │   │   │   └──  CouldNotReadCoreException.html 0
                    │   │   │       │       │   │   └──  package-use.html 0
                    │   │   │       │       │   ├──  ParallelComputer.html 0
                    │   │   │       │       │   ├──  runners 5
                    │   │   │       │       │   │   ├──  Enclosed.html 0
                    │   │   │       │       │   │   ├──  package-summary.html 0
                    │   │   │       │       │   │   ├──  package-tree.html 0
                    │   │   │       │       │   │   ├──  class-use 1
                    │   │   │       │       │   │   │   └──  Enclosed.html 0
                    │   │   │       │       │   │   └──  package-use.html 0
                    │   │   │       │       │   ├──  package-summary.html 0
                    │   │   │       │       │   ├──  package-tree.html 0
                    │   │   │       │       │   ├──  class-use 1
                    │   │   │       │       │   │   └──  ParallelComputer.html 0
                    │   │   │       │       │   └──  package-use.html 0
                    │   │   │       │       ├──  rules 21
                    │   │   │       │       │   ├──  ExpectedException.html 0
                    │   │   │       │       │   ├──  Timeout.html 0
                    │   │   │       │       │   ├──  ErrorCollector.html 0
                    │   │   │       │       │   ├──  RuleChain.html 0
                    │   │   │       │       │   ├──  TestWatcher.html 0
                    │   │   │       │       │   ├──  Stopwatch.html 0
                    │   │   │       │       │   ├──  Verifier.html 0
                    │   │   │       │       │   ├──  Timeout.Builder.html 0
                    │   │   │       │       │   ├──  class-use 17
                    │   │   │       │       │   │   ├──  TestRule.html 0
                    │   │   │       │       │   │   ├──  ExpectedException.html 0
                    │   │   │       │       │   │   ├──  RuleChain.html 0
                    │   │   │       │       │   │   ├──  DisableOnDebug.html 0
                    │   │   │       │       │   │   ├──  ErrorCollector.html 0
                    │   │   │       │       │   │   ├──  MethodRule.html 0
                    │   │   │       │       │   │   ├──  Timeout.Builder.html 0
                    │   │   │       │       │   │   ├──  Stopwatch.html 0
                    │   │   │       │       │   │   ├──  TestWatchman.html 0
                    │   │   │       │       │   │   ├──  TestWatcher.html 0
                    │   │   │       │       │   │   ├──  RunRules.html 0
                    │   │   │       │       │   │   ├──  TemporaryFolder.Builder.html 0
                    │   │   │       │       │   │   ├──  TemporaryFolder.html 0
                    │   │   │       │       │   │   ├──  Verifier.html 0
                    │   │   │       │       │   │   ├──  TestName.html 0
                    │   │   │       │       │   │   ├──  ExternalResource.html 0
                    │   │   │       │       │   │   └──  Timeout.html 0
                    │   │   │       │       │   ├──  package-summary.html 0
                    │   │   │       │       │   ├──  RunRules.html 0
                    │   │   │       │       │   ├──  TestName.html 0
                    │   │   │       │       │   ├──  TestRule.html 0
                    │   │   │       │       │   ├──  package-use.html 0
                    │   │   │       │       │   ├──  TemporaryFolder.Builder.html 0
                    │   │   │       │       │   ├──  MethodRule.html 0
                    │   │   │       │       │   ├──  DisableOnDebug.html 0
                    │   │   │       │       │   ├──  package-tree.html 0
                    │   │   │       │       │   ├──  TestWatchman.html 0
                    │   │   │       │       │   ├──  ExternalResource.html 0
                    │   │   │       │       │   └──  TemporaryFolder.html 0
                    │   │   │       │       ├──  Assume.html 0
                    │   │   │       │       ├──  matchers 5
                    │   │   │       │       │   ├──  JUnitMatchers.html 0
                    │   │   │       │       │   ├──  package-tree.html 0
                    │   │   │       │       │   ├──  package-summary.html 0
                    │   │   │       │       │   ├──  class-use 1
                    │   │   │       │       │   │   └──  JUnitMatchers.html 0
                    │   │   │       │       │   └──  package-use.html 0
                    │   │   │       │       ├──  ComparisonFailure.html 0
                    │   │   │       │       ├──  AssumptionViolatedException.html 0
                    │   │   │       │       ├──  validator 9
                    │   │   │       │       │   ├──  AnnotationValidator.html 0
                    │   │   │       │       │   ├──  AnnotationValidatorFactory.html 0
                    │   │   │       │       │   ├──  class-use 6
                    │   │   │       │       │   │   ├──  ValidateWith.html 0
                    │   │   │       │       │   │   ├──  AnnotationValidator.html 0
                    │   │   │       │       │   │   ├──  PublicClassValidator.html 0
                    │   │   │       │       │   │   ├──  TestClassValidator.html 0
                    │   │   │       │       │   │   ├──  AnnotationValidatorFactory.html 0
                    │   │   │       │       │   │   └──  AnnotationsValidator.html 0
                    │   │   │       │       │   ├──  package-use.html 0
                    │   │   │       │       │   ├──  package-summary.html 0
                    │   │   │       │       │   ├──  package-tree.html 0
                    │   │   │       │       │   ├──  ValidateWith.html 0
                    │   │   │       │       │   ├──  PublicClassValidator.html 0
                    │   │   │       │       │   └──  TestClassValidator.html 0
                    │   │   │       │       ├──  function 5
                    │   │   │       │       │   ├──  class-use 1
                    │   │   │       │       │   │   └──  ThrowingRunnable.html 0
                    │   │   │       │       │   ├──  package-summary.html 0
                    │   │   │       │       │   ├──  package-tree.html 0
                    │   │   │       │       │   ├──  ThrowingRunnable.html 0
                    │   │   │       │       │   └──  package-use.html 0
                    │   │   │       │       ├──  package-summary.html 0
                    │   │   │       │       ├──  ClassRule.html 0
                    │   │   │       │       ├──  FixMethodOrder.html 0
                    │   │   │       │       ├──  Ignore.html 0
                    │   │   │       │       ├──  Rule.html 0
                    │   │   │       │       ├──  Test.html 0
                    │   │   │       │       ├──  Test.None.html 0
                    │   │   │       │       ├──  TestCouldNotBeSkippedException.html 0
                    │   │   │       │       ├──  package-tree.html 0
                    │   │   │       │       ├──  AfterClass.html 0
                    │   │   │       │       ├──  Before.html 0
                    │   │   │       │       ├──  BeforeClass.html 0
                    │   │   │       │       ├──  class-use 15
                    │   │   │       │       │   ├──  ComparisonFailure.html 0
                    │   │   │       │       │   ├──  Test.html 0
                    │   │   │       │       │   ├──  Test.None.html 0
                    │   │   │       │       │   ├──  Ignore.html 0
                    │   │   │       │       │   ├──  AssumptionViolatedException.html 0
                    │   │   │       │       │   ├──  ClassRule.html 0
                    │   │   │       │       │   ├──  Rule.html 0
                    │   │   │       │       │   ├──  After.html 0
                    │   │   │       │       │   ├──  BeforeClass.html 0
                    │   │   │       │       │   ├──  Before.html 0
                    │   │   │       │       │   ├──  AfterClass.html 0
                    │   │   │       │       │   ├──  Assume.html 0
                    │   │   │       │       │   ├──  FixMethodOrder.html 0
                    │   │   │       │       │   ├──  Assert.html 0
                    │   │   │       │       │   └──  TestCouldNotBeSkippedException.html 0
                    │   │   │       │       ├──  package-use.html 0
                    │   │   │       │       └──  After.html 0
                    │   │   │       ├──  src-html 1
                    │   │   │       │   └──  org 2
                    │   │   │       │       ├──  junit 22
                    │   │   │       │       │   ├──  Assert.html 0
                    │   │   │       │       │   ├──  runners 15
                    │   │   │       │       │   │   ├──  ParentRunner.html 0
                    │   │   │       │       │   │   ├──  Parameterized.UseParametersRunnerFactory.html 0
                    │   │   │       │       │   │   ├──  Parameterized.Parameter.html 0
                    │   │   │       │       │   │   ├──  Parameterized.BeforeParam.html 0
                    │   │   │       │       │   │   ├──  Parameterized.AfterParam.html 0
                    │   │   │       │       │   │   ├──  Parameterized.html 0
                    │   │   │       │       │   │   ├──  Parameterized.Parameters.html 0
                    │   │   │       │       │   │   ├──  BlockJUnit4ClassRunner.html 0
                    │   │   │       │       │   │   ├──  model 13
                    │   │   │       │       │   │   │   ├──  TestClass.html 0
                    │   │   │       │       │   │   │   ├──  FrameworkField.html 0
                    │   │   │       │       │   │   │   ├──  MultipleFailureException.html 0
                    │   │   │       │       │   │   │   ├──  RunnerBuilder.html 0
                    │   │   │       │       │   │   │   ├──  Statement.html 0
                    │   │   │       │       │   │   │   ├──  FrameworkMember.html 0
                    │   │   │       │       │   │   │   ├──  FrameworkMethod.html 0
                    │   │   │       │       │   │   │   ├──  InitializationError.html 0
                    │   │   │       │       │   │   │   ├──  InvalidTestClassError.html 0
                    │   │   │       │       │   │   │   ├──  MemberValueConsumer.html 0
                    │   │   │       │       │   │   │   ├──  RunnerScheduler.html 0
                    │   │   │       │       │   │   │   ├──  TestTimedOutException.html 0
                    │   │   │       │       │   │   │   └──  Annotatable.html 0
                    │   │   │       │       │   │   ├──  Suite.html 0
                    │   │   │       │       │   │   ├──  Suite.SuiteClasses.html 0
                    │   │   │       │       │   │   ├──  parameterized 4
                    │   │   │       │       │   │   │   ├──  BlockJUnit4ClassRunnerWithParameters.html 0
                    │   │   │       │       │   │   │   ├──  BlockJUnit4ClassRunnerWithParametersFactory.html 0
                    │   │   │       │       │   │   │   ├──  ParametersRunnerFactory.html 0
                    │   │   │       │       │   │   │   └──  TestWithParameters.html 0
                    │   │   │       │       │   │   ├──  MethodSorters.html 0
                    │   │   │       │       │   │   ├──  JUnit4.html 0
                    │   │   │       │       │   │   └──  AllTests.html 0
                    │   │   │       │       │   ├──  experimental 6
                    │   │   │       │       │   │   ├──  categories 8
                    │   │   │       │       │   │   │   ├──  Categories.html 0
                    │   │   │       │       │   │   │   ├──  Categories.CategoryFilter.html 0
                    │   │   │       │       │   │   │   ├──  Categories.ExcludeCategory.html 0
                    │   │   │       │       │   │   │   ├──  Categories.IncludeCategory.html 0
                    │   │   │       │       │   │   │   ├──  Category.html 0
                    │   │   │       │       │   │   │   ├──  CategoryValidator.html 0
                    │   │   │       │       │   │   │   ├──  ExcludeCategories.html 0
                    │   │   │       │       │   │   │   └──  IncludeCategories.html 0
                    │   │   │       │       │   │   ├──  theories 12
                    │   │   │       │       │   │   │   ├──  Theories.TheoryAnchor.html 0
                    │   │   │       │       │   │   │   ├──  Theories.html 0
                    │   │   │       │       │   │   │   ├──  ParameterSignature.html 0
                    │   │   │       │       │   │   │   ├──  ParameterSupplier.html 0
                    │   │   │       │       │   │   │   ├──  DataPoint.html 0
                    │   │   │       │       │   │   │   ├──  DataPoints.html 0
                    │   │   │       │       │   │   │   ├──  FromDataPoints.html 0
                    │   │   │       │       │   │   │   ├──  ParametersSuppliedBy.html 0
                    │   │   │       │       │   │   │   ├──  PotentialAssignment.html 0
                    │   │   │       │       │   │   │   ├──  PotentialAssignment.CouldNotGenerateValueException.html 0
                    │   │   │       │       │   │   │   ├──  Theory.html 0
                    │   │   │       │       │   │   │   └──  suppliers 2
                    │   │   │       │       │   │   │       ├──  TestedOn.html 0
                    │   │   │       │       │   │   │       └──  TestedOnSupplier.html 0
                    │   │   │       │       │   │   ├──  max 3
                    │   │   │       │       │   │   │   ├──  MaxCore.html 0
                    │   │   │       │       │   │   │   ├──  MaxHistory.html 0
                    │   │   │       │       │   │   │   └──  CouldNotReadCoreException.html 0
                    │   │   │       │       │   │   ├──  results 2
                    │   │   │       │       │   │   │   ├──  ResultMatchers.html 0
                    │   │   │       │       │   │   │   └──  PrintableResult.html 0
                    │   │   │       │       │   │   ├──  runners 1
                    │   │   │       │       │   │   │   └──  Enclosed.html 0
                    │   │   │       │       │   │   └──  ParallelComputer.html 0
                    │   │   │       │       │   ├──  rules 17
                    │   │   │       │       │   │   ├──  TemporaryFolder.Builder.html 0
                    │   │   │       │       │   │   ├──  TemporaryFolder.html 0
                    │   │   │       │       │   │   ├──  ExpectedException.html 0
                    │   │   │       │       │   │   ├──  Timeout.html 0
                    │   │   │       │       │   │   ├──  Timeout.Builder.html 0
                    │   │   │       │       │   │   ├──  RuleChain.html 0
                    │   │   │       │       │   │   ├──  TestWatcher.html 0
                    │   │   │       │       │   │   ├──  Stopwatch.html 0
                    │   │   │       │       │   │   ├──  ErrorCollector.html 0
                    │   │   │       │       │   │   ├──  TestName.html 0
                    │   │   │       │       │   │   ├──  DisableOnDebug.html 0
                    │   │   │       │       │   │   ├──  ExternalResource.html 0
                    │   │   │       │       │   │   ├──  MethodRule.html 0
                    │   │   │       │       │   │   ├──  RunRules.html 0
                    │   │   │       │       │   │   ├──  TestRule.html 0
                    │   │   │       │       │   │   ├──  TestWatchman.html 0
                    │   │   │       │       │   │   └──  Verifier.html 0
                    │   │   │       │       │   ├──  runner 15
                    │   │   │       │       │   │   ├──  Description.html 0
                    │   │   │       │       │   │   ├──  Request.html 0
                    │   │   │       │       │   │   ├──  Result.html 0
                    │   │   │       │       │   │   ├──  notification 5
                    │   │   │       │       │   │   │   ├──  RunNotifier.html 0
                    │   │   │       │       │   │   │   ├──  RunListener.ThreadSafe.html 0
                    │   │   │       │       │   │   │   ├──  RunListener.html 0
                    │   │   │       │       │   │   │   ├──  StoppedByUserException.html 0
                    │   │   │       │       │   │   │   └──  Failure.html 0
                    │   │   │       │       │   │   ├──  JUnitCore.html 0
                    │   │   │       │       │   │   ├──  manipulation 12
                    │   │   │       │       │   │   │   ├──  Ordering.html 0
                    │   │   │       │       │   │   │   ├──  Ordering.Context.html 0
                    │   │   │       │       │   │   │   ├──  Ordering.Factory.html 0
                    │   │   │       │       │   │   │   ├──  Sortable.html 0
                    │   │   │       │       │   │   │   ├──  Sorter.html 0
                    │   │   │       │       │   │   │   ├──  Orderable.html 0
                    │   │   │       │       │   │   │   ├──  Orderer.html 0
                    │   │   │       │       │   │   │   ├──  NoTestsRemainException.html 0
                    │   │   │       │       │   │   │   ├──  InvalidOrderingException.html 0
                    │   │   │       │       │   │   │   ├──  Filter.html 0
                    │   │   │       │       │   │   │   ├──  Filterable.html 0
                    │   │   │       │       │   │   │   └──  Alphanumeric.html 0
                    │   │   │       │       │   │   ├──  OrderWithValidator.html 0
                    │   │   │       │       │   │   ├──  Describable.html 0
                    │   │   │       │       │   │   ├──  FilterFactory.html 0
                    │   │   │       │       │   │   ├──  FilterFactory.FilterNotCreatedException.html 0
                    │   │   │       │       │   │   ├──  FilterFactoryParams.html 0
                    │   │   │       │       │   │   ├──  OrderWith.html 0
                    │   │   │       │       │   │   ├──  Runner.html 0
                    │   │   │       │       │   │   ├──  RunWith.html 0
                    │   │   │       │       │   │   └──  Computer.html 0
                    │   │   │       │       │   ├──  Assume.html 0
                    │   │   │       │       │   ├──  ClassRule.html 0
                    │   │   │       │       │   ├──  ComparisonFailure.html 0
                    │   │   │       │       │   ├──  Rule.html 0
                    │   │   │       │       │   ├──  Test.html 0
                    │   │   │       │       │   ├──  Test.None.html 0
                    │   │   │       │       │   ├──  AfterClass.html 0
                    │   │   │       │       │   ├──  After.html 0
                    │   │   │       │       │   ├──  AssumptionViolatedException.html 0
                    │   │   │       │       │   ├──  Before.html 0
                    │   │   │       │       │   ├──  BeforeClass.html 0
                    │   │   │       │       │   ├──  FixMethodOrder.html 0
                    │   │   │       │       │   ├──  Ignore.html 0
                    │   │   │       │       │   ├──  TestCouldNotBeSkippedException.html 0
                    │   │   │       │       │   ├──  function 1
                    │   │   │       │       │   │   └──  ThrowingRunnable.html 0
                    │   │   │       │       │   ├──  matchers 1
                    │   │   │       │       │   │   └──  JUnitMatchers.html 0
                    │   │   │       │       │   └──  validator 6
                    │   │   │       │       │       ├──  AnnotationsValidator.html 0
                    │   │   │       │       │       ├──  AnnotationValidator.html 0
                    │   │   │       │       │       ├──  PublicClassValidator.html 0
                    │   │   │       │       │       ├──  AnnotationValidatorFactory.html 0
                    │   │   │       │       │       ├──  TestClassValidator.html 0
                    │   │   │       │       │       └──  ValidateWith.html 0
                    │   │   │       │       └──  hamcrest 19
                    │   │   │       │           ├──  CoreMatchers.html 0
                    │   │   │       │           ├──  core 19
                    │   │   │       │           │   ├──  IsEqual.html 0
                    │   │   │       │           │   ├──  IsInstanceOf.html 0
                    │   │   │       │           │   ├──  IsCollectionContaining.html 0
                    │   │   │       │           │   ├──  AnyOf.html 0
                    │   │   │       │           │   ├──  Is.html 0
                    │   │   │       │           │   ├──  IsSame.html 0
                    │   │   │       │           │   ├──  StringContains.html 0
                    │   │   │       │           │   ├──  StringEndsWith.html 0
                    │   │   │       │           │   ├──  StringStartsWith.html 0
                    │   │   │       │           │   ├──  SubstringMatcher.html 0
                    │   │   │       │           │   ├──  IsNot.html 0
                    │   │   │       │           │   ├──  IsNull.html 0
                    │   │   │       │           │   ├──  IsAnything.html 0
                    │   │   │       │           │   ├──  Every.html 0
                    │   │   │       │           │   ├──  AllOf.html 0
                    │   │   │       │           │   ├──  CombinableMatcher.html 0
                    │   │   │       │           │   ├──  CombinableMatcher.CombinableBothMatcher.html 0
                    │   │   │       │           │   ├──  CombinableMatcher.CombinableEitherMatcher.html 0
                    │   │   │       │           │   └──  DescribedAs.html 0
                    │   │   │       │           ├──  BaseDescription.html 0
                    │   │   │       │           ├──  BaseMatcher.html 0
                    │   │   │       │           ├──  Condition.html 0
                    │   │   │       │           ├──  Condition.Step.html 0
                    │   │   │       │           ├──  CustomTypeSafeMatcher.html 0
                    │   │   │       │           ├──  CustomMatcher.html 0
                    │   │   │       │           ├──  Description.html 0
                    │   │   │       │           ├──  Description.NullDescription.html 0
                    │   │   │       │           ├──  StringDescription.html 0
                    │   │   │       │           ├──  DiagnosingMatcher.html 0
                    │   │   │       │           ├──  Factory.html 0
                    │   │   │       │           ├──  FeatureMatcher.html 0
                    │   │   │       │           ├──  Matcher.html 0
                    │   │   │       │           ├──  MatcherAssert.html 0
                    │   │   │       │           ├──  SelfDescribing.html 0
                    │   │   │       │           ├──  TypeSafeDiagnosingMatcher.html 0
                    │   │   │       │           └──  TypeSafeMatcher.html 0
                    │   │   │       ├──  member-search-index.js 0
                    │   │   │       ├──  overview-tree.html 0
                    │   │   │       ├──  serialized-form.html 0
                    │   │   │       ├──  allclasses.html 0
                    │   │   │       ├──  help-doc.html 0
                    │   │   │       ├──  member-search-index.zip 0
                    │   │   │       ├──  type-search-index.js 0
                    │   │   │       ├──  deprecated-list.html 0
                    │   │   │       ├──  allpackages-index.html 0
                    │   │   │       ├──  constant-values.html 0
                    │   │   │       ├──  element-list 0
                    │   │   │       ├──  stylesheet.css 0
                    │   │   │       ├──  overview-summary.html 0
                    │   │   │       ├──  resources 1
                    │   │   │       │   └──  x.png 0
                    │   │   │       ├──  search.js 0
                    │   │   │       ├──  script.js 0
                    │   │   │       ├──  allclasses-index.html 0
                    │   │   │       ├──  type-search-index.zip 0
                    │   │   │       ├──  package-search-index.zip 0
                    │   │   │       └──  package-search-index.js 0
                    │   │   ├──  images 28
                    │   │   │   ├──  apache-maven-project-2.png 0
                    │   │   │   ├──  profiles 3
                    │   │   │   │   ├──  sandbox.png 0
                    │   │   │   │   ├──  retired.png 0
                    │   │   │   │   └──  pre-release.png 0
                    │   │   │   ├──  logos 3
                    │   │   │   │   ├──  build-by-maven-white.png 0
                    │   │   │   │   ├──  build-by-maven-black.png 0
                    │   │   │   │   └──  maven-feather.png 0
                    │   │   │   ├──  add.gif 0
                    │   │   │   ├──  window-new.png 0
                    │   │   │   ├──  junit-lambda 4
                    │   │   │   │   ├──  contributors 34
                    │   │   │   │   │   ├──  sipgate.png 0
                    │   │   │   │   │   ├──  murex.jpg 0
                    │   │   │   │   │   ├──  novatec.png 0
                    │   │   │   │   │   ├──  42talents.png 0
                    │   │   │   │   │   ├──  gradle.png 0
                    │   │   │   │   │   ├──  msgsystems.png 0
                    │   │   │   │   │   ├──  squeed.png 0
                    │   │   │   │   │   ├──  klarna.png 0
                    │   │   │   │   │   ├──  adnovum.png 0
                    │   │   │   │   │   ├──  klosebrothers.png 0
                    │   │   │   │   │   ├──  autotrader.jpg 0
                    │   │   │   │   │   ├──  samuraism.png 0
                    │   │   │   │   │   ├──  ergon.png 0
                    │   │   │   │   │   ├──  topdesk.png 0
                    │   │   │   │   │   ├──  bouvet.png 0
                    │   │   │   │   │   ├──  zenika.png 0
                    │   │   │   │   │   ├──  sonrisa.png 0
                    │   │   │   │   │   ├──  bol.jpg 0
                    │   │   │   │   │   ├──  devnexus.png 0
                    │   │   │   │   │   ├──  arcbees.png 0
                    │   │   │   │   │   ├──  red6-es.jpg 0
                    │   │   │   │   │   ├──  siili.png 0
                    │   │   │   │   │   ├──  synyx.jpg 0
                    │   │   │   │   │   ├──  netcetera.png 0
                    │   │   │   │   │   ├──  vaddy.png 0
                    │   │   │   │   │   ├──  oio.png 0
                    │   │   │   │   │   ├──  tng.png 0
                    │   │   │   │   │   ├──  diffplug.png 0
                    │   │   │   │   │   ├──  disy.jpg 0
                    │   │   │   │   │   ├──  ociweb.png 0
                    │   │   │   │   │   ├──  eclipse.png 0
                    │   │   │   │   │   ├──  intellijidea.png 0
                    │   │   │   │   │   ├──  six.gif 0
                    │   │   │   │   │   └──  structure101.png 0
                    │   │   │   │   ├──  junit-lambda-logo.png 0
                    │   │   │   │   ├──  sponsors 5
                    │   │   │   │   │   ├──  pivotal.png 0
                    │   │   │   │   │   ├──  andrena.png 0
                    │   │   │   │   │   ├──  heidelberg-mobil.png 0
                    │   │   │   │   │   ├──  namics.png 0
                    │   │   │   │   │   └──  amex.png 0
                    │   │   │   │   └──  background.png 0
                    │   │   │   ├──  junit-logo.svg 0
                    │   │   │   ├──  junit-logo.png 0
                    │   │   │   ├──  junit5-banner.png 0
                    │   │   │   ├──  image-x-generic.png 0
                    │   │   │   ├──  accessories-text-editor.png 0
                    │   │   │   ├──  application-certificate.png 0
                    │   │   │   ├──  contact-new.png 0
                    │   │   │   ├──  document-properties.png 0
                    │   │   │   ├──  drive-harddisk.png 0
                    │   │   │   ├──  fix.gif 0
                    │   │   │   ├──  icon_error_sml.gif 0
                    │   │   │   ├──  icon_help_sml.gif 0
                    │   │   │   ├──  icon_info_sml.gif 0
                    │   │   │   ├──  icon_success_sml.gif 0
                    │   │   │   ├──  icon_warning_sml.gif 0
                    │   │   │   ├──  internet-web-browser.png 0
                    │   │   │   ├──  network-server.png 0
                    │   │   │   ├──  package-x-generic.png 0
                    │   │   │   ├──  remove.gif 0
                    │   │   │   ├──  rss.png 0
                    │   │   │   ├──  update.gif 0
                    │   │   │   └──  close.gif 0
                    │   │   ├──  faq.html 0
                    │   │   ├──  img 2
                    │   │   │   ├──  glyphicons-halflings.png 0
                    │   │   │   └──  glyphicons-halflings-white.png 0
                    │   │   ├──  scripts 2
                    │   │   │   ├──  index.js 0
                    │   │   │   └──  hopscotch-0.1.2.min.js 0
                    │   │   ├──  junit-lambda-contributors.html 0
                    │   │   ├──  index.html 0
                    │   │   ├──  junit-lambda-campaign.html 0
                    │   │   ├──  junit-lambda-spending.html 0
                    │   │   ├──  junit-lambda.html 0
                    │   │   ├──  project-info.html 0
                    │   │   ├──  dependency-info.html 0
                    │   │   ├──  team-list.html 0
                    │   │   ├──  source-repository.html 0
                    │   │   ├──  dependencies.html 0
                    │   │   ├──  junit5.html 0
                    │   │   ├──  issue-tracking.html 0
                    │   │   ├──  license.html 0
                    │   │   ├──  dependency-convergence.html 0
                    │   │   ├──  integration.html 0
                    │   │   ├──  distribution-management.html 0
                    │   │   └──  project-reports.html 0
                    │   ├──  maven-status 1
                    │   │   └──  maven-compiler-plugin 2
                    │   │       ├──  testCompile 1
                    │   │       │   └──  default-testCompile 2
                    │   │       │       ├──  createdFiles.lst 0
                    │   │       │       └──  inputFiles.lst 0
                    │   │       └──  compile 1
                    │   │           └──  default-compile 2
                    │   │               ├──  createdFiles.lst 0
                    │   │               └──  inputFiles.lst 0
                    │   ├──  junit-4.13.3-SNAPSHOT.jar 0
                    │   ├──  distro-javadoc-sources 1
                    │   │   └──  hamcrest-core-1.3-sources 2
                    │   │       ├──  META-INF 1
                    │   │       │   └──  MANIFEST.MF 0
                    │   │       └──  org 1
                    │   │           └──  hamcrest 1
                    │   │               └──  internal 1
                    │   │                   └──  SelfDescribingValue.java 0
                    │   ├──  javadoc-bundle-options 1
                    │   │   └──  javadoc-options-javadoc-resources.xml 0
                    │   ├──  surefire-reports 366
                    │   │   ├──  TEST-org.junit.tests.assertion.AssertionTest.xml 0
                    │   │   ├──  TEST-org.junit.tests.running.classes.ParentRunnerFilteringTest.xml 0
                    │   │   ├──  org.junit.tests.running.core.CommandLineTest.txt 0
                    │   │   ├──  org.junit.tests.running.classes.ParentRunnerFilteringTest.txt 0
                    │   │   ├──  TEST-org.junit.tests.running.classes.EnclosedTest.xml 0
                    │   │   ├──  TEST-org.junit.tests.running.classes.ParameterizedTestTest.xml 0
                    │   │   ├──  org.junit.tests.running.classes.ParameterizedTestTest.txt 0
                    │   │   ├──  TEST-org.junit.tests.running.classes.ThreadsTest.xml 0
                    │   │   ├──  org.junit.tests.running.classes.IgnoreClassTest.txt 0
                    │   │   ├──  org.junit.tests.running.classes.ThreadsTest.txt 0
                    │   │   ├──  TEST-org.junit.tests.running.classes.IgnoreClassTest.xml 0
                    │   │   ├──  TEST-org.junit.tests.running.classes.SuiteTest.xml 0
                    │   │   ├──  TEST-org.junit.tests.running.classes.parent.ParentRunnerClassLoaderTest.xml 0
                    │   │   ├──  org.junit.tests.running.classes.SuiteTest.txt 0
                    │   │   ├──  TEST-org.junit.tests.running.classes.RunWithTest.xml 0
                    │   │   ├──  TEST-org.junit.tests.running.classes.UseSuiteAsASuperclassTest.xml 0
                    │   │   ├──  org.junit.tests.running.classes.EnclosedTest.txt 0
                    │   │   ├──  org.junit.tests.running.classes.parent.ParentRunnerClassLoaderTest.txt 0
                    │   │   ├──  TEST-org.junit.tests.running.classes.ParentRunnerTest.xml 0
                    │   │   ├──  org.junit.tests.running.classes.UseSuiteAsASuperclassTest.txt 0
                    │   │   ├──  org.junit.tests.running.classes.ParentRunnerTest.txt 0
                    │   │   ├──  org.junit.tests.running.classes.RunWithTest.txt 0
                    │   │   ├──  TEST-org.junit.tests.running.classes.ClassLevelMethodsWithIgnoredTestsTest.xml 0
                    │   │   ├──  TEST-org.junit.runner.JUnitCommandLineParseResultTest.xml 0
                    │   │   ├──  org.junit.runner.JUnitCommandLineParseResultTest.txt 0
                    │   │   ├──  TEST-org.junit.runner.OrderWithValidatorTest.xml 0
                    │   │   ├──  org.junit.runner.OrderWithValidatorTest.txt 0
                    │   │   ├──  TEST-org.junit.runner.FilterOptionIntegrationTest.xml 0
                    │   │   ├──  org.junit.runner.FilterOptionIntegrationTest.txt 0
                    │   │   ├──  TEST-org.junit.runner.FilterFactoriesTest.xml 0
                    │   │   ├──  org.junit.runner.FilterFactoriesTest.txt 0
                    │   │   ├──  TEST-org.junit.runner.notification.SynchronizedRunListenerTest.xml 0
                    │   │   ├──  org.junit.runner.notification.SynchronizedRunListenerTest.txt 0
                    │   │   ├──  TEST-org.junit.runner.notification.RunNotifierTest.xml 0
                    │   │   ├──  org.junit.runner.notification.RunNotifierTest.txt 0
                    │   │   ├──  TEST-org.junit.runner.notification.ConcurrentRunNotifierTest.xml 0
                    │   │   ├──  org.junit.runner.notification.ConcurrentRunNotifierTest.txt 0
                    │   │   ├──  org.junit.runner.JUnitCoreTest.txt 0
                    │   │   ├──  org.junit.tests.running.classes.ClassLevelMethodsWithIgnoredTestsTest.txt 0
                    │   │   ├──  TEST-org.junit.runner.JUnitCoreTest.xml 0
                    │   │   ├──  TEST-org.junit.tests.running.classes.BlockJUnit4ClassRunnerTest.xml 0
                    │   │   ├──  org.junit.tests.running.classes.BlockJUnit4ClassRunnerTest.txt 0
                    │   │   ├──  TEST-org.junit.runner.RequestTest.xml 0
                    │   │   ├──  org.junit.runner.RequestTest.txt 0
                    │   │   ├──  TEST-org.junit.tests.running.core.CommandLineTest.xml 0
                    │   │   ├──  org.junit.tests.running.methods.ParameterizedTestMethodTest.txt 0
                    │   │   ├──  org.junit.tests.ObjectContractTest.txt 0
                    │   │   ├──  TEST-org.junit.AssumptionViolatedExceptionTest.xml 0
                    │   │   ├──  org.junit.AssumptionViolatedExceptionTest.txt 0
                    │   │   ├──  TEST-org.junit.validator.PublicClassValidatorTest.xml 0
                    │   │   ├──  org.junit.validator.PublicClassValidatorTest.txt 0
                    │   │   ├──  TEST-org.junit.validator.AnnotationValidatorFactoryTest.xml 0
                    │   │   ├──  org.junit.validator.AnnotationValidatorFactoryTest.txt 0
                    │   │   ├──  TEST-org.junit.tests.ObjectContractTest.xml 0
                    │   │   ├──  org.junit.tests.running.methods.TestMethodTest.txt 0
                    │   │   ├──  TEST-org.junit.tests.running.methods.ParameterizedTestMethodTest.xml 0
                    │   │   ├──  TEST-org.junit.tests.running.methods.InheritedTestTest.xml 0
                    │   │   ├──  org.junit.tests.running.methods.InheritedTestTest.txt 0
                    │   │   ├──  TEST-org.junit.tests.running.methods.ExpectedTest.xml 0
                    │   │   ├──  org.junit.tests.running.methods.ExpectedTest.txt 0
                    │   │   ├──  TEST-org.junit.tests.running.methods.AnnotationTest.xml 0
                    │   │   ├──  org.junit.tests.running.methods.AnnotationTest.txt 0
                    │   │   ├──  TEST-org.junit.tests.running.core.SystemExitTest.xml 0
                    │   │   ├──  org.junit.tests.running.core.SystemExitTest.txt 0
                    │   │   ├──  TEST-org.junit.tests.running.core.JUnitCoreReturnsCorrectExitCodeTest.xml 0
                    │   │   ├──  org.junit.tests.running.core.JUnitCoreReturnsCorrectExitCodeTest.txt 0
                    │   │   ├──  TEST-org.junit.tests.running.methods.TestMethodTest.xml 0
                    │   │   ├──  TEST-org.junit.validator.AnnotationsValidatorTest.xml 0
                    │   │   ├──  org.junit.validator.AnnotationsValidatorTest.txt 0
                    │   │   ├──  TEST-org.junit.tests.validation.ValidationTest.xml 0
                    │   │   ├──  TEST-org.junit.runners.CustomBlockJUnit4ClassRunnerTest.xml 0
                    │   │   ├──  org.junit.tests.validation.ValidationTest.txt 0
                    │   │   ├──  TEST-org.junit.tests.validation.FailedConstructionTest.xml 0
                    │   │   ├──  org.junit.tests.validation.FailedConstructionTest.txt 0
                    │   │   ├──  TEST-org.junit.tests.validation.BadlyFormedClassesTest.xml 0
                    │   │   ├──  org.junit.tests.validation.BadlyFormedClassesTest.txt 0
                    │   │   ├──  TEST-org.junit.samples.money.MoneyTest.xml 0
                    │   │   ├──  org.junit.samples.money.MoneyTest.txt 0
                    │   │   ├──  TEST-org.junit.samples.ListTest.xml 0
                    │   │   ├──  org.junit.samples.ListTest.txt 0
                    │   │   ├──  TEST-org.junit.tests.running.methods.TimeoutTest.xml 0
                    │   │   ├──  org.junit.tests.running.methods.TimeoutTest.txt 0
                    │   │   ├──  org.junit.tests.experimental.results.PrintableResultTest.txt 0
                    │   │   ├──  org.junit.runners.CustomBlockJUnit4ClassRunnerTest.txt 0
                    │   │   ├──  TEST-org.junit.internal.ArrayComparisonFailureTest.xml 0
                    │   │   ├──  TEST-org.junit.tests.experimental.theories.runner.WithAutoGeneratedDataPoints.xml 0
                    │   │   ├──  org.junit.tests.experimental.theories.runner.WithDataPointMethod.txt 0
                    │   │   ├──  TEST-org.junit.tests.experimental.theories.runner.WithDataPointMethod.xml 0
                    │   │   ├──  org.junit.tests.experimental.theories.runner.WithExtendedParameterSources.txt 0
                    │   │   ├──  TEST-org.junit.tests.experimental.theories.runner.WithExtendedParameterSources.xml 0
                    │   │   ├──  org.junit.tests.experimental.theories.runner.WithNamedDataPoints.txt 0
                    │   │   ├──  TEST-org.junit.tests.experimental.theories.runner.WithNamedDataPoints.xml 0
                    │   │   ├──  org.junit.tests.experimental.theories.runner.WithOnlyTestAnnotations.txt 0
                    │   │   ├──  org.junit.tests.experimental.theories.runner.WithAutoGeneratedDataPoints.txt 0
                    │   │   ├──  TEST-org.junit.tests.experimental.theories.runner.WhenNoParametersMatch.xml 0
                    │   │   ├──  org.junit.tests.experimental.theories.runner.WhenNoParametersMatch.txt 0
                    │   │   ├──  org.junit.tests.experimental.theories.runner.SuccessfulWithDataPointFields$BeforeAndAfterOnSameInstance.txt 0
                    │   │   ├──  TEST-org.junit.tests.experimental.theories.runner.UnsuccessfulWithDataPointFields.xml 0
                    │   │   ├──  TEST-org.junit.tests.experimental.theories.runner.SuccessfulWithDataPointFields$BeforeAndAfterOnSameInstance.xml 0
                    │   │   ├──  org.junit.tests.experimental.theories.runner.SuccessfulWithDataPointFields$HasATwoParameterTheory.txt 0
                    │   │   ├──  TEST-org.junit.tests.experimental.theories.runner.SuccessfulWithDataPointFields$HasATwoParameterTheory.xml 0
                    │   │   ├──  org.junit.tests.experimental.theories.runner.TheoriesPerformanceTest.txt 0
                    │   │   ├──  TEST-org.junit.tests.experimental.theories.runner.TheoriesPerformanceTest.xml 0
                    │   │   ├──  org.junit.tests.experimental.theories.runner.TypeMatchingBetweenMultiDataPointsMethod.txt 0
                    │   │   ├──  TEST-org.junit.tests.experimental.theories.runner.TypeMatchingBetweenMultiDataPointsMethod.xml 0
                    │   │   ├──  org.junit.tests.experimental.theories.runner.UnsuccessfulWithDataPointFields.txt 0
                    │   │   ├──  TEST-org.junit.tests.experimental.theories.runner.WithOnlyTestAnnotations.xml 0
                    │   │   ├──  org.junit.tests.experimental.theories.runner.WithParameterSupplier.txt 0
                    │   │   ├──  TEST-org.junit.internal.MethodSorterTest.xml 0
                    │   │   ├──  org.junit.internal.runners.ErrorReportingRunnerTest.txt 0
                    │   │   ├──  TEST-org.junit.internal.runners.ErrorReportingRunnerTest.xml 0
                    │   │   ├──  org.junit.internal.runners.statements.ExpectExceptionTest.txt 0
                    │   │   ├──  TEST-org.junit.internal.runners.statements.ExpectExceptionTest.xml 0
                    │   │   ├──  org.junit.internal.runners.statements.FailOnTimeoutTest.txt 0
                    │   │   ├──  TEST-org.junit.internal.runners.statements.FailOnTimeoutTest.xml 0
                    │   │   ├──  org.junit.internal.MethodSorterTest.txt 0
                    │   │   ├──  org.junit.internal.matchers.StacktracePrintingMatcherTest.txt 0
                    │   │   ├──  org.junit.internal.ChecksTest.txt 0
                    │   │   ├──  TEST-org.junit.internal.matchers.StacktracePrintingMatcherTest.xml 0
                    │   │   ├──  org.junit.internal.StackTracesTest.txt 0
                    │   │   ├──  TEST-org.junit.internal.StackTracesTest.xml 0
                    │   │   ├──  org.junit.internal.matchers.ThrowableCauseMatcherTest.txt 0
                    │   │   ├──  TEST-org.junit.internal.matchers.ThrowableCauseMatcherTest.xml 0
                    │   │   ├──  TEST-org.junit.internal.ChecksTest.xml 0
                    │   │   ├──  TEST-org.junit.internal.builders.AnnotatedBuilderTest.xml 0
                    │   │   ├──  TEST-org.junit.tests.experimental.theories.AssumingInTheoriesTest.xml 0
                    │   │   ├──  TEST-org.junit.tests.experimental.theories.runner.WithParameterSupplier.xml 0
                    │   │   ├──  org.junit.tests.experimental.theories.runner.WithUnresolvedGenericTypeVariablesOnTheoryParms.txt 0
                    │   │   ├──  TEST-org.junit.tests.experimental.theories.runner.WithUnresolvedGenericTypeVariablesOnTheoryParms.xml 0
                    │   │   ├──  org.junit.tests.experimental.theories.ParameterSignatureTest.txt 0
                    │   │   ├──  TEST-org.junit.tests.experimental.theories.ParameterSignatureTest.xml 0
                    │   │   ├──  org.junit.tests.experimental.theories.TestedOnSupplierTest.txt 0
                    │   │   ├──  TEST-org.junit.tests.experimental.theories.TestedOnSupplierTest.xml 0
                    │   │   ├──  org.junit.tests.experimental.theories.AssumingInTheoriesTest.txt 0
                    │   │   ├──  org.junit.tests.experimental.theories.PotentialAssignmentTest.txt 0
                    │   │   ├──  org.junit.internal.builders.AnnotatedBuilderTest.txt 0
                    │   │   ├──  TEST-org.junit.tests.experimental.theories.PotentialAssignmentTest.xml 0
                    │   │   ├──  org.junit.tests.experimental.AssumptionTest.txt 0
                    │   │   ├──  TEST-org.junit.tests.experimental.AssumptionTest.xml 0
                    │   │   ├──  org.junit.tests.experimental.MatcherTest.txt 0
                    │   │   ├──  TEST-org.junit.tests.experimental.MatcherTest.xml 0
                    │   │   ├──  org.junit.tests.experimental.theories.extendingwithstubs.StubbedTheoriesTest.txt 0
                    │   │   ├──  TEST-org.junit.tests.experimental.theories.extendingwithstubs.StubbedTheoriesTest.xml 0
                    │   │   ├──  org.junit.experimental.categories.JavadocTest.txt 0
                    │   │   ├──  org.junit.tests.experimental.theories.runner.SuccessfulWithDataPointFields$BeforeAndAfterEachTime.txt 0
                    │   │   ├──  org.junit.tests.experimental.max.JUnit38SortingTest.txt 0
                    │   │   ├──  TEST-org.junit.tests.experimental.theories.runner.SuccessfulWithDataPointFields$BeforeAndAfterEachTime.xml 0
                    │   │   ├──  TEST-org.junit.tests.experimental.max.DescriptionTest.xml 0
                    │   │   ├──  org.junit.tests.experimental.max.DescriptionTest.txt 0
                    │   │   ├──  TEST-org.junit.experimental.categories.MultiCategoryTest.xml 0
                    │   │   ├──  org.junit.experimental.categories.MultiCategoryTest.txt 0
                    │   │   ├──  TEST-org.junit.experimental.categories.JavadocTest.xml 0
                    │   │   ├──  TEST-org.junit.experimental.categories.CategoryValidatorTest.xml 0
                    │   │   ├──  org.junit.tests.experimental.theories.runner.SuccessfulWithDataPointFields$OneTestTwoAnnotations.txt 0
                    │   │   ├──  org.junit.experimental.categories.CategoryValidatorTest.txt 0
                    │   │   ├──  TEST-org.junit.experimental.categories.CategoryTest.xml 0
                    │   │   ├──  org.junit.experimental.categories.CategoryTest.txt 0
                    │   │   ├──  TEST-org.junit.experimental.categories.CategoryFilterFactoryTest.xml 0
                    │   │   ├──  org.junit.experimental.categories.CategoryFilterFactoryTest.txt 0
                    │   │   ├──  org.junit.tests.experimental.theories.runner.SuccessfulWithDataPointFields$DifferentTypesInConstructor.txt 0
                    │   │   ├──  TEST-org.junit.experimental.categories.CategoriesAndParameterizedTest.xml 0
                    │   │   ├──  org.junit.experimental.categories.CategoriesAndParameterizedTest.txt 0
                    │   │   ├──  TEST-org.junit.tests.experimental.theories.runner.SuccessfulWithDataPointFields$OneTestTwoAnnotations.xml 0
                    │   │   ├──  TEST-org.junit.tests.experimental.theories.runner.SuccessfulWithDataPointFields$StaticPublicNonDataPoints.xml 0
                    │   │   ├──  org.junit.tests.description.TestDescriptionTest.txt 0
                    │   │   ├──  TEST-org.junit.tests.experimental.theories.internal.AllMembersSupplierTest.xml 0
                    │   │   ├──  TEST-org.junit.tests.experimental.parallel.ParallelMethodTest.xml 0
                    │   │   ├──  TEST-org.junit.tests.experimental.results.PrintableResultTest.xml 0
                    │   │   ├──  org.junit.tests.experimental.parallel.ParallelMethodTest.txt 0
                    │   │   ├──  TEST-org.junit.tests.experimental.parallel.ParallelClassTest.xml 0
                    │   │   ├──  org.junit.tests.experimental.parallel.ParallelClassTest.txt 0
                    │   │   ├──  org.junit.tests.experimental.results.ResultMatchersTest.txt 0
                    │   │   ├──  TEST-org.junit.tests.experimental.results.ResultMatchersTest.xml 0
                    │   │   ├──  org.junit.tests.experimental.theories.internal.AllMembersSupplierTest.txt 0
                    │   │   ├──  TEST-org.junit.tests.experimental.max.MaxStarterTest.xml 0
                    │   │   ├──  TEST-org.junit.tests.experimental.max.JUnit38SortingTest.xml 0
                    │   │   ├──  org.junit.tests.experimental.theories.internal.ParameterizedAssertionErrorTest.txt 0
                    │   │   ├──  TEST-org.junit.tests.experimental.theories.internal.ParameterizedAssertionErrorTest.xml 0
                    │   │   ├──  org.junit.tests.experimental.theories.internal.SpecificDataPointsSupplierTest.txt 0
                    │   │   ├──  TEST-org.junit.tests.experimental.theories.internal.SpecificDataPointsSupplierTest.xml 0
                    │   │   ├──  org.junit.tests.experimental.theories.runner.FailingDataPointMethods.txt 0
                    │   │   ├──  org.junit.tests.experimental.max.MaxStarterTest.txt 0
                    │   │   ├──  TEST-org.junit.tests.experimental.theories.runner.FailingDataPointMethods.xml 0
                    │   │   ├──  org.junit.tests.experimental.theories.runner.SuccessfulWithDataPointFields$StaticPublicNonDataPoints.txt 0
                    │   │   ├──  TEST-org.junit.tests.description.TestDescriptionTest.xml 0
                    │   │   ├──  TEST-org.junit.tests.experimental.theories.runner.SuccessfulWithDataPointFields$DifferentTypesInConstructor.xml 0
                    │   │   ├──  org.junit.tests.assertion.AssertionTest.txt 0
                    │   │   ├──  org.junit.tests.experimental.theories.runner.SuccessfulWithDataPointFields$PositiveIntsWithMethodParams.txt 0
                    │   │   ├──  org.junit.tests.description.TestDescriptionMethodNameTest.txt 0
                    │   │   ├──  TEST-org.junit.tests.experimental.theories.runner.SuccessfulWithDataPointFields$PositiveIntsWithMethodParams.xml 0
                    │   │   ├──  org.junit.tests.experimental.theories.runner.SuccessfulWithDataPointFields$PositiveIntsWithNegativeField.txt 0
                    │   │   ├──  TEST-org.junit.tests.experimental.theories.runner.SuccessfulWithDataPointFields$PositiveIntsWithNegativeField.xml 0
                    │   │   ├──  org.junit.tests.experimental.theories.runner.SuccessfulWithDataPointFields$PositiveInts.txt 0
                    │   │   ├──  TEST-org.junit.tests.description.TestDescriptionMethodNameTest.xml 0
                    │   │   ├──  TEST-org.junit.tests.experimental.theories.runner.SuccessfulWithDataPointFields$PositiveInts.xml 0
                    │   │   ├──  org.junit.tests.experimental.theories.runner.SuccessfulWithDataPointFields$NewObjectEachTime.txt 0
                    │   │   ├──  TEST-org.junit.tests.experimental.theories.runner.SuccessfulWithDataPointFields$NewObjectEachTime.xml 0
                    │   │   ├──  TEST-org.junit.tests.description.SuiteDescriptionTest.xml 0
                    │   │   ├──  org.junit.tests.assertion.ComparisonFailureTest.txt 0
                    │   │   ├──  org.junit.tests.description.SuiteDescriptionTest.txt 0
                    │   │   ├──  TEST-org.junit.tests.description.AnnotatedDescriptionTest.xml 0
                    │   │   ├──  org.junit.tests.description.AnnotatedDescriptionTest.txt 0
                    │   │   ├──  TEST-org.junit.tests.deprecated.JUnit4ClassRunnerTest.xml 0
                    │   │   ├──  org.junit.tests.deprecated.JUnit4ClassRunnerTest.txt 0
                    │   │   ├──  TEST-org.junit.tests.assertion.MultipleFailureExceptionTest.xml 0
                    │   │   ├──  org.junit.tests.assertion.MultipleFailureExceptionTest.txt 0
                    │   │   ├──  TEST-org.junit.tests.assertion.ComparisonFailureTest.xml 0
                    │   │   ├──  org.junit.internal.ArrayComparisonFailureTest.txt 0
                    │   │   ├──  org.junit.tests.junit3compatibility.AllTestsTest.txt 0
                    │   │   ├──  TEST-org.junit.tests.junit3compatibility.AllTestsTest.xml 0
                    │   │   ├──  org.junit.rules.DisableOnDebugTest.txt 0
                    │   │   ├──  TEST-org.junit.rules.DisableOnDebugTest.xml 0
                    │   │   ├──  org.junit.rules.ErrorCollectorTest.txt 0
                    │   │   ├──  TEST-org.junit.rules.ErrorCollectorTest.xml 0
                    │   │   ├──  org.junit.rules.ExpectedExceptionTest.txt 0
                    │   │   ├──  TEST-org.junit.rules.ExpectedExceptionTest.xml 0
                    │   │   ├──  org.junit.rules.ExternalResourceRuleTest.txt 0
                    │   │   ├──  TEST-org.junit.rules.ExternalResourceRuleTest.xml 0
                    │   │   ├──  org.junit.rules.MethodRulesTest.txt 0
                    │   │   ├──  TEST-org.junit.rules.MethodRulesTest.xml 0
                    │   │   ├──  org.junit.rules.NameRulesTest$BeforeAndAfterTest.txt 0
                    │   │   ├──  TEST-org.junit.rules.NameRulesTest$BeforeAndAfterTest.xml 0
                    │   │   ├──  org.junit.rules.NameRulesTest$TestNames.txt 0
                    │   │   ├──  TEST-org.junit.rules.NameRulesTest$TestNames.xml 0
                    │   │   ├──  org.junit.rules.RuleChainTest.txt 0
                    │   │   ├──  TEST-org.junit.rules.RuleChainTest.xml 0
                    │   │   ├──  org.junit.rules.RuleMemberValidatorTest.txt 0
                    │   │   ├──  TEST-org.junit.rules.RuleMemberValidatorTest.xml 0
                    │   │   ├──  org.junit.rules.StopwatchTest.txt 0
                    │   │   ├──  TEST-org.junit.rules.ClassRulesTest.xml 0
                    │   │   ├──  org.junit.rules.ClassRulesTest.txt 0
                    │   │   ├──  TEST-org.junit.rules.BlockJUnit4ClassRunnerOverrideTest.xml 0
                    │   │   ├──  org.junit.tests.manipulation.SingleMethodTest.txt 0
                    │   │   ├──  org.junit.tests.manipulation.OrderWithTest$UnOrderableRunnersAreHandledWithoutCrashing.txt 0
                    │   │   ├──  TEST-org.junit.tests.manipulation.OrderWithTest$UnOrderableRunnersAreHandledWithoutCrashing.xml 0
                    │   │   ├──  org.junit.tests.manipulation.OrderWithTest$TestClassRunnerIsOrderableWithSuiteMethod.txt 0
                    │   │   ├──  TEST-org.junit.tests.manipulation.OrderWithTest$TestClassRunnerIsOrderableWithSuiteMethod.xml 0
                    │   │   ├──  org.junit.tests.manipulation.OrderWithTest$TestClassRunnerIsSortableViaOrderWith.txt 0
                    │   │   ├──  TEST-org.junit.tests.manipulation.OrderWithTest$TestClassRunnerIsSortableViaOrderWith.xml 0
                    │   │   ├──  org.junit.tests.manipulation.OrderWithTest$TestClassRunnerIsOrderableViaOrderWith.txt 0
                    │   │   ├──  TEST-org.junit.tests.manipulation.OrderWithTest$TestClassRunnerIsOrderableViaOrderWith.xml 0
                    │   │   ├──  TEST-org.junit.tests.manipulation.SingleMethodTest.xml 0
                    │   │   ├──  org.junit.rules.BlockJUnit4ClassRunnerOverrideTest.txt 0
                    │   │   ├──  org.junit.tests.manipulation.SortableTest$TestOnlySortableClassRunnerIsSortable.txt 0
                    │   │   ├──  TEST-org.junit.tests.manipulation.SortableTest$TestOnlySortableClassRunnerIsSortable.xml 0
                    │   │   ├──  org.junit.tests.manipulation.SortableTest$UnsortableRunnersAreHandledWithoutCrashing.txt 0
                    │   │   ├──  TEST-org.junit.tests.manipulation.SortableTest$UnsortableRunnersAreHandledWithoutCrashing.xml 0
                    │   │   ├──  org.junit.tests.manipulation.SortableTest$TestClassRunnerIsSortableWithSuiteMethod.txt 0
                    │   │   ├──  TEST-org.junit.tests.manipulation.SortableTest$TestClassRunnerIsSortableWithSuiteMethod.xml 0
                    │   │   ├──  org.junit.tests.manipulation.SortableTest$TestClassRunnerIsSortable.txt 0
                    │   │   ├──  TEST-org.junit.tests.manipulation.SortableTest$TestClassRunnerIsSortable.xml 0
                    │   │   ├──  TEST-org.junit.rules.StopwatchTest.xml 0
                    │   │   ├──  TEST-org.junit.runners.model.TestClassTest.xml 0
                    │   │   ├──  org.junit.runners.model.FrameworkFieldTest.txt 0
                    │   │   ├──  TEST-org.junit.runners.model.FrameworkFieldTest.xml 0
                    │   │   ├──  org.junit.runners.model.FrameworkMethodTest.txt 0
                    │   │   ├──  TEST-org.junit.runners.model.FrameworkMethodTest.xml 0
                    │   │   ├──  org.junit.runners.model.InvalidTestClassErrorTest.txt 0
                    │   │   ├──  TEST-org.junit.runners.model.InvalidTestClassErrorTest.xml 0
                    │   │   ├──  org.junit.runners.model.TestClassTest.txt 0
                    │   │   ├──  org.junit.runners.parameterized.BlockJUnit4ClassRunnerWithParametersTest.txt 0
                    │   │   ├──  org.junit.rules.VerifierRuleTest.txt 0
                    │   │   ├──  TEST-org.junit.runners.parameterized.BlockJUnit4ClassRunnerWithParametersTest.xml 0
                    │   │   ├──  org.junit.runners.parameterized.ParameterizedNamesTest.txt 0
                    │   │   ├──  TEST-org.junit.runners.parameterized.ParameterizedNamesTest.xml 0
                    │   │   ├──  org.junit.runners.parameterized.TestWithParametersTest.txt 0
                    │   │   ├──  TEST-org.junit.runners.parameterized.TestWithParametersTest.xml 0
                    │   │   ├──  org.junit.runners.RuleContainerTest.txt 0
                    │   │   ├──  TEST-org.junit.runners.RuleContainerTest.xml 0
                    │   │   ├──  TEST-org.junit.rules.VerifierRuleTest.xml 0
                    │   │   ├──  org.junit.rules.TempFolderRuleTest.txt 0
                    │   │   ├──  org.junit.rules.TestWatcherTest$InterplayWithOtherRules.txt 0
                    │   │   ├──  TEST-org.junit.rules.TempFolderRuleTest.xml 0
                    │   │   ├──  org.junit.rules.TemporaryFolderRuleAssuredDeletionTest.txt 0
                    │   │   ├──  TEST-org.junit.rules.TemporaryFolderRuleAssuredDeletionTest.xml 0
                    │   │   ├──  org.junit.rules.TemporaryFolderUsageTest.txt 0
                    │   │   ├──  TEST-org.junit.rules.TemporaryFolderUsageTest.xml 0
                    │   │   ├──  org.junit.rules.TestRuleTest.txt 0
                    │   │   ├──  TEST-org.junit.rules.TestRuleTest.xml 0
                    │   │   ├──  TEST-org.junit.rules.TimeoutRuleTest.xml 0
                    │   │   ├──  TEST-org.junit.rules.TestWatcherTest$InterplayWithOtherRules.xml 0
                    │   │   ├──  org.junit.rules.TestWatcherTest$CallbackArguments.txt 0
                    │   │   ├──  TEST-org.junit.rules.TestWatcherTest$CallbackArguments.xml 0
                    │   │   ├──  org.junit.rules.TestWatcherTest$Callbacks.txt 0
                    │   │   ├──  TEST-org.junit.rules.TestWatcherTest$Callbacks.xml 0
                    │   │   ├──  org.junit.rules.TestWatchmanTest.txt 0
                    │   │   ├──  TEST-org.junit.rules.TestWatchmanTest.xml 0
                    │   │   ├──  org.junit.rules.TimeoutRuleTest.txt 0
                    │   │   ├──  TEST-org.junit.tests.manipulation.OrderableTest$TestClassRunnerIsOrderable.xml 0
                    │   │   ├──  org.junit.tests.manipulation.OrderableTest$TestClassRunnerIsOrderable.txt 0
                    │   │   ├──  org.junit.tests.manipulation.OrderableTest$TestOrderableClassRunnerIsSortable.txt 0
                    │   │   ├──  junit.tests.framework.NoArgTestCaseTest.txt 0
                    │   │   ├──  junit.tests.framework.AssertTest.txt 0
                    │   │   ├──  TEST-junit.tests.framework.AssertTest.xml 0
                    │   │   ├──  junit.tests.framework.TestImplementorTest.txt 0
                    │   │   ├──  TEST-junit.tests.framework.TestImplementorTest.xml 0
                    │   │   ├──  TEST-junit.tests.framework.NoArgTestCaseTest.xml 0
                    │   │   ├──  junit.tests.framework.AssertionFailedErrorTest.txt 0
                    │   │   ├──  junit.tests.framework.ComparisonCompactorTest.txt 0
                    │   │   ├──  TEST-junit.tests.framework.ComparisonCompactorTest.xml 0
                    │   │   ├──  junit.tests.framework.ComparisonFailureTest.txt 0
                    │   │   ├──  TEST-junit.tests.framework.ComparisonFailureTest.xml 0
                    │   │   ├──  TEST-junit.tests.framework.AssertionFailedErrorTest.xml 0
                    │   │   ├──  TEST-junit.tests.framework.TestListenerTest.xml 0
                    │   │   ├──  TEST-junit.tests.framework.DoublePrecisionAssertTest.xml 0
                    │   │   ├──  org.junit.tests.junit3compatibility.JUnit38ClassRunnerTest.txt 0
                    │   │   ├──  org.junit.tests.junit3compatibility.ClassRequestTest.txt 0
                    │   │   ├──  TEST-org.junit.tests.junit3compatibility.ClassRequestTest.xml 0
                    │   │   ├──  org.junit.tests.junit3compatibility.ForwardCompatibilityPrintingTest.txt 0
                    │   │   ├──  TEST-org.junit.tests.junit3compatibility.ForwardCompatibilityPrintingTest.xml 0
                    │   │   ├──  org.junit.tests.junit3compatibility.ForwardCompatibilityTest.txt 0
                    │   │   ├──  TEST-org.junit.tests.junit3compatibility.ForwardCompatibilityTest.xml 0
                    │   │   ├──  org.junit.tests.junit3compatibility.InitializationErrorForwardCompatibilityTest.txt 0
                    │   │   ├──  TEST-org.junit.tests.junit3compatibility.InitializationErrorForwardCompatibilityTest.xml 0
                    │   │   ├──  TEST-org.junit.tests.junit3compatibility.JUnit38ClassRunnerTest.xml 0
                    │   │   ├──  junit.tests.framework.TestListenerTest.txt 0
                    │   │   ├──  org.junit.tests.junit3compatibility.JUnit4TestAdapterTest.txt 0
                    │   │   ├──  TEST-org.junit.tests.junit3compatibility.JUnit4TestAdapterTest.xml 0
                    │   │   ├──  org.junit.tests.junit3compatibility.OldTestClassAdaptingListenerTest.txt 0
                    │   │   ├──  TEST-org.junit.tests.junit3compatibility.OldTestClassAdaptingListenerTest.xml 0
                    │   │   ├──  junit.tests.framework.TestCaseTest.txt 0
                    │   │   ├──  TEST-junit.tests.framework.TestCaseTest.xml 0
                    │   │   ├──  junit.tests.framework.SuiteTest.txt 0
                    │   │   ├──  TEST-junit.tests.framework.SuiteTest.xml 0
                    │   │   ├──  junit.tests.framework.DoublePrecisionAssertTest.txt 0
                    │   │   ├──  junit.tests.framework.FloatAssertTest.txt 0
                    │   │   ├──  TEST-org.junit.tests.manipulation.OrderableTest$TestClassRunnerIsOrderableWithSuiteMethod.xml 0
                    │   │   ├──  TEST-org.junit.tests.listening.TextListenerTest.xml 0
                    │   │   ├──  TEST-org.junit.tests.junit3compatibility.SuiteMethodTest.xml 0
                    │   │   ├──  org.junit.tests.listening.ListenerTest.txt 0
                    │   │   ├──  TEST-org.junit.tests.listening.ListenerTest.xml 0
                    │   │   ├──  org.junit.tests.listening.RunnerTest.txt 0
                    │   │   ├──  TEST-org.junit.tests.listening.RunnerTest.xml 0
                    │   │   ├──  org.junit.tests.listening.TestListenerTest.txt 0
                    │   │   ├──  TEST-org.junit.tests.listening.TestListenerTest.xml 0
                    │   │   ├──  org.junit.tests.listening.TextListenerTest.txt 0
                    │   │   ├──  org.junit.tests.listening.UserStopTest.txt 0
                    │   │   ├──  TEST-junit.tests.extensions.RepeatedTestTest.xml 0
                    │   │   ├──  TEST-org.junit.tests.listening.UserStopTest.xml 0
                    │   │   ├──  org.junit.tests.manipulation.FilterableTest.txt 0
                    │   │   ├──  TEST-org.junit.tests.manipulation.FilterableTest.xml 0
                    │   │   ├──  org.junit.tests.manipulation.FilterTest.txt 0
                    │   │   ├──  TEST-org.junit.tests.manipulation.FilterTest.xml 0
                    │   │   ├──  org.junit.tests.manipulation.OrderableTest$UnOrderableRunnersAreHandledWithoutCrashing.txt 0
                    │   │   ├──  TEST-org.junit.tests.manipulation.OrderableTest$UnOrderableRunnersAreHandledWithoutCrashing.xml 0
                    │   │   ├──  org.junit.tests.manipulation.OrderableTest$TestClassRunnerIsOrderableWithSuiteMethod.txt 0
                    │   │   ├──  org.junit.tests.junit3compatibility.SuiteMethodTest.txt 0
                    │   │   ├──  junit.tests.extensions.RepeatedTestTest.txt 0
                    │   │   ├──  TEST-junit.tests.framework.FloatAssertTest.xml 0
                    │   │   ├──  junit.tests.runner.TextFeedbackTest.txt 0
                    │   │   ├──  junit.tests.runner.StackFilterTest.txt 0
                    │   │   ├──  TEST-junit.tests.runner.StackFilterTest.xml 0
                    │   │   ├──  junit.tests.runner.ResultTest.txt 0
                    │   │   ├──  TEST-junit.tests.runner.ResultTest.xml 0
                    │   │   ├──  junit.tests.runner.BaseTestRunnerTest.txt 0
                    │   │   ├──  TEST-junit.tests.runner.BaseTestRunnerTest.xml 0
                    │   │   ├──  TEST-junit.tests.runner.TextFeedbackTest.xml 0
                    │   │   ├──  TEST-junit.tests.extensions.ActiveTestTest.xml 0
                    │   │   ├──  junit.tests.runner.TextRunnerSingleMethodTest.txt 0
                    │   │   ├──  TEST-junit.tests.runner.TextRunnerSingleMethodTest.xml 0
                    │   │   ├──  junit.tests.runner.TextRunnerTest.txt 0
                    │   │   ├──  TEST-junit.tests.runner.TextRunnerTest.xml 0
                    │   │   ├──  junit.tests.extensions.ExtensionTest.txt 0
                    │   │   ├──  TEST-junit.tests.extensions.ExtensionTest.xml 0
                    │   │   ├──  junit.tests.extensions.ActiveTestTest.txt 0
                    │   │   └──  TEST-org.junit.tests.manipulation.OrderableTest$TestOrderableClassRunnerIsSortable.xml 0
                    │   └──  test-classes 2
                    │       ├──  junit 2
                    │       │   ├──  samples 4
                    │       │   │   ├──  AllTests.class 0
                    │       │   │   ├──  SimpleTest.class 0
                    │       │   │   ├──  ListTest.class 0
                    │       │   │   └──  money 1
                    │       │   │       └──  MoneyTest.class 0
                    │       │   └──  tests 1
                    │       │       └──  SampleJUnit3Tests$1.class 0
                    │       └──  org 1
                    │           └──  junit 7
                    │               ├──  rules 12
                    │               │   ├──  TestRuleTest$1.class 0
                    │               │   ├──  EventCollector$4.class 0
                    │               │   ├──  DisableOnDebugTest$1.class 0
                    │               │   ├──  TestWatchmanTest$1.class 0
                    │               │   ├──  MethodRulesTest$1.class 0
                    │               │   ├──  ClassRulesTest$1.class 0
                    │               │   ├──  RuleMemberValidatorTest$TestWithMethodRule$1.class 0
                    │               │   ├──  RuleMemberValidatorTest$MethodTestWithMethodRule$1.class 0
                    │               │   ├──  RuleMemberValidatorTest$1.class 0
                    │               │   ├──  RuleMemberValidatorTest$TestWithClassRuleMethodThatReturnsMethodRule$1.class 0
                    │               │   ├──  RuleMemberValidatorTest$TestWithClassRuleIsImplementationOfMethodRule$1.class 0
                    │               │   └──  TestWatcherTest$1.class 0
                    │               ├──  samples 1
                    │               │   └──  SimpleTest.class 0
                    │               ├──  tests 5
                    │               │   ├──  SampleJUnit4Tests$1.class 0
                    │               │   ├──  experimental 1
                    │               │   │   └──  theories 2
                    │               │   │       ├──  extendingwithstubs 2
                    │               │   │       │   ├──  GuesserQueue$ReguessableDecorator.class 0
                    │               │   │       │   └──  StringableObject.class 0
                    │               │   │       └──  runner 2
                    │               │   │           ├──  TheoriesPerformanceTest$UpToTen.class 0
                    │               │   │           └──  FailingDataPointMethods$HasFailingSingleDataPointMethod.class 0
                    │               │   ├──  running 1
                    │               │   │   └──  methods 2
                    │               │   │       ├──  AnnotationTest$SuperStaticMethodShadowing$1.class 0
                    │               │   │       └──  AnnotationTest$SuperShadowing$1.class 0
                    │               │   ├──  validation 1
                    │               │   │   └──  anotherpackage 2
                    │               │   │       ├──  Sub.class 0
                    │               │   │       └──  Super.class 0
                    │               │   └──  junit3compatibility 2
                    │               │       ├──  InitializationErrorForwardCompatibilityTest$InitializesWithError.class 0
                    │               │       └──  InitializationErrorForwardCompatibilityTest$1.class 0
                    │               ├──  runner 3
                    │               │   ├──  RequestTest$1.class 0
                    │               │   ├──  notification 1
                    │               │   │   └──  RunNotifierTest$1.class 0
                    │               │   └──  FilterOptionIntegrationTest$1.class 0
                    │               ├──  runners 1
                    │               │   └──  CustomBlockJUnit4ClassRunnerTest$1.class 0
                    │               ├──  internal 1
                    │               │   └──  runners 1
                    │               │       └──  statements 1
                    │               │           └──  ExpectExceptionTest$1.class 0
                    │               └──  experimental 1
                    │                   └──  categories 1
                    │                       └──  CategoryFilterFactoryTest$1.class 0
                    ├──  lib 2
                    │   ├──  hamcrest-core-1.3.jar 0
                    │   └──  hamcrest-core-1.3-sources.jar 0
                    ├──  doc 40
                    │   ├──  cookstour 8
                    │   │   ├──  cookstour.htm 0
                    │   │   ├──  Image7.gif 0
                    │   │   ├──  Image6.gif 0
                    │   │   ├──  Image5.gif 0
                    │   │   ├──  Image2.gif 0
                    │   │   ├──  Image3.gif 0
                    │   │   ├──  Image4.gif 0
                    │   │   └──  Image1.gif 0
                    │   ├──  testinfected 5
                    │   │   ├──  testing.htm 0
                    │   │   ├──  IMG00002.GIF 0
                    │   │   ├──  IMG00003.GIF 0
                    │   │   ├──  logo.gif 0
                    │   │   └──  IMG00001.GIF 0
                    │   ├──  ReleaseNotes4.13.md 0
                    │   ├──  ReleaseNotes4.12.md 0
                    │   ├──  ReleaseNotes4.10.md 0
                    │   ├──  ReleaseNotes4.10.txt 0
                    │   ├──  ReleaseNotes4.11.html 0
                    │   ├──  ReleaseNotes4.11.md 0
                    │   ├──  ReleaseNotes4.11.txt 0
                    │   ├──  ReleaseNotes4.13.1.md 0
                    │   ├──  ReleaseNotes4.13.2.md 0
                    │   ├──  ReleaseNotes4.4.html 0
                    │   ├──  ReleaseNotes4.4.md 0
                    │   ├──  ReleaseNotes4.4.txt 0
                    │   ├──  ReleaseNotes4.5.html 0
                    │   ├──  ReleaseNotes4.5.md 0
                    │   ├──  markdown.sh 0
                    │   ├──  ReleaseNotes4.5.txt 0
                    │   ├──  ReleaseNotes4.6.html 0
                    │   ├──  ReleaseNotes4.6.md 0
                    │   ├──  ReleaseNotes4.6.txt 0
                    │   ├──  ReleaseNotes4.7.html 0
                    │   ├──  ReleaseNotes4.7.md 0
                    │   ├──  ReleaseNotes4.7.txt 0
                    │   ├──  ReleaseNotes4.8.1.html 0
                    │   ├──  ReleaseNotes4.8.1.md 0
                    │   ├──  ReleaseNotes4.8.1.txt 0
                    │   ├──  ReleaseNotes4.8.2.html 0
                    │   ├──  ReleaseNotes4.8.2.md 0
                    │   ├──  ReleaseNotes4.8.2.txt 0
                    │   ├──  ReleaseNotes4.8.html 0
                    │   ├──  ReleaseNotes4.8.md 0
                    │   ├──  ReleaseNotes4.8.txt 0
                    │   ├──  ReleaseNotes4.9.1.md 0
                    │   ├──  ReleaseNotes4.9.1.txt 0
                    │   ├──  ReleaseNotes4.9.html 0
                    │   ├──  ReleaseNotes4.9.md 0
                    │   ├──  ReleaseNotes4.9.txt 0
                    │   ├──  building-junit.txt 0
                    │   └──  ReleaseNotes4.10.html 0
                    ├──  src 3
                    │   ├──  site 2
                    │   │   ├──  resources 3
                    │   │   │   ├──  images 4
                    │   │   │   │   ├──  junit-lambda 4
                    │   │   │   │   │   ├──  contributors 34
                    │   │   │   │   │   │   ├──  arcbees.png 0
                    │   │   │   │   │   │   ├──  samuraism.png 0
                    │   │   │   │   │   │   ├──  gradle.png 0
                    │   │   │   │   │   │   ├──  sipgate.png 0
                    │   │   │   │   │   │   ├──  sonrisa.png 0
                    │   │   │   │   │   │   ├──  squeed.png 0
                    │   │   │   │   │   │   ├──  structure101.png 0
                    │   │   │   │   │   │   ├──  synyx.jpg 0
                    │   │   │   │   │   │   ├──  tng.png 0
                    │   │   │   │   │   │   ├──  topdesk.png 0
                    │   │   │   │   │   │   ├──  vaddy.png 0
                    │   │   │   │   │   │   ├──  zenika.png 0
                    │   │   │   │   │   │   ├──  six.gif 0
                    │   │   │   │   │   │   ├──  siili.png 0
                    │   │   │   │   │   │   ├──  red6-es.jpg 0
                    │   │   │   │   │   │   ├──  adnovum.png 0
                    │   │   │   │   │   │   ├──  autotrader.jpg 0
                    │   │   │   │   │   │   ├──  bol.jpg 0
                    │   │   │   │   │   │   ├──  bouvet.png 0
                    │   │   │   │   │   │   ├──  devnexus.png 0
                    │   │   │   │   │   │   ├──  diffplug.png 0
                    │   │   │   │   │   │   ├──  disy.jpg 0
                    │   │   │   │   │   │   ├──  eclipse.png 0
                    │   │   │   │   │   │   ├──  ergon.png 0
                    │   │   │   │   │   │   ├──  intellijidea.png 0
                    │   │   │   │   │   │   ├──  klarna.png 0
                    │   │   │   │   │   │   ├──  klosebrothers.png 0
                    │   │   │   │   │   │   ├──  msgsystems.png 0
                    │   │   │   │   │   │   ├──  murex.jpg 0
                    │   │   │   │   │   │   ├──  netcetera.png 0
                    │   │   │   │   │   │   ├──  novatec.png 0
                    │   │   │   │   │   │   ├──  ociweb.png 0
                    │   │   │   │   │   │   ├──  oio.png 0
                    │   │   │   │   │   │   └──  42talents.png 0
                    │   │   │   │   │   ├──  sponsors 5
                    │   │   │   │   │   │   ├──  namics.png 0
                    │   │   │   │   │   │   ├──  amex.png 0
                    │   │   │   │   │   │   ├──  andrena.png 0
                    │   │   │   │   │   │   ├──  heidelberg-mobil.png 0
                    │   │   │   │   │   │   └──  pivotal.png 0
                    │   │   │   │   │   ├──  junit-lambda-logo.png 0
                    │   │   │   │   │   └──  background.png 0
                    │   │   │   │   ├──  junit5-banner.png 0
                    │   │   │   │   ├──  junit-logo.png 0
                    │   │   │   │   └──  junit-logo.svg 0
                    │   │   │   ├──  scripts 2
                    │   │   │   │   ├──  index.js 0
                    │   │   │   │   └──  hopscotch-0.1.2.min.js 0
                    │   │   │   └──  css 4
                    │   │   │       ├──  hopscotch-0.1.2.min.css 0
                    │   │   │       ├──  junit-lambda.css 0
                    │   │   │       ├──  plain-links.css 0
                    │   │   │       └──  carousel.css 0
                    │   │   └──  markdown 1
                    │   │       └──  cookbook.md 0
                    │   ├──  test 1
                    │   │   └──  resources 2
                    │   │       ├──  org 1
                    │   │       │   └──  junit 3
                    │   │       │       ├──  internal 2
                    │   │       │       │   ├──  arrayComparisonFailure_412 0
                    │   │       │       │   └──  arrayComparisonFailure_411 0
                    │   │       │       ├──  assumptionViolatedExceptionWithoutValueAndMatcherCanBeReserialized_v4_13 0
                    │   │       │       └──  assumptionViolatedExceptionWithValueAndMatcherCanBeReserialized_v4_13 0
                    │   │       └──  junit 1
                    │   │           └──  tests 1
                    │   │               └──  runner 5
                    │   │                   ├──  testRunSuccessResultCanBeReserialised_v4_13 0
                    │   │                   ├──  testRunSuccessResultCanBeReserialised_v4_12 0
                    │   │                   ├──  testRunFailureResultCanBeReserialised_v4_12 0
                    │   │                   ├──  testRunAssumptionFailedResultCanBeReserialised_v4_12 0
                    │   │                   └──  testRunAssumptionFailedResultCanBeReserialised_v4_13 0
                    │   └──  main 1
                    │       └──  resources 1
                    │           └──  junit 1
                    │               └──  runner 2
                    │                   ├──  logo.gif 0
                    │                   └──  smalllogo.gif 0
                    ├──  to-do.txt 0
                    ├──  NOTICE.txt 0
                    ├──  .gitignore 0
                    ├──  .project 0
                    ├──  .settings 2
                    │   ├──  org.eclipse.jdt.ui.prefs 0
                    │   └──  org.eclipse.jdt.core.prefs 0
                    ├──  BUILDING 0
                    ├──  CODING_STYLE.txt 0
                    ├──  CONTRIBUTING.md 0
                    ├──  KEYS 0
                    ├──  LEGACY_CODING_STYLE.txt 0
                    ├──  LICENSE-junit.txt 0
                    ├──  README.md 0
                    ├──  SECURITY.md 0
                    ├──  acknowledgements.txt 0
                    ├──  .gitattributes 0
                    ├──  .classpath 0
                    ├──  epl-v10.html 0
                    ├──  mvnw.cmd 0
                    ├──  starting_buildandverify_uses21_21 0
                    ├──  .github 1
                    │   └──  workflows 1
                    │       └──  main.yml 0
                    ├──  starting_buildandverify_DownloadMavenDownloadwithdefaultJDKbecauseOpenJDK6doesnotsupportTLS12_22 0
                    ├──  starting_buildandverify_SetupJDK6_24 0
                    ├──  starting_buildandverify_SetupJDK_29 0
                    ├──  starting_buildandverify_Buildandverify_36 0
                    └──  starting_finished_finished_8979874 0
