,file_name
1,/home/runner/work/junit4/junit4/doc/ReleaseNotes4.12.md
2,/home/runner/work/junit4/junit4/src/site/resources/images/junit-lambda/sponsors/namics.png
3,/home/runner/work/junit4/junit4/lib/hamcrest-core-1.3.jar
4,/home/runner/work/junit4/junit4/src/site/resources/images/junit5-banner.png
5,/home/runner/work/junit4/junit4/doc/ReleaseNotes4.13.md
6,/home/runner/work/junit4/junit4/pom.xml
7,/home/runner/work/junit4/junit4/src/test/java/org/junit/tests/running/classes/ParameterizedTestTest.java
8,/home/runner/work/junit4/junit4/src/main/java/org/junit/runners/ParentRunner.java
9,/home/runner/work/junit4/junit4/src/site/resources/images/junit-lambda/sponsors/andrena.png
11,/home/runner/work/junit4/junit4/src/site/resources/images/junit-lambda/junit-lambda-logo.png
12,/home/runner/work/junit4/junit4/src/test/java/org/junit/tests/running/methods/AnnotationTest.java
14,/home/runner/work/junit4/junit4/src/test/java/org/junit/tests/assertion/AssertionTest.java
16,/home/runner/work/junit4/junit4/src/main/java/org/junit/runners/BlockJUnit4ClassRunner.java
17,/home/runner/work/junit4/junit4/doc/testinfected/testing.htm
18,/home/runner/work/junit4/junit4/src/site/resources/images/junit-lambda/contributors/gradle.png
19,/home/runner/work/junit4/junit4/src/site/resources/images/junit-lambda/contributors/arcbees.png
20,/home/runner/work/junit4/junit4/src/test/java/org/junit/rules/TestRuleTest.java
21,/home/runner/work/junit4/junit4/src/test/java/org/junit/experimental/categories/CategoryFilterFactoryTest.java
22,/home/runner/work/junit4/junit4/src/test/java/junit/tests/runner/package-info.java
24,/home/runner/work/junit4/junit4/src/test/java/org/junit/experimental/categories/AllCategoriesTests.java
25,/home/runner/work/junit4/junit4/src/test/java/org/junit/experimental/categories/CategoriesAndParameterizedTest.java
26,/home/runner/work/junit4/junit4/src/test/java/org/junit/experimental/categories/CategoryTest.java
27,/home/runner/work/junit4/junit4/src/test/java/junit/tests/runner/TextRunnerSingleMethodTest.java
28,/home/runner/work/junit4/junit4/src/test/java/org/junit/experimental/categories/CategoryValidatorTest.java
29,/home/runner/work/junit4/junit4/src/test/java/org/junit/experimental/categories/JavadocTest.java
30,/home/runner/work/junit4/junit4/src/test/java/org/junit/experimental/categories/MultiCategoryTest.java
31,/home/runner/work/junit4/junit4/src/test/java/org/junit/internal/ArrayComparisonFailureTest.java
32,/home/runner/work/junit4/junit4/src/test/java/org/junit/internal/ChecksTest.java
33,/home/runner/work/junit4/junit4/src/test/java/org/junit/internal/MethodSorterTest.java
34,/home/runner/work/junit4/junit4/src/test/java/org/junit/internal/StackTracesTest.java
35,/home/runner/work/junit4/junit4/src/test/java/junit/tests/runner/TextRunnerTest.java
36,/home/runner/work/junit4/junit4/src/test/java/junit/tests/runner/StackFilterTest.java
37,/home/runner/work/junit4/junit4/src/test/java/junit/tests/runner/TextFeedbackTest.java
38,/home/runner/work/junit4/junit4/src/test/java/junit/tests/framework/TestCaseTest.java
39,/home/runner/work/junit4/junit4/src/test/java/junit/tests/framework/OneTestCase.java
40,/home/runner/work/junit4/junit4/src/test/java/org/junit/runner/RunnerSpy.java
41,/home/runner/work/junit4/junit4/src/test/java/junit/tests/framework/OverrideTestCase.java
42,/home/runner/work/junit4/junit4/src/test/java/junit/tests/framework/Success.java
43,/home/runner/work/junit4/junit4/src/test/java/org/junit/runner/RequestTest.java
44,/home/runner/work/junit4/junit4/src/test/java/junit/tests/framework/SuiteTest.java
45,/home/runner/work/junit4/junit4/src/test/java/junit/tests/framework/TestImplementorTest.java
47,/home/runner/work/junit4/junit4/src/test/java/junit/tests/framework/TestListenerTest.java
48,/home/runner/work/junit4/junit4/src/test/java/junit/tests/framework/ThreeTestCases.java
49,/home/runner/work/junit4/junit4/src/test/java/junit/tests/framework/package-info.java
50,/home/runner/work/junit4/junit4/src/test/java/junit/tests/package-info.java
51,/home/runner/work/junit4/junit4/src/test/java/junit/tests/runner/BaseTestRunnerTest.java
52,/home/runner/work/junit4/junit4/src/test/java/junit/tests/runner/ResultTest.java
55,/home/runner/work/junit4/junit4/src/test/java/org/junit/internal/matchers/ThrowableCauseMatcherTest.java
56,/home/runner/work/junit4/junit4/src/test/java/org/junit/rules/LoggingTestWatcher.java
57,/home/runner/work/junit4/junit4/src/test/java/org/junit/rules/ExternalResourceRuleTest.java
58,/home/runner/work/junit4/junit4/src/test/java/org/junit/rules/LoggingMethodRule.java
59,/home/runner/work/junit4/junit4/src/test/java/org/junit/rules/TestWatchmanTest.java
60,/home/runner/work/junit4/junit4/src/test/java/org/junit/rules/LoggingStatement.java
61,/home/runner/work/junit4/junit4/src/test/java/org/junit/rules/LoggingTestRule.java
62,/home/runner/work/junit4/junit4/src/test/java/org/junit/rules/TestWatcherTest.java
63,/home/runner/work/junit4/junit4/src/test/java/org/junit/rules/MethodRulesTest.java
64,/home/runner/work/junit4/junit4/src/test/java/org/junit/rules/EventCollector.java
65,/home/runner/work/junit4/junit4/src/test/java/org/junit/rules/NameRulesTest.java
66,/home/runner/work/junit4/junit4/src/test/java/org/junit/rules/RuleChainTest.java
67,/home/runner/work/junit4/junit4/src/test/java/org/junit/rules/RuleMemberValidatorTest.java
68,/home/runner/work/junit4/junit4/src/test/java/org/junit/rules/StopwatchTest.java
69,/home/runner/work/junit4/junit4/src/test/java/org/junit/rules/TempFolderRuleTest.java
70,/home/runner/work/junit4/junit4/src/test/java/org/junit/rules/TemporaryFolderRuleAssuredDeletionTest.java
71,/home/runner/work/junit4/junit4/src/test/java/org/junit/rules/ExpectedExceptionTest.java
72,/home/runner/work/junit4/junit4/src/test/java/org/junit/rules/ErrorCollectorTest.java
73,/home/runner/work/junit4/junit4/src/test/java/org/junit/rules/TemporaryFolderUsageTest.java
74,/home/runner/work/junit4/junit4/src/test/java/org/junit/rules/BlockJUnit4ClassRunnerOverrideTest.java
76,/home/runner/work/junit4/junit4/src/test/java/org/junit/internal/runners/statements/FailOnTimeoutTest.java
77,/home/runner/work/junit4/junit4/src/test/java/org/junit/runner/OrderWithValidatorTest.java
78,/home/runner/work/junit4/junit4/src/test/java/org/junit/runner/JUnitCoreTest.java
80,/home/runner/work/junit4/junit4/src/test/java/org/junit/runner/JUnitCommandLineParseResultTest.java
81,/home/runner/work/junit4/junit4/src/test/java/org/junit/runner/FilterOptionIntegrationTest.java
82,/home/runner/work/junit4/junit4/src/test/java/org/junit/rules/TimeoutRuleTest.java
83,/home/runner/work/junit4/junit4/src/test/java/org/junit/runner/FilterFactoriesTest.java
84,/home/runner/work/junit4/junit4/src/test/java/org/junit/rules/ClassRulesTest.java
85,/home/runner/work/junit4/junit4/src/test/java/junit/tests/framework/NotVoidTestCase.java
86,/home/runner/work/junit4/junit4/src/test/java/org/junit/rules/DisableOnDebugTest.java
88,/home/runner/work/junit4/junit4/src/test/java/org/junit/rules/VerifierRuleTest.java
89,/home/runner/work/junit4/junit4/src/test/java/junit/tests/framework/ComparisonCompactorTest.java
90,/home/runner/work/junit4/junit4/src/test/java/junit/tests/framework/NotPublicTestCase.java
91,/home/runner/work/junit4/junit4/src/site/resources/images/junit-lambda/contributors/red6-es.jpg
92,/home/runner/work/junit4/junit4/src/site/resources/images/junit-lambda/contributors/siili.png
93,/home/runner/work/junit4/junit4/src/site/resources/images/junit-lambda/contributors/sipgate.png
94,/home/runner/work/junit4/junit4/src/site/resources/images/junit-lambda/contributors/six.gif
95,/home/runner/work/junit4/junit4/src/site/resources/images/junit-lambda/contributors/sonrisa.png
96,/home/runner/work/junit4/junit4/src/site/resources/images/junit-lambda/contributors/squeed.png
97,/home/runner/work/junit4/junit4/src/site/resources/images/junit-lambda/contributors/structure101.png
98,/home/runner/work/junit4/junit4/src/site/resources/images/junit-lambda/contributors/synyx.jpg
99,/home/runner/work/junit4/junit4/src/site/resources/images/junit-lambda/contributors/tng.png
100,/home/runner/work/junit4/junit4/src/site/resources/images/junit-lambda/contributors/topdesk.png
101,/home/runner/work/junit4/junit4/src/site/resources/images/junit-lambda/contributors/vaddy.png
102,/home/runner/work/junit4/junit4/src/site/resources/images/junit-lambda/contributors/zenika.png
103,/home/runner/work/junit4/junit4/src/site/resources/images/junit-lambda/sponsors/heidelberg-mobil.png
104,/home/runner/work/junit4/junit4/src/site/resources/images/junit-lambda/sponsors/pivotal.png
105,/home/runner/work/junit4/junit4/src/site/resources/images/junit-logo.png
106,/home/runner/work/junit4/junit4/src/site/resources/images/junit-logo.svg
107,/home/runner/work/junit4/junit4/src/site/resources/images/junit-lambda/contributors/samuraism.png
108,/home/runner/work/junit4/junit4/src/site/resources/images/junit-lambda/contributors/oio.png
109,/home/runner/work/junit4/junit4/src/test/java/junit/tests/framework/NoTestCases.java
110,/home/runner/work/junit4/junit4/src/site/resources/images/junit-lambda/contributors/ociweb.png
111,/home/runner/work/junit4/junit4/src/site/resources/images/junit-lambda/contributors/autotrader.jpg
112,/home/runner/work/junit4/junit4/src/site/resources/images/junit-lambda/contributors/bol.jpg
113,/home/runner/work/junit4/junit4/src/site/resources/images/junit-lambda/contributors/bouvet.png
114,/home/runner/work/junit4/junit4/src/site/resources/images/junit-lambda/contributors/devnexus.png
115,/home/runner/work/junit4/junit4/src/site/resources/images/junit-lambda/contributors/diffplug.png
116,/home/runner/work/junit4/junit4/src/site/resources/images/junit-lambda/contributors/disy.jpg
117,/home/runner/work/junit4/junit4/src/site/resources/images/junit-lambda/contributors/eclipse.png
118,/home/runner/work/junit4/junit4/src/site/resources/images/junit-lambda/contributors/ergon.png
119,/home/runner/work/junit4/junit4/src/site/resources/images/junit-lambda/contributors/intellijidea.png
120,/home/runner/work/junit4/junit4/src/site/resources/images/junit-lambda/contributors/klarna.png
121,/home/runner/work/junit4/junit4/src/site/resources/images/junit-lambda/contributors/klosebrothers.png
122,/home/runner/work/junit4/junit4/src/site/resources/images/junit-lambda/contributors/msgsystems.png
123,/home/runner/work/junit4/junit4/src/site/resources/images/junit-lambda/contributors/murex.jpg
124,/home/runner/work/junit4/junit4/src/site/resources/images/junit-lambda/contributors/netcetera.png
125,/home/runner/work/junit4/junit4/src/site/resources/images/junit-lambda/contributors/novatec.png
126,/home/runner/work/junit4/junit4/src/site/resources/scripts/hopscotch-0.1.2.min.js
127,/home/runner/work/junit4/junit4/src/site/resources/scripts/index.js
128,/home/runner/work/junit4/junit4/src/site/site.xml
130,/home/runner/work/junit4/junit4/src/test/java/junit/tests/extensions/AllTests.java
131,/home/runner/work/junit4/junit4/src/test/java/junit/tests/extensions/ExtensionTest.java
132,/home/runner/work/junit4/junit4/src/test/java/junit/tests/extensions/RepeatedTestTest.java
133,/home/runner/work/junit4/junit4/src/test/java/junit/tests/extensions/package-info.java
135,/home/runner/work/junit4/junit4/src/test/java/junit/tests/framework/AssertTest.java
136,/home/runner/work/junit4/junit4/src/test/java/junit/tests/framework/AssertionFailedErrorTest.java
137,/home/runner/work/junit4/junit4/src/test/java/org/junit/runner/notification/ConcurrentRunNotifierTest.java
138,/home/runner/work/junit4/junit4/src/test/java/junit/tests/framework/ComparisonFailureTest.java
139,/home/runner/work/junit4/junit4/src/test/java/junit/tests/framework/DoublePrecisionAssertTest.java
140,/home/runner/work/junit4/junit4/src/test/java/junit/tests/framework/Failure.java
141,/home/runner/work/junit4/junit4/src/test/java/junit/tests/framework/FloatAssertTest.java
142,/home/runner/work/junit4/junit4/src/test/java/junit/tests/framework/InheritedTestCase.java
143,/home/runner/work/junit4/junit4/src/test/java/junit/tests/framework/NoArgTestCaseTest.java
144,/home/runner/work/junit4/junit4/src/test/java/junit/tests/framework/NoTestCaseClass.java
146,/home/runner/work/junit4/junit4/src/test/java/junit/tests/WasRun.java
147,/home/runner/work/junit4/junit4/src/test/java/junit/tests/SampleJUnit3Tests.java
148,/home/runner/work/junit4/junit4/src/test/java/junit/samples/ListTest.java
150,/home/runner/work/junit4/junit4/src/site/xhtml/junit-lambda-contributors.xhtml
151,/home/runner/work/junit4/junit4/src/site/xhtml/junit-lambda-spending.xhtml
152,/home/runner/work/junit4/junit4/src/site/xhtml/junit-lambda.xhtml
153,/home/runner/work/junit4/junit4/src/site/xhtml/junit5.xhtml
154,/home/runner/work/junit4/junit4/src/test/java/junit/samples/AllTests.java
155,/home/runner/work/junit4/junit4/src/test/java/junit/samples/SimpleTest.java
158,/home/runner/work/junit4/junit4/src/test/java/junit/samples/money/Money.java
159,/home/runner/work/junit4/junit4/src/test/java/junit/samples/money/MoneyBag.java
160,/home/runner/work/junit4/junit4/src/test/java/junit/samples/money/MoneyTest.java
161,/home/runner/work/junit4/junit4/src/test/java/junit/samples/money/package-info.java
162,/home/runner/work/junit4/junit4/src/test/java/junit/samples/package-info.java
164,/home/runner/work/junit4/junit4/src/test/java/org/junit/runners/model/FrameworkMethodTest.java
165,/home/runner/work/junit4/junit4/src/test/java/org/junit/runner/notification/RunNotifierTest.java
166,/home/runner/work/junit4/junit4/src/test/java/org/junit/tests/manipulation/SortableTest.java
167,/home/runner/work/junit4/junit4/src/test/java/org/junit/tests/manipulation/FilterTest.java
168,/home/runner/work/junit4/junit4/src/test/java/org/junit/tests/manipulation/FilterableTest.java
169,/home/runner/work/junit4/junit4/src/test/java/org/junit/tests/manipulation/OrderWithTest.java
170,/home/runner/work/junit4/junit4/src/test/java/org/junit/tests/manipulation/OrderableTest.java
171,/home/runner/work/junit4/junit4/src/test/java/org/junit/tests/manipulation/ReverseAlphanumericOrdering.java
172,/home/runner/work/junit4/junit4/src/test/java/org/junit/tests/manipulation/ReverseAlphanumericSorter.java
173,/home/runner/work/junit4/junit4/src/test/java/org/junit/tests/manipulation/SingleMethodTest.java
174,/home/runner/work/junit4/junit4/src/test/java/org/junit/tests/package-info.java
175,/home/runner/work/junit4/junit4/src/test/java/org/junit/tests/running/classes/SuiteTest.java
177,/home/runner/work/junit4/junit4/src/test/java/org/junit/tests/running/classes/BlockJUnit4ClassRunnerTest.java
178,/home/runner/work/junit4/junit4/src/test/java/org/junit/tests/running/classes/ClassLevelMethodsWithIgnoredTestsTest.java
179,/home/runner/work/junit4/junit4/src/test/java/org/junit/tests/running/classes/EnclosedTest.java
180,/home/runner/work/junit4/junit4/src/test/java/org/junit/tests/running/classes/IgnoreClassTest.java
181,/home/runner/work/junit4/junit4/src/test/java/org/junit/tests/running/classes/ParentRunnerFilteringTest.java
182,/home/runner/work/junit4/junit4/src/test/java/org/junit/tests/running/classes/ParentRunnerTest.java
183,/home/runner/work/junit4/junit4/src/test/java/org/junit/tests/manipulation/Comparators.java
184,/home/runner/work/junit4/junit4/src/test/java/org/junit/tests/manipulation/ComparatorBasedOrdering.java
185,/home/runner/work/junit4/junit4/src/test/java/org/junit/tests/manipulation/AlphanumericOrdering.java
187,/home/runner/work/junit4/junit4/src/test/java/org/junit/tests/junit3compatibility/ClassRequestTest.java
188,/home/runner/work/junit4/junit4/src/test/java/org/junit/tests/junit3compatibility/ForwardCompatibilityPrintingTest.java
189,/home/runner/work/junit4/junit4/src/test/java/org/junit/tests/junit3compatibility/ForwardCompatibilityTest.java
190,/home/runner/work/junit4/junit4/src/test/java/org/junit/tests/junit3compatibility/InitializationErrorForwardCompatibilityTest.java
191,/home/runner/work/junit4/junit4/src/test/java/org/junit/tests/junit3compatibility/JUnit38ClassRunnerTest.java
192,/home/runner/work/junit4/junit4/src/test/java/org/junit/tests/junit3compatibility/JUnit4TestAdapterTest.java
193,/home/runner/work/junit4/junit4/src/test/java/org/junit/tests/junit3compatibility/OldTestClassAdaptingListenerTest.java
194,/home/runner/work/junit4/junit4/src/test/java/org/junit/tests/junit3compatibility/OldTests.java
195,/home/runner/work/junit4/junit4/src/test/java/org/junit/tests/junit3compatibility/SuiteMethodTest.java
197,/home/runner/work/junit4/junit4/src/test/java/org/junit/tests/listening/ListenerTest.java
198,/home/runner/work/junit4/junit4/src/test/java/org/junit/tests/listening/RunnerTest.java
199,/home/runner/work/junit4/junit4/src/test/java/org/junit/tests/listening/TestListenerTest.java
200,/home/runner/work/junit4/junit4/src/test/java/org/junit/tests/listening/TextListenerTest.java
201,/home/runner/work/junit4/junit4/src/test/java/org/junit/tests/listening/UserStopTest.java
202,/home/runner/work/junit4/junit4/src/test/java/org/junit/tests/running/classes/RunWithTest.java
203,/home/runner/work/junit4/junit4/src/test/java/org/junit/tests/running/classes/ThreadsTest.java
204,/home/runner/work/junit4/junit4/src/test/java/org/junit/runner/notification/SynchronizedRunListenerTest.java
205,/home/runner/work/junit4/junit4/src/test/resources/junit/tests/runner/testRunSuccessResultCanBeReserialised_v4_13
206,/home/runner/work/junit4/junit4/src/test/java/org/junit/validator/AnnotationValidatorFactoryTest.java
207,/home/runner/work/junit4/junit4/src/test/java/org/junit/validator/AnnotationsValidatorTest.java
208,/home/runner/work/junit4/junit4/src/test/java/org/junit/validator/PublicClassValidatorTest.java
209,/home/runner/work/junit4/junit4/src/test/resources/junit/tests/runner/testRunAssumptionFailedResultCanBeReserialised_v4_12
210,/home/runner/work/junit4/junit4/src/test/resources/junit/tests/runner/testRunAssumptionFailedResultCanBeReserialised_v4_13
211,/home/runner/work/junit4/junit4/src/test/resources/junit/tests/runner/testRunFailureResultCanBeReserialised_v4_12
212,/home/runner/work/junit4/junit4/src/test/resources/junit/tests/runner/testRunSuccessResultCanBeReserialised_v4_12
214,/home/runner/work/junit4/junit4/src/test/java/org/junit/tests/running/classes/UseSuiteAsASuperclassTest.java
215,/home/runner/work/junit4/junit4/src/test/resources/org/junit/assumptionViolatedExceptionWithoutValueAndMatcherCanBeReserialized_v4_13
217,/home/runner/work/junit4/junit4/src/test/resources/org/junit/internal/arrayComparisonFailure_412
218,/home/runner/work/junit4/junit4/to-do.txt
220,/home/runner/work/junit4/junit4/src/test/java/org/junit/tests/validation/anotherpackage/Super.java
222,/home/runner/work/junit4/junit4/src/test/java/org/junit/tests/validation/ValidationTest.java
224,/home/runner/work/junit4/junit4/src/test/java/org/junit/tests/running/classes/parent/TestWithClassRule.java
226,/home/runner/work/junit4/junit4/src/test/java/org/junit/tests/running/core/CommandLineTest.java
227,/home/runner/work/junit4/junit4/src/test/java/org/junit/tests/running/core/JUnitCoreReturnsCorrectExitCodeTest.java
228,/home/runner/work/junit4/junit4/src/test/java/org/junit/tests/running/core/MainRunner.java
229,/home/runner/work/junit4/junit4/src/test/java/org/junit/tests/running/core/SystemExitTest.java
230,/home/runner/work/junit4/junit4/src/test/java/org/junit/tests/running/methods/ExpectedTest.java
231,/home/runner/work/junit4/junit4/src/test/java/org/junit/tests/running/methods/InheritedTestTest.java
232,/home/runner/work/junit4/junit4/src/test/java/org/junit/tests/running/methods/ParameterizedTestMethodTest.java
233,/home/runner/work/junit4/junit4/src/test/java/org/junit/tests/running/methods/TestMethodTest.java
234,/home/runner/work/junit4/junit4/src/test/java/org/junit/tests/running/methods/TimeoutTest.java
236,/home/runner/work/junit4/junit4/src/test/java/org/junit/tests/validation/BadlyFormedClassesTest.java
237,/home/runner/work/junit4/junit4/src/test/java/org/junit/tests/validation/FailedConstructionTest.java
238,/home/runner/work/junit4/junit4/src/test/java/org/junit/tests/junit3compatibility/AllTestsTest.java
240,/home/runner/work/junit4/junit4/src/test/java/org/junit/tests/experimental/theories/runner/WithUnresolvedGenericTypeVariablesOnTheoryParms.java
241,/home/runner/work/junit4/junit4/src/test/java/org/junit/tests/deprecated/JUnit4ClassRunnerTest.java
242,/home/runner/work/junit4/junit4/src/test/java/org/junit/tests/ObjectContractTest.java
243,/home/runner/work/junit4/junit4/src/test/java/org/junit/tests/SampleJUnit4Tests.java
244,/home/runner/work/junit4/junit4/src/test/java/org/junit/tests/TestSystem.java
246,/home/runner/work/junit4/junit4/src/test/java/org/junit/tests/assertion/ComparisonFailureTest.java
247,/home/runner/work/junit4/junit4/src/test/java/org/junit/tests/assertion/MultipleFailureExceptionTest.java
250,/home/runner/work/junit4/junit4/src/test/java/org/junit/tests/experimental/theories/runner/WithParameterSupplier.java
251,/home/runner/work/junit4/junit4/src/test/java/org/junit/tests/description/AnnotatedDescriptionTest.java
252,/home/runner/work/junit4/junit4/src/test/java/org/junit/tests/description/SuiteDescriptionTest.java
253,/home/runner/work/junit4/junit4/src/test/java/org/junit/tests/description/TestDescriptionMethodNameTest.java
254,/home/runner/work/junit4/junit4/src/test/java/org/junit/tests/description/TestDescriptionTest.java
256,/home/runner/work/junit4/junit4/src/test/java/org/junit/tests/experimental/AssumptionTest.java
257,/home/runner/work/junit4/junit4/src/test/java/org/junit/tests/experimental/MatcherTest.java
259,/home/runner/work/junit4/junit4/src/test/java/org/junit/samples/package-info.java
260,/home/runner/work/junit4/junit4/src/test/java/org/junit/samples/money/package-info.java
263,/home/runner/work/junit4/junit4/src/test/java/org/junit/runners/CustomBlockJUnit4ClassRunnerTest.java
264,/home/runner/work/junit4/junit4/src/test/java/org/junit/runners/RuleContainerTest.java
266,/home/runner/work/junit4/junit4/src/test/java/org/junit/runners/model/FrameworkFieldTest.java
268,/home/runner/work/junit4/junit4/src/test/java/org/junit/runners/model/InvalidTestClassErrorTest.java
269,/home/runner/work/junit4/junit4/src/test/java/org/junit/runners/model/RunnerBuilderStub.java
270,/home/runner/work/junit4/junit4/src/test/java/org/junit/runners/model/TestClassTest.java
272,/home/runner/work/junit4/junit4/src/test/java/org/junit/runners/parameterized/BlockJUnit4ClassRunnerWithParametersTest.java
273,/home/runner/work/junit4/junit4/src/test/java/org/junit/runners/parameterized/ParameterizedNamesTest.java
274,/home/runner/work/junit4/junit4/src/test/java/org/junit/runners/parameterized/TestWithParametersTest.java
275,/home/runner/work/junit4/junit4/src/test/java/org/junit/samples/ListTest.java
276,/home/runner/work/junit4/junit4/src/test/java/org/junit/samples/SimpleTest.java
278,/home/runner/work/junit4/junit4/src/test/java/org/junit/tests/experimental/max/DescriptionTest.java
279,/home/runner/work/junit4/junit4/src/test/java/org/junit/tests/experimental/max/JUnit38SortingTest.java
280,/home/runner/work/junit4/junit4/src/test/java/org/junit/tests/experimental/theories/extendingwithstubs/StubbedTheoriesTest.java
281,/home/runner/work/junit4/junit4/src/test/java/org/junit/tests/experimental/theories/internal/AllTheoriesInternalTests.java
282,/home/runner/work/junit4/junit4/src/test/java/org/junit/tests/experimental/theories/internal/ParameterizedAssertionErrorTest.java
283,/home/runner/work/junit4/junit4/src/test/java/org/junit/tests/experimental/theories/internal/SpecificDataPointsSupplierTest.java
285,/home/runner/work/junit4/junit4/src/test/java/org/junit/tests/experimental/theories/runner/FailingDataPointMethods.java
286,/home/runner/work/junit4/junit4/src/test/java/org/junit/tests/experimental/theories/runner/SuccessfulWithDataPointFields.java
287,/home/runner/work/junit4/junit4/src/test/java/org/junit/tests/experimental/theories/runner/TheoriesPerformanceTest.java
288,/home/runner/work/junit4/junit4/src/test/java/org/junit/tests/experimental/theories/runner/TypeMatchingBetweenMultiDataPointsMethod.java
289,/home/runner/work/junit4/junit4/src/test/java/org/junit/tests/experimental/theories/runner/UnsuccessfulWithDataPointFields.java
290,/home/runner/work/junit4/junit4/src/test/java/org/junit/tests/experimental/theories/runner/WhenNoParametersMatch.java
291,/home/runner/work/junit4/junit4/src/test/java/org/junit/tests/experimental/theories/runner/WithAutoGeneratedDataPoints.java
292,/home/runner/work/junit4/junit4/src/test/java/org/junit/tests/experimental/theories/runner/WithDataPointMethod.java
293,/home/runner/work/junit4/junit4/src/test/java/org/junit/tests/experimental/theories/runner/WithExtendedParameterSources.java
294,/home/runner/work/junit4/junit4/src/test/java/org/junit/tests/experimental/theories/runner/WithNamedDataPoints.java
295,/home/runner/work/junit4/junit4/src/test/java/org/junit/tests/experimental/theories/runner/WithOnlyTestAnnotations.java
297,/home/runner/work/junit4/junit4/src/test/java/org/junit/tests/experimental/theories/extendingwithstubs/StubbedTheories.java
298,/home/runner/work/junit4/junit4/src/test/java/org/junit/tests/experimental/max/MaxStarterTest.java
299,/home/runner/work/junit4/junit4/src/test/java/org/junit/tests/experimental/theories/extendingwithstubs/Stub.java
301,/home/runner/work/junit4/junit4/src/test/java/org/junit/tests/experimental/parallel/ParallelClassTest.java
302,/home/runner/work/junit4/junit4/src/test/java/org/junit/tests/experimental/parallel/ParallelMethodTest.java
303,/home/runner/work/junit4/junit4/src/test/java/org/junit/tests/experimental/results/PrintableResultTest.java
304,/home/runner/work/junit4/junit4/src/test/java/org/junit/tests/experimental/results/ResultMatchersTest.java
305,/home/runner/work/junit4/junit4/src/test/java/org/junit/tests/experimental/theories/AssumingInTheoriesTest.java
306,/home/runner/work/junit4/junit4/src/test/java/org/junit/tests/experimental/theories/ParameterSignatureTest.java
307,/home/runner/work/junit4/junit4/src/test/java/org/junit/tests/experimental/theories/PotentialAssignmentTest.java
308,/home/runner/work/junit4/junit4/src/test/java/org/junit/tests/experimental/theories/TestedOnSupplierTest.java
309,/home/runner/work/junit4/junit4/src/test/java/org/junit/tests/experimental/theories/TheoryTestUtils.java
310,/home/runner/work/junit4/junit4/src/test/java/org/junit/tests/experimental/theories/extendingwithstubs/Guesser.java
311,/home/runner/work/junit4/junit4/src/test/java/org/junit/tests/experimental/theories/extendingwithstubs/GuesserQueue.java
312,/home/runner/work/junit4/junit4/src/test/java/org/junit/tests/experimental/theories/extendingwithstubs/MethodCall.java
313,/home/runner/work/junit4/junit4/src/test/java/org/junit/tests/experimental/theories/extendingwithstubs/ReguessableValue.java
314,/home/runner/work/junit4/junit4/src/test/java/org/junit/tests/experimental/theories/extendingwithstubs/StringableObject.java
315,/home/runner/work/junit4/junit4/src/site/resources/images/junit-lambda/contributors/adnovum.png
316,/home/runner/work/junit4/junit4/src/main/resources/junit/runner/smalllogo.gif
317,/home/runner/work/junit4/junit4/src/site/resources/images/junit-lambda/background.png
318,/home/runner/work/junit4/junit4/src/main/java/junit/framework/TestCase.java
319,/home/runner/work/junit4/junit4/src/main/java/junit/framework/ComparisonCompactor.java
320,/home/runner/work/junit4/junit4/src/main/java/junit/framework/ComparisonFailure.java
321,/home/runner/work/junit4/junit4/src/main/java/junit/framework/JUnit4TestAdapter.java
322,/home/runner/work/junit4/junit4/src/main/java/junit/framework/JUnit4TestAdapterCache.java
323,/home/runner/work/junit4/junit4/src/main/java/junit/framework/JUnit4TestCaseFacade.java
324,/home/runner/work/junit4/junit4/src/main/java/junit/framework/Protectable.java
325,/home/runner/work/junit4/junit4/src/main/java/junit/framework/Test.java
326,/home/runner/work/junit4/junit4/src/main/java/junit/framework/TestFailure.java
328,/home/runner/work/junit4/junit4/src/main/java/junit/framework/TestListener.java
329,/home/runner/work/junit4/junit4/src/main/java/junit/framework/TestResult.java
330,/home/runner/work/junit4/junit4/src/main/java/junit/framework/TestSuite.java
331,/home/runner/work/junit4/junit4/src/main/java/junit/framework/package-info.java
332,/home/runner/work/junit4/junit4/src/main/java/junit/runner/TestRunListener.java
333,/home/runner/work/junit4/junit4/src/main/java/junit/runner/Version.java
334,/home/runner/work/junit4/junit4/src/main/java/junit/runner/Version.java.template
335,/home/runner/work/junit4/junit4/src/main/java/junit/framework/AssertionFailedError.java
337,/home/runner/work/junit4/junit4/src/main/java/junit/extensions/package-info.java
338,/home/runner/work/junit4/junit4/src/main/java/junit/extensions/TestSetup.java
339,/home/runner/work/junit4/junit4/doc/cookstour/Image5.gif
340,/home/runner/work/junit4/junit4/doc/cookstour/Image6.gif
341,/home/runner/work/junit4/junit4/doc/cookstour/Image7.gif
342,/home/runner/work/junit4/junit4/doc/cookstour/cookstour.htm
343,/home/runner/work/junit4/junit4/doc/markdown.sh
345,/home/runner/work/junit4/junit4/doc/testinfected/IMG00002.GIF
346,/home/runner/work/junit4/junit4/doc/testinfected/IMG00003.GIF
347,/home/runner/work/junit4/junit4/doc/testinfected/logo.gif
348,/home/runner/work/junit4/junit4/epl-v10.html
349,/home/runner/work/junit4/junit4/mvnw.cmd
350,/home/runner/work/junit4/junit4/src/main/java/junit/extensions/ActiveTestSuite.java
351,/home/runner/work/junit4/junit4/src/main/java/junit/extensions/RepeatedTest.java
352,/home/runner/work/junit4/junit4/src/main/java/junit/extensions/TestDecorator.java
353,/home/runner/work/junit4/junit4/src/main/java/junit/runner/package-info.java
354,/home/runner/work/junit4/junit4/src/main/java/junit/textui/TestRunner.java
355,/home/runner/work/junit4/junit4/src/main/java/org/junit/experimental/theories/internal/EnumSupplier.java
356,/home/runner/work/junit4/junit4/src/main/java/org/junit/experimental/theories/FromDataPoints.java
357,/home/runner/work/junit4/junit4/src/main/java/org/junit/experimental/max/MaxHistory.java
359,/home/runner/work/junit4/junit4/src/main/java/org/junit/experimental/results/PrintableResult.java
360,/home/runner/work/junit4/junit4/src/main/java/org/junit/experimental/results/ResultMatchers.java
363,/home/runner/work/junit4/junit4/src/main/java/org/junit/experimental/theories/DataPoints.java
364,/home/runner/work/junit4/junit4/src/main/java/org/junit/experimental/theories/ParameterSignature.java
365,/home/runner/work/junit4/junit4/src/main/java/junit/textui/package-info.java
366,/home/runner/work/junit4/junit4/src/main/java/org/junit/experimental/theories/ParameterSupplier.java
367,/home/runner/work/junit4/junit4/src/main/java/org/junit/experimental/theories/ParametersSuppliedBy.java
368,/home/runner/work/junit4/junit4/src/main/java/org/junit/experimental/theories/PotentialAssignment.java
369,/home/runner/work/junit4/junit4/src/main/java/org/junit/experimental/theories/Theories.java
370,/home/runner/work/junit4/junit4/src/main/java/org/junit/experimental/theories/Theory.java
372,/home/runner/work/junit4/junit4/src/main/java/org/junit/experimental/theories/internal/Assignments.java
373,/home/runner/work/junit4/junit4/src/main/java/org/junit/experimental/max/MaxCore.java
375,/home/runner/work/junit4/junit4/src/main/java/org/junit/experimental/categories/IncludeCategories.java
376,/home/runner/work/junit4/junit4/src/main/java/org/junit/experimental/categories/ExcludeCategories.java
378,/home/runner/work/junit4/junit4/src/main/java/org/junit/Before.java
379,/home/runner/work/junit4/junit4/src/main/java/org/junit/BeforeClass.java
380,/home/runner/work/junit4/junit4/src/main/java/org/junit/ClassRule.java
381,/home/runner/work/junit4/junit4/src/main/java/org/junit/ComparisonFailure.java
382,/home/runner/work/junit4/junit4/src/main/java/org/junit/FixMethodOrder.java
383,/home/runner/work/junit4/junit4/src/main/java/org/junit/Ignore.java
384,/home/runner/work/junit4/junit4/src/main/java/org/junit/Rule.java
385,/home/runner/work/junit4/junit4/src/main/java/org/junit/Test.java
386,/home/runner/work/junit4/junit4/src/main/java/org/junit/TestCouldNotBeSkippedException.java
387,/home/runner/work/junit4/junit4/src/main/java/org/junit/experimental/ParallelComputer.java
389,/home/runner/work/junit4/junit4/src/main/java/org/junit/experimental/categories/Category.java
390,/home/runner/work/junit4/junit4/src/main/java/org/junit/experimental/categories/CategoryFilterFactory.java
391,/home/runner/work/junit4/junit4/src/main/java/org/junit/experimental/categories/CategoryValidator.java
392,/home/runner/work/junit4/junit4/doc/cookstour/Image4.gif
393,/home/runner/work/junit4/junit4/doc/cookstour/Image3.gif
394,/home/runner/work/junit4/junit4/doc/cookstour/Image2.gif
395,/home/runner/work/junit4/junit4/.project
396,/home/runner/work/junit4/junit4/.classpath
397,/home/runner/work/junit4/junit4/.gitattributes
399,/home/runner/work/junit4/junit4/.github/workflows/settings.xml
400,/home/runner/work/junit4/junit4/.gitignore
401,/home/runner/work/junit4/junit4/.settings/org.eclipse.jdt.ui.prefs
403,/home/runner/work/junit4/junit4/BUILDING
404,/home/runner/work/junit4/junit4/CODING_STYLE.txt
405,/home/runner/work/junit4/junit4/CONTRIBUTING.md
406,/home/runner/work/junit4/junit4/KEYS
407,/home/runner/work/junit4/junit4/LEGACY_CODING_STYLE.txt
408,/home/runner/work/junit4/junit4/LICENSE-junit.txt
409,/home/runner/work/junit4/junit4/NOTICE.txt
410,/home/runner/work/junit4/junit4/README.md
411,/home/runner/work/junit4/junit4/SECURITY.md
412,/home/runner/work/junit4/junit4/acknowledgements.txt
413,/home/runner/work/junit4/junit4/doc/ReleaseNotes4.7.md
414,/home/runner/work/junit4/junit4/doc/ReleaseNotes4.8.1.html
415,/home/runner/work/junit4/junit4/doc/ReleaseNotes4.8.1.md
416,/home/runner/work/junit4/junit4/doc/ReleaseNotes4.8.1.txt
417,/home/runner/work/junit4/junit4/doc/ReleaseNotes4.8.2.html
418,/home/runner/work/junit4/junit4/doc/ReleaseNotes4.8.2.md
419,/home/runner/work/junit4/junit4/doc/ReleaseNotes4.8.2.txt
420,/home/runner/work/junit4/junit4/doc/ReleaseNotes4.8.html
421,/home/runner/work/junit4/junit4/doc/ReleaseNotes4.8.md
422,/home/runner/work/junit4/junit4/doc/ReleaseNotes4.8.txt
423,/home/runner/work/junit4/junit4/doc/ReleaseNotes4.9.1.md
424,/home/runner/work/junit4/junit4/doc/ReleaseNotes4.9.1.txt
425,/home/runner/work/junit4/junit4/doc/ReleaseNotes4.9.html
426,/home/runner/work/junit4/junit4/doc/ReleaseNotes4.9.md
427,/home/runner/work/junit4/junit4/doc/ReleaseNotes4.9.txt
428,/home/runner/work/junit4/junit4/doc/building-junit.txt
429,/home/runner/work/junit4/junit4/doc/ReleaseNotes4.7.txt
430,/home/runner/work/junit4/junit4/doc/ReleaseNotes4.7.html
432,/home/runner/work/junit4/junit4/doc/ReleaseNotes4.6.txt
433,/home/runner/work/junit4/junit4/doc/ReleaseNotes4.10.md
434,/home/runner/work/junit4/junit4/doc/ReleaseNotes4.10.txt
435,/home/runner/work/junit4/junit4/doc/ReleaseNotes4.11.html
436,/home/runner/work/junit4/junit4/doc/ReleaseNotes4.11.md
437,/home/runner/work/junit4/junit4/doc/ReleaseNotes4.11.txt
438,/home/runner/work/junit4/junit4/doc/ReleaseNotes4.13.1.md
439,/home/runner/work/junit4/junit4/doc/ReleaseNotes4.13.2.md
440,/home/runner/work/junit4/junit4/doc/ReleaseNotes4.4.html
441,/home/runner/work/junit4/junit4/doc/ReleaseNotes4.4.md
442,/home/runner/work/junit4/junit4/doc/ReleaseNotes4.4.txt
443,/home/runner/work/junit4/junit4/doc/ReleaseNotes4.5.html
444,/home/runner/work/junit4/junit4/doc/ReleaseNotes4.5.md
445,/home/runner/work/junit4/junit4/doc/ReleaseNotes4.5.txt
446,/home/runner/work/junit4/junit4/doc/ReleaseNotes4.6.html
447,/home/runner/work/junit4/junit4/doc/ReleaseNotes4.6.md
448,/home/runner/work/junit4/junit4/src/main/java/org/junit/experimental/theories/internal/BooleanSupplier.java
449,/home/runner/work/junit4/junit4/src/main/java/org/junit/experimental/theories/internal/ParameterizedAssertionError.java
450,/home/runner/work/junit4/junit4/src/site/resources/css/plain-links.css
451,/home/runner/work/junit4/junit4/src/main/java/org/junit/runner/manipulation/Sortable.java
452,/home/runner/work/junit4/junit4/src/main/java/org/junit/runner/manipulation/Filter.java
453,/home/runner/work/junit4/junit4/src/main/java/org/junit/runner/manipulation/Filterable.java
454,/home/runner/work/junit4/junit4/src/main/java/org/junit/runner/manipulation/InvalidOrderingException.java
455,/home/runner/work/junit4/junit4/src/main/java/org/junit/runner/manipulation/NoTestsRemainException.java
456,/home/runner/work/junit4/junit4/src/main/java/org/junit/runner/manipulation/Orderable.java
457,/home/runner/work/junit4/junit4/src/main/java/org/junit/runner/manipulation/Orderer.java
458,/home/runner/work/junit4/junit4/src/main/java/org/junit/runner/manipulation/Ordering.java
459,/home/runner/work/junit4/junit4/src/main/java/org/junit/runner/manipulation/Sorter.java
461,/home/runner/work/junit4/junit4/src/main/java/org/junit/runner/manipulation/package-info.java
463,/home/runner/work/junit4/junit4/src/main/java/org/junit/runner/notification/RunListener.java
464,/home/runner/work/junit4/junit4/src/main/java/org/junit/runner/notification/RunNotifier.java
465,/home/runner/work/junit4/junit4/src/main/java/org/junit/runner/notification/StoppedByUserException.java
466,/home/runner/work/junit4/junit4/src/main/java/org/junit/runner/notification/SynchronizedRunListener.java
467,/home/runner/work/junit4/junit4/src/main/java/org/junit/runner/notification/package-info.java
469,/home/runner/work/junit4/junit4/src/main/java/org/junit/runner/Runner.java
470,/home/runner/work/junit4/junit4/src/main/java/org/junit/runner/RunWith.java
471,/home/runner/work/junit4/junit4/src/main/java/org/junit/runner/Result.java
472,/home/runner/work/junit4/junit4/src/main/java/org/junit/rules/TestWatcher.java
473,/home/runner/work/junit4/junit4/src/main/java/org/junit/rules/TestWatchman.java
474,/home/runner/work/junit4/junit4/src/main/java/org/junit/rules/Timeout.java
475,/home/runner/work/junit4/junit4/src/main/java/org/junit/rules/Verifier.java
477,/home/runner/work/junit4/junit4/src/main/java/org/junit/runner/Describable.java
478,/home/runner/work/junit4/junit4/src/main/java/org/junit/runner/Description.java
479,/home/runner/work/junit4/junit4/src/main/java/org/junit/runner/FilterFactories.java
480,/home/runner/work/junit4/junit4/src/main/java/org/junit/runner/FilterFactory.java
481,/home/runner/work/junit4/junit4/src/main/java/org/junit/runner/FilterFactoryParams.java
482,/home/runner/work/junit4/junit4/src/main/java/org/junit/runner/JUnitCommandLineParseResult.java
483,/home/runner/work/junit4/junit4/src/main/java/org/junit/runner/JUnitCore.java
484,/home/runner/work/junit4/junit4/src/main/java/org/junit/runner/OrderWith.java
485,/home/runner/work/junit4/junit4/src/main/java/org/junit/runner/OrderWithValidator.java
486,/home/runner/work/junit4/junit4/src/main/java/org/junit/runner/Request.java
487,/home/runner/work/junit4/junit4/src/main/java/org/junit/runner/package-info.java
488,/home/runner/work/junit4/junit4/src/main/java/org/junit/runners/JUnit4.java
489,/home/runner/work/junit4/junit4/src/main/java/org/junit/experimental/theories/internal/SpecificDataPointsSupplier.java
490,/home/runner/work/junit4/junit4/src/main/java/org/junit/validator/TestClassValidator.java
491,/home/runner/work/junit4/junit4/src/main/java/org/junit/runners/parameterized/BlockJUnit4ClassRunnerWithParametersFactory.java
492,/home/runner/work/junit4/junit4/src/main/java/org/junit/runners/parameterized/ParametersRunnerFactory.java
493,/home/runner/work/junit4/junit4/src/main/java/org/junit/runners/parameterized/TestWithParameters.java
495,/home/runner/work/junit4/junit4/src/main/java/org/junit/validator/AnnotationValidatorFactory.java
496,/home/runner/work/junit4/junit4/src/main/java/org/junit/validator/AnnotationsValidator.java
497,/home/runner/work/junit4/junit4/src/main/java/org/junit/validator/PublicClassValidator.java
498,/home/runner/work/junit4/junit4/src/main/java/org/junit/validator/ValidateWith.java
499,/home/runner/work/junit4/junit4/src/main/java/org/junit/runners/MethodSorters.java
501,/home/runner/work/junit4/junit4/src/main/resources/junit/runner/logo.gif
503,/home/runner/work/junit4/junit4/src/site/resources/css/carousel.css
504,/home/runner/work/junit4/junit4/src/site/resources/css/hopscotch-0.1.2.min.css
505,/home/runner/work/junit4/junit4/src/site/resources/css/junit-lambda.css
507,/home/runner/work/junit4/junit4/src/main/java/org/junit/runners/package-info.java
508,/home/runner/work/junit4/junit4/src/main/java/org/junit/runners/model/TestTimedOutException.java
509,/home/runner/work/junit4/junit4/src/main/java/org/junit/runners/model/TestClass.java
510,/home/runner/work/junit4/junit4/src/main/java/org/junit/runners/Parameterized.java
511,/home/runner/work/junit4/junit4/src/main/java/org/junit/runners/RuleContainer.java
512,/home/runner/work/junit4/junit4/src/main/java/org/junit/runners/Suite.java
514,/home/runner/work/junit4/junit4/src/main/java/org/junit/runners/model/FrameworkField.java
515,/home/runner/work/junit4/junit4/src/main/java/org/junit/runners/model/FrameworkMember.java
516,/home/runner/work/junit4/junit4/src/main/java/org/junit/runners/model/FrameworkMethod.java
517,/home/runner/work/junit4/junit4/src/main/java/org/junit/runners/model/InitializationError.java
518,/home/runner/work/junit4/junit4/src/main/java/org/junit/runners/model/InvalidTestClassError.java
519,/home/runner/work/junit4/junit4/src/main/java/org/junit/runners/model/MemberValueConsumer.java
520,/home/runner/work/junit4/junit4/src/main/java/org/junit/runners/model/MultipleFailureException.java
521,/home/runner/work/junit4/junit4/src/main/java/org/junit/runners/model/NoGenericTypeParametersValidator.java
522,/home/runner/work/junit4/junit4/src/main/java/org/junit/runners/model/RunnerBuilder.java
523,/home/runner/work/junit4/junit4/src/main/java/org/junit/runners/model/RunnerScheduler.java
524,/home/runner/work/junit4/junit4/src/main/java/org/junit/runners/model/Statement.java
525,/home/runner/work/junit4/junit4/src/main/java/org/junit/rules/TestRule.java
526,/home/runner/work/junit4/junit4/src/main/java/org/junit/rules/TestName.java
527,/home/runner/work/junit4/junit4/src/main/java/org/junit/rules/TemporaryFolder.java
528,/home/runner/work/junit4/junit4/src/main/java/org/junit/internal/management/FakeThreadMXBean.java
529,/home/runner/work/junit4/junit4/src/main/java/org/junit/internal/builders/IgnoredBuilder.java
530,/home/runner/work/junit4/junit4/src/main/java/org/junit/internal/builders/IgnoredClassRunner.java
531,/home/runner/work/junit4/junit4/src/main/java/org/junit/internal/builders/JUnit3Builder.java
532,/home/runner/work/junit4/junit4/src/main/java/org/junit/internal/builders/JUnit4Builder.java
533,/home/runner/work/junit4/junit4/src/main/java/org/junit/internal/builders/NullBuilder.java
534,/home/runner/work/junit4/junit4/src/main/java/org/junit/internal/builders/SuiteMethodBuilder.java
536,/home/runner/work/junit4/junit4/src/main/java/org/junit/internal/management/ManagementFactory.java
537,/home/runner/work/junit4/junit4/src/main/java/org/junit/rules/Stopwatch.java
538,/home/runner/work/junit4/junit4/src/main/java/org/junit/internal/management/ReflectiveRuntimeMXBean.java
539,/home/runner/work/junit4/junit4/src/main/java/org/junit/internal/management/ReflectiveThreadMXBean.java
540,/home/runner/work/junit4/junit4/src/main/java/org/junit/internal/management/RuntimeMXBean.java
541,/home/runner/work/junit4/junit4/src/main/java/org/junit/internal/management/ThreadMXBean.java
542,/home/runner/work/junit4/junit4/src/main/java/org/junit/internal/matchers/TypeSafeMatcher.java
544,/home/runner/work/junit4/junit4/src/main/java/org/junit/internal/requests/FilterRequest.java
545,/home/runner/work/junit4/junit4/src/main/java/org/junit/internal/builders/AnnotatedBuilder.java
547,/home/runner/work/junit4/junit4/src/main/java/org/junit/internal/Throwables.java
548,/home/runner/work/junit4/junit4/src/main/java/org/junit/internal/TextListener.java
550,/home/runner/work/junit4/junit4/src/main/java/org/junit/experimental/theories/suppliers/TestedOnSupplier.java
553,/home/runner/work/junit4/junit4/src/main/java/org/junit/internal/AssumptionViolatedException.java
554,/home/runner/work/junit4/junit4/src/main/java/org/junit/internal/Checks.java
555,/home/runner/work/junit4/junit4/src/main/java/org/junit/internal/Classes.java
556,/home/runner/work/junit4/junit4/src/main/java/org/junit/internal/ComparisonCriteria.java
557,/home/runner/work/junit4/junit4/src/main/java/org/junit/internal/ExactComparisonCriteria.java
558,/home/runner/work/junit4/junit4/src/main/java/org/junit/internal/InexactComparisonCriteria.java
559,/home/runner/work/junit4/junit4/src/main/java/org/junit/internal/JUnitSystem.java
560,/home/runner/work/junit4/junit4/src/main/java/org/junit/internal/MethodSorter.java
561,/home/runner/work/junit4/junit4/src/main/java/org/junit/internal/RealSystem.java
562,/home/runner/work/junit4/junit4/src/main/java/org/junit/internal/SerializableMatcherDescription.java
563,/home/runner/work/junit4/junit4/src/main/java/org/junit/internal/SerializableValueDescription.java
564,/home/runner/work/junit4/junit4/src/main/java/org/junit/internal/requests/MemoizingRequest.java
565,/home/runner/work/junit4/junit4/src/main/java/org/junit/internal/requests/OrderingRequest.java
566,/home/runner/work/junit4/junit4/src/main/java/org/junit/internal/requests/SortingRequest.java
568,/home/runner/work/junit4/junit4/src/main/java/org/junit/internal/runners/statements/FailOnTimeout.java
569,/home/runner/work/junit4/junit4/src/main/java/org/junit/internal/runners/statements/InvokeMethod.java
570,/home/runner/work/junit4/junit4/src/main/java/org/junit/internal/runners/statements/RunAfters.java
571,/home/runner/work/junit4/junit4/src/main/java/org/junit/internal/runners/statements/RunBefores.java
573,/home/runner/work/junit4/junit4/src/main/java/org/junit/matchers/package-info.java
574,/home/runner/work/junit4/junit4/src/main/java/org/junit/package-info.java
576,/home/runner/work/junit4/junit4/src/main/java/org/junit/rules/ErrorCollector.java
577,/home/runner/work/junit4/junit4/src/main/java/org/junit/rules/ExpectedException.java
578,/home/runner/work/junit4/junit4/src/main/java/org/junit/rules/ExpectedExceptionMatcherBuilder.java
579,/home/runner/work/junit4/junit4/src/main/java/org/junit/rules/ExternalResource.java
580,/home/runner/work/junit4/junit4/src/main/java/org/junit/rules/MethodRule.java
581,/home/runner/work/junit4/junit4/src/main/java/org/junit/rules/RuleChain.java
582,/home/runner/work/junit4/junit4/src/main/java/org/junit/rules/RunRules.java
583,/home/runner/work/junit4/junit4/src/main/java/org/junit/internal/runners/statements/Fail.java
584,/home/runner/work/junit4/junit4/src/main/java/org/junit/internal/runners/rules/ValidationError.java
585,/home/runner/work/junit4/junit4/src/main/java/org/junit/internal/requests/package-info.java
588,/home/runner/work/junit4/junit4/src/main/java/org/junit/internal/runners/ErrorReportingRunner.java
589,/home/runner/work/junit4/junit4/src/main/java/org/junit/internal/runners/FailedBefore.java
590,/home/runner/work/junit4/junit4/src/main/java/org/junit/internal/runners/InitializationError.java
591,/home/runner/work/junit4/junit4/src/main/java/org/junit/internal/runners/JUnit38ClassRunner.java
592,/home/runner/work/junit4/junit4/src/main/java/org/junit/internal/runners/JUnit4ClassRunner.java
593,/home/runner/work/junit4/junit4/src/main/java/org/junit/internal/runners/MethodRoadie.java
594,/home/runner/work/junit4/junit4/src/main/java/org/junit/internal/runners/MethodValidator.java
595,/home/runner/work/junit4/junit4/src/main/java/org/junit/internal/runners/SuiteMethod.java
596,/home/runner/work/junit4/junit4/src/main/java/org/junit/internal/runners/TestClass.java
597,/home/runner/work/junit4/junit4/src/main/java/org/junit/internal/runners/TestMethod.java
599,/home/runner/work/junit4/junit4/src/main/java/org/junit/internal/runners/model/MultipleFailureException.java
600,/home/runner/work/junit4/junit4/src/main/java/org/junit/internal/runners/model/ReflectiveCallable.java
601,/home/runner/work/junit4/junit4/src/main/java/org/junit/internal/runners/package-info.java
