,file_name
0,/home/runner/work/junit4/junit4/src/site/fml/faq.fml
1,/home/runner/work/junit4/junit4/src/main/java/org/junit/Assert.java
2,/home/runner/work/junit4/junit4/src/test/java/org/junit/tests/assertion/AssertionTest.java
3,/home/runner/work/junit4/junit4/doc/cookstour/cookstour.htm
4,/home/runner/work/junit4/junit4/lib/hamcrest-core-1.3.jar
5,/home/runner/work/junit4/junit4/doc/ReleaseNotes4.12.md
6,/home/runner/work/junit4/junit4/doc/ReleaseNotes4.13.md
7,/home/runner/work/junit4/junit4/src/site/resources/images/junit5-banner.png
8,/home/runner/work/junit4/junit4/src/site/resources/images/junit-lambda/contributors/arcbees.png
9,/home/runner/work/junit4/junit4/src/site/resources/images/junit-lambda/contributors/gradle.png
10,/home/runner/work/junit4/junit4/src/site/resources/images/junit-lambda/sponsors/namics.png
11,/home/runner/work/junit4/junit4/src/site/resources/images/junit-lambda/sponsors/andrena.png
12,/home/runner/work/junit4/junit4/src/main/java/org/junit/runners/ParentRunner.java
13,/home/runner/work/junit4/junit4/src/site/resources/images/junit-lambda/junit-lambda-logo.png
14,/home/runner/work/junit4/junit4/pom.xml
15,/home/runner/work/junit4/junit4/src/test/java/org/junit/tests/running/classes/ParameterizedTestTest.java
16,/home/runner/work/junit4/junit4/doc/testinfected/testing.htm
17,/home/runner/work/junit4/junit4/src/test/java/org/junit/tests/package-info.java
18,/home/runner/work/junit4/junit4/src/site/xhtml/junit-lambda-contributors.xhtml
19,/home/runner/work/junit4/junit4/src/test/java/org/junit/tests/running/classes/BlockJUnit4ClassRunnerTest.java
20,/home/runner/work/junit4/junit4/src/site/xhtml/junit-lambda-spending.xhtml
21,/home/runner/work/junit4/junit4/src/site/xhtml/junit-lambda.xhtml
22,/home/runner/work/junit4/junit4/src/site/site.xml
23,/home/runner/work/junit4/junit4/src/site/xhtml/junit5.xhtml
24,/home/runner/work/junit4/junit4/src/main/java/org/junit/runners/parameterized/TestWithParameters.java
25,/home/runner/work/junit4/junit4/src/site/resources/scripts/index.js
26,/home/runner/work/junit4/junit4/src/test/java/org/junit/tests/running/classes/ClassLevelMethodsWithIgnoredTestsTest.java
27,/home/runner/work/junit4/junit4/src/test/java/junit/samples/AllTests.java
28,/home/runner/work/junit4/junit4/src/site/resources/images/junit-logo.png
29,/home/runner/work/junit4/junit4/src/site/resources/images/junit-lambda/sponsors/pivotal.png
30,/home/runner/work/junit4/junit4/src/site/resources/images/junit-lambda/sponsors/heidelberg-mobil.png
31,/home/runner/work/junit4/junit4/src/site/resources/images/junit-lambda/sponsors/amex.png
32,/home/runner/work/junit4/junit4/src/site/resources/images/junit-lambda/contributors/zenika.png
33,/home/runner/work/junit4/junit4/src/site/resources/images/junit-lambda/contributors/vaddy.png
34,/home/runner/work/junit4/junit4/src/site/resources/images/junit-lambda/contributors/topdesk.png
35,/home/runner/work/junit4/junit4/src/site/resources/images/junit-lambda/contributors/tng.png
36,/home/runner/work/junit4/junit4/src/site/resources/images/junit-lambda/contributors/synyx.jpg
37,/home/runner/work/junit4/junit4/src/site/resources/images/junit-lambda/contributors/structure101.png
38,/home/runner/work/junit4/junit4/src/site/resources/images/junit-logo.svg
39,/home/runner/work/junit4/junit4/src/test/java/junit/samples/money/Money.java
40,/home/runner/work/junit4/junit4/src/test/java/junit/samples/ListTest.java
41,/home/runner/work/junit4/junit4/src/test/java/junit/tests/framework/ComparisonCompactorTest.java
42,/home/runner/work/junit4/junit4/src/test/java/junit/tests/framework/DoublePrecisionAssertTest.java
43,/home/runner/work/junit4/junit4/src/test/java/junit/tests/framework/Failure.java
44,/home/runner/work/junit4/junit4/src/test/java/junit/tests/framework/FloatAssertTest.java
45,/home/runner/work/junit4/junit4/src/test/java/junit/tests/framework/InheritedTestCase.java
46,/home/runner/work/junit4/junit4/src/test/java/junit/tests/framework/NoArgTestCaseTest.java
47,/home/runner/work/junit4/junit4/src/test/java/junit/tests/framework/NoTestCaseClass.java
48,/home/runner/work/junit4/junit4/src/test/java/junit/tests/framework/NoTestCases.java
49,/home/runner/work/junit4/junit4/src/test/java/junit/tests/framework/NotPublicTestCase.java
50,/home/runner/work/junit4/junit4/src/test/java/junit/tests/framework/NotVoidTestCase.java
51,/home/runner/work/junit4/junit4/src/test/java/junit/tests/framework/OneTestCase.java
52,/home/runner/work/junit4/junit4/src/test/java/junit/tests/framework/OverrideTestCase.java
53,/home/runner/work/junit4/junit4/src/test/java/junit/tests/framework/Success.java
54,/home/runner/work/junit4/junit4/src/test/java/junit/tests/framework/SuiteTest.java
55,/home/runner/work/junit4/junit4/src/test/java/junit/tests/framework/TestCaseTest.java
56,/home/runner/work/junit4/junit4/src/test/java/junit/tests/framework/TestImplementorTest.java
57,/home/runner/work/junit4/junit4/src/test/java/junit/tests/framework/ComparisonFailureTest.java
58,/home/runner/work/junit4/junit4/src/test/java/junit/tests/framework/AssertionFailedErrorTest.java
59,/home/runner/work/junit4/junit4/src/test/java/junit/samples/SimpleTest.java
60,/home/runner/work/junit4/junit4/src/test/java/junit/tests/framework/AssertTest.java
61,/home/runner/work/junit4/junit4/src/test/java/org/junit/tests/manipulation/SortableTest.java
62,/home/runner/work/junit4/junit4/src/site/resources/images/junit-lambda/contributors/sonrisa.png
63,/home/runner/work/junit4/junit4/src/test/java/junit/samples/money/MoneyBag.java
64,/home/runner/work/junit4/junit4/src/test/java/junit/samples/money/MoneyTest.java
65,/home/runner/work/junit4/junit4/src/test/java/junit/samples/money/package-info.java
66,/home/runner/work/junit4/junit4/src/test/java/junit/samples/package-info.java
67,/home/runner/work/junit4/junit4/src/test/java/org/junit/tests/manipulation/SingleMethodTest.java
68,/home/runner/work/junit4/junit4/src/test/java/junit/tests/SampleJUnit3Tests.java
69,/home/runner/work/junit4/junit4/src/test/java/junit/tests/WasRun.java
70,/home/runner/work/junit4/junit4/src/test/java/org/junit/tests/manipulation/ReverseAlphanumericSorter.java
71,/home/runner/work/junit4/junit4/src/test/java/junit/tests/extensions/AllTests.java
72,/home/runner/work/junit4/junit4/src/test/java/junit/tests/extensions/ExtensionTest.java
73,/home/runner/work/junit4/junit4/src/test/java/junit/tests/extensions/RepeatedTestTest.java
74,/home/runner/work/junit4/junit4/src/test/java/junit/tests/extensions/package-info.java
75,/home/runner/work/junit4/junit4/src/test/java/org/junit/tests/manipulation/ReverseAlphanumericOrdering.java
76,/home/runner/work/junit4/junit4/src/site/resources/images/junit-lambda/contributors/squeed.png
77,/home/runner/work/junit4/junit4/src/site/resources/images/junit-lambda/contributors/oio.png
78,/home/runner/work/junit4/junit4/src/site/resources/images/junit-lambda/contributors/six.gif
79,/home/runner/work/junit4/junit4/src/main/java/org/junit/runners/model/TestTimedOutException.java
80,/home/runner/work/junit4/junit4/src/main/java/org/junit/runners/model/MultipleFailureException.java
81,/home/runner/work/junit4/junit4/src/main/java/org/junit/runners/model/NoGenericTypeParametersValidator.java
82,/home/runner/work/junit4/junit4/src/main/java/org/junit/runners/model/RunnerBuilder.java
83,/home/runner/work/junit4/junit4/src/main/java/org/junit/runners/model/RunnerScheduler.java
84,/home/runner/work/junit4/junit4/src/main/java/org/junit/runners/model/Statement.java
85,/home/runner/work/junit4/junit4/src/main/java/org/junit/runners/model/TestClass.java
86,/home/runner/work/junit4/junit4/src/main/java/org/junit/runners/package-info.java
87,/home/runner/work/junit4/junit4/src/site/resources/images/junit-lambda/contributors/sipgate.png
88,/home/runner/work/junit4/junit4/src/test/java/org/junit/tests/running/classes/ThreadsTest.java
89,/home/runner/work/junit4/junit4/src/main/java/org/junit/runners/parameterized/BlockJUnit4ClassRunnerWithParametersFactory.java
90,/home/runner/work/junit4/junit4/src/main/java/org/junit/runners/parameterized/ParametersRunnerFactory.java
91,/home/runner/work/junit4/junit4/src/test/java/org/junit/tests/running/classes/SuiteTest.java
92,/home/runner/work/junit4/junit4/src/main/java/org/junit/validator/AnnotationValidatorFactory.java
93,/home/runner/work/junit4/junit4/src/main/java/org/junit/runners/model/MemberValueConsumer.java
94,/home/runner/work/junit4/junit4/src/main/java/org/junit/runners/model/InvalidTestClassError.java
95,/home/runner/work/junit4/junit4/src/main/java/org/junit/runners/model/InitializationError.java
96,/home/runner/work/junit4/junit4/src/main/java/org/junit/runners/model/FrameworkMethod.java
97,/home/runner/work/junit4/junit4/src/main/java/org/junit/runners/model/FrameworkMember.java
98,/home/runner/work/junit4/junit4/src/main/java/org/junit/runners/model/FrameworkField.java
99,/home/runner/work/junit4/junit4/src/test/java/org/junit/tests/running/classes/UseSuiteAsASuperclassTest.java
100,/home/runner/work/junit4/junit4/src/main/java/org/junit/runners/Suite.java
101,/home/runner/work/junit4/junit4/src/main/java/org/junit/runners/RuleContainer.java
102,/home/runner/work/junit4/junit4/src/main/java/org/junit/runners/Parameterized.java
103,/home/runner/work/junit4/junit4/src/main/java/org/junit/runners/MethodSorters.java
104,/home/runner/work/junit4/junit4/src/main/java/org/junit/runners/JUnit4.java
105,/home/runner/work/junit4/junit4/src/main/java/org/junit/runners/BlockJUnit4ClassRunner.java
106,/home/runner/work/junit4/junit4/src/main/java/org/junit/runner/package-info.java
107,/home/runner/work/junit4/junit4/src/main/java/org/junit/runner/notification/package-info.java
108,/home/runner/work/junit4/junit4/src/main/java/org/junit/runner/notification/SynchronizedRunListener.java
109,/home/runner/work/junit4/junit4/src/main/java/org/junit/runner/notification/StoppedByUserException.java
110,/home/runner/work/junit4/junit4/src/main/java/org/junit/validator/AnnotationsValidator.java
111,/home/runner/work/junit4/junit4/src/main/java/org/junit/validator/PublicClassValidator.java
112,/home/runner/work/junit4/junit4/src/main/java/org/junit/validator/TestClassValidator.java
113,/home/runner/work/junit4/junit4/src/site/resources/images/junit-lambda/contributors/disy.jpg
114,/home/runner/work/junit4/junit4/src/site/resources/images/junit-lambda/contributors/siili.png
115,/home/runner/work/junit4/junit4/src/site/resources/images/junit-lambda/contributors/samuraism.png
116,/home/runner/work/junit4/junit4/src/site/resources/images/junit-lambda/contributors/red6-es.jpg
117,/home/runner/work/junit4/junit4/src/test/java/junit/tests/framework/ThreeTestCases.java
118,/home/runner/work/junit4/junit4/src/site/resources/images/junit-lambda/contributors/ociweb.png
119,/home/runner/work/junit4/junit4/src/site/resources/images/junit-lambda/contributors/novatec.png
120,/home/runner/work/junit4/junit4/src/site/resources/images/junit-lambda/contributors/netcetera.png
121,/home/runner/work/junit4/junit4/src/site/resources/images/junit-lambda/contributors/murex.jpg
122,/home/runner/work/junit4/junit4/src/site/resources/images/junit-lambda/contributors/msgsystems.png
123,/home/runner/work/junit4/junit4/src/site/resources/images/junit-lambda/contributors/klosebrothers.png
124,/home/runner/work/junit4/junit4/src/site/resources/images/junit-lambda/contributors/klarna.png
125,/home/runner/work/junit4/junit4/src/site/resources/images/junit-lambda/contributors/intellijidea.png
126,/home/runner/work/junit4/junit4/src/site/resources/images/junit-lambda/contributors/ergon.png
127,/home/runner/work/junit4/junit4/src/site/resources/images/junit-lambda/contributors/eclipse.png
128,/home/runner/work/junit4/junit4/src/site/resources/images/junit-lambda/contributors/diffplug.png
129,/home/runner/work/junit4/junit4/src/main/java/org/junit/validator/ValidateWith.java
130,/home/runner/work/junit4/junit4/src/site/resources/images/junit-lambda/contributors/devnexus.png
131,/home/runner/work/junit4/junit4/src/site/resources/images/junit-lambda/contributors/bouvet.png
132,/home/runner/work/junit4/junit4/src/site/resources/images/junit-lambda/contributors/bol.jpg
133,/home/runner/work/junit4/junit4/src/site/resources/images/junit-lambda/contributors/autotrader.jpg
134,/home/runner/work/junit4/junit4/src/site/resources/images/junit-lambda/contributors/adnovum.png
135,/home/runner/work/junit4/junit4/src/test/java/org/junit/tests/running/classes/EnclosedTest.java
136,/home/runner/work/junit4/junit4/src/test/java/org/junit/tests/running/classes/IgnoreClassTest.java
137,/home/runner/work/junit4/junit4/src/site/resources/css/plain-links.css
138,/home/runner/work/junit4/junit4/src/site/resources/css/junit-lambda.css
139,/home/runner/work/junit4/junit4/src/site/resources/css/hopscotch-0.1.2.min.css
140,/home/runner/work/junit4/junit4/src/test/java/org/junit/tests/running/classes/ParentRunnerFilteringTest.java
141,/home/runner/work/junit4/junit4/src/main/resources/junit/runner/smalllogo.gif
142,/home/runner/work/junit4/junit4/src/test/java/org/junit/tests/running/classes/ParentRunnerTest.java
143,/home/runner/work/junit4/junit4/src/test/java/org/junit/tests/running/classes/RunWithTest.java
144,/home/runner/work/junit4/junit4/src/test/java/junit/tests/framework/TestListenerTest.java
145,/home/runner/work/junit4/junit4/src/test/java/junit/tests/runner/TextRunnerSingleMethodTest.java
146,/home/runner/work/junit4/junit4/src/test/java/junit/tests/framework/package-info.java
147,/home/runner/work/junit4/junit4/src/test/java/org/junit/tests/junit3compatibility/OldTests.java
148,/home/runner/work/junit4/junit4/src/test/java/org/junit/tests/description/SuiteDescriptionTest.java
149,/home/runner/work/junit4/junit4/src/test/java/org/junit/tests/description/TestDescriptionMethodNameTest.java
150,/home/runner/work/junit4/junit4/src/test/java/org/junit/tests/description/TestDescriptionTest.java
151,/home/runner/work/junit4/junit4/src/test/java/org/junit/tests/junit3compatibility/SuiteMethodTest.java
152,/home/runner/work/junit4/junit4/src/test/java/org/junit/tests/experimental/AssumptionTest.java
153,/home/runner/work/junit4/junit4/src/test/java/org/junit/tests/experimental/MatcherTest.java
154,/home/runner/work/junit4/junit4/src/test/java/org/junit/tests/experimental/max/DescriptionTest.java
155,/home/runner/work/junit4/junit4/src/test/java/org/junit/tests/experimental/theories/ParameterSignatureTest.java
156,/home/runner/work/junit4/junit4/src/test/java/org/junit/tests/experimental/max/JUnit38SortingTest.java
157,/home/runner/work/junit4/junit4/src/test/java/org/junit/tests/experimental/max/MaxStarterTest.java
158,/home/runner/work/junit4/junit4/src/test/java/org/junit/tests/experimental/parallel/ParallelClassTest.java
159,/home/runner/work/junit4/junit4/src/test/java/org/junit/tests/experimental/parallel/ParallelMethodTest.java
160,/home/runner/work/junit4/junit4/src/test/java/org/junit/tests/experimental/results/PrintableResultTest.java
161,/home/runner/work/junit4/junit4/src/test/java/org/junit/tests/experimental/results/ResultMatchersTest.java
162,/home/runner/work/junit4/junit4/src/test/java/org/junit/tests/description/AnnotatedDescriptionTest.java
163,/home/runner/work/junit4/junit4/src/test/java/org/junit/tests/deprecated/JUnit4ClassRunnerTest.java
164,/home/runner/work/junit4/junit4/src/test/java/org/junit/tests/assertion/MultipleFailureExceptionTest.java
165,/home/runner/work/junit4/junit4/src/test/java/org/junit/tests/assertion/ComparisonFailureTest.java
166,/home/runner/work/junit4/junit4/src/test/java/org/junit/tests/TestSystem.java
167,/home/runner/work/junit4/junit4/src/test/java/org/junit/tests/SampleJUnit4Tests.java
168,/home/runner/work/junit4/junit4/src/test/java/org/junit/tests/ObjectContractTest.java
169,/home/runner/work/junit4/junit4/src/test/java/org/junit/tests/listening/ListenerTest.java
170,/home/runner/work/junit4/junit4/src/test/java/org/junit/samples/package-info.java
171,/home/runner/work/junit4/junit4/src/test/java/org/junit/samples/money/package-info.java
172,/home/runner/work/junit4/junit4/src/test/java/org/junit/samples/SimpleTest.java
173,/home/runner/work/junit4/junit4/src/test/java/org/junit/samples/ListTest.java
174,/home/runner/work/junit4/junit4/src/test/java/org/junit/tests/listening/RunnerTest.java
175,/home/runner/work/junit4/junit4/src/test/java/org/junit/runners/parameterized/TestWithParametersTest.java
176,/home/runner/work/junit4/junit4/src/test/java/org/junit/runners/parameterized/ParameterizedNamesTest.java
177,/home/runner/work/junit4/junit4/src/test/java/org/junit/runners/parameterized/BlockJUnit4ClassRunnerWithParametersTest.java
178,/home/runner/work/junit4/junit4/src/test/java/org/junit/runners/model/TestClassTest.java
179,/home/runner/work/junit4/junit4/src/test/java/org/junit/tests/experimental/theories/AssumingInTheoriesTest.java
180,/home/runner/work/junit4/junit4/src/test/java/org/junit/tests/experimental/theories/PotentialAssignmentTest.java
181,/home/runner/work/junit4/junit4/src/test/java/junit/tests/package-info.java
182,/home/runner/work/junit4/junit4/src/test/java/org/junit/tests/experimental/theories/runner/WithExtendedParameterSources.java
183,/home/runner/work/junit4/junit4/src/test/java/org/junit/tests/experimental/theories/runner/TheoriesPerformanceTest.java
184,/home/runner/work/junit4/junit4/src/test/java/org/junit/tests/experimental/theories/runner/TypeMatchingBetweenMultiDataPointsMethod.java
185,/home/runner/work/junit4/junit4/src/test/java/org/junit/tests/experimental/theories/runner/UnsuccessfulWithDataPointFields.java
186,/home/runner/work/junit4/junit4/src/test/java/org/junit/tests/experimental/theories/runner/WhenNoParametersMatch.java
187,/home/runner/work/junit4/junit4/src/test/java/org/junit/tests/experimental/theories/runner/WithAutoGeneratedDataPoints.java
188,/home/runner/work/junit4/junit4/src/test/java/org/junit/tests/experimental/theories/runner/WithDataPointMethod.java
189,/home/runner/work/junit4/junit4/src/test/java/org/junit/tests/experimental/theories/runner/WithNamedDataPoints.java
190,/home/runner/work/junit4/junit4/src/test/java/org/junit/tests/experimental/theories/TestedOnSupplierTest.java
191,/home/runner/work/junit4/junit4/src/test/java/org/junit/tests/experimental/theories/runner/WithOnlyTestAnnotations.java
192,/home/runner/work/junit4/junit4/src/test/java/org/junit/tests/experimental/theories/runner/WithParameterSupplier.java
193,/home/runner/work/junit4/junit4/src/test/java/org/junit/tests/experimental/theories/runner/WithUnresolvedGenericTypeVariablesOnTheoryParms.java
194,/home/runner/work/junit4/junit4/src/test/java/org/junit/tests/junit3compatibility/InitializationErrorForwardCompatibilityTest.java
195,/home/runner/work/junit4/junit4/src/test/java/org/junit/tests/junit3compatibility/AllTestsTest.java
196,/home/runner/work/junit4/junit4/src/test/java/org/junit/tests/junit3compatibility/ClassRequestTest.java
197,/home/runner/work/junit4/junit4/src/test/java/org/junit/tests/experimental/theories/runner/SuccessfulWithDataPointFields.java
198,/home/runner/work/junit4/junit4/src/test/java/org/junit/tests/experimental/theories/runner/FailingDataPointMethods.java
199,/home/runner/work/junit4/junit4/src/test/java/org/junit/tests/junit3compatibility/JUnit38ClassRunnerTest.java
200,/home/runner/work/junit4/junit4/src/test/java/org/junit/tests/experimental/theories/internal/SpecificDataPointsSupplierTest.java
201,/home/runner/work/junit4/junit4/src/test/java/org/junit/tests/experimental/theories/internal/ParameterizedAssertionErrorTest.java
202,/home/runner/work/junit4/junit4/src/test/java/org/junit/tests/experimental/theories/internal/AllTheoriesInternalTests.java
203,/home/runner/work/junit4/junit4/src/test/java/org/junit/tests/junit3compatibility/JUnit4TestAdapterTest.java
204,/home/runner/work/junit4/junit4/src/test/java/org/junit/tests/experimental/theories/extendingwithstubs/StubbedTheoriesTest.java
205,/home/runner/work/junit4/junit4/src/test/java/org/junit/tests/experimental/theories/extendingwithstubs/StubbedTheories.java
206,/home/runner/work/junit4/junit4/src/test/java/org/junit/tests/experimental/theories/extendingwithstubs/Stub.java
207,/home/runner/work/junit4/junit4/src/test/java/org/junit/tests/experimental/theories/extendingwithstubs/StringableObject.java
208,/home/runner/work/junit4/junit4/src/test/java/org/junit/tests/experimental/theories/extendingwithstubs/ReguessableValue.java
209,/home/runner/work/junit4/junit4/src/test/java/org/junit/tests/experimental/theories/extendingwithstubs/MethodCall.java
210,/home/runner/work/junit4/junit4/src/test/java/org/junit/tests/experimental/theories/extendingwithstubs/GuesserQueue.java
211,/home/runner/work/junit4/junit4/src/test/java/org/junit/tests/experimental/theories/extendingwithstubs/Guesser.java
212,/home/runner/work/junit4/junit4/src/test/java/org/junit/tests/junit3compatibility/OldTestClassAdaptingListenerTest.java
213,/home/runner/work/junit4/junit4/src/test/java/org/junit/tests/experimental/theories/TheoryTestUtils.java
214,/home/runner/work/junit4/junit4/src/test/java/org/junit/runners/model/RunnerBuilderStub.java
215,/home/runner/work/junit4/junit4/src/test/java/org/junit/runners/model/InvalidTestClassErrorTest.java
216,/home/runner/work/junit4/junit4/src/test/java/org/junit/runners/model/FrameworkMethodTest.java
217,/home/runner/work/junit4/junit4/src/test/java/org/junit/tests/manipulation/ComparatorBasedOrdering.java
218,/home/runner/work/junit4/junit4/src/test/java/org/junit/internal/ChecksTest.java
219,/home/runner/work/junit4/junit4/src/test/java/org/junit/internal/MethodSorterTest.java
220,/home/runner/work/junit4/junit4/src/test/java/org/junit/internal/StackTracesTest.java
221,/home/runner/work/junit4/junit4/src/test/java/org/junit/tests/manipulation/FilterTest.java
222,/home/runner/work/junit4/junit4/src/test/java/org/junit/tests/manipulation/Comparators.java
223,/home/runner/work/junit4/junit4/src/test/java/org/junit/internal/matchers/ThrowableCauseMatcherTest.java
224,/home/runner/work/junit4/junit4/src/test/java/org/junit/tests/manipulation/AlphanumericOrdering.java
225,/home/runner/work/junit4/junit4/src/test/java/org/junit/runners/model/FrameworkFieldTest.java
226,/home/runner/work/junit4/junit4/src/test/java/org/junit/internal/runners/statements/FailOnTimeoutTest.java
227,/home/runner/work/junit4/junit4/src/test/java/org/junit/rules/BlockJUnit4ClassRunnerOverrideTest.java
228,/home/runner/work/junit4/junit4/src/test/java/org/junit/rules/ClassRulesTest.java
229,/home/runner/work/junit4/junit4/src/test/java/org/junit/rules/DisableOnDebugTest.java
230,/home/runner/work/junit4/junit4/src/test/java/org/junit/rules/ErrorCollectorTest.java
231,/home/runner/work/junit4/junit4/src/test/java/org/junit/rules/EventCollector.java
232,/home/runner/work/junit4/junit4/src/test/java/org/junit/internal/ArrayComparisonFailureTest.java
233,/home/runner/work/junit4/junit4/src/test/java/org/junit/tests/manipulation/FilterableTest.java
234,/home/runner/work/junit4/junit4/src/test/java/org/junit/experimental/categories/MultiCategoryTest.java
235,/home/runner/work/junit4/junit4/src/test/java/org/junit/experimental/categories/JavadocTest.java
236,/home/runner/work/junit4/junit4/src/test/java/org/junit/experimental/categories/CategoryValidatorTest.java
237,/home/runner/work/junit4/junit4/src/test/java/org/junit/experimental/categories/CategoryTest.java
238,/home/runner/work/junit4/junit4/src/test/java/org/junit/experimental/categories/CategoryFilterFactoryTest.java
239,/home/runner/work/junit4/junit4/src/test/java/org/junit/experimental/categories/CategoriesAndParameterizedTest.java
240,/home/runner/work/junit4/junit4/src/test/java/org/junit/tests/manipulation/OrderWithTest.java
241,/home/runner/work/junit4/junit4/src/test/java/org/junit/tests/manipulation/OrderableTest.java
242,/home/runner/work/junit4/junit4/src/test/java/junit/tests/runner/package-info.java
243,/home/runner/work/junit4/junit4/src/test/java/junit/tests/runner/TextRunnerTest.java
244,/home/runner/work/junit4/junit4/src/main/java/org/junit/runner/notification/RunListener.java
245,/home/runner/work/junit4/junit4/src/test/java/junit/tests/runner/TextFeedbackTest.java
246,/home/runner/work/junit4/junit4/src/test/java/junit/tests/runner/StackFilterTest.java
247,/home/runner/work/junit4/junit4/src/test/java/junit/tests/runner/ResultTest.java
248,/home/runner/work/junit4/junit4/src/test/java/junit/tests/runner/BaseTestRunnerTest.java
249,/home/runner/work/junit4/junit4/src/test/java/org/junit/rules/ExpectedExceptionTest.java
250,/home/runner/work/junit4/junit4/src/test/java/org/junit/rules/ExternalResourceRuleTest.java
251,/home/runner/work/junit4/junit4/src/test/java/org/junit/rules/LoggingMethodRule.java
252,/home/runner/work/junit4/junit4/src/test/java/org/junit/tests/listening/UserStopTest.java
253,/home/runner/work/junit4/junit4/src/test/java/org/junit/runners/RuleContainerTest.java
254,/home/runner/work/junit4/junit4/src/test/java/org/junit/runners/CustomBlockJUnit4ClassRunnerTest.java
255,/home/runner/work/junit4/junit4/src/test/java/org/junit/tests/listening/TestListenerTest.java
256,/home/runner/work/junit4/junit4/src/test/java/org/junit/runner/notification/SynchronizedRunListenerTest.java
257,/home/runner/work/junit4/junit4/src/test/java/org/junit/runner/notification/RunNotifierTest.java
258,/home/runner/work/junit4/junit4/src/test/java/org/junit/runner/notification/ConcurrentRunNotifierTest.java
259,/home/runner/work/junit4/junit4/src/test/java/org/junit/tests/listening/TextListenerTest.java
260,/home/runner/work/junit4/junit4/src/test/java/org/junit/runner/RunnerSpy.java
261,/home/runner/work/junit4/junit4/src/test/java/org/junit/runner/RequestTest.java
262,/home/runner/work/junit4/junit4/src/test/java/org/junit/runner/OrderWithValidatorTest.java
263,/home/runner/work/junit4/junit4/src/test/java/org/junit/runner/JUnitCoreTest.java
264,/home/runner/work/junit4/junit4/src/test/java/org/junit/runner/JUnitCommandLineParseResultTest.java
265,/home/runner/work/junit4/junit4/src/test/java/org/junit/runner/FilterOptionIntegrationTest.java
266,/home/runner/work/junit4/junit4/src/test/java/org/junit/runner/FilterFactoriesTest.java
267,/home/runner/work/junit4/junit4/src/test/java/org/junit/rules/VerifierRuleTest.java
268,/home/runner/work/junit4/junit4/src/test/java/org/junit/rules/LoggingStatement.java
269,/home/runner/work/junit4/junit4/src/test/java/org/junit/rules/TimeoutRuleTest.java
270,/home/runner/work/junit4/junit4/src/test/java/org/junit/rules/TestWatchmanTest.java
271,/home/runner/work/junit4/junit4/src/test/java/org/junit/rules/TestWatcherTest.java
272,/home/runner/work/junit4/junit4/src/test/java/org/junit/rules/TestRuleTest.java
273,/home/runner/work/junit4/junit4/src/test/java/org/junit/rules/TemporaryFolderUsageTest.java
274,/home/runner/work/junit4/junit4/src/test/java/org/junit/rules/TemporaryFolderRuleAssuredDeletionTest.java
275,/home/runner/work/junit4/junit4/src/test/java/org/junit/rules/TempFolderRuleTest.java
276,/home/runner/work/junit4/junit4/src/test/java/org/junit/rules/StopwatchTest.java
277,/home/runner/work/junit4/junit4/src/test/java/org/junit/rules/RuleMemberValidatorTest.java
278,/home/runner/work/junit4/junit4/src/test/java/org/junit/rules/RuleChainTest.java
279,/home/runner/work/junit4/junit4/src/test/java/org/junit/rules/NameRulesTest.java
280,/home/runner/work/junit4/junit4/src/test/java/org/junit/rules/MethodRulesTest.java
281,/home/runner/work/junit4/junit4/src/test/java/org/junit/rules/LoggingTestWatcher.java
282,/home/runner/work/junit4/junit4/src/test/java/org/junit/rules/LoggingTestRule.java
283,/home/runner/work/junit4/junit4/src/main/java/org/junit/runner/notification/RunNotifier.java
284,/home/runner/work/junit4/junit4/src/main/java/org/junit/runner/manipulation/Ordering.java
285,/home/runner/work/junit4/junit4/src/test/java/org/junit/tests/running/classes/parent/TestWithClassRule.java
286,/home/runner/work/junit4/junit4/mvnw.cmd
287,/home/runner/work/junit4/junit4/doc/testinfected/IMG00002.GIF
288,/home/runner/work/junit4/junit4/doc/testinfected/IMG00003.GIF
289,/home/runner/work/junit4/junit4/doc/testinfected/logo.gif
290,/home/runner/work/junit4/junit4/epl-v10.html
291,/home/runner/work/junit4/junit4/lib/hamcrest-core-1.3-sources.jar
292,/home/runner/work/junit4/junit4/src/main/java/junit/extensions/ActiveTestSuite.java
293,/home/runner/work/junit4/junit4/src/main/java/org/junit/experimental/categories/Category.java
294,/home/runner/work/junit4/junit4/src/main/java/junit/extensions/RepeatedTest.java
295,/home/runner/work/junit4/junit4/src/main/java/junit/extensions/TestDecorator.java
296,/home/runner/work/junit4/junit4/src/main/java/junit/extensions/TestSetup.java
297,/home/runner/work/junit4/junit4/src/main/java/junit/extensions/package-info.java
298,/home/runner/work/junit4/junit4/src/main/java/junit/framework/AssertionFailedError.java
299,/home/runner/work/junit4/junit4/src/main/java/junit/framework/ComparisonCompactor.java
300,/home/runner/work/junit4/junit4/src/test/resources/org/junit/internal/arrayComparisonFailure_412
301,/home/runner/work/junit4/junit4/doc/markdown.sh
302,/home/runner/work/junit4/junit4/doc/cookstour/Image7.gif
303,/home/runner/work/junit4/junit4/doc/cookstour/Image6.gif
304,/home/runner/work/junit4/junit4/doc/cookstour/Image5.gif
305,/home/runner/work/junit4/junit4/doc/cookstour/Image4.gif
306,/home/runner/work/junit4/junit4/doc/cookstour/Image3.gif
307,/home/runner/work/junit4/junit4/doc/cookstour/Image2.gif
308,/home/runner/work/junit4/junit4/doc/building-junit.txt
309,/home/runner/work/junit4/junit4/doc/ReleaseNotes4.9.txt
310,/home/runner/work/junit4/junit4/doc/ReleaseNotes4.9.md
311,/home/runner/work/junit4/junit4/doc/ReleaseNotes4.9.html
312,/home/runner/work/junit4/junit4/doc/ReleaseNotes4.9.1.txt
313,/home/runner/work/junit4/junit4/doc/ReleaseNotes4.9.1.md
314,/home/runner/work/junit4/junit4/doc/ReleaseNotes4.8.txt
315,/home/runner/work/junit4/junit4/doc/ReleaseNotes4.8.md
316,/home/runner/work/junit4/junit4/doc/ReleaseNotes4.8.html
317,/home/runner/work/junit4/junit4/src/main/java/junit/framework/ComparisonFailure.java
318,/home/runner/work/junit4/junit4/src/main/java/junit/framework/JUnit4TestAdapter.java
319,/home/runner/work/junit4/junit4/src/main/java/junit/framework/JUnit4TestAdapterCache.java
320,/home/runner/work/junit4/junit4/src/main/java/junit/textui/package-info.java
321,/home/runner/work/junit4/junit4/src/main/java/org/junit/runner/manipulation/package-info.java
322,/home/runner/work/junit4/junit4/src/main/java/org/junit/TestCouldNotBeSkippedException.java
323,/home/runner/work/junit4/junit4/src/main/java/org/junit/Test.java
324,/home/runner/work/junit4/junit4/src/main/java/org/junit/Rule.java
325,/home/runner/work/junit4/junit4/src/main/java/org/junit/Ignore.java
326,/home/runner/work/junit4/junit4/src/main/java/org/junit/FixMethodOrder.java
327,/home/runner/work/junit4/junit4/src/main/java/org/junit/ComparisonFailure.java
328,/home/runner/work/junit4/junit4/src/main/java/org/junit/ClassRule.java
329,/home/runner/work/junit4/junit4/src/main/java/org/junit/BeforeClass.java
330,/home/runner/work/junit4/junit4/src/main/java/org/junit/Before.java
331,/home/runner/work/junit4/junit4/src/main/java/org/junit/AssumptionViolatedException.java
332,/home/runner/work/junit4/junit4/src/main/java/org/junit/Assume.java
333,/home/runner/work/junit4/junit4/src/main/java/org/junit/AfterClass.java
334,/home/runner/work/junit4/junit4/src/test/resources/junit/tests/runner/testRunSuccessResultCanBeReserialised_v4_13
335,/home/runner/work/junit4/junit4/src/main/java/junit/textui/TestRunner.java
336,/home/runner/work/junit4/junit4/src/main/java/junit/framework/JUnit4TestCaseFacade.java
337,/home/runner/work/junit4/junit4/src/test/resources/org/junit/assumptionViolatedExceptionWithValueAndMatcherCanBeReserialized_v4_13
338,/home/runner/work/junit4/junit4/src/main/java/junit/runner/package-info.java
339,/home/runner/work/junit4/junit4/src/main/java/junit/runner/Version.java.template
340,/home/runner/work/junit4/junit4/src/main/java/junit/runner/Version.java
341,/home/runner/work/junit4/junit4/src/main/java/junit/runner/TestRunListener.java
342,/home/runner/work/junit4/junit4/src/test/resources/org/junit/assumptionViolatedExceptionWithoutValueAndMatcherCanBeReserialized_v4_13
343,/home/runner/work/junit4/junit4/src/main/java/junit/framework/package-info.java
344,/home/runner/work/junit4/junit4/src/main/java/junit/framework/TestSuite.java
345,/home/runner/work/junit4/junit4/src/main/java/junit/framework/TestResult.java
346,/home/runner/work/junit4/junit4/src/main/java/junit/framework/TestListener.java
347,/home/runner/work/junit4/junit4/src/main/java/junit/framework/TestFailure.java
348,/home/runner/work/junit4/junit4/src/main/java/junit/framework/TestCase.java
349,/home/runner/work/junit4/junit4/src/main/java/junit/framework/Test.java
350,/home/runner/work/junit4/junit4/src/main/java/junit/framework/Protectable.java
351,/home/runner/work/junit4/junit4/doc/ReleaseNotes4.8.2.txt
352,/home/runner/work/junit4/junit4/doc/ReleaseNotes4.8.2.md
353,/home/runner/work/junit4/junit4/doc/ReleaseNotes4.8.2.html
354,/home/runner/work/junit4/junit4/.project
355,/home/runner/work/junit4/junit4/.gitignore
356,/home/runner/work/junit4/junit4/.github/workflows/settings.xml
357,/home/runner/work/junit4/junit4/.gitattributes
358,/home/runner/work/junit4/junit4/.classpath
359,/home/runner/work/junit4/junit4/.settings/org.eclipse.jdt.ui.prefs
360,/home/runner/work/junit4/junit4/.settings/org.eclipse.jdt.core.prefs
361,/home/runner/work/junit4/junit4/BUILDING
362,/home/runner/work/junit4/junit4/doc/ReleaseNotes4.8.1.txt
363,/home/runner/work/junit4/junit4/doc/ReleaseNotes4.13.2.md
364,/home/runner/work/junit4/junit4/doc/ReleaseNotes4.8.1.md
365,/home/runner/work/junit4/junit4/doc/ReleaseNotes4.8.1.html
366,/home/runner/work/junit4/junit4/doc/ReleaseNotes4.7.txt
367,/home/runner/work/junit4/junit4/doc/ReleaseNotes4.7.md
368,/home/runner/work/junit4/junit4/doc/ReleaseNotes4.7.html
369,/home/runner/work/junit4/junit4/doc/ReleaseNotes4.6.txt
370,/home/runner/work/junit4/junit4/doc/ReleaseNotes4.6.md
371,/home/runner/work/junit4/junit4/doc/ReleaseNotes4.6.html
372,/home/runner/work/junit4/junit4/doc/ReleaseNotes4.5.txt
373,/home/runner/work/junit4/junit4/doc/ReleaseNotes4.5.md
374,/home/runner/work/junit4/junit4/doc/ReleaseNotes4.5.html
375,/home/runner/work/junit4/junit4/doc/ReleaseNotes4.4.txt
376,/home/runner/work/junit4/junit4/doc/ReleaseNotes4.4.md
377,/home/runner/work/junit4/junit4/doc/ReleaseNotes4.4.html
378,/home/runner/work/junit4/junit4/doc/ReleaseNotes4.13.1.md
379,/home/runner/work/junit4/junit4/CODING_STYLE.txt
380,/home/runner/work/junit4/junit4/doc/ReleaseNotes4.11.txt
381,/home/runner/work/junit4/junit4/doc/ReleaseNotes4.11.md
382,/home/runner/work/junit4/junit4/doc/ReleaseNotes4.11.html
383,/home/runner/work/junit4/junit4/doc/ReleaseNotes4.10.txt
384,/home/runner/work/junit4/junit4/doc/ReleaseNotes4.10.md
385,/home/runner/work/junit4/junit4/to-do.txt
386,/home/runner/work/junit4/junit4/acknowledgements.txt
387,/home/runner/work/junit4/junit4/SECURITY.md
388,/home/runner/work/junit4/junit4/README.md
389,/home/runner/work/junit4/junit4/NOTICE.txt
390,/home/runner/work/junit4/junit4/LICENSE-junit.txt
391,/home/runner/work/junit4/junit4/LEGACY_CODING_STYLE.txt
392,/home/runner/work/junit4/junit4/KEYS
393,/home/runner/work/junit4/junit4/CONTRIBUTING.md
394,/home/runner/work/junit4/junit4/src/test/resources/junit/tests/runner/testRunFailureResultCanBeReserialised_v4_12
395,/home/runner/work/junit4/junit4/src/test/resources/junit/tests/runner/testRunSuccessResultCanBeReserialised_v4_12
396,/home/runner/work/junit4/junit4/src/main/java/org/junit/experimental/categories/CategoryFilterFactory.java
397,/home/runner/work/junit4/junit4/src/main/java/org/junit/matchers/package-info.java
398,/home/runner/work/junit4/junit4/src/main/java/org/junit/internal/runners/statements/Fail.java
399,/home/runner/work/junit4/junit4/src/main/java/org/junit/internal/runners/statements/FailOnTimeout.java
400,/home/runner/work/junit4/junit4/src/main/java/org/junit/internal/runners/statements/InvokeMethod.java
401,/home/runner/work/junit4/junit4/src/main/java/org/junit/internal/runners/statements/RunAfters.java
402,/home/runner/work/junit4/junit4/src/main/java/org/junit/internal/runners/statements/RunBefores.java
403,/home/runner/work/junit4/junit4/src/test/java/org/junit/tests/running/core/SystemExitTest.java
404,/home/runner/work/junit4/junit4/src/main/java/org/junit/package-info.java
405,/home/runner/work/junit4/junit4/src/main/java/org/junit/internal/requests/package-info.java
406,/home/runner/work/junit4/junit4/src/test/java/org/junit/tests/running/core/MainRunner.java
407,/home/runner/work/junit4/junit4/src/main/java/org/junit/rules/ErrorCollector.java
408,/home/runner/work/junit4/junit4/src/main/java/org/junit/rules/ExpectedException.java
409,/home/runner/work/junit4/junit4/src/main/java/org/junit/rules/ExpectedExceptionMatcherBuilder.java
410,/home/runner/work/junit4/junit4/src/main/java/org/junit/rules/ExternalResource.java
411,/home/runner/work/junit4/junit4/src/main/java/org/junit/rules/MethodRule.java
412,/home/runner/work/junit4/junit4/src/test/java/org/junit/tests/running/methods/AnnotationTest.java
413,/home/runner/work/junit4/junit4/src/main/java/org/junit/internal/runners/rules/ValidationError.java
414,/home/runner/work/junit4/junit4/src/test/java/org/junit/tests/running/methods/ExpectedTest.java
415,/home/runner/work/junit4/junit4/src/main/java/org/junit/internal/runners/package-info.java
416,/home/runner/work/junit4/junit4/src/main/java/org/junit/internal/runners/model/ReflectiveCallable.java
417,/home/runner/work/junit4/junit4/src/main/java/org/junit/internal/runners/model/MultipleFailureException.java
418,/home/runner/work/junit4/junit4/src/test/java/org/junit/tests/running/methods/InheritedTestTest.java
419,/home/runner/work/junit4/junit4/src/main/java/org/junit/internal/runners/TestMethod.java
420,/home/runner/work/junit4/junit4/src/main/java/org/junit/internal/runners/TestClass.java
421,/home/runner/work/junit4/junit4/src/main/java/org/junit/internal/runners/SuiteMethod.java
422,/home/runner/work/junit4/junit4/src/main/java/org/junit/internal/runners/MethodValidator.java
423,/home/runner/work/junit4/junit4/src/main/java/org/junit/internal/runners/MethodRoadie.java
424,/home/runner/work/junit4/junit4/src/main/java/org/junit/internal/runners/JUnit4ClassRunner.java
425,/home/runner/work/junit4/junit4/src/main/java/org/junit/internal/runners/JUnit38ClassRunner.java
426,/home/runner/work/junit4/junit4/src/main/java/org/junit/internal/runners/InitializationError.java
427,/home/runner/work/junit4/junit4/src/main/java/org/junit/internal/runners/FailedBefore.java
428,/home/runner/work/junit4/junit4/src/main/java/org/junit/experimental/categories/CategoryValidator.java
429,/home/runner/work/junit4/junit4/src/main/java/org/junit/rules/RuleChain.java
430,/home/runner/work/junit4/junit4/src/main/java/org/junit/rules/RunRules.java
431,/home/runner/work/junit4/junit4/src/main/java/org/junit/rules/Stopwatch.java
432,/home/runner/work/junit4/junit4/src/main/java/org/junit/runner/OrderWithValidator.java
433,/home/runner/work/junit4/junit4/src/main/java/org/junit/runner/manipulation/Sorter.java
434,/home/runner/work/junit4/junit4/src/main/java/org/junit/runner/manipulation/Sortable.java
435,/home/runner/work/junit4/junit4/src/test/java/org/junit/tests/junit3compatibility/ForwardCompatibilityTest.java
436,/home/runner/work/junit4/junit4/src/main/java/org/junit/runner/manipulation/Orderer.java
437,/home/runner/work/junit4/junit4/src/main/java/org/junit/runner/manipulation/Orderable.java
438,/home/runner/work/junit4/junit4/src/main/java/org/junit/runner/manipulation/NoTestsRemainException.java
439,/home/runner/work/junit4/junit4/src/main/java/org/junit/runner/manipulation/InvalidOrderingException.java
440,/home/runner/work/junit4/junit4/src/main/java/org/junit/runner/manipulation/Filterable.java
441,/home/runner/work/junit4/junit4/src/main/java/org/junit/runner/manipulation/Filter.java
442,/home/runner/work/junit4/junit4/src/test/java/org/junit/tests/running/core/CommandLineTest.java
443,/home/runner/work/junit4/junit4/src/main/java/org/junit/runner/Runner.java
444,/home/runner/work/junit4/junit4/src/main/java/org/junit/runner/RunWith.java
445,/home/runner/work/junit4/junit4/src/main/java/org/junit/runner/Result.java
446,/home/runner/work/junit4/junit4/src/main/java/org/junit/runner/Request.java
447,/home/runner/work/junit4/junit4/src/main/java/org/junit/runner/OrderWith.java
448,/home/runner/work/junit4/junit4/src/main/java/org/junit/rules/TemporaryFolder.java
449,/home/runner/work/junit4/junit4/src/main/java/org/junit/runner/JUnitCore.java
450,/home/runner/work/junit4/junit4/src/main/java/org/junit/runner/JUnitCommandLineParseResult.java
451,/home/runner/work/junit4/junit4/src/main/java/org/junit/runner/FilterFactoryParams.java
452,/home/runner/work/junit4/junit4/src/main/java/org/junit/runner/FilterFactory.java
453,/home/runner/work/junit4/junit4/src/main/java/org/junit/runner/FilterFactories.java
454,/home/runner/work/junit4/junit4/src/main/java/org/junit/runner/Description.java
455,/home/runner/work/junit4/junit4/src/main/java/org/junit/runner/Describable.java
456,/home/runner/work/junit4/junit4/src/test/java/org/junit/tests/running/core/JUnitCoreReturnsCorrectExitCodeTest.java
457,/home/runner/work/junit4/junit4/src/main/java/org/junit/rules/Verifier.java
458,/home/runner/work/junit4/junit4/src/main/java/org/junit/rules/Timeout.java
459,/home/runner/work/junit4/junit4/src/main/java/org/junit/rules/TestWatchman.java
460,/home/runner/work/junit4/junit4/src/main/java/org/junit/rules/TestWatcher.java
461,/home/runner/work/junit4/junit4/src/main/java/org/junit/rules/TestRule.java
462,/home/runner/work/junit4/junit4/src/main/java/org/junit/rules/TestName.java
463,/home/runner/work/junit4/junit4/src/test/java/org/junit/tests/running/methods/ParameterizedTestMethodTest.java
464,/home/runner/work/junit4/junit4/src/main/java/org/junit/internal/runners/ErrorReportingRunner.java
465,/home/runner/work/junit4/junit4/src/main/java/org/junit/internal/requests/SortingRequest.java
466,/home/runner/work/junit4/junit4/src/main/java/org/junit/experimental/theories/PotentialAssignment.java
467,/home/runner/work/junit4/junit4/src/main/java/org/junit/internal/Classes.java
468,/home/runner/work/junit4/junit4/src/main/java/org/junit/internal/requests/OrderingRequest.java
469,/home/runner/work/junit4/junit4/src/main/java/org/junit/internal/AssumptionViolatedException.java
470,/home/runner/work/junit4/junit4/src/test/java/org/junit/tests/validation/ValidationTest.java
471,/home/runner/work/junit4/junit4/src/main/java/org/junit/experimental/theories/suppliers/TestedOnSupplier.java
472,/home/runner/work/junit4/junit4/src/test/java/org/junit/tests/validation/anotherpackage/Super.java
473,/home/runner/work/junit4/junit4/src/main/java/org/junit/experimental/theories/internal/SpecificDataPointsSupplier.java
474,/home/runner/work/junit4/junit4/src/main/java/org/junit/experimental/theories/internal/ParameterizedAssertionError.java
475,/home/runner/work/junit4/junit4/src/main/java/org/junit/experimental/theories/internal/EnumSupplier.java
476,/home/runner/work/junit4/junit4/src/main/java/org/junit/experimental/theories/internal/BooleanSupplier.java
477,/home/runner/work/junit4/junit4/src/main/java/org/junit/experimental/theories/internal/Assignments.java
478,/home/runner/work/junit4/junit4/src/test/java/org/junit/validator/AnnotationValidatorFactoryTest.java
479,/home/runner/work/junit4/junit4/src/main/java/org/junit/experimental/theories/Theory.java
480,/home/runner/work/junit4/junit4/src/main/java/org/junit/experimental/theories/Theories.java
481,/home/runner/work/junit4/junit4/src/main/java/org/junit/experimental/theories/ParametersSuppliedBy.java
482,/home/runner/work/junit4/junit4/src/main/java/org/junit/internal/ExactComparisonCriteria.java
483,/home/runner/work/junit4/junit4/src/main/java/org/junit/experimental/theories/ParameterSupplier.java
484,/home/runner/work/junit4/junit4/src/main/java/org/junit/experimental/theories/ParameterSignature.java
485,/home/runner/work/junit4/junit4/src/main/java/org/junit/experimental/theories/FromDataPoints.java
486,/home/runner/work/junit4/junit4/src/main/java/org/junit/experimental/theories/DataPoints.java
487,/home/runner/work/junit4/junit4/src/test/java/org/junit/validator/AnnotationsValidatorTest.java
488,/home/runner/work/junit4/junit4/src/test/java/org/junit/validator/PublicClassValidatorTest.java
489,/home/runner/work/junit4/junit4/src/main/java/org/junit/experimental/results/ResultMatchers.java
490,/home/runner/work/junit4/junit4/src/main/java/org/junit/experimental/results/PrintableResult.java
491,/home/runner/work/junit4/junit4/src/test/resources/junit/tests/runner/testRunAssumptionFailedResultCanBeReserialised_v4_12
492,/home/runner/work/junit4/junit4/src/main/java/org/junit/experimental/max/MaxHistory.java
493,/home/runner/work/junit4/junit4/src/main/java/org/junit/experimental/max/MaxCore.java
494,/home/runner/work/junit4/junit4/src/test/resources/junit/tests/runner/testRunAssumptionFailedResultCanBeReserialised_v4_13
495,/home/runner/work/junit4/junit4/src/main/java/org/junit/experimental/categories/IncludeCategories.java
496,/home/runner/work/junit4/junit4/src/main/java/org/junit/experimental/categories/ExcludeCategories.java
497,/home/runner/work/junit4/junit4/src/main/java/org/junit/internal/ComparisonCriteria.java
498,/home/runner/work/junit4/junit4/src/main/java/org/junit/internal/Checks.java
499,/home/runner/work/junit4/junit4/src/main/java/org/junit/internal/InexactComparisonCriteria.java
500,/home/runner/work/junit4/junit4/src/main/java/org/junit/internal/management/RuntimeMXBean.java
501,/home/runner/work/junit4/junit4/src/main/java/org/junit/internal/builders/NullBuilder.java
502,/home/runner/work/junit4/junit4/src/main/java/org/junit/internal/builders/SuiteMethodBuilder.java
503,/home/runner/work/junit4/junit4/src/test/java/org/junit/tests/validation/BadlyFormedClassesTest.java
504,/home/runner/work/junit4/junit4/src/main/java/org/junit/internal/management/FakeThreadMXBean.java
505,/home/runner/work/junit4/junit4/src/main/java/org/junit/internal/management/ManagementFactory.java
506,/home/runner/work/junit4/junit4/src/main/java/org/junit/internal/management/ReflectiveRuntimeMXBean.java
507,/home/runner/work/junit4/junit4/src/main/java/org/junit/internal/management/ReflectiveThreadMXBean.java
508,/home/runner/work/junit4/junit4/src/main/java/org/junit/internal/management/ThreadMXBean.java
509,/home/runner/work/junit4/junit4/src/main/java/org/junit/internal/JUnitSystem.java
510,/home/runner/work/junit4/junit4/src/test/java/org/junit/tests/running/methods/TimeoutTest.java
511,/home/runner/work/junit4/junit4/src/main/java/org/junit/internal/matchers/ThrowableCauseMatcher.java
512,/home/runner/work/junit4/junit4/src/main/java/org/junit/internal/matchers/ThrowableMessageMatcher.java
513,/home/runner/work/junit4/junit4/src/main/java/org/junit/internal/matchers/TypeSafeMatcher.java
514,/home/runner/work/junit4/junit4/src/test/java/org/junit/tests/running/methods/TestMethodTest.java
515,/home/runner/work/junit4/junit4/src/main/java/org/junit/internal/requests/FilterRequest.java
516,/home/runner/work/junit4/junit4/src/main/java/org/junit/internal/requests/MemoizingRequest.java
517,/home/runner/work/junit4/junit4/src/main/java/org/junit/internal/builders/JUnit4Builder.java
518,/home/runner/work/junit4/junit4/src/main/java/org/junit/internal/builders/JUnit3Builder.java
519,/home/runner/work/junit4/junit4/src/main/java/org/junit/internal/builders/IgnoredClassRunner.java
520,/home/runner/work/junit4/junit4/src/test/java/org/junit/tests/validation/FailedConstructionTest.java
521,/home/runner/work/junit4/junit4/src/main/java/org/junit/internal/MethodSorter.java
522,/home/runner/work/junit4/junit4/src/main/java/org/junit/internal/RealSystem.java
523,/home/runner/work/junit4/junit4/src/main/java/org/junit/internal/SerializableMatcherDescription.java
524,/home/runner/work/junit4/junit4/src/main/java/org/junit/internal/SerializableValueDescription.java
525,/home/runner/work/junit4/junit4/src/main/java/org/junit/internal/Throwables.java
526,/home/runner/work/junit4/junit4/src/main/java/org/junit/internal/TextListener.java
527,/home/runner/work/junit4/junit4/src/main/java/org/junit/internal/builders/AnnotatedBuilder.java
528,/home/runner/work/junit4/junit4/src/main/java/org/junit/internal/builders/IgnoredBuilder.java
529,/home/runner/work/junit4/junit4/src/test/java/org/junit/tests/junit3compatibility/ForwardCompatibilityPrintingTest.java
530,/home/runner/work/junit4/junit4/starting_buildandverify_SetupJDK_29
531,/home/runner/work/junit4/junit4/src/test/java/org/junit/tests/validation/anotherpackage/Sub.java
532,/home/runner/work/junit4/junit4/starting_buildandverify_DownloadMavenDownloadwithdefaultJDKbecauseOpenJDK6doesnotsupportTLS12_22
533,/home/runner/work/junit4/junit4/src/test/java/org/junit/tests/running/classes/parent/ParentRunnerClassLoaderTest.java
534,/home/runner/work/junit4/junit4/src/test/java/org/junit/tests/manipulation/AllManipulationTests.java
535,/home/runner/work/junit4/junit4/src/test/resources/org/junit/internal/arrayComparisonFailure_411
536,/home/runner/work/junit4/junit4/starting_buildandverify_SetupJDK6_24
537,/home/runner/work/junit4/junit4/starting_buildandverify_uses21_21
538,/home/runner/work/junit4/junit4/src/test/java/org/junit/tests/junit3compatibility/AllJUnit3CompatibilityTests.java
539,/home/runner/work/junit4/junit4/src/test/java/org/junit/tests/experimental/theories/runner/AllTheoriesRunnerTests.java
540,/home/runner/work/junit4/junit4/src/main/java/org/junit/experimental/theories/internal/AllMembersSupplier.java
541,/home/runner/work/junit4/junit4/src/main/java/org/junit/experimental/theories/suppliers/TestedOn.java
542,/home/runner/work/junit4/junit4/src/main/java/org/junit/function/ThrowingRunnable.java
543,/home/runner/work/junit4/junit4/src/main/java/org/junit/internal/ArrayComparisonFailure.java
544,/home/runner/work/junit4/junit4/src/main/java/org/junit/internal/builders/AllDefaultPossibilitiesBuilder.java
545,/home/runner/work/junit4/junit4/src/main/java/org/junit/internal/management/FakeRuntimeMXBean.java
546,/home/runner/work/junit4/junit4/src/main/java/org/junit/internal/matchers/StacktracePrintingMatcher.java
547,/home/runner/work/junit4/junit4/src/main/java/org/junit/internal/requests/ClassRequest.java
548,/home/runner/work/junit4/junit4/src/main/java/org/junit/internal/runners/ClassRoadie.java
549,/home/runner/work/junit4/junit4/src/main/java/org/junit/internal/runners/model/EachTestNotifier.java
550,/home/runner/work/junit4/junit4/src/main/java/org/junit/internal/runners/rules/RuleMemberValidator.java
551,/home/runner/work/junit4/junit4/src/main/java/org/junit/internal/runners/statements/ExpectException.java
552,/home/runner/work/junit4/junit4/src/main/java/org/junit/matchers/JUnitMatchers.java
553,/home/runner/work/junit4/junit4/src/main/java/org/junit/rules/DisableOnDebug.java
554,/home/runner/work/junit4/junit4/src/main/java/org/junit/runner/Computer.java
555,/home/runner/work/junit4/junit4/src/main/java/org/junit/experimental/theories/DataPoint.java
556,/home/runner/work/junit4/junit4/src/main/java/org/junit/experimental/runners/Enclosed.java
557,/home/runner/work/junit4/junit4/src/main/java/org/junit/experimental/results/FailureList.java
558,/home/runner/work/junit4/junit4/doc/ReleaseNotes4.10.html
559,/home/runner/work/junit4/junit4/.github/workflows/main.yml
560,/home/runner/work/junit4/junit4/doc/testinfected/IMG00001.GIF
561,/home/runner/work/junit4/junit4/src/main/java/org/junit/experimental/max/CouldNotReadCoreException.java
562,/home/runner/work/junit4/junit4/src/main/java/junit/framework/Assert.java
563,/home/runner/work/junit4/junit4/src/main/java/junit/runner/BaseTestRunner.java
564,/home/runner/work/junit4/junit4/src/main/java/junit/textui/ResultPrinter.java
565,/home/runner/work/junit4/junit4/src/main/java/org/junit/After.java
566,/home/runner/work/junit4/junit4/src/main/java/org/junit/experimental/ParallelComputer.java
567,/home/runner/work/junit4/junit4/src/main/java/org/junit/experimental/categories/Categories.java
568,/home/runner/work/junit4/junit4/src/main/java/org/junit/runner/manipulation/Alphanumeric.java
569,/home/runner/work/junit4/junit4/src/main/java/org/junit/runner/notification/Failure.java
570,/home/runner/work/junit4/junit4/src/main/java/org/junit/runners/AllTests.java
571,/home/runner/work/junit4/junit4/src/test/java/org/junit/runner/notification/AllNotificationTests.java
572,/home/runner/work/junit4/junit4/src/test/java/org/junit/internal/builders/AnnotatedBuilderTest.java
573,/home/runner/work/junit4/junit4/src/test/java/org/junit/internal/matchers/StacktracePrintingMatcherTest.java
574,/home/runner/work/junit4/junit4/src/test/java/org/junit/internal/runners/ErrorReportingRunnerTest.java
575,/home/runner/work/junit4/junit4/src/test/java/org/junit/internal/runners/statements/ExpectExceptionTest.java
576,/home/runner/work/junit4/junit4/src/test/java/org/junit/rules/AllRulesTests.java
577,/home/runner/work/junit4/junit4/src/test/java/org/junit/runner/AllRunnerTests.java
578,/home/runner/work/junit4/junit4/src/test/java/org/junit/runners/AllRunnersTests.java
579,/home/runner/work/junit4/junit4/src/test/java/org/junit/experimental/categories/AllCategoriesTests.java
580,/home/runner/work/junit4/junit4/src/test/java/org/junit/samples/AllSamplesTests.java
581,/home/runner/work/junit4/junit4/src/test/java/org/junit/tests/AllTests.java
582,/home/runner/work/junit4/junit4/src/test/java/org/junit/tests/experimental/AllExperimentalTests.java
583,/home/runner/work/junit4/junit4/src/test/java/org/junit/tests/experimental/max/AllMaxTests.java
584,/home/runner/work/junit4/junit4/src/test/java/org/junit/tests/experimental/theories/extendingwithstubs/Correspondent.java
585,/home/runner/work/junit4/junit4/src/test/java/org/junit/tests/experimental/theories/internal/AllMembersSupplierTest.java
586,/home/runner/work/junit4/junit4/src/test/java/org/junit/internal/AllInternalTests.java
587,/home/runner/work/junit4/junit4/src/test/java/org/junit/AssumptionViolatedExceptionTest.java
588,/home/runner/work/junit4/junit4/src/main/java/org/junit/runners/model/Annotatable.java
589,/home/runner/work/junit4/junit4/src/site/resources/images/junit-lambda/background.png
590,/home/runner/work/junit4/junit4/src/main/java/org/junit/runners/parameterized/BlockJUnit4ClassRunnerWithParameters.java
591,/home/runner/work/junit4/junit4/src/main/java/org/junit/validator/AnnotationValidator.java
592,/home/runner/work/junit4/junit4/src/main/javadoc/stylesheet.css
593,/home/runner/work/junit4/junit4/src/main/resources/junit/runner/logo.gif
594,/home/runner/work/junit4/junit4/src/site/markdown/cookbook.md
595,/home/runner/work/junit4/junit4/src/site/resources/css/carousel.css
596,/home/runner/work/junit4/junit4/src/site/resources/images/junit-lambda/contributors/42talents.png
597,/home/runner/work/junit4/junit4/src/test/java/junit/tests/framework/AllTests.java
598,/home/runner/work/junit4/junit4/src/site/resources/scripts/hopscotch-0.1.2.min.js
599,/home/runner/work/junit4/junit4/src/site/xdoc/index.xml
600,/home/runner/work/junit4/junit4/src/site/xhtml/junit-lambda-campaign.xhtml
601,/home/runner/work/junit4/junit4/src/test/java/junit/samples/money/IMoney.java
602,/home/runner/work/junit4/junit4/src/test/java/junit/tests/AllTests.java
603,/home/runner/work/junit4/junit4/src/test/java/junit/tests/extensions/ActiveTestTest.java
604,/home/runner/work/junit4/junit4/starting_finished_finished_8979874
